[ 2016-07-27T10:31:49+08:00 ] ::1 /FZU-VentureService/Admin/index.php/home/user
INFO: [ app_init ] --START--
INFO: Run Behavior\BuildLiteBehavior [ RunTime:0.000037s ]
INFO: [ app_init ] --END-- [ RunTime:0.001273s ]
INFO: [ app_begin ] --START--
INFO: Run Behavior\ReadHtmlCacheBehavior [ RunTime:0.000876s ]
INFO: [ app_begin ] --END-- [ RunTime:0.000944s ]
SQL: SHOW COLUMNS FROM `vs_user_token` [ RunTime:0.0236s ]
SQL: SELECT * FROM `vs_user_token` WHERE ( token ) LIMIT 1   [ RunTime:0.0232s ]
SQL: SHOW COLUMNS FROM `vs_user` [ RunTime:0.0557s ]
SQL: SELECT `uid`,`username`,`nickname`,`groupid` FROM `vs_user` WHERE `uid` = 8 LIMIT 1   [ RunTime:0.0235s ]
SQL: SHOW COLUMNS FROM `vs_user` [ RunTime:0.0237s ]
SQL: SELECT `uid`,`username`,`name`,`tel`,`email`,`reg_time`,`avatar`,`gender`,`tags`,`groupid`,`status` FROM `vs_user` WHERE ( groupid = '1' )  [ RunTime:0.0232s ]
SQL: SELECT `uid`,`username`,`name`,`tel`,`email`,`reg_time`,`avatar`,`gender`,`tags`,`groupid`,`status` FROM `vs_user` WHERE ( groupid = '2' )  [ RunTime:0.0260s ]
SQL: SELECT `uid`,`username`,`name`,`tel`,`email`,`reg_time`,`avatar`,`gender`,`tags`,`groupid`,`status` FROM `vs_user` WHERE ( groupid = '0' )  [ RunTime:0.0232s ]
SQL: SELECT `uid`,`username`,`name`,`tel`,`email`,`reg_time`,`avatar`,`gender`,`tags`,`groupid`,`status` FROM `vs_user` WHERE ( groupid = '6' )  [ RunTime:0.0235s ]
INFO: [ view_parse ] --START--
INFO: [ template_filter ] --START--
INFO: Run Behavior\ContentReplaceBehavior [ RunTime:0.000082s ]
INFO: [ template_filter ] --END-- [ RunTime:0.000164s ]
INFO: Run Behavior\ParseTemplateBehavior [ RunTime:0.036039s ]
INFO: [ view_parse ] --END-- [ RunTime:0.036155s ]
INFO: [ view_filter ] --START--
INFO: Run Behavior\WriteHtmlCacheBehavior [ RunTime:0.000482s ]
INFO: [ view_filter ] --END-- [ RunTime:0.000551s ]
INFO: [ app_end ] --START--
INFO: Run Behavior\ShowPageTraceBehavior [ RunTime:0.001143s ]
INFO: [ app_end ] --END-- [ RunTime:0.001311s ]

[ 2016-07-27T10:31:51+08:00 ] ::1 /FZU-VentureService/Admin/index.php
INFO: [ app_init ] --START--
INFO: Run Behavior\BuildLiteBehavior [ RunTime:0.000016s ]
INFO: [ app_init ] --END-- [ RunTime:0.000363s ]
INFO: [ app_begin ] --START--
INFO: Run Behavior\ReadHtmlCacheBehavior [ RunTime:0.000467s ]
INFO: [ app_begin ] --END-- [ RunTime:0.000528s ]

[ 2016-07-27T10:31:51+08:00 ] ::1 /FZU-VentureService/Admin/index.php?s=/Home/notice/index.html
INFO: [ app_init ] --START--
INFO: Run Behavior\BuildLiteBehavior [ RunTime:0.000015s ]
INFO: [ app_init ] --END-- [ RunTime:0.000360s ]
INFO: [ app_begin ] --START--
INFO: Run Behavior\ReadHtmlCacheBehavior [ RunTime:0.000471s ]
INFO: [ app_begin ] --END-- [ RunTime:0.000533s ]
SQL: SHOW COLUMNS FROM `vs_user_token` [ RunTime:0.0236s ]
SQL: SELECT * FROM `vs_user_token` WHERE ( token ) LIMIT 1   [ RunTime:0.0232s ]
SQL: SHOW COLUMNS FROM `vs_user` [ RunTime:0.0238s ]
SQL: SELECT `uid`,`username`,`nickname`,`groupid` FROM `vs_user` WHERE `uid` = 8 LIMIT 1   [ RunTime:0.0254s ]
SQL: SHOW COLUMNS FROM `vs_notice` [ RunTime:0.0232s ]
SQL: SELECT * FROM `vs_notice` WHERE `type` = 0  [ RunTime:0.0236s ]
SQL: SELECT * FROM `vs_user` WHERE `uid` = 1 LIMIT 1   [ RunTime:0.0233s ]
SQL: SELECT * FROM `vs_user` WHERE `uid` = 2 LIMIT 1   [ RunTime:0.0273s ]
SQL: SELECT * FROM `vs_notice` WHERE `type` = 1  [ RunTime:0.0341s ]
SQL: SELECT * FROM `vs_user` WHERE `uid` = 6 LIMIT 1   [ RunTime:0.0232s ]
SQL: SELECT * FROM `vs_user` WHERE `uid` = 3 LIMIT 1   [ RunTime:0.0230s ]
SQL: SELECT * FROM `vs_notice` WHERE `type` = 2  [ RunTime:0.0255s ]
SQL: SELECT * FROM `vs_user` WHERE `uid` = 4 LIMIT 1   [ RunTime:0.0233s ]
SQL: SELECT * FROM `vs_user` WHERE `uid` = 1 LIMIT 1   [ RunTime:0.0233s ]
INFO: [ view_parse ] --START--
INFO: [ template_filter ] --START--
INFO: Run Behavior\ContentReplaceBehavior [ RunTime:0.000070s ]
INFO: [ template_filter ] --END-- [ RunTime:0.000150s ]
INFO: Run Behavior\ParseTemplateBehavior [ RunTime:0.017448s ]
INFO: [ view_parse ] --END-- [ RunTime:0.017544s ]
INFO: [ view_filter ] --START--
INFO: Run Behavior\WriteHtmlCacheBehavior [ RunTime:0.000164s ]
INFO: [ view_filter ] --END-- [ RunTime:0.000219s ]
INFO: [ app_end ] --START--
INFO: Run Behavior\ShowPageTraceBehavior [ RunTime:0.000798s ]
INFO: [ app_end ] --END-- [ RunTime:0.000874s ]

[ 2016-07-27T10:32:11+08:00 ] ::1 /FZU-VentureService/Admin/index.php/home/user
INFO: [ app_init ] --START--
INFO: Run Behavior\BuildLiteBehavior [ RunTime:0.000016s ]
INFO: [ app_init ] --END-- [ RunTime:0.000371s ]
INFO: [ app_begin ] --START--
INFO: Run Behavior\ReadHtmlCacheBehavior [ RunTime:0.000512s ]
INFO: [ app_begin ] --END-- [ RunTime:0.000577s ]
SQL: SHOW COLUMNS FROM `vs_user_token` [ RunTime:0.0202s ]
SQL: SELECT * FROM `vs_user_token` WHERE ( token ) LIMIT 1   [ RunTime:0.0206s ]
SQL: SHOW COLUMNS FROM `vs_user` [ RunTime:0.0198s ]
SQL: SELECT `uid`,`username`,`nickname`,`groupid` FROM `vs_user` WHERE `uid` = 8 LIMIT 1   [ RunTime:0.0207s ]
SQL: SHOW COLUMNS FROM `vs_user` [ RunTime:0.0199s ]
SQL: SELECT `uid`,`username`,`name`,`tel`,`email`,`reg_time`,`avatar`,`gender`,`tags`,`groupid`,`status` FROM `vs_user` WHERE ( groupid = '1' )  [ RunTime:0.0190s ]
SQL: SELECT `uid`,`username`,`name`,`tel`,`email`,`reg_time`,`avatar`,`gender`,`tags`,`groupid`,`status` FROM `vs_user` WHERE ( groupid = '2' )  [ RunTime:0.0192s ]
SQL: SELECT `uid`,`username`,`name`,`tel`,`email`,`reg_time`,`avatar`,`gender`,`tags`,`groupid`,`status` FROM `vs_user` WHERE ( groupid = '0' )  [ RunTime:0.0216s ]
SQL: SELECT `uid`,`username`,`name`,`tel`,`email`,`reg_time`,`avatar`,`gender`,`tags`,`groupid`,`status` FROM `vs_user` WHERE ( groupid = '6' )  [ RunTime:0.0473s ]
INFO: [ view_parse ] --START--
INFO: [ template_filter ] --START--
INFO: Run Behavior\ContentReplaceBehavior [ RunTime:0.000094s ]
INFO: [ template_filter ] --END-- [ RunTime:0.000176s ]
INFO: Run Behavior\ParseTemplateBehavior [ RunTime:0.030105s ]
INFO: [ view_parse ] --END-- [ RunTime:0.030217s ]
INFO: [ view_filter ] --START--
INFO: Run Behavior\WriteHtmlCacheBehavior [ RunTime:0.000161s ]
INFO: [ view_filter ] --END-- [ RunTime:0.000218s ]
INFO: [ app_end ] --START--
INFO: Run Behavior\ShowPageTraceBehavior [ RunTime:0.000795s ]
INFO: [ app_end ] --END-- [ RunTime:0.000926s ]

[ 2016-07-27T10:32:15+08:00 ] ::1 /FZU-VentureService/Admin/index.php
INFO: [ app_init ] --START--
INFO: Run Behavior\BuildLiteBehavior [ RunTime:0.000018s ]
INFO: [ app_init ] --END-- [ RunTime:0.000421s ]
INFO: [ app_begin ] --START--
INFO: Run Behavior\ReadHtmlCacheBehavior [ RunTime:0.000495s ]
INFO: [ app_begin ] --END-- [ RunTime:0.000559s ]

[ 2016-07-27T10:32:15+08:00 ] ::1 /FZU-VentureService/Admin/index.php?s=/Home/notice/index.html
INFO: [ app_init ] --START--
INFO: Run Behavior\BuildLiteBehavior [ RunTime:0.000016s ]
INFO: [ app_init ] --END-- [ RunTime:0.000359s ]
INFO: [ app_begin ] --START--
INFO: Run Behavior\ReadHtmlCacheBehavior [ RunTime:0.000463s ]
INFO: [ app_begin ] --END-- [ RunTime:0.000524s ]
SQL: SHOW COLUMNS FROM `vs_user_token` [ RunTime:0.0198s ]
SQL: SELECT * FROM `vs_user_token` WHERE ( token ) LIMIT 1   [ RunTime:0.0188s ]
SQL: SHOW COLUMNS FROM `vs_user` [ RunTime:0.0202s ]
SQL: SELECT `uid`,`username`,`nickname`,`groupid` FROM `vs_user` WHERE `uid` = 8 LIMIT 1   [ RunTime:0.0196s ]
SQL: SHOW COLUMNS FROM `vs_notice` [ RunTime:0.0198s ]
SQL: SELECT * FROM `vs_notice` WHERE `type` = 0  [ RunTime:0.0192s ]
SQL: SELECT * FROM `vs_user` WHERE `uid` = 1 LIMIT 1   [ RunTime:0.0189s ]
SQL: SELECT * FROM `vs_user` WHERE `uid` = 2 LIMIT 1   [ RunTime:0.0198s ]
SQL: SELECT * FROM `vs_notice` WHERE `type` = 1  [ RunTime:0.0192s ]
SQL: SELECT * FROM `vs_user` WHERE `uid` = 6 LIMIT 1   [ RunTime:0.0192s ]
SQL: SELECT * FROM `vs_user` WHERE `uid` = 3 LIMIT 1   [ RunTime:0.0193s ]
SQL: SELECT * FROM `vs_notice` WHERE `type` = 2  [ RunTime:0.0254s ]
SQL: SELECT * FROM `vs_user` WHERE `uid` = 4 LIMIT 1   [ RunTime:0.0266s ]
SQL: SELECT * FROM `vs_user` WHERE `uid` = 1 LIMIT 1   [ RunTime:0.0216s ]
INFO: [ view_parse ] --START--
INFO: [ template_filter ] --START--
INFO: Run Behavior\ContentReplaceBehavior [ RunTime:0.000069s ]
INFO: [ template_filter ] --END-- [ RunTime:0.000151s ]
INFO: Run Behavior\ParseTemplateBehavior [ RunTime:0.018842s ]
INFO: [ view_parse ] --END-- [ RunTime:0.018953s ]
INFO: [ view_filter ] --START--
INFO: Run Behavior\WriteHtmlCacheBehavior [ RunTime:0.000167s ]
INFO: [ view_filter ] --END-- [ RunTime:0.000223s ]
INFO: [ app_end ] --START--
INFO: Run Behavior\ShowPageTraceBehavior [ RunTime:0.000789s ]
INFO: [ app_end ] --END-- [ RunTime:0.000917s ]

[ 2016-07-27T10:32:15+08:00 ] ::1 /FZU-VentureService/Admin/index.php
INFO: [ app_init ] --START--
INFO: Run Behavior\BuildLiteBehavior [ RunTime:0.000017s ]
INFO: [ app_init ] --END-- [ RunTime:0.000389s ]
INFO: [ app_begin ] --START--
INFO: Run Behavior\ReadHtmlCacheBehavior [ RunTime:0.000511s ]
INFO: [ app_begin ] --END-- [ RunTime:0.000571s ]

[ 2016-07-27T10:32:16+08:00 ] ::1 /FZU-VentureService/Admin/index.php?s=/Home/notice/index.html
INFO: [ app_init ] --START--
INFO: Run Behavior\BuildLiteBehavior [ RunTime:0.000020s ]
INFO: [ app_init ] --END-- [ RunTime:0.000468s ]
INFO: [ app_begin ] --START--
INFO: Run Behavior\ReadHtmlCacheBehavior [ RunTime:0.000606s ]
INFO: [ app_begin ] --END-- [ RunTime:0.000671s ]
SQL: SHOW COLUMNS FROM `vs_user_token` [ RunTime:0.0196s ]
SQL: SELECT * FROM `vs_user_token` WHERE ( token ) LIMIT 1   [ RunTime:0.0194s ]
SQL: SHOW COLUMNS FROM `vs_user` [ RunTime:0.0192s ]
SQL: SELECT `uid`,`username`,`nickname`,`groupid` FROM `vs_user` WHERE `uid` = 8 LIMIT 1   [ RunTime:0.0190s ]
SQL: SHOW COLUMNS FROM `vs_notice` [ RunTime:0.0193s ]
SQL: SELECT * FROM `vs_notice` WHERE `type` = 0  [ RunTime:0.0189s ]
SQL: SELECT * FROM `vs_user` WHERE `uid` = 1 LIMIT 1   [ RunTime:0.0196s ]
SQL: SELECT * FROM `vs_user` WHERE `uid` = 2 LIMIT 1   [ RunTime:0.0192s ]
SQL: SELECT * FROM `vs_notice` WHERE `type` = 1  [ RunTime:0.0189s ]
SQL: SELECT * FROM `vs_user` WHERE `uid` = 6 LIMIT 1   [ RunTime:0.0188s ]
SQL: SELECT * FROM `vs_user` WHERE `uid` = 3 LIMIT 1   [ RunTime:0.0190s ]
SQL: SELECT * FROM `vs_notice` WHERE `type` = 2  [ RunTime:0.0192s ]
SQL: SELECT * FROM `vs_user` WHERE `uid` = 4 LIMIT 1   [ RunTime:0.0192s ]
SQL: SELECT * FROM `vs_user` WHERE `uid` = 1 LIMIT 1   [ RunTime:0.0194s ]
INFO: [ view_parse ] --START--
INFO: [ template_filter ] --START--
INFO: Run Behavior\ContentReplaceBehavior [ RunTime:0.000076s ]
INFO: [ template_filter ] --END-- [ RunTime:0.000160s ]
INFO: Run Behavior\ParseTemplateBehavior [ RunTime:0.019529s ]
INFO: [ view_parse ] --END-- [ RunTime:0.019643s ]
INFO: [ view_filter ] --START--
INFO: Run Behavior\WriteHtmlCacheBehavior [ RunTime:0.000198s ]
INFO: [ view_filter ] --END-- [ RunTime:0.000263s ]
INFO: [ app_end ] --START--
INFO: Run Behavior\ShowPageTraceBehavior [ RunTime:0.000826s ]
INFO: [ app_end ] --END-- [ RunTime:0.000964s ]

[ 2016-07-27T10:32:32+08:00 ] ::1 /FZU-VentureService/Admin/index.php/home/user
INFO: [ app_init ] --START--
INFO: Run Behavior\BuildLiteBehavior [ RunTime:0.000033s ]
INFO: [ app_init ] --END-- [ RunTime:0.000809s ]
INFO: [ app_begin ] --START--
INFO: Run Behavior\ReadHtmlCacheBehavior [ RunTime:0.000969s ]
INFO: [ app_begin ] --END-- [ RunTime:0.001093s ]
SQL: SHOW COLUMNS FROM `vs_user_token` [ RunTime:0.0244s ]
SQL: SELECT * FROM `vs_user_token` WHERE ( token ) LIMIT 1   [ RunTime:0.0194s ]
SQL: SHOW COLUMNS FROM `vs_user` [ RunTime:0.0199s ]
SQL: SELECT `uid`,`username`,`nickname`,`groupid` FROM `vs_user` WHERE `uid` = 8 LIMIT 1   [ RunTime:0.0209s ]
SQL: SHOW COLUMNS FROM `vs_user` [ RunTime:0.0195s ]
SQL: SELECT `uid`,`username`,`name`,`tel`,`email`,`reg_time`,`avatar`,`gender`,`tags`,`groupid`,`status` FROM `vs_user` WHERE ( groupid = '1' )  [ RunTime:0.0194s ]
SQL: SELECT `uid`,`username`,`name`,`tel`,`email`,`reg_time`,`avatar`,`gender`,`tags`,`groupid`,`status` FROM `vs_user` WHERE ( groupid = '2' )  [ RunTime:0.0188s ]
SQL: SELECT `uid`,`username`,`name`,`tel`,`email`,`reg_time`,`avatar`,`gender`,`tags`,`groupid`,`status` FROM `vs_user` WHERE ( groupid = '0' )  [ RunTime:0.0192s ]
SQL: SELECT `uid`,`username`,`name`,`tel`,`email`,`reg_time`,`avatar`,`gender`,`tags`,`groupid`,`status` FROM `vs_user` WHERE ( groupid = '6' )  [ RunTime:0.0188s ]
INFO: [ view_parse ] --START--
INFO: [ template_filter ] --START--
INFO: Run Behavior\ContentReplaceBehavior [ RunTime:0.000084s ]
INFO: [ template_filter ] --END-- [ RunTime:0.000170s ]
INFO: Run Behavior\ParseTemplateBehavior [ RunTime:0.027292s ]
INFO: [ view_parse ] --END-- [ RunTime:0.027375s ]
INFO: [ view_filter ] --START--
INFO: Run Behavior\WriteHtmlCacheBehavior [ RunTime:0.000184s ]
INFO: [ view_filter ] --END-- [ RunTime:0.000242s ]
INFO: [ app_end ] --START--
INFO: Run Behavior\ShowPageTraceBehavior [ RunTime:0.000604s ]
INFO: [ app_end ] --END-- [ RunTime:0.000667s ]

[ 2016-07-27T10:32:32+08:00 ] ::1 /FZU-VentureService/Admin/index.php/Home/Home/login.html
INFO: [ app_init ] --START--
INFO: Run Behavior\BuildLiteBehavior [ RunTime:0.000016s ]
INFO: [ app_init ] --END-- [ RunTime:0.000366s ]
INFO: [ app_begin ] --START--
INFO: Run Behavior\ReadHtmlCacheBehavior [ RunTime:0.000475s ]
INFO: [ app_begin ] --END-- [ RunTime:0.000537s ]
SQL: SHOW COLUMNS FROM `vs_user` [ RunTime:0.0202s ]
SQL: SHOW COLUMNS FROM `vs_user` [ RunTime:0.0201s ]
SQL: SELECT `uid`,`username`,`nickname`,`name`,`password`,`userKey`,`groupid` FROM `vs_user` WHERE `username` = '' LIMIT 1   [ RunTime:0.0211s ]
INFO: [ view_parse ] --START--
INFO: [ template_filter ] --START--
INFO: Run Behavior\ContentReplaceBehavior [ RunTime:0.000061s ]
INFO: [ template_filter ] --END-- [ RunTime:0.000150s ]
INFO: Run Behavior\ParseTemplateBehavior [ RunTime:0.011083s ]
INFO: [ view_parse ] --END-- [ RunTime:0.011214s ]
INFO: [ view_filter ] --START--
INFO: Run Behavior\WriteHtmlCacheBehavior [ RunTime:0.000267s ]
INFO: [ view_filter ] --END-- [ RunTime:0.000345s ]

[ 2016-07-27T10:32:34+08:00 ] ::1 /FZU-VentureService/Admin/index.php/Home/Home/login.html
INFO: [ app_init ] --START--
INFO: Run Behavior\BuildLiteBehavior [ RunTime:0.000020s ]
INFO: [ app_init ] --END-- [ RunTime:0.000412s ]
INFO: [ app_begin ] --START--
INFO: Run Behavior\ReadHtmlCacheBehavior [ RunTime:0.000521s ]
INFO: [ app_begin ] --END-- [ RunTime:0.000589s ]
SQL: SHOW COLUMNS FROM `vs_user` [ RunTime:0.0238s ]
SQL: SHOW COLUMNS FROM `vs_user` [ RunTime:0.0235s ]
SQL: SELECT `uid`,`username`,`nickname`,`name`,`password`,`userKey`,`groupid` FROM `vs_user` WHERE `username` = '' LIMIT 1   [ RunTime:0.0228s ]
INFO: [ view_parse ] --START--
INFO: [ template_filter ] --START--
INFO: Run Behavior\ContentReplaceBehavior [ RunTime:0.000055s ]
INFO: [ template_filter ] --END-- [ RunTime:0.000142s ]
INFO: Run Behavior\ParseTemplateBehavior [ RunTime:0.009422s ]
INFO: [ view_parse ] --END-- [ RunTime:0.009497s ]
INFO: [ view_filter ] --START--
INFO: Run Behavior\WriteHtmlCacheBehavior [ RunTime:0.000192s ]
INFO: [ view_filter ] --END-- [ RunTime:0.000274s ]

[ 2016-07-27T10:32:39+08:00 ] ::1 /FZU-VentureService/Admin/index.php?s=/Home/Home/index.html
INFO: [ app_init ] --START--
INFO: Run Behavior\BuildLiteBehavior [ RunTime:0.000016s ]
INFO: [ app_init ] --END-- [ RunTime:0.000366s ]
INFO: [ app_begin ] --START--
INFO: Run Behavior\ReadHtmlCacheBehavior [ RunTime:0.000475s ]
INFO: [ app_begin ] --END-- [ RunTime:0.000536s ]

[ 2016-07-27T10:32:40+08:00 ] ::1 /FZU-VentureService/Admin/index.php?s=/Home/notice/index.html
INFO: [ app_init ] --START--
INFO: Run Behavior\BuildLiteBehavior [ RunTime:0.000015s ]
INFO: [ app_init ] --END-- [ RunTime:0.000371s ]
INFO: [ app_begin ] --START--
INFO: Run Behavior\ReadHtmlCacheBehavior [ RunTime:0.000470s ]
INFO: [ app_begin ] --END-- [ RunTime:0.000532s ]
SQL: SHOW COLUMNS FROM `vs_user_token` [ RunTime:0.0200s ]
SQL: SELECT * FROM `vs_user_token` WHERE ( token ) LIMIT 1   [ RunTime:0.0213s ]
SQL: SHOW COLUMNS FROM `vs_user` [ RunTime:0.0436s ]
SQL: SELECT `uid`,`username`,`nickname`,`groupid` FROM `vs_user` WHERE `uid` = 8 LIMIT 1   [ RunTime:0.0191s ]
SQL: SHOW COLUMNS FROM `vs_notice` [ RunTime:0.0202s ]
SQL: SELECT * FROM `vs_notice` WHERE `type` = 0  [ RunTime:0.0194s ]
SQL: SELECT * FROM `vs_user` WHERE `uid` = 1 LIMIT 1   [ RunTime:0.0190s ]
SQL: SELECT * FROM `vs_user` WHERE `uid` = 2 LIMIT 1   [ RunTime:0.0193s ]
SQL: SELECT * FROM `vs_notice` WHERE `type` = 1  [ RunTime:0.0190s ]
SQL: SELECT * FROM `vs_user` WHERE `uid` = 6 LIMIT 1   [ RunTime:0.0207s ]
SQL: SELECT * FROM `vs_user` WHERE `uid` = 3 LIMIT 1   [ RunTime:0.0194s ]
SQL: SELECT * FROM `vs_notice` WHERE `type` = 2  [ RunTime:0.0188s ]
SQL: SELECT * FROM `vs_user` WHERE `uid` = 4 LIMIT 1   [ RunTime:0.0196s ]
SQL: SELECT * FROM `vs_user` WHERE `uid` = 1 LIMIT 1   [ RunTime:0.0192s ]
INFO: [ view_parse ] --START--
INFO: [ template_filter ] --START--
INFO: Run Behavior\ContentReplaceBehavior [ RunTime:0.000072s ]
INFO: [ template_filter ] --END-- [ RunTime:0.000147s ]
INFO: Run Behavior\ParseTemplateBehavior [ RunTime:0.018811s ]
INFO: [ view_parse ] --END-- [ RunTime:0.018919s ]
INFO: [ view_filter ] --START--
INFO: Run Behavior\WriteHtmlCacheBehavior [ RunTime:0.000161s ]
INFO: [ view_filter ] --END-- [ RunTime:0.000219s ]
INFO: [ app_end ] --START--
INFO: Run Behavior\ShowPageTraceBehavior [ RunTime:0.000762s ]
INFO: [ app_end ] --END-- [ RunTime:0.000840s ]

[ 2016-07-27T10:32:44+08:00 ] ::1 /FZU-VentureService/Admin/index.php/Home/Admin
INFO: [ app_init ] --START--
INFO: Run Behavior\BuildLiteBehavior [ RunTime:0.000023s ]
INFO: [ app_init ] --END-- [ RunTime:0.000505s ]
INFO: [ app_begin ] --START--
INFO: Run Behavior\ReadHtmlCacheBehavior [ RunTime:0.000531s ]
INFO: [ app_begin ] --END-- [ RunTime:0.000599s ]
ERR: 模板不存在:./apps/Home/View/Admin/article_publisher.html

[ 2016-07-27T10:33:08+08:00 ] ::1 /FZU-VentureService/Admin/index.php/Home/Admin
INFO: [ app_init ] --START--
INFO: Run Behavior\BuildLiteBehavior [ RunTime:0.000019s ]
INFO: [ app_init ] --END-- [ RunTime:0.000407s ]
INFO: [ app_begin ] --START--
INFO: Run Behavior\ReadHtmlCacheBehavior [ RunTime:0.000517s ]
INFO: [ app_begin ] --END-- [ RunTime:0.000587s ]
INFO: [ view_parse ] --START--
INFO: [ template_filter ] --START--
INFO: Run Behavior\ContentReplaceBehavior [ RunTime:0.000060s ]
INFO: [ template_filter ] --END-- [ RunTime:0.000149s ]
INFO: Run Behavior\ParseTemplateBehavior [ RunTime:0.009215s ]
INFO: [ view_parse ] --END-- [ RunTime:0.009282s ]
INFO: [ view_filter ] --START--
INFO: Run Behavior\WriteHtmlCacheBehavior [ RunTime:0.000160s ]
INFO: [ view_filter ] --END-- [ RunTime:0.000214s ]
INFO: [ app_end ] --START--
INFO: Run Behavior\ShowPageTraceBehavior [ RunTime:0.000509s ]
INFO: [ app_end ] --END-- [ RunTime:0.000565s ]

[ 2016-07-27T10:33:08+08:00 ] ::1 /FZU-VentureService/Admin/index.php/Home/css/bootstrap.min.css
INFO: [ app_init ] --START--
INFO: Run Behavior\BuildLiteBehavior [ RunTime:0.000030s ]
INFO: [ app_init ] --END-- [ RunTime:0.000574s ]
INFO: [ app_begin ] --START--
INFO: Run Behavior\ReadHtmlCacheBehavior [ RunTime:0.001051s ]
INFO: [ app_begin ] --END-- [ RunTime:0.001168s ]
ERR: 无法加载控制器:Css

[ 2016-07-27T10:33:08+08:00 ] ::1 /FZU-VentureService/Admin/index.php/Home/css/reset.css
INFO: [ app_init ] --START--
INFO: Run Behavior\BuildLiteBehavior [ RunTime:0.000027s ]
INFO: [ app_init ] --END-- [ RunTime:0.011993s ]
INFO: [ app_begin ] --START--
INFO: Run Behavior\ReadHtmlCacheBehavior [ RunTime:0.003142s ]
INFO: [ app_begin ] --END-- [ RunTime:0.003279s ]
ERR: 无法加载控制器:Css

[ 2016-07-27T10:33:08+08:00 ] ::1 /FZU-VentureService/Admin/index.php/Home/images/setting.png
INFO: [ app_init ] --START--
INFO: Run Behavior\BuildLiteBehavior [ RunTime:0.000025s ]
INFO: [ app_init ] --END-- [ RunTime:0.001061s ]

[ 2016-07-27T10:33:08+08:00 ] ::1 /FZU-VentureService/Admin/index.php/Home/js/main.js
INFO: [ app_init ] --START--
INFO: Run Behavior\BuildLiteBehavior [ RunTime:0.000325s ]
INFO: [ app_init ] --END-- [ RunTime:0.012452s ]
INFO: [ app_begin ] --START--
INFO: Run Behavior\ReadHtmlCacheBehavior [ RunTime:0.001185s ]
INFO: [ app_begin ] --END-- [ RunTime:0.001325s ]
ERR: 无法加载控制器:Js

[ 2016-07-27T10:33:08+08:00 ] ::1 /FZU-VentureService/Admin/index.php/Home/css/admin.css
INFO: [ app_init ] --START--
INFO: Run Behavior\BuildLiteBehavior [ RunTime:0.000054s ]
INFO: [ app_init ] --END-- [ RunTime:0.009972s ]
INFO: [ app_begin ] --START--
INFO: Run Behavior\ReadHtmlCacheBehavior [ RunTime:0.000995s ]
INFO: [ app_begin ] --END-- [ RunTime:0.001137s ]
ERR: 无法加载控制器:Css

[ 2016-07-27T10:34:35+08:00 ] ::1 /FZU-VentureService/Admin/index.php/Home/Admin
INFO: [ app_init ] --START--
INFO: Run Behavior\BuildLiteBehavior [ RunTime:0.000019s ]
INFO: [ app_init ] --END-- [ RunTime:0.000438s ]
INFO: [ app_begin ] --START--
INFO: Run Behavior\ReadHtmlCacheBehavior [ RunTime:0.000518s ]
INFO: [ app_begin ] --END-- [ RunTime:0.000585s ]
INFO: [ view_parse ] --START--
NOTIC: [8] Undefined index: href /Applications/MAMP/htdocs/FZU-VentureService/Admin/ThinkPHP/Library/Think/Template/TagLib/Cx.class.php 第 451 行.
INFO: [ template_filter ] --START--
INFO: Run Behavior\ContentReplaceBehavior [ RunTime:0.000058s ]
INFO: [ template_filter ] --END-- [ RunTime:0.000135s ]
INFO: Run Behavior\ParseTemplateBehavior [ RunTime:0.008142s ]
INFO: [ view_parse ] --END-- [ RunTime:0.008217s ]
INFO: [ view_filter ] --START--
INFO: Run Behavior\WriteHtmlCacheBehavior [ RunTime:0.000168s ]
INFO: [ view_filter ] --END-- [ RunTime:0.000222s ]
INFO: [ app_end ] --START--
INFO: Run Behavior\ShowPageTraceBehavior [ RunTime:0.000526s ]
INFO: [ app_end ] --END-- [ RunTime:0.000583s ]

[ 2016-07-27T10:34:35+08:00 ] ::1 /FZU-VentureService/Admin/index.php/Home/images/setting.png
INFO: [ app_init ] --START--
INFO: Run Behavior\BuildLiteBehavior [ RunTime:0.000027s ]
INFO: [ app_init ] --END-- [ RunTime:0.000729s ]

[ 2016-07-27T10:37:26+08:00 ] ::1 /FZU-VentureService/Admin/index.php/Home/Admin
INFO: [ app_init ] --START--
INFO: Run Behavior\BuildLiteBehavior [ RunTime:0.000035s ]
INFO: [ app_init ] --END-- [ RunTime:0.000833s ]
INFO: [ app_begin ] --START--
INFO: Run Behavior\ReadHtmlCacheBehavior [ RunTime:0.000828s ]
INFO: [ app_begin ] --END-- [ RunTime:0.000918s ]
INFO: [ view_parse ] --START--
NOTIC: [8] Undefined index: href /Applications/MAMP/htdocs/FZU-VentureService/Admin/ThinkPHP/Library/Think/Template/TagLib/Cx.class.php 第 451 行.
INFO: [ template_filter ] --START--
INFO: Run Behavior\ContentReplaceBehavior [ RunTime:0.000053s ]
INFO: [ template_filter ] --END-- [ RunTime:0.000122s ]
INFO: Run Behavior\ParseTemplateBehavior [ RunTime:0.007790s ]
INFO: [ view_parse ] --END-- [ RunTime:0.007855s ]
INFO: [ view_filter ] --START--
INFO: Run Behavior\WriteHtmlCacheBehavior [ RunTime:0.000158s ]
INFO: [ view_filter ] --END-- [ RunTime:0.000212s ]
INFO: [ app_end ] --START--
INFO: Run Behavior\ShowPageTraceBehavior [ RunTime:0.000514s ]
INFO: [ app_end ] --END-- [ RunTime:0.000570s ]

[ 2016-07-27T11:36:32+08:00 ] ::1 /FZU-VentureService/Admin/index.php/home/user
INFO: [ app_init ] --START--
INFO: Run Behavior\BuildLiteBehavior [ RunTime:0.000019s ]
INFO: [ app_init ] --END-- [ RunTime:0.000744s ]
INFO: [ app_begin ] --START--
INFO: Run Behavior\ReadHtmlCacheBehavior [ RunTime:0.000916s ]
INFO: [ app_begin ] --END-- [ RunTime:0.000982s ]
SQL: SHOW COLUMNS FROM `vs_user_token` [ RunTime:0.0240s ]
SQL: SELECT * FROM `vs_user_token` WHERE ( token ) LIMIT 1   [ RunTime:0.0234s ]
SQL: SHOW COLUMNS FROM `vs_user` [ RunTime:0.0241s ]
SQL: SELECT `uid`,`username`,`nickname`,`groupid` FROM `vs_user` WHERE `uid` = 8 LIMIT 1   [ RunTime:0.0235s ]
SQL: SHOW COLUMNS FROM `vs_user` [ RunTime:0.0267s ]
SQL: SELECT `uid`,`username`,`name`,`tel`,`email`,`reg_time`,`avatar`,`gender`,`tags`,`groupid`,`status` FROM `vs_user` WHERE ( groupid = '1' )  [ RunTime:0.0238s ]
SQL: SELECT `uid`,`username`,`name`,`tel`,`email`,`reg_time`,`avatar`,`gender`,`tags`,`groupid`,`status` FROM `vs_user` WHERE ( groupid = '2' )  [ RunTime:0.0257s ]
SQL: SELECT `uid`,`username`,`name`,`tel`,`email`,`reg_time`,`avatar`,`gender`,`tags`,`groupid`,`status` FROM `vs_user` WHERE ( groupid = '0' )  [ RunTime:0.0238s ]
SQL: SELECT `uid`,`username`,`name`,`tel`,`email`,`reg_time`,`avatar`,`gender`,`tags`,`groupid`,`status` FROM `vs_user` WHERE ( groupid = '6' )  [ RunTime:0.0237s ]
INFO: [ view_parse ] --START--
INFO: [ template_filter ] --START--
INFO: Run Behavior\ContentReplaceBehavior [ RunTime:0.000082s ]
INFO: [ template_filter ] --END-- [ RunTime:0.000162s ]
INFO: Run Behavior\ParseTemplateBehavior [ RunTime:0.031572s ]
INFO: [ view_parse ] --END-- [ RunTime:0.031682s ]
INFO: [ view_filter ] --START--
INFO: Run Behavior\WriteHtmlCacheBehavior [ RunTime:0.000543s ]
INFO: [ view_filter ] --END-- [ RunTime:0.000608s ]
INFO: [ app_end ] --START--
INFO: Run Behavior\ShowPageTraceBehavior [ RunTime:0.001117s ]
INFO: [ app_end ] --END-- [ RunTime:0.001234s ]

[ 2016-07-27T11:36:34+08:00 ] ::1 /FZU-VentureService/Admin/index.php/home/home/index
INFO: [ app_init ] --START--
INFO: Run Behavior\BuildLiteBehavior [ RunTime:0.000027s ]
INFO: [ app_init ] --END-- [ RunTime:0.000575s ]
INFO: [ app_begin ] --START--
INFO: Run Behavior\ReadHtmlCacheBehavior [ RunTime:0.000701s ]
INFO: [ app_begin ] --END-- [ RunTime:0.000785s ]

[ 2016-07-27T11:36:35+08:00 ] ::1 /FZU-VentureService/Admin/index.php?s=/Home/notice/index.html
INFO: [ app_init ] --START--
INFO: Run Behavior\BuildLiteBehavior [ RunTime:0.000019s ]
INFO: [ app_init ] --END-- [ RunTime:0.000394s ]
INFO: [ app_begin ] --START--
INFO: Run Behavior\ReadHtmlCacheBehavior [ RunTime:0.000473s ]
INFO: [ app_begin ] --END-- [ RunTime:0.000533s ]
SQL: SHOW COLUMNS FROM `vs_user_token` [ RunTime:0.0199s ]
SQL: SELECT * FROM `vs_user_token` WHERE ( token ) LIMIT 1   [ RunTime:0.0194s ]
SQL: SHOW COLUMNS FROM `vs_user` [ RunTime:0.0204s ]
SQL: SELECT `uid`,`username`,`nickname`,`groupid` FROM `vs_user` WHERE `uid` = 8 LIMIT 1   [ RunTime:0.0193s ]
SQL: SHOW COLUMNS FROM `vs_notice` [ RunTime:0.0223s ]
SQL: SELECT * FROM `vs_notice` WHERE `type` = 0  [ RunTime:0.0193s ]
SQL: SELECT * FROM `vs_user` WHERE `uid` = 1 LIMIT 1   [ RunTime:0.0193s ]
SQL: SELECT * FROM `vs_user` WHERE `uid` = 2 LIMIT 1   [ RunTime:0.0209s ]
SQL: SELECT * FROM `vs_notice` WHERE `type` = 1  [ RunTime:0.0191s ]
SQL: SELECT * FROM `vs_user` WHERE `uid` = 6 LIMIT 1   [ RunTime:0.0195s ]
SQL: SELECT * FROM `vs_user` WHERE `uid` = 3 LIMIT 1   [ RunTime:0.0193s ]
SQL: SELECT * FROM `vs_notice` WHERE `type` = 2  [ RunTime:0.0190s ]
SQL: SELECT * FROM `vs_user` WHERE `uid` = 4 LIMIT 1   [ RunTime:0.0192s ]
SQL: SELECT * FROM `vs_user` WHERE `uid` = 1 LIMIT 1   [ RunTime:0.0193s ]
INFO: [ view_parse ] --START--
INFO: [ template_filter ] --START--
INFO: Run Behavior\ContentReplaceBehavior [ RunTime:0.000070s ]
INFO: [ template_filter ] --END-- [ RunTime:0.000150s ]
INFO: Run Behavior\ParseTemplateBehavior [ RunTime:0.019345s ]
INFO: [ view_parse ] --END-- [ RunTime:0.019453s ]
INFO: [ view_filter ] --START--
INFO: Run Behavior\WriteHtmlCacheBehavior [ RunTime:0.000150s ]
INFO: [ view_filter ] --END-- [ RunTime:0.000205s ]
INFO: [ app_end ] --START--
INFO: Run Behavior\ShowPageTraceBehavior [ RunTime:0.000734s ]
INFO: [ app_end ] --END-- [ RunTime:0.000814s ]

[ 2016-07-27T11:36:36+08:00 ] ::1 /FZU-VentureService/Admin/index.php/home/home/index
INFO: [ app_init ] --START--
INFO: Run Behavior\BuildLiteBehavior [ RunTime:0.000020s ]
INFO: [ app_init ] --END-- [ RunTime:0.000592s ]
INFO: [ app_begin ] --START--
INFO: Run Behavior\ReadHtmlCacheBehavior [ RunTime:0.000522s ]
INFO: [ app_begin ] --END-- [ RunTime:0.000592s ]

[ 2016-07-27T11:36:37+08:00 ] ::1 /FZU-VentureService/Admin/index.php?s=/Home/notice/index.html
INFO: [ app_init ] --START--
INFO: Run Behavior\BuildLiteBehavior [ RunTime:0.000016s ]
INFO: [ app_init ] --END-- [ RunTime:0.000364s ]
INFO: [ app_begin ] --START--
INFO: Run Behavior\ReadHtmlCacheBehavior [ RunTime:0.000471s ]
INFO: [ app_begin ] --END-- [ RunTime:0.000531s ]
SQL: SHOW COLUMNS FROM `vs_user_token` [ RunTime:0.0486s ]
SQL: SELECT * FROM `vs_user_token` WHERE ( token ) LIMIT 1   [ RunTime:0.0197s ]
SQL: SHOW COLUMNS FROM `vs_user` [ RunTime:0.0200s ]
SQL: SELECT `uid`,`username`,`nickname`,`groupid` FROM `vs_user` WHERE `uid` = 8 LIMIT 1   [ RunTime:0.0192s ]
SQL: SHOW COLUMNS FROM `vs_notice` [ RunTime:0.0201s ]
SQL: SELECT * FROM `vs_notice` WHERE `type` = 0  [ RunTime:0.0191s ]
SQL: SELECT * FROM `vs_user` WHERE `uid` = 1 LIMIT 1   [ RunTime:0.0193s ]
SQL: SELECT * FROM `vs_user` WHERE `uid` = 2 LIMIT 1   [ RunTime:0.0192s ]
SQL: SELECT * FROM `vs_notice` WHERE `type` = 1  [ RunTime:0.0192s ]
SQL: SELECT * FROM `vs_user` WHERE `uid` = 6 LIMIT 1   [ RunTime:0.0195s ]
SQL: SELECT * FROM `vs_user` WHERE `uid` = 3 LIMIT 1   [ RunTime:0.0191s ]
SQL: SELECT * FROM `vs_notice` WHERE `type` = 2  [ RunTime:0.0194s ]
SQL: SELECT * FROM `vs_user` WHERE `uid` = 4 LIMIT 1   [ RunTime:0.0192s ]
SQL: SELECT * FROM `vs_user` WHERE `uid` = 1 LIMIT 1   [ RunTime:0.0208s ]
INFO: [ view_parse ] --START--
INFO: [ template_filter ] --START--
INFO: Run Behavior\ContentReplaceBehavior [ RunTime:0.000085s ]
INFO: [ template_filter ] --END-- [ RunTime:0.000166s ]
INFO: Run Behavior\ParseTemplateBehavior [ RunTime:0.021026s ]
INFO: [ view_parse ] --END-- [ RunTime:0.021117s ]
INFO: [ view_filter ] --START--
INFO: Run Behavior\WriteHtmlCacheBehavior [ RunTime:0.000195s ]
INFO: [ view_filter ] --END-- [ RunTime:0.000511s ]
INFO: [ app_end ] --START--
INFO: Run Behavior\ShowPageTraceBehavior [ RunTime:0.000774s ]
INFO: [ app_end ] --END-- [ RunTime:0.000966s ]

[ 2016-07-27T11:36:40+08:00 ] ::1 /FZU-VentureService/Admin/index.php?s=/Home/notice/index.html
INFO: [ app_init ] --START--
INFO: Run Behavior\BuildLiteBehavior [ RunTime:0.000029s ]
INFO: [ app_init ] --END-- [ RunTime:0.000684s ]
INFO: [ app_begin ] --START--
INFO: Run Behavior\ReadHtmlCacheBehavior [ RunTime:0.000555s ]
INFO: [ app_begin ] --END-- [ RunTime:0.000625s ]
SQL: SHOW COLUMNS FROM `vs_user_token` [ RunTime:0.0333s ]
SQL: SELECT * FROM `vs_user_token` WHERE ( token ) LIMIT 1   [ RunTime:0.0228s ]
SQL: SHOW COLUMNS FROM `vs_user` [ RunTime:0.0239s ]
SQL: SELECT `uid`,`username`,`nickname`,`groupid` FROM `vs_user` WHERE `uid` = 8 LIMIT 1   [ RunTime:0.0225s ]
SQL: SHOW COLUMNS FROM `vs_notice` [ RunTime:0.0232s ]
SQL: SELECT * FROM `vs_notice` WHERE `type` = 0  [ RunTime:0.0230s ]
SQL: SELECT * FROM `vs_user` WHERE `uid` = 1 LIMIT 1   [ RunTime:0.0228s ]
SQL: SELECT * FROM `vs_user` WHERE `uid` = 2 LIMIT 1   [ RunTime:0.0232s ]
SQL: SELECT * FROM `vs_notice` WHERE `type` = 1  [ RunTime:0.0269s ]
SQL: SELECT * FROM `vs_user` WHERE `uid` = 6 LIMIT 1   [ RunTime:0.0408s ]
SQL: SELECT * FROM `vs_user` WHERE `uid` = 3 LIMIT 1   [ RunTime:0.0406s ]
SQL: SELECT * FROM `vs_notice` WHERE `type` = 2  [ RunTime:0.0713s ]
SQL: SELECT * FROM `vs_user` WHERE `uid` = 4 LIMIT 1   [ RunTime:0.0652s ]
SQL: SELECT * FROM `vs_user` WHERE `uid` = 1 LIMIT 1   [ RunTime:0.0365s ]
INFO: [ view_parse ] --START--
INFO: [ template_filter ] --START--
INFO: Run Behavior\ContentReplaceBehavior [ RunTime:0.000069s ]
INFO: [ template_filter ] --END-- [ RunTime:0.000138s ]
INFO: Run Behavior\ParseTemplateBehavior [ RunTime:0.015848s ]
INFO: [ view_parse ] --END-- [ RunTime:0.015925s ]
INFO: [ view_filter ] --START--
INFO: Run Behavior\WriteHtmlCacheBehavior [ RunTime:0.000149s ]
INFO: [ view_filter ] --END-- [ RunTime:0.000205s ]
INFO: [ app_end ] --START--
INFO: Run Behavior\ShowPageTraceBehavior [ RunTime:0.000776s ]
INFO: [ app_end ] --END-- [ RunTime:0.000859s ]

[ 2016-07-27T11:36:43+08:00 ] ::1 /FZU-VentureService/Admin/index.php
INFO: [ app_init ] --START--
INFO: Run Behavior\BuildLiteBehavior [ RunTime:0.000014s ]
INFO: [ app_init ] --END-- [ RunTime:0.000360s ]
INFO: [ app_begin ] --START--
INFO: Run Behavior\ReadHtmlCacheBehavior [ RunTime:0.000468s ]
INFO: [ app_begin ] --END-- [ RunTime:0.000530s ]

[ 2016-07-27T11:36:43+08:00 ] ::1 /FZU-VentureService/Admin/index.php?s=/Home/notice/index.html
INFO: [ app_init ] --START--
INFO: Run Behavior\BuildLiteBehavior [ RunTime:0.000015s ]
INFO: [ app_init ] --END-- [ RunTime:0.000364s ]
INFO: [ app_begin ] --START--
INFO: Run Behavior\ReadHtmlCacheBehavior [ RunTime:0.000470s ]
INFO: [ app_begin ] --END-- [ RunTime:0.000531s ]
SQL: SHOW COLUMNS FROM `vs_user_token` [ RunTime:0.0207s ]
SQL: SELECT * FROM `vs_user_token` WHERE ( token ) LIMIT 1   [ RunTime:0.0252s ]
SQL: SHOW COLUMNS FROM `vs_user` [ RunTime:0.0200s ]
SQL: SELECT `uid`,`username`,`nickname`,`groupid` FROM `vs_user` WHERE `uid` = 8 LIMIT 1   [ RunTime:0.0226s ]
SQL: SHOW COLUMNS FROM `vs_notice` [ RunTime:0.0214s ]
SQL: SELECT * FROM `vs_notice` WHERE `type` = 0  [ RunTime:0.0191s ]
SQL: SELECT * FROM `vs_user` WHERE `uid` = 1 LIMIT 1   [ RunTime:0.0193s ]
SQL: SELECT * FROM `vs_user` WHERE `uid` = 2 LIMIT 1   [ RunTime:0.2402s ]
SQL: SELECT * FROM `vs_notice` WHERE `type` = 1  [ RunTime:0.0187s ]
SQL: SELECT * FROM `vs_user` WHERE `uid` = 6 LIMIT 1   [ RunTime:0.0185s ]
SQL: SELECT * FROM `vs_user` WHERE `uid` = 3 LIMIT 1   [ RunTime:0.0186s ]
SQL: SELECT * FROM `vs_notice` WHERE `type` = 2  [ RunTime:0.0184s ]
SQL: SELECT * FROM `vs_user` WHERE `uid` = 4 LIMIT 1   [ RunTime:0.0214s ]
SQL: SELECT * FROM `vs_user` WHERE `uid` = 1 LIMIT 1   [ RunTime:0.0531s ]
INFO: [ view_parse ] --START--
INFO: [ template_filter ] --START--
INFO: Run Behavior\ContentReplaceBehavior [ RunTime:0.000068s ]
INFO: [ template_filter ] --END-- [ RunTime:0.000139s ]
INFO: Run Behavior\ParseTemplateBehavior [ RunTime:0.017018s ]
INFO: [ view_parse ] --END-- [ RunTime:0.017096s ]
INFO: [ view_filter ] --START--
INFO: Run Behavior\WriteHtmlCacheBehavior [ RunTime:0.000179s ]
INFO: [ view_filter ] --END-- [ RunTime:0.000237s ]
INFO: [ app_end ] --START--
INFO: Run Behavior\ShowPageTraceBehavior [ RunTime:0.000569s ]
INFO: [ app_end ] --END-- [ RunTime:0.000631s ]

[ 2016-07-27T11:36:44+08:00 ] ::1 /FZU-VentureService/Admin/index.php/home/user
INFO: [ app_init ] --START--
INFO: Run Behavior\BuildLiteBehavior [ RunTime:0.000016s ]
INFO: [ app_init ] --END-- [ RunTime:0.000391s ]
INFO: [ app_begin ] --START--
INFO: Run Behavior\ReadHtmlCacheBehavior [ RunTime:0.000509s ]
INFO: [ app_begin ] --END-- [ RunTime:0.000574s ]
SQL: SHOW COLUMNS FROM `vs_user_token` [ RunTime:0.0239s ]
SQL: SELECT * FROM `vs_user_token` WHERE ( token ) LIMIT 1   [ RunTime:0.0231s ]
SQL: SHOW COLUMNS FROM `vs_user` [ RunTime:0.0236s ]
SQL: SELECT `uid`,`username`,`nickname`,`groupid` FROM `vs_user` WHERE `uid` = 8 LIMIT 1   [ RunTime:0.0228s ]
SQL: SHOW COLUMNS FROM `vs_user` [ RunTime:0.0235s ]
SQL: SELECT `uid`,`username`,`name`,`tel`,`email`,`reg_time`,`avatar`,`gender`,`tags`,`groupid`,`status` FROM `vs_user` WHERE ( groupid = '1' )  [ RunTime:0.0243s ]
SQL: SELECT `uid`,`username`,`name`,`tel`,`email`,`reg_time`,`avatar`,`gender`,`tags`,`groupid`,`status` FROM `vs_user` WHERE ( groupid = '2' )  [ RunTime:0.0241s ]
SQL: SELECT `uid`,`username`,`name`,`tel`,`email`,`reg_time`,`avatar`,`gender`,`tags`,`groupid`,`status` FROM `vs_user` WHERE ( groupid = '0' )  [ RunTime:0.0234s ]
SQL: SELECT `uid`,`username`,`name`,`tel`,`email`,`reg_time`,`avatar`,`gender`,`tags`,`groupid`,`status` FROM `vs_user` WHERE ( groupid = '6' )  [ RunTime:0.0228s ]
INFO: [ view_parse ] --START--
INFO: [ template_filter ] --START--
INFO: Run Behavior\ContentReplaceBehavior [ RunTime:0.000080s ]
INFO: [ template_filter ] --END-- [ RunTime:0.000150s ]
INFO: Run Behavior\ParseTemplateBehavior [ RunTime:0.025539s ]
INFO: [ view_parse ] --END-- [ RunTime:0.025640s ]
INFO: [ view_filter ] --START--
INFO: Run Behavior\WriteHtmlCacheBehavior [ RunTime:0.000165s ]
INFO: [ view_filter ] --END-- [ RunTime:0.000221s ]
INFO: [ app_end ] --START--
INFO: Run Behavior\ShowPageTraceBehavior [ RunTime:0.000763s ]
INFO: [ app_end ] --END-- [ RunTime:0.000847s ]

[ 2016-07-27T11:36:45+08:00 ] ::1 /FZU-VentureService/Admin/index.php/home/home/index
INFO: [ app_init ] --START--
INFO: Run Behavior\BuildLiteBehavior [ RunTime:0.000020s ]
INFO: [ app_init ] --END-- [ RunTime:0.000425s ]
INFO: [ app_begin ] --START--
INFO: Run Behavior\ReadHtmlCacheBehavior [ RunTime:0.000545s ]
INFO: [ app_begin ] --END-- [ RunTime:0.000633s ]

[ 2016-07-27T11:36:46+08:00 ] ::1 /FZU-VentureService/Admin/index.php?s=/Home/notice/index.html
INFO: [ app_init ] --START--
INFO: Run Behavior\BuildLiteBehavior [ RunTime:0.000018s ]
INFO: [ app_init ] --END-- [ RunTime:0.000396s ]
INFO: [ app_begin ] --START--
INFO: Run Behavior\ReadHtmlCacheBehavior [ RunTime:0.000663s ]
INFO: [ app_begin ] --END-- [ RunTime:0.000755s ]
SQL: SHOW COLUMNS FROM `vs_user_token` [ RunTime:0.0263s ]
SQL: SELECT * FROM `vs_user_token` WHERE ( token ) LIMIT 1   [ RunTime:0.0432s ]
SQL: SHOW COLUMNS FROM `vs_user` [ RunTime:0.0246s ]
SQL: SELECT `uid`,`username`,`nickname`,`groupid` FROM `vs_user` WHERE `uid` = 8 LIMIT 1   [ RunTime:0.0235s ]
SQL: SHOW COLUMNS FROM `vs_notice` [ RunTime:0.0240s ]
SQL: SELECT * FROM `vs_notice` WHERE `type` = 0  [ RunTime:0.0232s ]
SQL: SELECT * FROM `vs_user` WHERE `uid` = 1 LIMIT 1   [ RunTime:0.0251s ]
SQL: SELECT * FROM `vs_user` WHERE `uid` = 2 LIMIT 1   [ RunTime:0.0237s ]
SQL: SELECT * FROM `vs_notice` WHERE `type` = 1  [ RunTime:0.0240s ]
SQL: SELECT * FROM `vs_user` WHERE `uid` = 6 LIMIT 1   [ RunTime:0.0240s ]
SQL: SELECT * FROM `vs_user` WHERE `uid` = 3 LIMIT 1   [ RunTime:0.0237s ]
SQL: SELECT * FROM `vs_notice` WHERE `type` = 2  [ RunTime:0.0235s ]
SQL: SELECT * FROM `vs_user` WHERE `uid` = 4 LIMIT 1   [ RunTime:0.0237s ]
SQL: SELECT * FROM `vs_user` WHERE `uid` = 1 LIMIT 1   [ RunTime:0.0234s ]
INFO: [ view_parse ] --START--
INFO: [ template_filter ] --START--
INFO: Run Behavior\ContentReplaceBehavior [ RunTime:0.000066s ]
INFO: [ template_filter ] --END-- [ RunTime:0.000135s ]
INFO: Run Behavior\ParseTemplateBehavior [ RunTime:0.017531s ]
INFO: [ view_parse ] --END-- [ RunTime:0.017637s ]
INFO: [ view_filter ] --START--
INFO: Run Behavior\WriteHtmlCacheBehavior [ RunTime:0.000146s ]
INFO: [ view_filter ] --END-- [ RunTime:0.000201s ]
INFO: [ app_end ] --START--
INFO: Run Behavior\ShowPageTraceBehavior [ RunTime:0.000775s ]
INFO: [ app_end ] --END-- [ RunTime:0.000861s ]

[ 2016-07-27T11:36:48+08:00 ] ::1 /FZU-VentureService/Admin/index.php/home/home/login
INFO: [ app_init ] --START--
INFO: Run Behavior\BuildLiteBehavior [ RunTime:0.000018s ]
INFO: [ app_init ] --END-- [ RunTime:0.000406s ]
INFO: [ app_begin ] --START--
INFO: Run Behavior\ReadHtmlCacheBehavior [ RunTime:0.000722s ]
INFO: [ app_begin ] --END-- [ RunTime:0.000811s ]
SQL: SHOW COLUMNS FROM `vs_user` [ RunTime:0.0241s ]
SQL: SHOW COLUMNS FROM `vs_user` [ RunTime:0.0235s ]
SQL: SELECT `uid`,`username`,`nickname`,`name`,`password`,`userKey`,`groupid` FROM `vs_user` WHERE `username` = '' LIMIT 1   [ RunTime:0.0230s ]
INFO: [ view_parse ] --START--
INFO: [ template_filter ] --START--
INFO: Run Behavior\ContentReplaceBehavior [ RunTime:0.000052s ]
INFO: [ template_filter ] --END-- [ RunTime:0.000131s ]
INFO: Run Behavior\ParseTemplateBehavior [ RunTime:0.013097s ]
INFO: [ view_parse ] --END-- [ RunTime:0.013197s ]
INFO: [ view_filter ] --START--
INFO: Run Behavior\WriteHtmlCacheBehavior [ RunTime:0.000159s ]
INFO: [ view_filter ] --END-- [ RunTime:0.000215s ]

[ 2016-07-27T11:36:53+08:00 ] ::1 /FZU-VentureService/Admin/index.php?s=/Home/notice/index.html
INFO: [ app_init ] --START--
INFO: Run Behavior\BuildLiteBehavior [ RunTime:0.000020s ]
INFO: [ app_init ] --END-- [ RunTime:0.000430s ]
INFO: [ app_begin ] --START--
INFO: Run Behavior\ReadHtmlCacheBehavior [ RunTime:0.000641s ]
INFO: [ app_begin ] --END-- [ RunTime:0.000725s ]
SQL: SHOW COLUMNS FROM `vs_user_token` [ RunTime:0.0195s ]
SQL: SELECT * FROM `vs_user_token` WHERE ( token ) LIMIT 1   [ RunTime:0.0193s ]
SQL: SHOW COLUMNS FROM `vs_user` [ RunTime:0.0201s ]
SQL: SELECT `uid`,`username`,`nickname`,`groupid` FROM `vs_user` WHERE `uid` = 8 LIMIT 1   [ RunTime:0.0189s ]
SQL: SHOW COLUMNS FROM `vs_notice` [ RunTime:0.0204s ]
SQL: SELECT * FROM `vs_notice` WHERE `type` = 0  [ RunTime:0.0203s ]
SQL: SELECT * FROM `vs_user` WHERE `uid` = 1 LIMIT 1   [ RunTime:0.0193s ]
SQL: SELECT * FROM `vs_user` WHERE `uid` = 2 LIMIT 1   [ RunTime:0.0221s ]
SQL: SELECT * FROM `vs_notice` WHERE `type` = 1  [ RunTime:0.0192s ]
SQL: SELECT * FROM `vs_user` WHERE `uid` = 6 LIMIT 1   [ RunTime:0.0191s ]
SQL: SELECT * FROM `vs_user` WHERE `uid` = 3 LIMIT 1   [ RunTime:0.0188s ]
SQL: SELECT * FROM `vs_notice` WHERE `type` = 2  [ RunTime:0.0192s ]
SQL: SELECT * FROM `vs_user` WHERE `uid` = 4 LIMIT 1   [ RunTime:0.0192s ]
SQL: SELECT * FROM `vs_user` WHERE `uid` = 1 LIMIT 1   [ RunTime:0.0193s ]
INFO: [ view_parse ] --START--
INFO: [ template_filter ] --START--
INFO: Run Behavior\ContentReplaceBehavior [ RunTime:0.000074s ]
INFO: [ template_filter ] --END-- [ RunTime:0.000160s ]
INFO: Run Behavior\ParseTemplateBehavior [ RunTime:0.018157s ]
INFO: [ view_parse ] --END-- [ RunTime:0.018271s ]
INFO: [ view_filter ] --START--
INFO: Run Behavior\WriteHtmlCacheBehavior [ RunTime:0.000192s ]
INFO: [ view_filter ] --END-- [ RunTime:0.000251s ]
INFO: [ app_end ] --START--
INFO: Run Behavior\ShowPageTraceBehavior [ RunTime:0.000858s ]
INFO: [ app_end ] --END-- [ RunTime:0.000989s ]

[ 2016-07-27T11:36:57+08:00 ] ::1 /FZU-VentureService/Admin/index.php
INFO: [ app_init ] --START--
INFO: Run Behavior\BuildLiteBehavior [ RunTime:0.000019s ]
INFO: [ app_init ] --END-- [ RunTime:0.000421s ]
INFO: [ app_begin ] --START--
INFO: Run Behavior\ReadHtmlCacheBehavior [ RunTime:0.000511s ]
INFO: [ app_begin ] --END-- [ RunTime:0.000576s ]

[ 2016-07-27T11:36:58+08:00 ] ::1 /FZU-VentureService/Admin/index.php?s=/Home/notice/index.html
INFO: [ app_init ] --START--
INFO: Run Behavior\BuildLiteBehavior [ RunTime:0.000018s ]
INFO: [ app_init ] --END-- [ RunTime:0.000393s ]
INFO: [ app_begin ] --START--
INFO: Run Behavior\ReadHtmlCacheBehavior [ RunTime:0.000500s ]
INFO: [ app_begin ] --END-- [ RunTime:0.000565s ]
SQL: SHOW COLUMNS FROM `vs_user_token` [ RunTime:0.0242s ]
SQL: SELECT * FROM `vs_user_token` WHERE ( token ) LIMIT 1   [ RunTime:0.0194s ]
SQL: SHOW COLUMNS FROM `vs_user` [ RunTime:0.0196s ]
SQL: SELECT `uid`,`username`,`nickname`,`groupid` FROM `vs_user` WHERE `uid` = 8 LIMIT 1   [ RunTime:0.0191s ]
SQL: SHOW COLUMNS FROM `vs_notice` [ RunTime:0.0197s ]
SQL: SELECT * FROM `vs_notice` WHERE `type` = 0  [ RunTime:0.0192s ]
SQL: SELECT * FROM `vs_user` WHERE `uid` = 1 LIMIT 1   [ RunTime:0.0191s ]
SQL: SELECT * FROM `vs_user` WHERE `uid` = 2 LIMIT 1   [ RunTime:0.0193s ]
SQL: SELECT * FROM `vs_notice` WHERE `type` = 1  [ RunTime:0.0192s ]
SQL: SELECT * FROM `vs_user` WHERE `uid` = 6 LIMIT 1   [ RunTime:0.0191s ]
SQL: SELECT * FROM `vs_user` WHERE `uid` = 3 LIMIT 1   [ RunTime:0.0191s ]
SQL: SELECT * FROM `vs_notice` WHERE `type` = 2  [ RunTime:0.0212s ]
SQL: SELECT * FROM `vs_user` WHERE `uid` = 4 LIMIT 1   [ RunTime:0.0701s ]
SQL: SELECT * FROM `vs_user` WHERE `uid` = 1 LIMIT 1   [ RunTime:0.0195s ]
INFO: [ view_parse ] --START--
INFO: [ template_filter ] --START--
INFO: Run Behavior\ContentReplaceBehavior [ RunTime:0.000111s ]
INFO: [ template_filter ] --END-- [ RunTime:0.000247s ]
INFO: Run Behavior\ParseTemplateBehavior [ RunTime:0.030116s ]
INFO: [ view_parse ] --END-- [ RunTime:0.030220s ]
INFO: [ view_filter ] --START--
INFO: Run Behavior\WriteHtmlCacheBehavior [ RunTime:0.000193s ]
INFO: [ view_filter ] --END-- [ RunTime:0.000259s ]
INFO: [ app_end ] --START--
INFO: Run Behavior\ShowPageTraceBehavior [ RunTime:0.000846s ]
INFO: [ app_end ] --END-- [ RunTime:0.000957s ]

[ 2016-07-27T11:36:58+08:00 ] ::1 /FZU-VentureService/Admin/index.php/home/user
INFO: [ app_init ] --START--
INFO: Run Behavior\BuildLiteBehavior [ RunTime:0.000017s ]
INFO: [ app_init ] --END-- [ RunTime:0.000382s ]
INFO: [ app_begin ] --START--
INFO: Run Behavior\ReadHtmlCacheBehavior [ RunTime:0.000538s ]
INFO: [ app_begin ] --END-- [ RunTime:0.000602s ]
SQL: SHOW COLUMNS FROM `vs_user_token` [ RunTime:0.0204s ]
SQL: SELECT * FROM `vs_user_token` WHERE ( token ) LIMIT 1   [ RunTime:0.0191s ]
SQL: SHOW COLUMNS FROM `vs_user` [ RunTime:0.0203s ]
SQL: SELECT `uid`,`username`,`nickname`,`groupid` FROM `vs_user` WHERE `uid` = 8 LIMIT 1   [ RunTime:0.0192s ]
SQL: SHOW COLUMNS FROM `vs_user` [ RunTime:0.0203s ]
SQL: SELECT `uid`,`username`,`name`,`tel`,`email`,`reg_time`,`avatar`,`gender`,`tags`,`groupid`,`status` FROM `vs_user` WHERE ( groupid = '1' )  [ RunTime:0.0196s ]
SQL: SELECT `uid`,`username`,`name`,`tel`,`email`,`reg_time`,`avatar`,`gender`,`tags`,`groupid`,`status` FROM `vs_user` WHERE ( groupid = '2' )  [ RunTime:0.0192s ]
SQL: SELECT `uid`,`username`,`name`,`tel`,`email`,`reg_time`,`avatar`,`gender`,`tags`,`groupid`,`status` FROM `vs_user` WHERE ( groupid = '0' )  [ RunTime:0.0194s ]
SQL: SELECT `uid`,`username`,`name`,`tel`,`email`,`reg_time`,`avatar`,`gender`,`tags`,`groupid`,`status` FROM `vs_user` WHERE ( groupid = '6' )  [ RunTime:0.0196s ]
INFO: [ view_parse ] --START--
INFO: [ template_filter ] --START--
INFO: Run Behavior\ContentReplaceBehavior [ RunTime:0.000081s ]
INFO: [ template_filter ] --END-- [ RunTime:0.000165s ]
INFO: Run Behavior\ParseTemplateBehavior [ RunTime:0.027901s ]
INFO: [ view_parse ] --END-- [ RunTime:0.028030s ]
INFO: [ view_filter ] --START--
INFO: Run Behavior\WriteHtmlCacheBehavior [ RunTime:0.000218s ]
INFO: [ view_filter ] --END-- [ RunTime:0.000283s ]
INFO: [ app_end ] --START--
INFO: Run Behavior\ShowPageTraceBehavior [ RunTime:0.000871s ]
INFO: [ app_end ] --END-- [ RunTime:0.000993s ]

[ 2016-07-27T11:37:01+08:00 ] ::1 /FZU-VentureService/Admin/index.php/home/home/index
INFO: [ app_init ] --START--
INFO: Run Behavior\BuildLiteBehavior [ RunTime:0.000028s ]
INFO: [ app_init ] --END-- [ RunTime:0.000474s ]
INFO: [ app_begin ] --START--
INFO: Run Behavior\ReadHtmlCacheBehavior [ RunTime:0.000538s ]
INFO: [ app_begin ] --END-- [ RunTime:0.000608s ]

[ 2016-07-27T11:37:02+08:00 ] ::1 /FZU-VentureService/Admin/index.php?s=/Home/notice/index.html
INFO: [ app_init ] --START--
INFO: Run Behavior\BuildLiteBehavior [ RunTime:0.000020s ]
INFO: [ app_init ] --END-- [ RunTime:0.000431s ]
INFO: [ app_begin ] --START--
INFO: Run Behavior\ReadHtmlCacheBehavior [ RunTime:0.000595s ]
INFO: [ app_begin ] --END-- [ RunTime:0.000687s ]
SQL: SHOW COLUMNS FROM `vs_user_token` [ RunTime:0.0200s ]
SQL: SELECT * FROM `vs_user_token` WHERE ( token ) LIMIT 1   [ RunTime:0.0204s ]
SQL: SHOW COLUMNS FROM `vs_user` [ RunTime:0.0201s ]
SQL: SELECT `uid`,`username`,`nickname`,`groupid` FROM `vs_user` WHERE `uid` = 8 LIMIT 1   [ RunTime:0.0190s ]
SQL: SHOW COLUMNS FROM `vs_notice` [ RunTime:0.0201s ]
SQL: SELECT * FROM `vs_notice` WHERE `type` = 0  [ RunTime:0.0191s ]
SQL: SELECT * FROM `vs_user` WHERE `uid` = 1 LIMIT 1   [ RunTime:0.0204s ]
SQL: SELECT * FROM `vs_user` WHERE `uid` = 2 LIMIT 1   [ RunTime:0.0193s ]
SQL: SELECT * FROM `vs_notice` WHERE `type` = 1  [ RunTime:0.0191s ]
SQL: SELECT * FROM `vs_user` WHERE `uid` = 6 LIMIT 1   [ RunTime:0.0194s ]
SQL: SELECT * FROM `vs_user` WHERE `uid` = 3 LIMIT 1   [ RunTime:0.0196s ]
SQL: SELECT * FROM `vs_notice` WHERE `type` = 2  [ RunTime:0.0208s ]
SQL: SELECT * FROM `vs_user` WHERE `uid` = 4 LIMIT 1   [ RunTime:0.0195s ]
SQL: SELECT * FROM `vs_user` WHERE `uid` = 1 LIMIT 1   [ RunTime:0.0193s ]
INFO: [ view_parse ] --START--
INFO: [ template_filter ] --START--
INFO: Run Behavior\ContentReplaceBehavior [ RunTime:0.000066s ]
INFO: [ template_filter ] --END-- [ RunTime:0.000134s ]
INFO: Run Behavior\ParseTemplateBehavior [ RunTime:0.017513s ]
INFO: [ view_parse ] --END-- [ RunTime:0.017620s ]
INFO: [ view_filter ] --START--
INFO: Run Behavior\WriteHtmlCacheBehavior [ RunTime:0.000149s ]
INFO: [ view_filter ] --END-- [ RunTime:0.000203s ]
INFO: [ app_end ] --START--
INFO: Run Behavior\ShowPageTraceBehavior [ RunTime:0.000797s ]
INFO: [ app_end ] --END-- [ RunTime:0.000874s ]

[ 2016-07-27T11:37:05+08:00 ] ::1 /FZU-VentureService/Admin/index.php/home/home/login
INFO: [ app_init ] --START--
INFO: Run Behavior\BuildLiteBehavior [ RunTime:0.000017s ]
INFO: [ app_init ] --END-- [ RunTime:0.000370s ]
INFO: [ app_begin ] --START--
INFO: Run Behavior\ReadHtmlCacheBehavior [ RunTime:0.000468s ]
INFO: [ app_begin ] --END-- [ RunTime:0.000531s ]
SQL: SHOW COLUMNS FROM `vs_user` [ RunTime:0.0200s ]
SQL: SHOW COLUMNS FROM `vs_user` [ RunTime:0.0200s ]
SQL: SELECT `uid`,`username`,`nickname`,`name`,`password`,`userKey`,`groupid` FROM `vs_user` WHERE `username` = '' LIMIT 1   [ RunTime:0.0192s ]
INFO: [ view_parse ] --START--
INFO: [ template_filter ] --START--
INFO: Run Behavior\ContentReplaceBehavior [ RunTime:0.000047s ]
INFO: [ template_filter ] --END-- [ RunTime:0.000112s ]
INFO: Run Behavior\ParseTemplateBehavior [ RunTime:0.008395s ]
INFO: [ view_parse ] --END-- [ RunTime:0.008496s ]
INFO: [ view_filter ] --START--
INFO: Run Behavior\WriteHtmlCacheBehavior [ RunTime:0.000142s ]
INFO: [ view_filter ] --END-- [ RunTime:0.000196s ]

[ 2016-07-27T11:37:08+08:00 ] ::1 /FZU-VentureService/Admin/index.php/home/home/login
INFO: [ app_init ] --START--
INFO: Run Behavior\BuildLiteBehavior [ RunTime:0.000020s ]
INFO: [ app_init ] --END-- [ RunTime:0.000419s ]
INFO: [ app_begin ] --START--
INFO: Run Behavior\ReadHtmlCacheBehavior [ RunTime:0.000833s ]
INFO: [ app_begin ] --END-- [ RunTime:0.000925s ]
SQL: SHOW COLUMNS FROM `vs_user` [ RunTime:0.0193s ]
SQL: SHOW COLUMNS FROM `vs_user` [ RunTime:0.0191s ]
SQL: SELECT `uid`,`username`,`nickname`,`name`,`password`,`userKey`,`groupid` FROM `vs_user` WHERE `username` = '' LIMIT 1   [ RunTime:0.0185s ]
INFO: [ view_parse ] --START--
INFO: [ template_filter ] --START--
INFO: Run Behavior\ContentReplaceBehavior [ RunTime:0.000052s ]
INFO: [ template_filter ] --END-- [ RunTime:0.000133s ]
INFO: Run Behavior\ParseTemplateBehavior [ RunTime:0.006997s ]
INFO: [ view_parse ] --END-- [ RunTime:0.007065s ]
INFO: [ view_filter ] --START--
INFO: Run Behavior\WriteHtmlCacheBehavior [ RunTime:0.000161s ]
INFO: [ view_filter ] --END-- [ RunTime:0.000220s ]

[ 2016-07-27T11:37:09+08:00 ] ::1 /FZU-VentureService/Admin/index.php/home/home/index
INFO: [ app_init ] --START--
INFO: Run Behavior\BuildLiteBehavior [ RunTime:0.000020s ]
INFO: [ app_init ] --END-- [ RunTime:0.000402s ]
INFO: [ app_begin ] --START--
INFO: Run Behavior\ReadHtmlCacheBehavior [ RunTime:0.000654s ]
INFO: [ app_begin ] --END-- [ RunTime:0.000766s ]

[ 2016-07-27T11:37:09+08:00 ] ::1 /FZU-VentureService/Admin/index.php?s=/Home/notice/index.html
INFO: [ app_init ] --START--
INFO: Run Behavior\BuildLiteBehavior [ RunTime:0.000016s ]
INFO: [ app_init ] --END-- [ RunTime:0.000366s ]
INFO: [ app_begin ] --START--
INFO: Run Behavior\ReadHtmlCacheBehavior [ RunTime:0.000471s ]
INFO: [ app_begin ] --END-- [ RunTime:0.000533s ]
SQL: SHOW COLUMNS FROM `vs_user_token` [ RunTime:0.0237s ]
SQL: SELECT * FROM `vs_user_token` WHERE ( token ) LIMIT 1   [ RunTime:0.0234s ]
SQL: SHOW COLUMNS FROM `vs_user` [ RunTime:0.0240s ]
SQL: SELECT `uid`,`username`,`nickname`,`groupid` FROM `vs_user` WHERE `uid` = 8 LIMIT 1   [ RunTime:0.0232s ]
SQL: SHOW COLUMNS FROM `vs_notice` [ RunTime:0.0235s ]
SQL: SELECT * FROM `vs_notice` WHERE `type` = 0  [ RunTime:0.0232s ]
SQL: SELECT * FROM `vs_user` WHERE `uid` = 1 LIMIT 1   [ RunTime:0.0237s ]
SQL: SELECT * FROM `vs_user` WHERE `uid` = 2 LIMIT 1   [ RunTime:0.0232s ]
SQL: SELECT * FROM `vs_notice` WHERE `type` = 1  [ RunTime:0.0239s ]
SQL: SELECT * FROM `vs_user` WHERE `uid` = 6 LIMIT 1   [ RunTime:0.0235s ]
SQL: SELECT * FROM `vs_user` WHERE `uid` = 3 LIMIT 1   [ RunTime:0.0242s ]
SQL: SELECT * FROM `vs_notice` WHERE `type` = 2  [ RunTime:0.0230s ]
SQL: SELECT * FROM `vs_user` WHERE `uid` = 4 LIMIT 1   [ RunTime:0.0234s ]
SQL: SELECT * FROM `vs_user` WHERE `uid` = 1 LIMIT 1   [ RunTime:0.0230s ]
INFO: [ view_parse ] --START--
INFO: [ template_filter ] --START--
INFO: Run Behavior\ContentReplaceBehavior [ RunTime:0.000069s ]
INFO: [ template_filter ] --END-- [ RunTime:0.000152s ]
INFO: Run Behavior\ParseTemplateBehavior [ RunTime:0.020290s ]
INFO: [ view_parse ] --END-- [ RunTime:0.020390s ]
INFO: [ view_filter ] --START--
INFO: Run Behavior\WriteHtmlCacheBehavior [ RunTime:0.000183s ]
INFO: [ view_filter ] --END-- [ RunTime:0.000245s ]
INFO: [ app_end ] --START--
INFO: Run Behavior\ShowPageTraceBehavior [ RunTime:0.000771s ]
INFO: [ app_end ] --END-- [ RunTime:0.000855s ]

[ 2016-07-27T11:37:10+08:00 ] ::1 /FZU-VentureService/Admin/index.php/home/user
INFO: [ app_init ] --START--
INFO: Run Behavior\BuildLiteBehavior [ RunTime:0.000016s ]
INFO: [ app_init ] --END-- [ RunTime:0.000360s ]
INFO: [ app_begin ] --START--
INFO: Run Behavior\ReadHtmlCacheBehavior [ RunTime:0.000466s ]
INFO: [ app_begin ] --END-- [ RunTime:0.000526s ]
SQL: SHOW COLUMNS FROM `vs_user_token` [ RunTime:0.0198s ]
SQL: SELECT * FROM `vs_user_token` WHERE ( token ) LIMIT 1   [ RunTime:0.0192s ]
SQL: SHOW COLUMNS FROM `vs_user` [ RunTime:0.0196s ]
SQL: SELECT `uid`,`username`,`nickname`,`groupid` FROM `vs_user` WHERE `uid` = 8 LIMIT 1   [ RunTime:0.0190s ]
SQL: SHOW COLUMNS FROM `vs_user` [ RunTime:0.0196s ]
SQL: SELECT `uid`,`username`,`name`,`tel`,`email`,`reg_time`,`avatar`,`gender`,`tags`,`groupid`,`status` FROM `vs_user` WHERE ( groupid = '1' )  [ RunTime:0.0192s ]
SQL: SELECT `uid`,`username`,`name`,`tel`,`email`,`reg_time`,`avatar`,`gender`,`tags`,`groupid`,`status` FROM `vs_user` WHERE ( groupid = '2' )  [ RunTime:0.0191s ]
SQL: SELECT `uid`,`username`,`name`,`tel`,`email`,`reg_time`,`avatar`,`gender`,`tags`,`groupid`,`status` FROM `vs_user` WHERE ( groupid = '0' )  [ RunTime:0.0198s ]
SQL: SELECT `uid`,`username`,`name`,`tel`,`email`,`reg_time`,`avatar`,`gender`,`tags`,`groupid`,`status` FROM `vs_user` WHERE ( groupid = '6' )  [ RunTime:0.0189s ]
INFO: [ view_parse ] --START--
INFO: [ template_filter ] --START--
INFO: Run Behavior\ContentReplaceBehavior [ RunTime:0.000072s ]
INFO: [ template_filter ] --END-- [ RunTime:0.000140s ]
INFO: Run Behavior\ParseTemplateBehavior [ RunTime:0.024911s ]
INFO: [ view_parse ] --END-- [ RunTime:0.025012s ]
INFO: [ view_filter ] --START--
INFO: Run Behavior\WriteHtmlCacheBehavior [ RunTime:0.000168s ]
INFO: [ view_filter ] --END-- [ RunTime:0.000229s ]
INFO: [ app_end ] --START--
INFO: Run Behavior\ShowPageTraceBehavior [ RunTime:0.000764s ]
INFO: [ app_end ] --END-- [ RunTime:0.000882s ]

[ 2016-07-27T11:37:10+08:00 ] ::1 /FZU-VentureService/Admin/index.php/home/login
INFO: [ app_init ] --START--
INFO: Run Behavior\BuildLiteBehavior [ RunTime:0.000014s ]
INFO: [ app_init ] --END-- [ RunTime:0.000378s ]
INFO: [ app_begin ] --START--
INFO: Run Behavior\ReadHtmlCacheBehavior [ RunTime:0.000467s ]
INFO: [ app_begin ] --END-- [ RunTime:0.000528s ]
ERR: 无法加载控制器:Login

[ 2016-07-27T11:37:12+08:00 ] ::1 /FZU-VentureService/Admin/index.php/home/login
INFO: [ app_init ] --START--
INFO: Run Behavior\BuildLiteBehavior [ RunTime:0.000018s ]
INFO: [ app_init ] --END-- [ RunTime:0.000402s ]
INFO: [ app_begin ] --START--
INFO: Run Behavior\ReadHtmlCacheBehavior [ RunTime:0.000510s ]
INFO: [ app_begin ] --END-- [ RunTime:0.000579s ]
ERR: 无法加载控制器:Login

[ 2016-07-27T11:37:14+08:00 ] ::1 /FZU-VentureService/Admin/index.php/home/user
INFO: [ app_init ] --START--
INFO: Run Behavior\BuildLiteBehavior [ RunTime:0.000015s ]
INFO: [ app_init ] --END-- [ RunTime:0.000387s ]
INFO: [ app_begin ] --START--
INFO: Run Behavior\ReadHtmlCacheBehavior [ RunTime:0.000470s ]
INFO: [ app_begin ] --END-- [ RunTime:0.000532s ]
SQL: SHOW COLUMNS FROM `vs_user_token` [ RunTime:0.0239s ]
SQL: SELECT * FROM `vs_user_token` WHERE ( token ) LIMIT 1   [ RunTime:0.0234s ]
SQL: SHOW COLUMNS FROM `vs_user` [ RunTime:0.0265s ]
SQL: SELECT `uid`,`username`,`nickname`,`groupid` FROM `vs_user` WHERE `uid` = 8 LIMIT 1   [ RunTime:0.0231s ]
SQL: SHOW COLUMNS FROM `vs_user` [ RunTime:0.0239s ]
SQL: SELECT `uid`,`username`,`name`,`tel`,`email`,`reg_time`,`avatar`,`gender`,`tags`,`groupid`,`status` FROM `vs_user` WHERE ( groupid = '1' )  [ RunTime:0.0234s ]
SQL: SELECT `uid`,`username`,`name`,`tel`,`email`,`reg_time`,`avatar`,`gender`,`tags`,`groupid`,`status` FROM `vs_user` WHERE ( groupid = '2' )  [ RunTime:0.0236s ]
SQL: SELECT `uid`,`username`,`name`,`tel`,`email`,`reg_time`,`avatar`,`gender`,`tags`,`groupid`,`status` FROM `vs_user` WHERE ( groupid = '0' )  [ RunTime:0.0233s ]
SQL: SELECT `uid`,`username`,`name`,`tel`,`email`,`reg_time`,`avatar`,`gender`,`tags`,`groupid`,`status` FROM `vs_user` WHERE ( groupid = '6' )  [ RunTime:0.0231s ]
INFO: [ view_parse ] --START--
INFO: [ template_filter ] --START--
INFO: Run Behavior\ContentReplaceBehavior [ RunTime:0.000072s ]
INFO: [ template_filter ] --END-- [ RunTime:0.000146s ]
INFO: Run Behavior\ParseTemplateBehavior [ RunTime:0.025122s ]
INFO: [ view_parse ] --END-- [ RunTime:0.025222s ]
INFO: [ view_filter ] --START--
INFO: Run Behavior\WriteHtmlCacheBehavior [ RunTime:0.000164s ]
INFO: [ view_filter ] --END-- [ RunTime:0.000221s ]
INFO: [ app_end ] --START--
INFO: Run Behavior\ShowPageTraceBehavior [ RunTime:0.000782s ]
INFO: [ app_end ] --END-- [ RunTime:0.000863s ]

[ 2016-07-27T11:37:14+08:00 ] ::1 /FZU-VentureService/Admin/index.php/home/login
INFO: [ app_init ] --START--
INFO: Run Behavior\BuildLiteBehavior [ RunTime:0.000015s ]
INFO: [ app_init ] --END-- [ RunTime:0.000358s ]
INFO: [ app_begin ] --START--
INFO: Run Behavior\ReadHtmlCacheBehavior [ RunTime:0.000469s ]
INFO: [ app_begin ] --END-- [ RunTime:0.000529s ]
ERR: 无法加载控制器:Login

[ 2016-07-27T11:37:15+08:00 ] ::1 /FZU-VentureService/Admin/index.php/home/login
INFO: [ app_init ] --START--
INFO: Run Behavior\BuildLiteBehavior [ RunTime:0.000018s ]
INFO: [ app_init ] --END-- [ RunTime:0.000372s ]
INFO: [ app_begin ] --START--
INFO: Run Behavior\ReadHtmlCacheBehavior [ RunTime:0.000752s ]
INFO: [ app_begin ] --END-- [ RunTime:0.000817s ]
ERR: 无法加载控制器:Login

[ 2016-07-27T11:37:19+08:00 ] ::1 /FZU-VentureService/Admin/index.php/home/user
INFO: [ app_init ] --START--
INFO: Run Behavior\BuildLiteBehavior [ RunTime:0.000019s ]
INFO: [ app_init ] --END-- [ RunTime:0.000403s ]
INFO: [ app_begin ] --START--
INFO: Run Behavior\ReadHtmlCacheBehavior [ RunTime:0.000521s ]
INFO: [ app_begin ] --END-- [ RunTime:0.000587s ]
SQL: SHOW COLUMNS FROM `vs_user_token` [ RunTime:0.0205s ]
SQL: SELECT * FROM `vs_user_token` WHERE ( token ) LIMIT 1   [ RunTime:0.0186s ]
SQL: SHOW COLUMNS FROM `vs_user` [ RunTime:0.0209s ]
SQL: SELECT `uid`,`username`,`nickname`,`groupid` FROM `vs_user` WHERE `uid` = 8 LIMIT 1   [ RunTime:0.0191s ]
SQL: SHOW COLUMNS FROM `vs_user` [ RunTime:0.0192s ]
SQL: SELECT `uid`,`username`,`name`,`tel`,`email`,`reg_time`,`avatar`,`gender`,`tags`,`groupid`,`status` FROM `vs_user` WHERE ( groupid = '1' )  [ RunTime:0.0187s ]
SQL: SELECT `uid`,`username`,`name`,`tel`,`email`,`reg_time`,`avatar`,`gender`,`tags`,`groupid`,`status` FROM `vs_user` WHERE ( groupid = '2' )  [ RunTime:0.0185s ]
SQL: SELECT `uid`,`username`,`name`,`tel`,`email`,`reg_time`,`avatar`,`gender`,`tags`,`groupid`,`status` FROM `vs_user` WHERE ( groupid = '0' )  [ RunTime:0.2344s ]
SQL: SELECT `uid`,`username`,`name`,`tel`,`email`,`reg_time`,`avatar`,`gender`,`tags`,`groupid`,`status` FROM `vs_user` WHERE ( groupid = '6' )  [ RunTime:0.0191s ]
INFO: [ view_parse ] --START--
INFO: [ template_filter ] --START--
INFO: Run Behavior\ContentReplaceBehavior [ RunTime:0.000072s ]
INFO: [ template_filter ] --END-- [ RunTime:0.000140s ]
INFO: Run Behavior\ParseTemplateBehavior [ RunTime:0.025763s ]
INFO: [ view_parse ] --END-- [ RunTime:0.025872s ]
INFO: [ view_filter ] --START--
INFO: Run Behavior\WriteHtmlCacheBehavior [ RunTime:0.000154s ]
INFO: [ view_filter ] --END-- [ RunTime:0.000209s ]
INFO: [ app_end ] --START--
INFO: Run Behavior\ShowPageTraceBehavior [ RunTime:0.000861s ]
INFO: [ app_end ] --END-- [ RunTime:0.000965s ]

[ 2016-07-27T11:37:20+08:00 ] ::1 /FZU-VentureService/Admin/index.php/home/home/index
INFO: [ app_init ] --START--
INFO: Run Behavior\BuildLiteBehavior [ RunTime:0.000018s ]
INFO: [ app_init ] --END-- [ RunTime:0.000371s ]
INFO: [ app_begin ] --START--
INFO: Run Behavior\ReadHtmlCacheBehavior [ RunTime:0.000480s ]
INFO: [ app_begin ] --END-- [ RunTime:0.000544s ]

[ 2016-07-27T11:37:20+08:00 ] ::1 /FZU-VentureService/Admin/index.php?s=/Home/notice/index.html
INFO: [ app_init ] --START--
INFO: Run Behavior\BuildLiteBehavior [ RunTime:0.000015s ]
INFO: [ app_init ] --END-- [ RunTime:0.000359s ]
INFO: [ app_begin ] --START--
INFO: Run Behavior\ReadHtmlCacheBehavior [ RunTime:0.000468s ]
INFO: [ app_begin ] --END-- [ RunTime:0.000530s ]
SQL: SHOW COLUMNS FROM `vs_user_token` [ RunTime:0.0239s ]
SQL: SELECT * FROM `vs_user_token` WHERE ( token ) LIMIT 1   [ RunTime:0.0237s ]
SQL: SHOW COLUMNS FROM `vs_user` [ RunTime:0.0239s ]
SQL: SELECT `uid`,`username`,`nickname`,`groupid` FROM `vs_user` WHERE `uid` = 8 LIMIT 1   [ RunTime:0.0229s ]
SQL: SHOW COLUMNS FROM `vs_notice` [ RunTime:0.0236s ]
SQL: SELECT * FROM `vs_notice` WHERE `type` = 0  [ RunTime:0.0232s ]
SQL: SELECT * FROM `vs_user` WHERE `uid` = 1 LIMIT 1   [ RunTime:0.0234s ]
SQL: SELECT * FROM `vs_user` WHERE `uid` = 2 LIMIT 1   [ RunTime:0.0234s ]
SQL: SELECT * FROM `vs_notice` WHERE `type` = 1  [ RunTime:0.0234s ]
SQL: SELECT * FROM `vs_user` WHERE `uid` = 6 LIMIT 1   [ RunTime:0.0260s ]
SQL: SELECT * FROM `vs_user` WHERE `uid` = 3 LIMIT 1   [ RunTime:0.0419s ]
SQL: SELECT * FROM `vs_notice` WHERE `type` = 2  [ RunTime:0.0232s ]
SQL: SELECT * FROM `vs_user` WHERE `uid` = 4 LIMIT 1   [ RunTime:0.0235s ]
SQL: SELECT * FROM `vs_user` WHERE `uid` = 1 LIMIT 1   [ RunTime:0.0234s ]
INFO: [ view_parse ] --START--
INFO: [ template_filter ] --START--
INFO: Run Behavior\ContentReplaceBehavior [ RunTime:0.000067s ]
INFO: [ template_filter ] --END-- [ RunTime:0.000144s ]
INFO: Run Behavior\ParseTemplateBehavior [ RunTime:0.018321s ]
INFO: [ view_parse ] --END-- [ RunTime:0.018432s ]
INFO: [ view_filter ] --START--
INFO: Run Behavior\WriteHtmlCacheBehavior [ RunTime:0.000157s ]
INFO: [ view_filter ] --END-- [ RunTime:0.000213s ]
INFO: [ app_end ] --START--
INFO: Run Behavior\ShowPageTraceBehavior [ RunTime:0.000771s ]
INFO: [ app_end ] --END-- [ RunTime:0.000853s ]

[ 2016-07-27T11:37:24+08:00 ] ::1 /FZU-VentureService/Admin/index.php/home/home/login
INFO: [ app_init ] --START--
INFO: Run Behavior\BuildLiteBehavior [ RunTime:0.000019s ]
INFO: [ app_init ] --END-- [ RunTime:0.000404s ]
INFO: [ app_begin ] --START--
INFO: Run Behavior\ReadHtmlCacheBehavior [ RunTime:0.000518s ]
INFO: [ app_begin ] --END-- [ RunTime:0.000586s ]
SQL: SHOW COLUMNS FROM `vs_user` [ RunTime:0.0347s ]
SQL: SHOW COLUMNS FROM `vs_user` [ RunTime:0.0233s ]
SQL: SELECT `uid`,`username`,`nickname`,`name`,`password`,`userKey`,`groupid` FROM `vs_user` WHERE `username` = '' LIMIT 1   [ RunTime:0.0249s ]
INFO: [ view_parse ] --START--
INFO: [ template_filter ] --START--
INFO: Run Behavior\ContentReplaceBehavior [ RunTime:0.000049s ]
INFO: [ template_filter ] --END-- [ RunTime:0.000123s ]
INFO: Run Behavior\ParseTemplateBehavior [ RunTime:0.006910s ]
INFO: [ view_parse ] --END-- [ RunTime:0.006978s ]
INFO: [ view_filter ] --START--
INFO: Run Behavior\WriteHtmlCacheBehavior [ RunTime:0.000155s ]
INFO: [ view_filter ] --END-- [ RunTime:0.000214s ]

[ 2016-07-27T11:37:27+08:00 ] ::1 /FZU-VentureService/Admin/index.php/home/home/logout
INFO: [ app_init ] --START--
INFO: Run Behavior\BuildLiteBehavior [ RunTime:0.000016s ]
INFO: [ app_init ] --END-- [ RunTime:0.000366s ]
INFO: [ app_begin ] --START--
INFO: Run Behavior\ReadHtmlCacheBehavior [ RunTime:0.000469s ]
INFO: [ app_begin ] --END-- [ RunTime:0.000529s ]
INFO: [ view_parse ] --START--
INFO: [ template_filter ] --START--
INFO: Run Behavior\ContentReplaceBehavior [ RunTime:0.000052s ]
INFO: [ template_filter ] --END-- [ RunTime:0.000136s ]
INFO: Run Behavior\ParseTemplateBehavior [ RunTime:0.007383s ]
INFO: [ view_parse ] --END-- [ RunTime:0.007446s ]
INFO: [ view_filter ] --START--
INFO: Run Behavior\WriteHtmlCacheBehavior [ RunTime:0.000189s ]
INFO: [ view_filter ] --END-- [ RunTime:0.000247s ]
INFO: [ app_end ] --START--
INFO: Run Behavior\ShowPageTraceBehavior [ RunTime:0.000886s ]
INFO: [ app_end ] --END-- [ RunTime:0.000952s ]

[ 2016-07-27T11:37:28+08:00 ] ::1 /FZU-VentureService/Admin/index.php/home/home/index
INFO: [ app_init ] --START--
INFO: Run Behavior\BuildLiteBehavior [ RunTime:0.000015s ]
INFO: [ app_init ] --END-- [ RunTime:0.000364s ]
INFO: [ app_begin ] --START--
INFO: Run Behavior\ReadHtmlCacheBehavior [ RunTime:0.000471s ]
INFO: [ app_begin ] --END-- [ RunTime:0.000534s ]
INFO: [ view_parse ] --START--
INFO: [ template_filter ] --START--
INFO: Run Behavior\ContentReplaceBehavior [ RunTime:0.000050s ]
INFO: [ template_filter ] --END-- [ RunTime:0.000128s ]
INFO: Run Behavior\ParseTemplateBehavior [ RunTime:0.007770s ]
INFO: [ view_parse ] --END-- [ RunTime:0.007832s ]
INFO: [ view_filter ] --START--
INFO: Run Behavior\WriteHtmlCacheBehavior [ RunTime:0.000148s ]
INFO: [ view_filter ] --END-- [ RunTime:0.000203s ]
INFO: [ app_end ] --START--
INFO: Run Behavior\ShowPageTraceBehavior [ RunTime:0.000511s ]
INFO: [ app_end ] --END-- [ RunTime:0.000568s ]

[ 2016-07-27T11:37:34+08:00 ] ::1 /FZU-VentureService/Admin/index.php/Home/home/login
INFO: [ app_init ] --START--
INFO: Run Behavior\BuildLiteBehavior [ RunTime:0.000015s ]
INFO: [ app_init ] --END-- [ RunTime:0.000365s ]
INFO: [ app_begin ] --START--
INFO: Run Behavior\ReadHtmlCacheBehavior [ RunTime:0.000463s ]
INFO: [ app_begin ] --END-- [ RunTime:0.000526s ]
SQL: SHOW COLUMNS FROM `vs_user` [ RunTime:0.0242s ]
SQL: SHOW COLUMNS FROM `vs_user` [ RunTime:0.0237s ]
SQL: SELECT `uid`,`username`,`nickname`,`name`,`password`,`userKey`,`groupid` FROM `vs_user` WHERE `username` = '147258' LIMIT 1   [ RunTime:0.0232s ]
SQL: UPDATE `vs_user` SET `log_time`='1469590654' WHERE `username` = '147258' [ RunTime:0.0247s ]
SQL: SHOW COLUMNS FROM `vs_user_token` [ RunTime:0.0236s ]
SQL: INSERT INTO `vs_user_token` (`uid`,`groupid`,`token`,`token_expire`,`addtime`) VALUES ('10','6','3cd59646d6a34c8d71cdf37bf51f8a61','1477366654','1469590654') [ RunTime:0.0228s ]
SQL: DELETE FROM `vs_user_token` WHERE ( token_expire < 1469590654 ) [ RunTime:0.0231s ]
INFO: [ view_parse ] --START--
INFO: [ template_filter ] --START--
INFO: Run Behavior\ContentReplaceBehavior [ RunTime:0.000046s ]
INFO: [ template_filter ] --END-- [ RunTime:0.000111s ]
INFO: Run Behavior\ParseTemplateBehavior [ RunTime:0.008436s ]
INFO: [ view_parse ] --END-- [ RunTime:0.008535s ]
INFO: [ view_filter ] --START--
INFO: Run Behavior\WriteHtmlCacheBehavior [ RunTime:0.000142s ]
INFO: [ view_filter ] --END-- [ RunTime:0.000195s ]
INFO: [ app_end ] --START--
INFO: Run Behavior\ShowPageTraceBehavior [ RunTime:0.001006s ]
INFO: [ app_end ] --END-- [ RunTime:0.001106s ]

[ 2016-07-27T11:37:35+08:00 ] ::1 /FZU-VentureService/Admin/index.php?s=/Home/Notice/index.html
INFO: [ app_init ] --START--
INFO: Run Behavior\BuildLiteBehavior [ RunTime:0.000016s ]
INFO: [ app_init ] --END-- [ RunTime:0.000369s ]
INFO: [ app_begin ] --START--
INFO: Run Behavior\ReadHtmlCacheBehavior [ RunTime:0.000472s ]
INFO: [ app_begin ] --END-- [ RunTime:0.000534s ]
SQL: SHOW COLUMNS FROM `vs_user_token` [ RunTime:0.0244s ]
SQL: SELECT * FROM `vs_user_token` WHERE ( token ) LIMIT 1   [ RunTime:0.0232s ]
SQL: SHOW COLUMNS FROM `vs_user` [ RunTime:0.0238s ]
SQL: SELECT `uid`,`username`,`nickname`,`groupid` FROM `vs_user` WHERE `uid` = 8 LIMIT 1   [ RunTime:0.0233s ]
SQL: SHOW COLUMNS FROM `vs_notice` [ RunTime:0.0240s ]
SQL: SELECT * FROM `vs_notice` WHERE `type` = 0  [ RunTime:0.0236s ]
SQL: SELECT * FROM `vs_user` WHERE `uid` = 1 LIMIT 1   [ RunTime:0.0235s ]
SQL: SELECT * FROM `vs_user` WHERE `uid` = 2 LIMIT 1   [ RunTime:0.0250s ]
SQL: SELECT * FROM `vs_notice` WHERE `type` = 1  [ RunTime:0.0235s ]
SQL: SELECT * FROM `vs_user` WHERE `uid` = 6 LIMIT 1   [ RunTime:0.0235s ]
SQL: SELECT * FROM `vs_user` WHERE `uid` = 3 LIMIT 1   [ RunTime:0.0235s ]
SQL: SELECT * FROM `vs_notice` WHERE `type` = 2  [ RunTime:0.0230s ]
SQL: SELECT * FROM `vs_user` WHERE `uid` = 4 LIMIT 1   [ RunTime:0.0236s ]
SQL: SELECT * FROM `vs_user` WHERE `uid` = 1 LIMIT 1   [ RunTime:0.0231s ]
INFO: [ view_parse ] --START--
INFO: [ template_filter ] --START--
INFO: Run Behavior\ContentReplaceBehavior [ RunTime:0.000068s ]
INFO: [ template_filter ] --END-- [ RunTime:0.000142s ]
INFO: Run Behavior\ParseTemplateBehavior [ RunTime:0.018258s ]
INFO: [ view_parse ] --END-- [ RunTime:0.018367s ]
INFO: [ view_filter ] --START--
INFO: Run Behavior\WriteHtmlCacheBehavior [ RunTime:0.000157s ]
INFO: [ view_filter ] --END-- [ RunTime:0.000214s ]
INFO: [ app_end ] --START--
INFO: Run Behavior\ShowPageTraceBehavior [ RunTime:0.000792s ]
INFO: [ app_end ] --END-- [ RunTime:0.000868s ]

[ 2016-07-27T11:37:48+08:00 ] ::1 /FZU-VentureService/Admin/index.php/home/user
INFO: [ app_init ] --START--
INFO: Run Behavior\BuildLiteBehavior [ RunTime:0.000017s ]
INFO: [ app_init ] --END-- [ RunTime:0.000375s ]
INFO: [ app_begin ] --START--
INFO: Run Behavior\ReadHtmlCacheBehavior [ RunTime:0.000472s ]
INFO: [ app_begin ] --END-- [ RunTime:0.000535s ]
SQL: SHOW COLUMNS FROM `vs_user_token` [ RunTime:0.0203s ]
SQL: SELECT * FROM `vs_user_token` WHERE ( token ) LIMIT 1   [ RunTime:0.0193s ]
SQL: SHOW COLUMNS FROM `vs_user` [ RunTime:0.0197s ]
SQL: SELECT `uid`,`username`,`nickname`,`groupid` FROM `vs_user` WHERE `uid` = 8 LIMIT 1   [ RunTime:0.0193s ]
SQL: SHOW COLUMNS FROM `vs_user` [ RunTime:0.0199s ]
SQL: SELECT `uid`,`username`,`name`,`tel`,`email`,`reg_time`,`avatar`,`gender`,`tags`,`groupid`,`status` FROM `vs_user` WHERE ( groupid = '1' )  [ RunTime:0.0196s ]
SQL: SELECT `uid`,`username`,`name`,`tel`,`email`,`reg_time`,`avatar`,`gender`,`tags`,`groupid`,`status` FROM `vs_user` WHERE ( groupid = '2' )  [ RunTime:0.0192s ]
SQL: SELECT `uid`,`username`,`name`,`tel`,`email`,`reg_time`,`avatar`,`gender`,`tags`,`groupid`,`status` FROM `vs_user` WHERE ( groupid = '0' )  [ RunTime:0.0199s ]
SQL: SELECT `uid`,`username`,`name`,`tel`,`email`,`reg_time`,`avatar`,`gender`,`tags`,`groupid`,`status` FROM `vs_user` WHERE ( groupid = '6' )  [ RunTime:0.0191s ]
INFO: [ view_parse ] --START--
INFO: [ template_filter ] --START--
INFO: Run Behavior\ContentReplaceBehavior [ RunTime:0.000074s ]
INFO: [ template_filter ] --END-- [ RunTime:0.000153s ]
INFO: Run Behavior\ParseTemplateBehavior [ RunTime:0.028399s ]
INFO: [ view_parse ] --END-- [ RunTime:0.028561s ]
INFO: [ view_filter ] --START--
INFO: Run Behavior\WriteHtmlCacheBehavior [ RunTime:0.000302s ]
INFO: [ view_filter ] --END-- [ RunTime:0.000413s ]
INFO: [ app_end ] --START--
INFO: Run Behavior\ShowPageTraceBehavior [ RunTime:0.000843s ]
INFO: [ app_end ] --END-- [ RunTime:0.000964s ]

[ 2016-07-27T11:37:50+08:00 ] ::1 /FZU-VentureService/Admin/index.php/home/notice
INFO: [ app_init ] --START--
INFO: Run Behavior\BuildLiteBehavior [ RunTime:0.000016s ]
INFO: [ app_init ] --END-- [ RunTime:0.000368s ]
INFO: [ app_begin ] --START--
INFO: Run Behavior\ReadHtmlCacheBehavior [ RunTime:0.000473s ]
INFO: [ app_begin ] --END-- [ RunTime:0.000535s ]
SQL: SHOW COLUMNS FROM `vs_user_token` [ RunTime:0.0239s ]
SQL: SELECT * FROM `vs_user_token` WHERE ( token ) LIMIT 1   [ RunTime:0.0243s ]
SQL: SHOW COLUMNS FROM `vs_user` [ RunTime:0.0243s ]
SQL: SELECT `uid`,`username`,`nickname`,`groupid` FROM `vs_user` WHERE `uid` = 8 LIMIT 1   [ RunTime:0.0231s ]
SQL: SHOW COLUMNS FROM `vs_notice` [ RunTime:0.0264s ]
SQL: SELECT * FROM `vs_notice` WHERE `type` = 0  [ RunTime:0.0344s ]
SQL: SELECT * FROM `vs_user` WHERE `uid` = 1 LIMIT 1   [ RunTime:0.0338s ]
SQL: SELECT * FROM `vs_user` WHERE `uid` = 2 LIMIT 1   [ RunTime:0.0230s ]
SQL: SELECT * FROM `vs_notice` WHERE `type` = 1  [ RunTime:0.0232s ]
SQL: SELECT * FROM `vs_user` WHERE `uid` = 6 LIMIT 1   [ RunTime:0.0232s ]
SQL: SELECT * FROM `vs_user` WHERE `uid` = 3 LIMIT 1   [ RunTime:0.0238s ]
SQL: SELECT * FROM `vs_notice` WHERE `type` = 2  [ RunTime:0.0232s ]
SQL: SELECT * FROM `vs_user` WHERE `uid` = 4 LIMIT 1   [ RunTime:0.0232s ]
SQL: SELECT * FROM `vs_user` WHERE `uid` = 1 LIMIT 1   [ RunTime:0.0233s ]
INFO: [ view_parse ] --START--
INFO: [ template_filter ] --START--
INFO: Run Behavior\ContentReplaceBehavior [ RunTime:0.000067s ]
INFO: [ template_filter ] --END-- [ RunTime:0.000148s ]
INFO: Run Behavior\ParseTemplateBehavior [ RunTime:0.020622s ]
INFO: [ view_parse ] --END-- [ RunTime:0.020745s ]
INFO: [ view_filter ] --START--
INFO: Run Behavior\WriteHtmlCacheBehavior [ RunTime:0.000169s ]
INFO: [ view_filter ] --END-- [ RunTime:0.000227s ]
INFO: [ app_end ] --START--
INFO: Run Behavior\ShowPageTraceBehavior [ RunTime:0.001381s ]
INFO: [ app_end ] --END-- [ RunTime:0.001560s ]

[ 2016-07-27T11:37:50+08:00 ] ::1 /FZU-VentureService/Admin/index.php/home/user
INFO: [ app_init ] --START--
INFO: Run Behavior\BuildLiteBehavior [ RunTime:0.000017s ]
INFO: [ app_init ] --END-- [ RunTime:0.000634s ]
INFO: [ app_begin ] --START--
INFO: Run Behavior\ReadHtmlCacheBehavior [ RunTime:0.000480s ]
INFO: [ app_begin ] --END-- [ RunTime:0.000540s ]
SQL: SHOW COLUMNS FROM `vs_user_token` [ RunTime:0.0203s ]
SQL: SELECT * FROM `vs_user_token` WHERE ( token ) LIMIT 1   [ RunTime:0.0196s ]
SQL: SHOW COLUMNS FROM `vs_user` [ RunTime:0.0217s ]
SQL: SELECT `uid`,`username`,`nickname`,`groupid` FROM `vs_user` WHERE `uid` = 8 LIMIT 1   [ RunTime:0.0191s ]
SQL: SHOW COLUMNS FROM `vs_user` [ RunTime:0.0202s ]
SQL: SELECT `uid`,`username`,`name`,`tel`,`email`,`reg_time`,`avatar`,`gender`,`tags`,`groupid`,`status` FROM `vs_user` WHERE ( groupid = '1' )  [ RunTime:0.0194s ]
SQL: SELECT `uid`,`username`,`name`,`tel`,`email`,`reg_time`,`avatar`,`gender`,`tags`,`groupid`,`status` FROM `vs_user` WHERE ( groupid = '2' )  [ RunTime:0.0193s ]
SQL: SELECT `uid`,`username`,`name`,`tel`,`email`,`reg_time`,`avatar`,`gender`,`tags`,`groupid`,`status` FROM `vs_user` WHERE ( groupid = '0' )  [ RunTime:0.0196s ]
SQL: SELECT `uid`,`username`,`name`,`tel`,`email`,`reg_time`,`avatar`,`gender`,`tags`,`groupid`,`status` FROM `vs_user` WHERE ( groupid = '6' )  [ RunTime:0.0192s ]
INFO: [ view_parse ] --START--
INFO: [ template_filter ] --START--
INFO: Run Behavior\ContentReplaceBehavior [ RunTime:0.000087s ]
INFO: [ template_filter ] --END-- [ RunTime:0.000193s ]
INFO: Run Behavior\ParseTemplateBehavior [ RunTime:0.027060s ]
INFO: [ view_parse ] --END-- [ RunTime:0.027188s ]
INFO: [ view_filter ] --START--
INFO: Run Behavior\WriteHtmlCacheBehavior [ RunTime:0.000169s ]
INFO: [ view_filter ] --END-- [ RunTime:0.000227s ]
INFO: [ app_end ] --START--
INFO: Run Behavior\ShowPageTraceBehavior [ RunTime:0.000814s ]
INFO: [ app_end ] --END-- [ RunTime:0.000901s ]

[ 2016-07-27T11:38:00+08:00 ] ::1 /FZU-VentureService/Admin/index.php/home/notice
INFO: [ app_init ] --START--
INFO: Run Behavior\BuildLiteBehavior [ RunTime:0.000019s ]
INFO: [ app_init ] --END-- [ RunTime:0.000409s ]
INFO: [ app_begin ] --START--
INFO: Run Behavior\ReadHtmlCacheBehavior [ RunTime:0.000726s ]
INFO: [ app_begin ] --END-- [ RunTime:0.000813s ]
SQL: SHOW COLUMNS FROM `vs_user_token` [ RunTime:0.0248s ]
SQL: SELECT * FROM `vs_user_token` WHERE ( token ) LIMIT 1   [ RunTime:0.0253s ]
SQL: SHOW COLUMNS FROM `vs_user` [ RunTime:0.0281s ]
SQL: SELECT `uid`,`username`,`nickname`,`groupid` FROM `vs_user` WHERE `uid` = 8 LIMIT 1   [ RunTime:0.0231s ]
SQL: SHOW COLUMNS FROM `vs_notice` [ RunTime:0.0239s ]
SQL: SELECT * FROM `vs_notice` WHERE `type` = 0  [ RunTime:0.0231s ]
SQL: SELECT * FROM `vs_user` WHERE `uid` = 1 LIMIT 1   [ RunTime:0.0231s ]
SQL: SELECT * FROM `vs_user` WHERE `uid` = 2 LIMIT 1   [ RunTime:0.0235s ]
SQL: SELECT * FROM `vs_notice` WHERE `type` = 1  [ RunTime:0.0229s ]
SQL: SELECT * FROM `vs_user` WHERE `uid` = 6 LIMIT 1   [ RunTime:0.0347s ]
SQL: SELECT * FROM `vs_user` WHERE `uid` = 3 LIMIT 1   [ RunTime:0.0233s ]
SQL: SELECT * FROM `vs_notice` WHERE `type` = 2  [ RunTime:0.0266s ]
SQL: SELECT * FROM `vs_user` WHERE `uid` = 4 LIMIT 1   [ RunTime:0.0431s ]
SQL: SELECT * FROM `vs_user` WHERE `uid` = 1 LIMIT 1   [ RunTime:0.0437s ]
INFO: [ view_parse ] --START--
INFO: [ template_filter ] --START--
INFO: Run Behavior\ContentReplaceBehavior [ RunTime:0.000068s ]
INFO: [ template_filter ] --END-- [ RunTime:0.000147s ]
INFO: Run Behavior\ParseTemplateBehavior [ RunTime:0.020513s ]
INFO: [ view_parse ] --END-- [ RunTime:0.020627s ]
INFO: [ view_filter ] --START--
INFO: Run Behavior\WriteHtmlCacheBehavior [ RunTime:0.000176s ]
INFO: [ view_filter ] --END-- [ RunTime:0.000238s ]
INFO: [ app_end ] --START--
INFO: Run Behavior\ShowPageTraceBehavior [ RunTime:0.000883s ]
INFO: [ app_end ] --END-- [ RunTime:0.001063s ]

[ 2016-07-27T11:38:11+08:00 ] ::1 /FZU-VentureService/Admin/index.php/home/class
INFO: [ app_init ] --START--
INFO: Run Behavior\BuildLiteBehavior [ RunTime:0.000016s ]
INFO: [ app_init ] --END-- [ RunTime:0.000387s ]
INFO: [ app_begin ] --START--
INFO: Run Behavior\ReadHtmlCacheBehavior [ RunTime:0.000597s ]
INFO: [ app_begin ] --END-- [ RunTime:0.000678s ]
SQL: SHOW COLUMNS FROM `vs_user_token` [ RunTime:0.0242s ]
SQL: SELECT * FROM `vs_user_token` WHERE ( token ) LIMIT 1   [ RunTime:0.0302s ]
SQL: SHOW COLUMNS FROM `vs_user` [ RunTime:0.0272s ]
SQL: SELECT `uid`,`username`,`nickname`,`groupid` FROM `vs_user` WHERE `uid` = 8 LIMIT 1   [ RunTime:0.0235s ]
INFO: [ view_parse ] --START--
INFO: [ template_filter ] --START--
INFO: Run Behavior\ContentReplaceBehavior [ RunTime:0.000161s ]
INFO: [ template_filter ] --END-- [ RunTime:0.000328s ]
INFO: Run Behavior\ParseTemplateBehavior [ RunTime:0.012064s ]
INFO: [ view_parse ] --END-- [ RunTime:0.012199s ]
INFO: [ view_filter ] --START--
INFO: Run Behavior\WriteHtmlCacheBehavior [ RunTime:0.000184s ]
INFO: [ view_filter ] --END-- [ RunTime:0.000245s ]
INFO: [ app_end ] --START--
INFO: Run Behavior\ShowPageTraceBehavior [ RunTime:0.000527s ]
INFO: [ app_end ] --END-- [ RunTime:0.000584s ]

[ 2016-07-27T11:38:12+08:00 ] ::1 /FZU-VentureService/Admin/index.php/home/field
INFO: [ app_init ] --START--
INFO: Run Behavior\BuildLiteBehavior [ RunTime:0.000019s ]
INFO: [ app_init ] --END-- [ RunTime:0.000459s ]
INFO: [ app_begin ] --START--
INFO: Run Behavior\ReadHtmlCacheBehavior [ RunTime:0.000508s ]
INFO: [ app_begin ] --END-- [ RunTime:0.000580s ]
SQL: SHOW COLUMNS FROM `vs_user_token` [ RunTime:0.0202s ]
SQL: SELECT * FROM `vs_user_token` WHERE ( token ) LIMIT 1   [ RunTime:0.0193s ]
SQL: SHOW COLUMNS FROM `vs_user` [ RunTime:0.0199s ]
SQL: SELECT `uid`,`username`,`nickname`,`groupid` FROM `vs_user` WHERE `uid` = 8 LIMIT 1   [ RunTime:0.0189s ]
SQL: SHOW COLUMNS FROM `vs_field_apply` [ RunTime:0.0201s ]
SQL: SELECT * FROM `vs_field_apply` WHERE ( status = 0 )  [ RunTime:0.0194s ]
SQL: SHOW COLUMNS FROM `vs_fields` [ RunTime:0.0199s ]
SQL: SELECT `name` FROM `vs_fields` WHERE `fid` = 1 LIMIT 1   [ RunTime:0.0189s ]
SQL: SELECT `name`,`tel`,`email` FROM `vs_user` WHERE `uid` = 10 LIMIT 1   [ RunTime:0.0195s ]
INFO: [ view_parse ] --START--
INFO: [ template_filter ] --START--
INFO: Run Behavior\ContentReplaceBehavior [ RunTime:0.000118s ]
INFO: [ template_filter ] --END-- [ RunTime:0.000283s ]
INFO: Run Behavior\ParseTemplateBehavior [ RunTime:0.019829s ]
INFO: [ view_parse ] --END-- [ RunTime:0.019947s ]
INFO: [ view_filter ] --START--
INFO: Run Behavior\WriteHtmlCacheBehavior [ RunTime:0.000331s ]
INFO: [ view_filter ] --END-- [ RunTime:0.000426s ]
INFO: [ app_end ] --START--
INFO: Run Behavior\ShowPageTraceBehavior [ RunTime:0.000970s ]
INFO: [ app_end ] --END-- [ RunTime:0.001084s ]

