[ 2016-09-08T21:29:33+08:00 ] ::1 /FZU-VentureService/Admin/
INFO: [ app_init ] --START--
INFO: Run Behavior\BuildLiteBehavior [ RunTime:0.000023s ]
INFO: [ app_init ] --END-- [ RunTime:0.000492s ]
INFO: [ app_begin ] --START--
INFO: Run Behavior\ReadHtmlCacheBehavior [ RunTime:0.001120s ]
INFO: [ app_begin ] --END-- [ RunTime:0.001248s ]
INFO: [ view_parse ] --START--
INFO: [ template_filter ] --START--
INFO: Run Behavior\ContentReplaceBehavior [ RunTime:0.000431s ]
INFO: [ template_filter ] --END-- [ RunTime:0.000530s ]
INFO: Run Behavior\ParseTemplateBehavior [ RunTime:0.021262s ]
INFO: [ view_parse ] --END-- [ RunTime:0.021347s ]
INFO: [ view_filter ] --START--
INFO: Run Behavior\WriteHtmlCacheBehavior [ RunTime:0.000455s ]
INFO: [ view_filter ] --END-- [ RunTime:0.000520s ]
INFO: [ app_end ] --START--
INFO: Run Behavior\ShowPageTraceBehavior [ RunTime:0.000935s ]
INFO: [ app_end ] --END-- [ RunTime:0.000999s ]

[ 2016-09-08T21:29:35+08:00 ] ::1 /FZU-VentureService/Admin/index.php/Home/home/login
INFO: [ app_init ] --START--
INFO: Run Behavior\BuildLiteBehavior [ RunTime:0.000024s ]
INFO: [ app_init ] --END-- [ RunTime:0.000573s ]
INFO: [ app_begin ] --START--
INFO: Run Behavior\ReadHtmlCacheBehavior [ RunTime:0.000561s ]
INFO: [ app_begin ] --END-- [ RunTime:0.000637s ]
SQL: SHOW COLUMNS FROM `vs_user` [ RunTime:0.0409s ]
SQL: SHOW COLUMNS FROM `vs_user` [ RunTime:0.0392s ]
SQL: SELECT `uid`,`username`,`nickname`,`name`,`password`,`userKey`,`groupid` FROM `vs_user` WHERE `username` = 'admin' LIMIT 1   [ RunTime:0.0432s ]
SQL: UPDATE `vs_user` SET `log_time`='1473341375' WHERE `username` = 'admin' [ RunTime:0.0428s ]
SQL: SHOW COLUMNS FROM `vs_user_token` [ RunTime:0.0359s ]
SQL: INSERT INTO `vs_user_token` (`uid`,`groupid`,`token`,`token_expire`,`addtime`) VALUES ('2','7','b1f497ac276bf2fd2ae5f468fe170555','1481117375','1473341375') [ RunTime:0.0422s ]
SQL: DELETE FROM `vs_user_token` WHERE ( token_expire < 1473341375 ) [ RunTime:0.0432s ]
INFO: [ view_parse ] --START--
INFO: [ template_filter ] --START--
INFO: Run Behavior\ContentReplaceBehavior [ RunTime:0.000061s ]
INFO: [ template_filter ] --END-- [ RunTime:0.000149s ]
INFO: Run Behavior\ParseTemplateBehavior [ RunTime:0.009866s ]
INFO: [ view_parse ] --END-- [ RunTime:0.009979s ]
INFO: [ view_filter ] --START--
INFO: Run Behavior\WriteHtmlCacheBehavior [ RunTime:0.000149s ]
INFO: [ view_filter ] --END-- [ RunTime:0.000203s ]
INFO: [ app_end ] --START--
INFO: Run Behavior\ShowPageTraceBehavior [ RunTime:0.000564s ]
INFO: [ app_end ] --END-- [ RunTime:0.000624s ]

[ 2016-09-08T21:29:37+08:00 ] ::1 /FZU-VentureService/Admin/index.php/Home/Notice/index
INFO: [ app_init ] --START--
INFO: Run Behavior\BuildLiteBehavior [ RunTime:0.000016s ]
INFO: [ app_init ] --END-- [ RunTime:0.000357s ]
INFO: [ app_begin ] --START--
INFO: Run Behavior\ReadHtmlCacheBehavior [ RunTime:0.000464s ]
INFO: [ app_begin ] --END-- [ RunTime:0.000525s ]
SQL: SHOW COLUMNS FROM `vs_user_token` [ RunTime:0.0555s ]
SQL: SELECT * FROM `vs_user_token` WHERE `token` = 'b1f497ac276bf2fd2ae5f468fe170555' LIMIT 1   [ RunTime:0.0719s ]
SQL: SHOW COLUMNS FROM `vs_user` [ RunTime:0.0455s ]
SQL: SELECT `uid`,`username`,`nickname`,`name`,`groupid` FROM `vs_user` WHERE `uid` = 2 LIMIT 1   [ RunTime:0.0413s ]
SQL: SHOW COLUMNS FROM `vs_notice` [ RunTime:0.0419s ]
SQL: SELECT * FROM `vs_notice` WHERE `type` = 0  [ RunTime:0.0431s ]
SQL: SHOW COLUMNS FROM `vs_notice` [ RunTime:0.0449s ]
SQL: SELECT * FROM `vs_notice` WHERE `type` = 0 LIMIT 0,8   [ RunTime:0.0439s ]
SQL: SELECT `username`,`name` FROM `vs_user` WHERE `uid` = 2 LIMIT 1   [ RunTime:0.0440s ]
SQL: SELECT `username`,`name` FROM `vs_user` WHERE `uid` = 2 LIMIT 1   [ RunTime:0.0429s ]
SQL: SELECT `username`,`name` FROM `vs_user` WHERE `uid` = 16 LIMIT 1   [ RunTime:0.0426s ]
SQL: SELECT `username`,`name` FROM `vs_user` WHERE `uid` = 2 LIMIT 1   [ RunTime:0.0417s ]
SQL: SELECT `username`,`name` FROM `vs_user` WHERE `uid` = 16 LIMIT 1   [ RunTime:0.0405s ]
NOTIC: [8] Undefined variable: pageSize /Applications/MAMP/htdocs/FZU-VentureService/Admin/apps/Home/Controller/NoticeController.class.php 第 24 行.
INFO: [ view_parse ] --START--
INFO: [ template_filter ] --START--
INFO: Run Behavior\ContentReplaceBehavior [ RunTime:0.000087s ]
INFO: [ template_filter ] --END-- [ RunTime:0.000163s ]
INFO: Run Behavior\ParseTemplateBehavior [ RunTime:0.025019s ]
INFO: [ view_parse ] --END-- [ RunTime:0.025150s ]
INFO: [ view_filter ] --START--
INFO: Run Behavior\WriteHtmlCacheBehavior [ RunTime:0.000184s ]
INFO: [ view_filter ] --END-- [ RunTime:0.000240s ]
INFO: [ app_end ] --START--
INFO: Run Behavior\ShowPageTraceBehavior [ RunTime:0.000802s ]
INFO: [ app_end ] --END-- [ RunTime:0.000894s ]

[ 2016-09-08T21:29:41+08:00 ] ::1 /FZU-VentureService/Admin/index.php/home/notice/modify/index/124
INFO: [ app_init ] --START--
INFO: Run Behavior\BuildLiteBehavior [ RunTime:0.000022s ]
INFO: [ app_init ] --END-- [ RunTime:0.000489s ]
INFO: [ app_begin ] --START--
INFO: Run Behavior\ReadHtmlCacheBehavior [ RunTime:0.000521s ]
INFO: [ app_begin ] --END-- [ RunTime:0.000590s ]
SQL: SHOW COLUMNS FROM `vs_user_token` [ RunTime:0.0471s ]
SQL: SELECT * FROM `vs_user_token` WHERE `token` = 'b1f497ac276bf2fd2ae5f468fe170555' LIMIT 1   [ RunTime:0.0410s ]
SQL: SHOW COLUMNS FROM `vs_user` [ RunTime:0.0466s ]
SQL: SELECT `uid`,`username`,`nickname`,`name`,`groupid` FROM `vs_user` WHERE `uid` = 2 LIMIT 1   [ RunTime:0.0399s ]
SQL: SHOW COLUMNS FROM `vs_notice` [ RunTime:0.0887s ]
SQL: SELECT * FROM `vs_notice` WHERE `nid` = 124 LIMIT 1   [ RunTime:0.0427s ]
INFO: [ view_parse ] --START--
INFO: [ template_filter ] --START--
INFO: Run Behavior\ContentReplaceBehavior [ RunTime:0.000107s ]
INFO: [ template_filter ] --END-- [ RunTime:0.000186s ]
INFO: Run Behavior\ParseTemplateBehavior [ RunTime:0.017001s ]
INFO: [ view_parse ] --END-- [ RunTime:0.017160s ]
INFO: [ view_filter ] --START--
INFO: Run Behavior\WriteHtmlCacheBehavior [ RunTime:0.000203s ]
INFO: [ view_filter ] --END-- [ RunTime:0.000262s ]
INFO: [ app_end ] --START--
INFO: Run Behavior\ShowPageTraceBehavior [ RunTime:0.000833s ]
INFO: [ app_end ] --END-- [ RunTime:0.000902s ]

[ 2016-09-08T21:31:28+08:00 ] ::1 /FZU-VentureService/Admin/index.php/home/notice/index
INFO: [ app_init ] --START--
INFO: Run Behavior\BuildLiteBehavior [ RunTime:0.000017s ]
INFO: [ app_init ] --END-- [ RunTime:0.000392s ]
INFO: [ app_begin ] --START--
INFO: Run Behavior\ReadHtmlCacheBehavior [ RunTime:0.000563s ]
INFO: [ app_begin ] --END-- [ RunTime:0.000639s ]
SQL: SHOW COLUMNS FROM `vs_user_token` [ RunTime:0.0407s ]
SQL: SELECT * FROM `vs_user_token` WHERE `token` = 'b1f497ac276bf2fd2ae5f468fe170555' LIMIT 1   [ RunTime:0.0668s ]
SQL: SHOW COLUMNS FROM `vs_user` [ RunTime:0.0401s ]
SQL: SELECT `uid`,`username`,`nickname`,`name`,`groupid` FROM `vs_user` WHERE `uid` = 2 LIMIT 1   [ RunTime:0.0446s ]
SQL: SHOW COLUMNS FROM `vs_notice` [ RunTime:0.0424s ]
SQL: SELECT * FROM `vs_notice` WHERE `type` = 0  [ RunTime:0.0461s ]
SQL: SHOW COLUMNS FROM `vs_notice` [ RunTime:0.0417s ]
SQL: SELECT * FROM `vs_notice` WHERE `type` = 0 LIMIT 0,8   [ RunTime:0.0401s ]
SQL: SELECT `username`,`name` FROM `vs_user` WHERE `uid` = 2 LIMIT 1   [ RunTime:0.0428s ]
SQL: SELECT `username`,`name` FROM `vs_user` WHERE `uid` = 2 LIMIT 1   [ RunTime:0.0420s ]
SQL: SELECT `username`,`name` FROM `vs_user` WHERE `uid` = 16 LIMIT 1   [ RunTime:0.0437s ]
SQL: SELECT `username`,`name` FROM `vs_user` WHERE `uid` = 2 LIMIT 1   [ RunTime:0.0430s ]
SQL: SELECT `username`,`name` FROM `vs_user` WHERE `uid` = 16 LIMIT 1   [ RunTime:0.0448s ]
NOTIC: [8] Undefined variable: pageSize /Applications/MAMP/htdocs/FZU-VentureService/Admin/apps/Home/Controller/NoticeController.class.php 第 24 行.
INFO: [ view_parse ] --START--
INFO: [ template_filter ] --START--
INFO: Run Behavior\ContentReplaceBehavior [ RunTime:0.000106s ]
INFO: [ template_filter ] --END-- [ RunTime:0.000181s ]
INFO: Run Behavior\ParseTemplateBehavior [ RunTime:0.020606s ]
INFO: [ view_parse ] --END-- [ RunTime:0.020728s ]
INFO: [ view_filter ] --START--
INFO: Run Behavior\WriteHtmlCacheBehavior [ RunTime:0.000162s ]
INFO: [ view_filter ] --END-- [ RunTime:0.000218s ]
INFO: [ app_end ] --START--
INFO: Run Behavior\ShowPageTraceBehavior [ RunTime:0.000854s ]
INFO: [ app_end ] --END-- [ RunTime:0.000956s ]

[ 2016-09-08T21:33:54+08:00 ] ::1 /FZU-VentureService/Admin/index.php/home/user/index
INFO: [ app_init ] --START--
INFO: Run Behavior\BuildLiteBehavior [ RunTime:0.000022s ]
INFO: [ app_init ] --END-- [ RunTime:0.000424s ]
INFO: [ app_begin ] --START--
INFO: Run Behavior\ReadHtmlCacheBehavior [ RunTime:0.000563s ]
INFO: [ app_begin ] --END-- [ RunTime:0.000628s ]
SQL: SHOW COLUMNS FROM `vs_user_token` [ RunTime:0.0477s ]
SQL: SELECT * FROM `vs_user_token` WHERE `token` = 'b1f497ac276bf2fd2ae5f468fe170555' LIMIT 1   [ RunTime:0.0429s ]
SQL: SHOW COLUMNS FROM `vs_user` [ RunTime:0.0474s ]
SQL: SELECT `uid`,`username`,`nickname`,`name`,`groupid` FROM `vs_user` WHERE `uid` = 2 LIMIT 1   [ RunTime:0.0443s ]
SQL: SHOW COLUMNS FROM `vs_powerlevels` [ RunTime:0.0556s ]
SQL: SELECT * FROM `vs_powerlevels` WHERE `level7` = 1  [ RunTime:0.0459s ]
SQL: SELECT * FROM `vs_user` WHERE `status` = 0 AND `groupid` = 1  [ RunTime:0.0455s ]
SQL: SELECT `uid`,`username`,`nickname`,`name`,`gender`,`tel`,`email`,`status`,`reg_time`,`log_time`,`groupid`,`tags`,`avatar` FROM `vs_user` WHERE `status` = 0 AND `groupid` = 1 LIMIT 0,8   [ RunTime:0.0529s ]
INFO: [ view_parse ] --START--
INFO: [ template_filter ] --START--
INFO: Run Behavior\ContentReplaceBehavior [ RunTime:0.000114s ]
INFO: [ template_filter ] --END-- [ RunTime:0.000197s ]
INFO: Run Behavior\ParseTemplateBehavior [ RunTime:0.024620s ]
INFO: [ view_parse ] --END-- [ RunTime:0.024730s ]
INFO: [ view_filter ] --START--
INFO: Run Behavior\WriteHtmlCacheBehavior [ RunTime:0.000166s ]
INFO: [ view_filter ] --END-- [ RunTime:0.000220s ]
INFO: [ app_end ] --START--
INFO: Run Behavior\ShowPageTraceBehavior [ RunTime:0.000544s ]
INFO: [ app_end ] --END-- [ RunTime:0.000601s ]

[ 2016-09-08T21:33:57+08:00 ] ::1 /FZU-VentureService/Admin/index.php/home/project/index
INFO: [ app_init ] --START--
INFO: Run Behavior\BuildLiteBehavior [ RunTime:0.000018s ]
INFO: [ app_init ] --END-- [ RunTime:0.000377s ]
INFO: [ app_begin ] --START--
INFO: Run Behavior\ReadHtmlCacheBehavior [ RunTime:0.000475s ]
INFO: [ app_begin ] --END-- [ RunTime:0.000535s ]
SQL: SHOW COLUMNS FROM `vs_user_token` [ RunTime:0.0448s ]
SQL: SELECT * FROM `vs_user_token` WHERE `token` = 'b1f497ac276bf2fd2ae5f468fe170555' LIMIT 1   [ RunTime:0.0447s ]
SQL: SHOW COLUMNS FROM `vs_user` [ RunTime:0.0479s ]
SQL: SELECT `uid`,`username`,`nickname`,`name`,`groupid` FROM `vs_user` WHERE `uid` = 2 LIMIT 1   [ RunTime:0.0510s ]
SQL: SHOW COLUMNS FROM `vs_projects` [ RunTime:0.0463s ]
SQL: SELECT * FROM `vs_projects` WHERE `status` = 0  [ RunTime:0.0930s ]
SQL: SELECT `pid`,`name`,`uid`,`issue_time`,`status` FROM `vs_projects` WHERE `status` = 0 LIMIT 0,8   [ RunTime:0.0513s ]
SQL: SELECT `name`,`tel`,`email` FROM `vs_user` WHERE `uid` = 23 LIMIT 1   [ RunTime:0.0432s ]
SQL: SELECT `name`,`tel`,`email` FROM `vs_user` WHERE `uid` = 23 LIMIT 1   [ RunTime:0.0431s ]
SQL: SELECT `name`,`tel`,`email` FROM `vs_user` WHERE `uid` = 23 LIMIT 1   [ RunTime:0.0437s ]
SQL: SELECT `name`,`tel`,`email` FROM `vs_user` WHERE `uid` = 8 LIMIT 1   [ RunTime:0.0422s ]
SQL: SELECT `name`,`tel`,`email` FROM `vs_user` WHERE `uid` = 8 LIMIT 1   [ RunTime:0.0432s ]
SQL: SELECT `name`,`tel`,`email` FROM `vs_user` WHERE `uid` = 8 LIMIT 1   [ RunTime:0.0432s ]
SQL: SELECT `name`,`tel`,`email` FROM `vs_user` WHERE `uid` = 8 LIMIT 1   [ RunTime:0.0429s ]
SQL: SELECT `name`,`tel`,`email` FROM `vs_user` WHERE `uid` = 8 LIMIT 1   [ RunTime:0.0438s ]
INFO: [ view_parse ] --START--
INFO: [ template_filter ] --START--
INFO: Run Behavior\ContentReplaceBehavior [ RunTime:0.000088s ]
INFO: [ template_filter ] --END-- [ RunTime:0.000167s ]
INFO: Run Behavior\ParseTemplateBehavior [ RunTime:0.020927s ]
INFO: [ view_parse ] --END-- [ RunTime:0.021036s ]
INFO: [ view_filter ] --START--
INFO: Run Behavior\WriteHtmlCacheBehavior [ RunTime:0.000148s ]
INFO: [ view_filter ] --END-- [ RunTime:0.000204s ]
INFO: [ app_end ] --START--
INFO: Run Behavior\ShowPageTraceBehavior [ RunTime:0.000774s ]
INFO: [ app_end ] --END-- [ RunTime:0.000872s ]

[ 2016-09-08T21:33:58+08:00 ] ::1 /FZU-VentureService/Admin/index.php/home/field/index
INFO: [ app_init ] --START--
INFO: Run Behavior\BuildLiteBehavior [ RunTime:0.000018s ]
INFO: [ app_init ] --END-- [ RunTime:0.000412s ]
INFO: [ app_begin ] --START--
INFO: Run Behavior\ReadHtmlCacheBehavior [ RunTime:0.000482s ]
INFO: [ app_begin ] --END-- [ RunTime:0.000542s ]
SQL: SHOW COLUMNS FROM `vs_user_token` [ RunTime:0.0462s ]
SQL: SELECT * FROM `vs_user_token` WHERE `token` = 'b1f497ac276bf2fd2ae5f468fe170555' LIMIT 1   [ RunTime:0.0778s ]
SQL: SHOW COLUMNS FROM `vs_user` [ RunTime:0.0450s ]
SQL: SELECT `uid`,`username`,`nickname`,`name`,`groupid` FROM `vs_user` WHERE `uid` = 2 LIMIT 1   [ RunTime:0.0484s ]
SQL: SHOW COLUMNS FROM `vs_field_apply` [ RunTime:0.0516s ]
SQL: SELECT * FROM `vs_field_apply` WHERE `status` = 0  [ RunTime:0.0446s ]
SQL: SELECT * FROM `vs_field_apply` WHERE `status` = 0 LIMIT 0,8   [ RunTime:0.0520s ]
INFO: [ view_parse ] --START--
INFO: [ template_filter ] --START--
INFO: Run Behavior\ContentReplaceBehavior [ RunTime:0.000084s ]
INFO: [ template_filter ] --END-- [ RunTime:0.000160s ]
INFO: Run Behavior\ParseTemplateBehavior [ RunTime:0.022351s ]
INFO: [ view_parse ] --END-- [ RunTime:0.022460s ]
INFO: [ view_filter ] --START--
INFO: Run Behavior\WriteHtmlCacheBehavior [ RunTime:0.000147s ]
INFO: [ view_filter ] --END-- [ RunTime:0.000202s ]
INFO: [ app_end ] --START--
INFO: Run Behavior\ShowPageTraceBehavior [ RunTime:0.000504s ]
INFO: [ app_end ] --END-- [ RunTime:0.000560s ]

[ 2016-09-08T21:34:01+08:00 ] ::1 /FZU-VentureService/Admin/index.php/home/class/index
INFO: [ app_init ] --START--
INFO: Run Behavior\BuildLiteBehavior [ RunTime:0.000019s ]
INFO: [ app_init ] --END-- [ RunTime:0.000456s ]
INFO: [ app_begin ] --START--
INFO: Run Behavior\ReadHtmlCacheBehavior [ RunTime:0.000479s ]
INFO: [ app_begin ] --END-- [ RunTime:0.000541s ]
SQL: SHOW COLUMNS FROM `vs_user_token` [ RunTime:0.0453s ]
SQL: SELECT * FROM `vs_user_token` WHERE `token` = 'b1f497ac276bf2fd2ae5f468fe170555' LIMIT 1   [ RunTime:0.0408s ]
SQL: SHOW COLUMNS FROM `vs_user` [ RunTime:0.0400s ]
SQL: SELECT `uid`,`username`,`nickname`,`name`,`groupid` FROM `vs_user` WHERE `uid` = 2 LIMIT 1   [ RunTime:0.0425s ]
SQL: SHOW COLUMNS FROM `vs_class_enroll` [ RunTime:0.0438s ]
SQL: SELECT * FROM `vs_class_enroll`  [ RunTime:0.0428s ]
SQL: SELECT * FROM `vs_class_enroll` WHERE `status` = 0 LIMIT 0,8   [ RunTime:0.0444s ]
SQL: SHOW COLUMNS FROM `vs_classes` [ RunTime:0.0400s ]
SQL: SELECT * FROM `vs_classes` WHERE `cid` = 1 LIMIT 1   [ RunTime:0.0431s ]
SQL: SELECT `username`,`name`,`gender`,`tel`,`email`,`reg_time`,`avatar` FROM `vs_user` WHERE `uid` = 10 LIMIT 1   [ RunTime:0.0456s ]
SQL: SELECT * FROM `vs_classes` WHERE `cid` = 1 LIMIT 1   [ RunTime:0.0424s ]
SQL: SELECT `username`,`name`,`gender`,`tel`,`email`,`reg_time`,`avatar` FROM `vs_user` WHERE `uid` = 16 LIMIT 1   [ RunTime:0.0561s ]
SQL: SELECT * FROM `vs_classes` WHERE `cid` = 0 LIMIT 1   [ RunTime:0.0473s ]
SQL: SELECT `username`,`name`,`gender`,`tel`,`email`,`reg_time`,`avatar` FROM `vs_user` WHERE `uid` = 0 LIMIT 1   [ RunTime:0.0432s ]
SQL: SELECT * FROM `vs_classes` WHERE `cid` = 0 LIMIT 1   [ RunTime:0.0420s ]
SQL: SELECT `username`,`name`,`gender`,`tel`,`email`,`reg_time`,`avatar` FROM `vs_user` WHERE `uid` = 0 LIMIT 1   [ RunTime:0.0467s ]
SQL: SELECT * FROM `vs_classes` WHERE `cid` = 0 LIMIT 1   [ RunTime:0.0431s ]
SQL: SELECT `username`,`name`,`gender`,`tel`,`email`,`reg_time`,`avatar` FROM `vs_user` WHERE `uid` = 0 LIMIT 1   [ RunTime:0.0454s ]
SQL: SELECT * FROM `vs_classes` WHERE `cid` = 0 LIMIT 1   [ RunTime:0.0452s ]
SQL: SELECT `username`,`name`,`gender`,`tel`,`email`,`reg_time`,`avatar` FROM `vs_user` WHERE `uid` = 0 LIMIT 1   [ RunTime:0.0477s ]
SQL: SELECT * FROM `vs_classes` WHERE `cid` = 2 LIMIT 1   [ RunTime:0.0403s ]
SQL: SELECT `username`,`name`,`gender`,`tel`,`email`,`reg_time`,`avatar` FROM `vs_user` WHERE `uid` = 123 LIMIT 1   [ RunTime:0.0455s ]
SQL: SELECT * FROM `vs_classes` WHERE `cid` = 2 LIMIT 1   [ RunTime:0.0412s ]
SQL: SELECT `username`,`name`,`gender`,`tel`,`email`,`reg_time`,`avatar` FROM `vs_user` WHERE `uid` = 123 LIMIT 1   [ RunTime:0.0456s ]
INFO: [ view_parse ] --START--
INFO: [ template_filter ] --START--
INFO: Run Behavior\ContentReplaceBehavior [ RunTime:0.000084s ]
INFO: [ template_filter ] --END-- [ RunTime:0.000168s ]
INFO: Run Behavior\ParseTemplateBehavior [ RunTime:0.020451s ]
INFO: [ view_parse ] --END-- [ RunTime:0.020550s ]
INFO: [ view_filter ] --START--
INFO: Run Behavior\WriteHtmlCacheBehavior [ RunTime:0.000159s ]
INFO: [ view_filter ] --END-- [ RunTime:0.000217s ]
INFO: [ app_end ] --START--
INFO: Run Behavior\ShowPageTraceBehavior [ RunTime:0.000874s ]
INFO: [ app_end ] --END-- [ RunTime:0.000965s ]

[ 2016-09-08T21:34:09+08:00 ] ::1 /FZU-VentureService/Admin/index.php/home/project/index/2
INFO: [ app_init ] --START--
INFO: Run Behavior\BuildLiteBehavior [ RunTime:0.000046s ]
INFO: [ app_init ] --END-- [ RunTime:0.001095s ]
INFO: [ app_begin ] --START--
INFO: Run Behavior\ReadHtmlCacheBehavior [ RunTime:0.000540s ]
INFO: [ app_begin ] --END-- [ RunTime:0.000612s ]
SQL: SHOW COLUMNS FROM `vs_user_token` [ RunTime:0.0426s ]
SQL: SELECT * FROM `vs_user_token` WHERE `token` = 'b1f497ac276bf2fd2ae5f468fe170555' LIMIT 1   [ RunTime:0.0438s ]
SQL: SHOW COLUMNS FROM `vs_user` [ RunTime:0.0419s ]
SQL: SELECT `uid`,`username`,`nickname`,`name`,`groupid` FROM `vs_user` WHERE `uid` = 2 LIMIT 1   [ RunTime:0.0452s ]
SQL: SHOW COLUMNS FROM `vs_projects` [ RunTime:0.0417s ]
SQL: SELECT * FROM `vs_projects` WHERE `status` = 0  [ RunTime:0.1256s ]
SQL: SELECT `pid`,`name`,`uid`,`issue_time`,`status` FROM `vs_projects` WHERE `status` = 0 LIMIT 8,8   [ RunTime:0.0416s ]
SQL: SELECT `name`,`tel`,`email` FROM `vs_user` WHERE `uid` = 8 LIMIT 1   [ RunTime:0.0433s ]
SQL: SELECT `name`,`tel`,`email` FROM `vs_user` WHERE `uid` = 8 LIMIT 1   [ RunTime:0.0411s ]
SQL: SELECT `name`,`tel`,`email` FROM `vs_user` WHERE `uid` = 8 LIMIT 1   [ RunTime:0.0421s ]
SQL: SELECT `name`,`tel`,`email` FROM `vs_user` WHERE `uid` = 8 LIMIT 1   [ RunTime:0.0398s ]
SQL: SELECT `name`,`tel`,`email` FROM `vs_user` WHERE `uid` = 8 LIMIT 1   [ RunTime:0.0421s ]
SQL: SELECT `name`,`tel`,`email` FROM `vs_user` WHERE `uid` = 8 LIMIT 1   [ RunTime:0.0434s ]
SQL: SELECT `name`,`tel`,`email` FROM `vs_user` WHERE `uid` = 8 LIMIT 1   [ RunTime:0.0439s ]
SQL: SELECT `name`,`tel`,`email` FROM `vs_user` WHERE `uid` = 8 LIMIT 1   [ RunTime:0.0427s ]
INFO: [ view_parse ] --START--
INFO: [ template_filter ] --START--
INFO: Run Behavior\ContentReplaceBehavior [ RunTime:0.000114s ]
INFO: [ template_filter ] --END-- [ RunTime:0.000189s ]
INFO: Run Behavior\ParseTemplateBehavior [ RunTime:0.019563s ]
INFO: [ view_parse ] --END-- [ RunTime:0.019732s ]
INFO: [ view_filter ] --START--
INFO: Run Behavior\WriteHtmlCacheBehavior [ RunTime:0.000341s ]
INFO: [ view_filter ] --END-- [ RunTime:0.000466s ]
INFO: [ app_end ] --START--
INFO: Run Behavior\ShowPageTraceBehavior [ RunTime:0.000880s ]
INFO: [ app_end ] --END-- [ RunTime:0.001002s ]

[ 2016-09-08T21:34:14+08:00 ] ::1 /FZU-VentureService/Admin/index.php/home/project/index/3
INFO: [ app_init ] --START--
INFO: Run Behavior\BuildLiteBehavior [ RunTime:0.000019s ]
INFO: [ app_init ] --END-- [ RunTime:0.000390s ]
INFO: [ app_begin ] --START--
INFO: Run Behavior\ReadHtmlCacheBehavior [ RunTime:0.000470s ]
INFO: [ app_begin ] --END-- [ RunTime:0.000530s ]
SQL: SHOW COLUMNS FROM `vs_user_token` [ RunTime:0.0511s ]
SQL: SELECT * FROM `vs_user_token` WHERE `token` = 'b1f497ac276bf2fd2ae5f468fe170555' LIMIT 1   [ RunTime:0.0432s ]
SQL: SHOW COLUMNS FROM `vs_user` [ RunTime:0.0474s ]
SQL: SELECT `uid`,`username`,`nickname`,`name`,`groupid` FROM `vs_user` WHERE `uid` = 2 LIMIT 1   [ RunTime:0.0507s ]
SQL: SHOW COLUMNS FROM `vs_projects` [ RunTime:0.0434s ]
SQL: SELECT * FROM `vs_projects` WHERE `status` = 0  [ RunTime:0.0883s ]
SQL: SELECT `pid`,`name`,`uid`,`issue_time`,`status` FROM `vs_projects` WHERE `status` = 0 LIMIT 16,8   [ RunTime:0.0519s ]
SQL: SELECT `name`,`tel`,`email` FROM `vs_user` WHERE `uid` = 8 LIMIT 1   [ RunTime:0.0453s ]
SQL: SELECT `name`,`tel`,`email` FROM `vs_user` WHERE `uid` = 8 LIMIT 1   [ RunTime:0.0436s ]
SQL: SELECT `name`,`tel`,`email` FROM `vs_user` WHERE `uid` = 8 LIMIT 1   [ RunTime:0.0433s ]
SQL: SELECT `name`,`tel`,`email` FROM `vs_user` WHERE `uid` = 8 LIMIT 1   [ RunTime:0.0445s ]
SQL: SELECT `name`,`tel`,`email` FROM `vs_user` WHERE `uid` = 8 LIMIT 1   [ RunTime:0.0521s ]
SQL: SELECT `name`,`tel`,`email` FROM `vs_user` WHERE `uid` = 8 LIMIT 1   [ RunTime:0.0460s ]
SQL: SELECT `name`,`tel`,`email` FROM `vs_user` WHERE `uid` = 8 LIMIT 1   [ RunTime:0.0428s ]
SQL: SELECT `name`,`tel`,`email` FROM `vs_user` WHERE `uid` = 8 LIMIT 1   [ RunTime:0.0439s ]
INFO: [ view_parse ] --START--
INFO: [ template_filter ] --START--
INFO: Run Behavior\ContentReplaceBehavior [ RunTime:0.000079s ]
INFO: [ template_filter ] --END-- [ RunTime:0.000148s ]
INFO: Run Behavior\ParseTemplateBehavior [ RunTime:0.018809s ]
INFO: [ view_parse ] --END-- [ RunTime:0.018918s ]
INFO: [ view_filter ] --START--
INFO: Run Behavior\WriteHtmlCacheBehavior [ RunTime:0.000149s ]
INFO: [ view_filter ] --END-- [ RunTime:0.000205s ]
INFO: [ app_end ] --START--
INFO: Run Behavior\ShowPageTraceBehavior [ RunTime:0.000769s ]
INFO: [ app_end ] --END-- [ RunTime:0.000865s ]

[ 2016-09-08T21:34:16+08:00 ] ::1 /FZU-VentureService/Admin/index.php/home/project/index/4
INFO: [ app_init ] --START--
INFO: Run Behavior\BuildLiteBehavior [ RunTime:0.000015s ]
INFO: [ app_init ] --END-- [ RunTime:0.000352s ]
INFO: [ app_begin ] --START--
INFO: Run Behavior\ReadHtmlCacheBehavior [ RunTime:0.000471s ]
INFO: [ app_begin ] --END-- [ RunTime:0.000533s ]
SQL: SHOW COLUMNS FROM `vs_user_token` [ RunTime:0.0412s ]
SQL: SELECT * FROM `vs_user_token` WHERE `token` = 'b1f497ac276bf2fd2ae5f468fe170555' LIMIT 1   [ RunTime:0.0419s ]
SQL: SHOW COLUMNS FROM `vs_user` [ RunTime:0.0439s ]
SQL: SELECT `uid`,`username`,`nickname`,`name`,`groupid` FROM `vs_user` WHERE `uid` = 2 LIMIT 1   [ RunTime:0.0375s ]
SQL: SHOW COLUMNS FROM `vs_projects` [ RunTime:0.0501s ]
SQL: SELECT * FROM `vs_projects` WHERE `status` = 0  [ RunTime:0.0870s ]
SQL: SELECT `pid`,`name`,`uid`,`issue_time`,`status` FROM `vs_projects` WHERE `status` = 0 LIMIT 24,8   [ RunTime:0.0425s ]
SQL: SELECT `name`,`tel`,`email` FROM `vs_user` WHERE `uid` = 8 LIMIT 1   [ RunTime:0.0573s ]
SQL: SELECT `name`,`tel`,`email` FROM `vs_user` WHERE `uid` = 8 LIMIT 1   [ RunTime:0.0387s ]
SQL: SELECT `name`,`tel`,`email` FROM `vs_user` WHERE `uid` = 8 LIMIT 1   [ RunTime:0.0424s ]
SQL: SELECT `name`,`tel`,`email` FROM `vs_user` WHERE `uid` = 8 LIMIT 1   [ RunTime:0.0463s ]
SQL: SELECT `name`,`tel`,`email` FROM `vs_user` WHERE `uid` = 8 LIMIT 1   [ RunTime:0.0439s ]
SQL: SELECT `name`,`tel`,`email` FROM `vs_user` WHERE `uid` = 8 LIMIT 1   [ RunTime:0.0425s ]
SQL: SELECT `name`,`tel`,`email` FROM `vs_user` WHERE `uid` = 8 LIMIT 1   [ RunTime:0.0430s ]
SQL: SELECT `name`,`tel`,`email` FROM `vs_user` WHERE `uid` = 8 LIMIT 1   [ RunTime:0.0417s ]
INFO: [ view_parse ] --START--
INFO: [ template_filter ] --START--
INFO: Run Behavior\ContentReplaceBehavior [ RunTime:0.000080s ]
INFO: [ template_filter ] --END-- [ RunTime:0.000148s ]
INFO: Run Behavior\ParseTemplateBehavior [ RunTime:0.016775s ]
INFO: [ view_parse ] --END-- [ RunTime:0.016912s ]
INFO: [ view_filter ] --START--
INFO: Run Behavior\WriteHtmlCacheBehavior [ RunTime:0.000150s ]
INFO: [ view_filter ] --END-- [ RunTime:0.000205s ]
INFO: [ app_end ] --START--
INFO: Run Behavior\ShowPageTraceBehavior [ RunTime:0.000806s ]
INFO: [ app_end ] --END-- [ RunTime:0.000899s ]

[ 2016-09-08T21:34:18+08:00 ] ::1 /FZU-VentureService/Admin/index.php/home/project/index/5
INFO: [ app_init ] --START--
INFO: Run Behavior\BuildLiteBehavior [ RunTime:0.000017s ]
INFO: [ app_init ] --END-- [ RunTime:0.000366s ]
INFO: [ app_begin ] --START--
INFO: Run Behavior\ReadHtmlCacheBehavior [ RunTime:0.000467s ]
INFO: [ app_begin ] --END-- [ RunTime:0.000529s ]
SQL: SHOW COLUMNS FROM `vs_user_token` [ RunTime:0.0485s ]
SQL: SELECT * FROM `vs_user_token` WHERE `token` = 'b1f497ac276bf2fd2ae5f468fe170555' LIMIT 1   [ RunTime:0.0491s ]
SQL: SHOW COLUMNS FROM `vs_user` [ RunTime:0.0435s ]
SQL: SELECT `uid`,`username`,`nickname`,`name`,`groupid` FROM `vs_user` WHERE `uid` = 2 LIMIT 1   [ RunTime:0.0506s ]
SQL: SHOW COLUMNS FROM `vs_projects` [ RunTime:0.0505s ]
SQL: SELECT * FROM `vs_projects` WHERE `status` = 0  [ RunTime:0.0974s ]
SQL: SELECT `pid`,`name`,`uid`,`issue_time`,`status` FROM `vs_projects` WHERE `status` = 0 LIMIT 32,8   [ RunTime:0.0728s ]
SQL: SELECT `name`,`tel`,`email` FROM `vs_user` WHERE `uid` = 8 LIMIT 1   [ RunTime:0.0455s ]
SQL: SELECT `name`,`tel`,`email` FROM `vs_user` WHERE `uid` = 8 LIMIT 1   [ RunTime:0.0435s ]
SQL: SELECT `name`,`tel`,`email` FROM `vs_user` WHERE `uid` = 8 LIMIT 1   [ RunTime:0.0462s ]
SQL: SELECT `name`,`tel`,`email` FROM `vs_user` WHERE `uid` = 8 LIMIT 1   [ RunTime:0.0469s ]
SQL: SELECT `name`,`tel`,`email` FROM `vs_user` WHERE `uid` = 8 LIMIT 1   [ RunTime:0.0457s ]
SQL: SELECT `name`,`tel`,`email` FROM `vs_user` WHERE `uid` = 23 LIMIT 1   [ RunTime:0.0486s ]
SQL: SELECT `name`,`tel`,`email` FROM `vs_user` WHERE `uid` = 23 LIMIT 1   [ RunTime:0.0509s ]
SQL: SELECT `name`,`tel`,`email` FROM `vs_user` WHERE `uid` = 23 LIMIT 1   [ RunTime:0.0478s ]
INFO: [ view_parse ] --START--
INFO: [ template_filter ] --START--
INFO: Run Behavior\ContentReplaceBehavior [ RunTime:0.000082s ]
INFO: [ template_filter ] --END-- [ RunTime:0.000155s ]
INFO: Run Behavior\ParseTemplateBehavior [ RunTime:0.017532s ]
INFO: [ view_parse ] --END-- [ RunTime:0.017640s ]
INFO: [ view_filter ] --START--
INFO: Run Behavior\WriteHtmlCacheBehavior [ RunTime:0.000159s ]
INFO: [ view_filter ] --END-- [ RunTime:0.000213s ]
INFO: [ app_end ] --START--
INFO: Run Behavior\ShowPageTraceBehavior [ RunTime:0.001346s ]
INFO: [ app_end ] --END-- [ RunTime:0.001569s ]

[ 2016-09-08T21:34:21+08:00 ] ::1 /FZU-VentureService/Admin/index.php/home/project/index/6
INFO: [ app_init ] --START--
INFO: Run Behavior\BuildLiteBehavior [ RunTime:0.000015s ]
INFO: [ app_init ] --END-- [ RunTime:0.000361s ]
INFO: [ app_begin ] --START--
INFO: Run Behavior\ReadHtmlCacheBehavior [ RunTime:0.000478s ]
INFO: [ app_begin ] --END-- [ RunTime:0.000551s ]
SQL: SHOW COLUMNS FROM `vs_user_token` [ RunTime:0.0385s ]
SQL: SELECT * FROM `vs_user_token` WHERE `token` = 'b1f497ac276bf2fd2ae5f468fe170555' LIMIT 1   [ RunTime:0.0400s ]
SQL: SHOW COLUMNS FROM `vs_user` [ RunTime:0.0386s ]
SQL: SELECT `uid`,`username`,`nickname`,`name`,`groupid` FROM `vs_user` WHERE `uid` = 2 LIMIT 1   [ RunTime:0.0430s ]
SQL: SHOW COLUMNS FROM `vs_projects` [ RunTime:0.0442s ]
SQL: SELECT * FROM `vs_projects` WHERE `status` = 0  [ RunTime:0.0869s ]
SQL: SELECT `pid`,`name`,`uid`,`issue_time`,`status` FROM `vs_projects` WHERE `status` = 0 LIMIT 40,8   [ RunTime:0.0493s ]
SQL: SELECT `name`,`tel`,`email` FROM `vs_user` WHERE `uid` = 23 LIMIT 1   [ RunTime:0.0454s ]
SQL: SELECT `name`,`tel`,`email` FROM `vs_user` WHERE `uid` = 23 LIMIT 1   [ RunTime:0.0566s ]
SQL: SELECT `name`,`tel`,`email` FROM `vs_user` WHERE `uid` = 23 LIMIT 1   [ RunTime:0.0413s ]
SQL: SELECT `name`,`tel`,`email` FROM `vs_user` WHERE `uid` = 23 LIMIT 1   [ RunTime:0.0449s ]
SQL: SELECT `name`,`tel`,`email` FROM `vs_user` WHERE `uid` = 23 LIMIT 1   [ RunTime:0.0414s ]
SQL: SELECT `name`,`tel`,`email` FROM `vs_user` WHERE `uid` = 23 LIMIT 1   [ RunTime:0.0427s ]
SQL: SELECT `name`,`tel`,`email` FROM `vs_user` WHERE `uid` = 23 LIMIT 1   [ RunTime:0.0457s ]
SQL: SELECT `name`,`tel`,`email` FROM `vs_user` WHERE `uid` = 23 LIMIT 1   [ RunTime:0.0401s ]
INFO: [ view_parse ] --START--
INFO: [ template_filter ] --START--
INFO: Run Behavior\ContentReplaceBehavior [ RunTime:0.000080s ]
INFO: [ template_filter ] --END-- [ RunTime:0.000151s ]
INFO: Run Behavior\ParseTemplateBehavior [ RunTime:0.017094s ]
INFO: [ view_parse ] --END-- [ RunTime:0.017193s ]
INFO: [ view_filter ] --START--
INFO: Run Behavior\WriteHtmlCacheBehavior [ RunTime:0.000158s ]
INFO: [ view_filter ] --END-- [ RunTime:0.000213s ]
INFO: [ app_end ] --START--
INFO: Run Behavior\ShowPageTraceBehavior [ RunTime:0.000756s ]
INFO: [ app_end ] --END-- [ RunTime:0.000853s ]

[ 2016-09-08T21:34:22+08:00 ] ::1 /FZU-VentureService/Admin/index.php/home/project/index/7
INFO: [ app_init ] --START--
INFO: Run Behavior\BuildLiteBehavior [ RunTime:0.000018s ]
INFO: [ app_init ] --END-- [ RunTime:0.000374s ]
INFO: [ app_begin ] --START--
INFO: Run Behavior\ReadHtmlCacheBehavior [ RunTime:0.000468s ]
INFO: [ app_begin ] --END-- [ RunTime:0.000531s ]
SQL: SHOW COLUMNS FROM `vs_user_token` [ RunTime:0.0401s ]
SQL: SELECT * FROM `vs_user_token` WHERE `token` = 'b1f497ac276bf2fd2ae5f468fe170555' LIMIT 1   [ RunTime:0.0553s ]
SQL: SHOW COLUMNS FROM `vs_user` [ RunTime:0.0442s ]
SQL: SELECT `uid`,`username`,`nickname`,`name`,`groupid` FROM `vs_user` WHERE `uid` = 2 LIMIT 1   [ RunTime:0.0421s ]
SQL: SHOW COLUMNS FROM `vs_projects` [ RunTime:0.0441s ]
SQL: SELECT * FROM `vs_projects` WHERE `status` = 0  [ RunTime:0.0921s ]
SQL: SELECT `pid`,`name`,`uid`,`issue_time`,`status` FROM `vs_projects` WHERE `status` = 0 LIMIT 48,8   [ RunTime:0.0471s ]
SQL: SELECT `name`,`tel`,`email` FROM `vs_user` WHERE `uid` = 23 LIMIT 1   [ RunTime:0.0385s ]
SQL: SELECT `name`,`tel`,`email` FROM `vs_user` WHERE `uid` = 23 LIMIT 1   [ RunTime:0.0433s ]
SQL: SELECT `name`,`tel`,`email` FROM `vs_user` WHERE `uid` = 23 LIMIT 1   [ RunTime:0.0431s ]
SQL: SELECT `name`,`tel`,`email` FROM `vs_user` WHERE `uid` = 8 LIMIT 1   [ RunTime:0.0426s ]
SQL: SELECT `name`,`tel`,`email` FROM `vs_user` WHERE `uid` = 8 LIMIT 1   [ RunTime:0.0378s ]
SQL: SELECT `name`,`tel`,`email` FROM `vs_user` WHERE `uid` = 8 LIMIT 1   [ RunTime:0.0444s ]
SQL: SELECT `name`,`tel`,`email` FROM `vs_user` WHERE `uid` = 8 LIMIT 1   [ RunTime:0.0416s ]
SQL: SELECT `name`,`tel`,`email` FROM `vs_user` WHERE `uid` = 8 LIMIT 1   [ RunTime:0.0532s ]
INFO: [ view_parse ] --START--
INFO: [ template_filter ] --START--
INFO: Run Behavior\ContentReplaceBehavior [ RunTime:0.000093s ]
INFO: [ template_filter ] --END-- [ RunTime:0.000213s ]
INFO: Run Behavior\ParseTemplateBehavior [ RunTime:0.020526s ]
INFO: [ view_parse ] --END-- [ RunTime:0.020645s ]
INFO: [ view_filter ] --START--
INFO: Run Behavior\WriteHtmlCacheBehavior [ RunTime:0.000176s ]
INFO: [ view_filter ] --END-- [ RunTime:0.000235s ]
INFO: [ app_end ] --START--
INFO: Run Behavior\ShowPageTraceBehavior [ RunTime:0.000916s ]
INFO: [ app_end ] --END-- [ RunTime:0.001025s ]

[ 2016-09-08T21:34:30+08:00 ] ::1 /FZU-VentureService/Admin/index.php/home/project/index/8
INFO: [ app_init ] --START--
INFO: Run Behavior\BuildLiteBehavior [ RunTime:0.000015s ]
INFO: [ app_init ] --END-- [ RunTime:0.000364s ]
INFO: [ app_begin ] --START--
INFO: Run Behavior\ReadHtmlCacheBehavior [ RunTime:0.000479s ]
INFO: [ app_begin ] --END-- [ RunTime:0.000541s ]
SQL: SHOW COLUMNS FROM `vs_user_token` [ RunTime:0.0384s ]
SQL: SELECT * FROM `vs_user_token` WHERE `token` = 'b1f497ac276bf2fd2ae5f468fe170555' LIMIT 1   [ RunTime:0.0464s ]
SQL: SHOW COLUMNS FROM `vs_user` [ RunTime:0.0388s ]
SQL: SELECT `uid`,`username`,`nickname`,`name`,`groupid` FROM `vs_user` WHERE `uid` = 2 LIMIT 1   [ RunTime:0.0401s ]
SQL: SHOW COLUMNS FROM `vs_projects` [ RunTime:0.0430s ]
SQL: SELECT * FROM `vs_projects` WHERE `status` = 0  [ RunTime:0.0857s ]
SQL: SELECT `pid`,`name`,`uid`,`issue_time`,`status` FROM `vs_projects` WHERE `status` = 0 LIMIT 56,8   [ RunTime:0.0439s ]
SQL: SELECT `name`,`tel`,`email` FROM `vs_user` WHERE `uid` = 8 LIMIT 1   [ RunTime:0.0411s ]
SQL: SELECT `name`,`tel`,`email` FROM `vs_user` WHERE `uid` = 8 LIMIT 1   [ RunTime:0.0378s ]
SQL: SELECT `name`,`tel`,`email` FROM `vs_user` WHERE `uid` = 8 LIMIT 1   [ RunTime:0.0420s ]
SQL: SELECT `name`,`tel`,`email` FROM `vs_user` WHERE `uid` = 8 LIMIT 1   [ RunTime:0.0394s ]
SQL: SELECT `name`,`tel`,`email` FROM `vs_user` WHERE `uid` = 8 LIMIT 1   [ RunTime:0.0423s ]
SQL: SELECT `name`,`tel`,`email` FROM `vs_user` WHERE `uid` = 8 LIMIT 1   [ RunTime:0.0510s ]
SQL: SELECT `name`,`tel`,`email` FROM `vs_user` WHERE `uid` = 8 LIMIT 1   [ RunTime:0.0460s ]
SQL: SELECT `name`,`tel`,`email` FROM `vs_user` WHERE `uid` = 8 LIMIT 1   [ RunTime:0.0385s ]
INFO: [ view_parse ] --START--
INFO: [ template_filter ] --START--
INFO: Run Behavior\ContentReplaceBehavior [ RunTime:0.000086s ]
INFO: [ template_filter ] --END-- [ RunTime:0.000163s ]
INFO: Run Behavior\ParseTemplateBehavior [ RunTime:0.020992s ]
INFO: [ view_parse ] --END-- [ RunTime:0.021119s ]
INFO: [ view_filter ] --START--
INFO: Run Behavior\WriteHtmlCacheBehavior [ RunTime:0.000164s ]
INFO: [ view_filter ] --END-- [ RunTime:0.000220s ]
INFO: [ app_end ] --START--
INFO: Run Behavior\ShowPageTraceBehavior [ RunTime:0.000783s ]
INFO: [ app_end ] --END-- [ RunTime:0.000877s ]

[ 2016-09-08T21:34:31+08:00 ] ::1 /FZU-VentureService/Admin/index.php/home/project/index/9
INFO: [ app_init ] --START--
INFO: Run Behavior\BuildLiteBehavior [ RunTime:0.000016s ]
INFO: [ app_init ] --END-- [ RunTime:0.000367s ]
INFO: [ app_begin ] --START--
INFO: Run Behavior\ReadHtmlCacheBehavior [ RunTime:0.000496s ]
INFO: [ app_begin ] --END-- [ RunTime:0.000560s ]
SQL: SHOW COLUMNS FROM `vs_user_token` [ RunTime:0.0493s ]
SQL: SELECT * FROM `vs_user_token` WHERE `token` = 'b1f497ac276bf2fd2ae5f468fe170555' LIMIT 1   [ RunTime:0.0450s ]
SQL: SHOW COLUMNS FROM `vs_user` [ RunTime:0.0418s ]
SQL: SELECT `uid`,`username`,`nickname`,`name`,`groupid` FROM `vs_user` WHERE `uid` = 2 LIMIT 1   [ RunTime:0.0433s ]
SQL: SHOW COLUMNS FROM `vs_projects` [ RunTime:0.0451s ]
SQL: SELECT * FROM `vs_projects` WHERE `status` = 0  [ RunTime:0.1190s ]
SQL: SELECT `pid`,`name`,`uid`,`issue_time`,`status` FROM `vs_projects` WHERE `status` = 0 LIMIT 64,8   [ RunTime:0.0396s ]
SQL: SELECT `name`,`tel`,`email` FROM `vs_user` WHERE `uid` = 8 LIMIT 1   [ RunTime:0.0462s ]
SQL: SELECT `name`,`tel`,`email` FROM `vs_user` WHERE `uid` = 8 LIMIT 1   [ RunTime:0.0443s ]
SQL: SELECT `name`,`tel`,`email` FROM `vs_user` WHERE `uid` = 8 LIMIT 1   [ RunTime:0.0374s ]
SQL: SELECT `name`,`tel`,`email` FROM `vs_user` WHERE `uid` = 8 LIMIT 1   [ RunTime:0.0442s ]
SQL: SELECT `name`,`tel`,`email` FROM `vs_user` WHERE `uid` = 8 LIMIT 1   [ RunTime:0.0436s ]
SQL: SELECT `name`,`tel`,`email` FROM `vs_user` WHERE `uid` = 8 LIMIT 1   [ RunTime:0.0450s ]
SQL: SELECT `name`,`tel`,`email` FROM `vs_user` WHERE `uid` = 8 LIMIT 1   [ RunTime:0.0395s ]
SQL: SELECT `name`,`tel`,`email` FROM `vs_user` WHERE `uid` = 8 LIMIT 1   [ RunTime:0.0431s ]
INFO: [ view_parse ] --START--
INFO: [ template_filter ] --START--
INFO: Run Behavior\ContentReplaceBehavior [ RunTime:0.000079s ]
INFO: [ template_filter ] --END-- [ RunTime:0.000149s ]
INFO: Run Behavior\ParseTemplateBehavior [ RunTime:0.017936s ]
INFO: [ view_parse ] --END-- [ RunTime:0.018047s ]
INFO: [ view_filter ] --START--
INFO: Run Behavior\WriteHtmlCacheBehavior [ RunTime:0.000159s ]
INFO: [ view_filter ] --END-- [ RunTime:0.000215s ]
INFO: [ app_end ] --START--
INFO: Run Behavior\ShowPageTraceBehavior [ RunTime:0.000756s ]
INFO: [ app_end ] --END-- [ RunTime:0.000850s ]

[ 2016-09-08T21:34:32+08:00 ] ::1 /FZU-VentureService/Admin/index.php/home/project/index/10
INFO: [ app_init ] --START--
INFO: Run Behavior\BuildLiteBehavior [ RunTime:0.000015s ]
INFO: [ app_init ] --END-- [ RunTime:0.000379s ]
INFO: [ app_begin ] --START--
INFO: Run Behavior\ReadHtmlCacheBehavior [ RunTime:0.000466s ]
INFO: [ app_begin ] --END-- [ RunTime:0.000527s ]
SQL: SHOW COLUMNS FROM `vs_user_token` [ RunTime:0.0470s ]
SQL: SELECT * FROM `vs_user_token` WHERE `token` = 'b1f497ac276bf2fd2ae5f468fe170555' LIMIT 1   [ RunTime:0.0427s ]
SQL: SHOW COLUMNS FROM `vs_user` [ RunTime:0.0458s ]
SQL: SELECT `uid`,`username`,`nickname`,`name`,`groupid` FROM `vs_user` WHERE `uid` = 2 LIMIT 1   [ RunTime:0.0538s ]
SQL: SHOW COLUMNS FROM `vs_projects` [ RunTime:0.0431s ]
SQL: SELECT * FROM `vs_projects` WHERE `status` = 0  [ RunTime:0.0986s ]
SQL: SELECT `pid`,`name`,`uid`,`issue_time`,`status` FROM `vs_projects` WHERE `status` = 0 LIMIT 72,8   [ RunTime:0.0489s ]
SQL: SELECT `name`,`tel`,`email` FROM `vs_user` WHERE `uid` = 8 LIMIT 1   [ RunTime:0.0431s ]
INFO: [ view_parse ] --START--
INFO: [ template_filter ] --START--
INFO: Run Behavior\ContentReplaceBehavior [ RunTime:0.000080s ]
INFO: [ template_filter ] --END-- [ RunTime:0.000149s ]
INFO: Run Behavior\ParseTemplateBehavior [ RunTime:0.017069s ]
INFO: [ view_parse ] --END-- [ RunTime:0.017168s ]
INFO: [ view_filter ] --START--
INFO: Run Behavior\WriteHtmlCacheBehavior [ RunTime:0.000159s ]
INFO: [ view_filter ] --END-- [ RunTime:0.000215s ]
INFO: [ app_end ] --START--
INFO: Run Behavior\ShowPageTraceBehavior [ RunTime:0.000550s ]
INFO: [ app_end ] --END-- [ RunTime:0.000608s ]

[ 2016-09-08T21:34:36+08:00 ] ::1 /FZU-VentureService/Admin/index.php/home/project/index/6
INFO: [ app_init ] --START--
INFO: Run Behavior\BuildLiteBehavior [ RunTime:0.000019s ]
INFO: [ app_init ] --END-- [ RunTime:0.000382s ]
INFO: [ app_begin ] --START--
INFO: Run Behavior\ReadHtmlCacheBehavior [ RunTime:0.000482s ]
INFO: [ app_begin ] --END-- [ RunTime:0.000545s ]
SQL: SHOW COLUMNS FROM `vs_user_token` [ RunTime:0.0430s ]
SQL: SELECT * FROM `vs_user_token` WHERE `token` = 'b1f497ac276bf2fd2ae5f468fe170555' LIMIT 1   [ RunTime:0.0410s ]
SQL: SHOW COLUMNS FROM `vs_user` [ RunTime:0.0436s ]
SQL: SELECT `uid`,`username`,`nickname`,`name`,`groupid` FROM `vs_user` WHERE `uid` = 2 LIMIT 1   [ RunTime:0.0383s ]
SQL: SHOW COLUMNS FROM `vs_projects` [ RunTime:0.0395s ]
SQL: SELECT * FROM `vs_projects` WHERE `status` = 0  [ RunTime:0.0974s ]
SQL: SELECT `pid`,`name`,`uid`,`issue_time`,`status` FROM `vs_projects` WHERE `status` = 0 LIMIT 40,8   [ RunTime:0.0424s ]
SQL: SELECT `name`,`tel`,`email` FROM `vs_user` WHERE `uid` = 23 LIMIT 1   [ RunTime:0.0425s ]
SQL: SELECT `name`,`tel`,`email` FROM `vs_user` WHERE `uid` = 23 LIMIT 1   [ RunTime:0.0420s ]
SQL: SELECT `name`,`tel`,`email` FROM `vs_user` WHERE `uid` = 23 LIMIT 1   [ RunTime:0.0444s ]
SQL: SELECT `name`,`tel`,`email` FROM `vs_user` WHERE `uid` = 23 LIMIT 1   [ RunTime:0.0420s ]
SQL: SELECT `name`,`tel`,`email` FROM `vs_user` WHERE `uid` = 23 LIMIT 1   [ RunTime:0.0391s ]
SQL: SELECT `name`,`tel`,`email` FROM `vs_user` WHERE `uid` = 23 LIMIT 1   [ RunTime:0.0415s ]
SQL: SELECT `name`,`tel`,`email` FROM `vs_user` WHERE `uid` = 23 LIMIT 1   [ RunTime:0.0460s ]
SQL: SELECT `name`,`tel`,`email` FROM `vs_user` WHERE `uid` = 23 LIMIT 1   [ RunTime:0.0400s ]
INFO: [ view_parse ] --START--
INFO: [ template_filter ] --START--
INFO: Run Behavior\ContentReplaceBehavior [ RunTime:0.000095s ]
INFO: [ template_filter ] --END-- [ RunTime:0.000178s ]
INFO: Run Behavior\ParseTemplateBehavior [ RunTime:0.017414s ]
INFO: [ view_parse ] --END-- [ RunTime:0.017492s ]
INFO: [ view_filter ] --START--
INFO: Run Behavior\WriteHtmlCacheBehavior [ RunTime:0.000168s ]
INFO: [ view_filter ] --END-- [ RunTime:0.000228s ]
INFO: [ app_end ] --START--
INFO: Run Behavior\ShowPageTraceBehavior [ RunTime:0.000820s ]
INFO: [ app_end ] --END-- [ RunTime:0.000932s ]

[ 2016-09-08T21:34:37+08:00 ] ::1 /FZU-VentureService/Admin/index.php/home/project/index/6
INFO: [ app_init ] --START--
INFO: Run Behavior\BuildLiteBehavior [ RunTime:0.000029s ]
INFO: [ app_init ] --END-- [ RunTime:0.000676s ]
INFO: [ app_begin ] --START--
INFO: Run Behavior\ReadHtmlCacheBehavior [ RunTime:0.000793s ]
INFO: [ app_begin ] --END-- [ RunTime:0.000875s ]
SQL: SHOW COLUMNS FROM `vs_user_token` [ RunTime:0.0420s ]
SQL: SELECT * FROM `vs_user_token` WHERE `token` = 'b1f497ac276bf2fd2ae5f468fe170555' LIMIT 1   [ RunTime:0.0411s ]
SQL: SHOW COLUMNS FROM `vs_user` [ RunTime:0.0376s ]
SQL: SELECT `uid`,`username`,`nickname`,`name`,`groupid` FROM `vs_user` WHERE `uid` = 2 LIMIT 1   [ RunTime:0.0459s ]
SQL: SHOW COLUMNS FROM `vs_projects` [ RunTime:0.0398s ]
SQL: SELECT * FROM `vs_projects` WHERE `status` = 0  [ RunTime:0.0998s ]
SQL: SELECT `pid`,`name`,`uid`,`issue_time`,`status` FROM `vs_projects` WHERE `status` = 0 LIMIT 40,8   [ RunTime:0.0428s ]
SQL: SELECT `name`,`tel`,`email` FROM `vs_user` WHERE `uid` = 23 LIMIT 1   [ RunTime:0.0404s ]
SQL: SELECT `name`,`tel`,`email` FROM `vs_user` WHERE `uid` = 23 LIMIT 1   [ RunTime:0.0379s ]
SQL: SELECT `name`,`tel`,`email` FROM `vs_user` WHERE `uid` = 23 LIMIT 1   [ RunTime:0.0374s ]
SQL: SELECT `name`,`tel`,`email` FROM `vs_user` WHERE `uid` = 23 LIMIT 1   [ RunTime:0.0372s ]
SQL: SELECT `name`,`tel`,`email` FROM `vs_user` WHERE `uid` = 23 LIMIT 1   [ RunTime:0.0371s ]
SQL: SELECT `name`,`tel`,`email` FROM `vs_user` WHERE `uid` = 23 LIMIT 1   [ RunTime:0.0401s ]
SQL: SELECT `name`,`tel`,`email` FROM `vs_user` WHERE `uid` = 23 LIMIT 1   [ RunTime:0.0444s ]
SQL: SELECT `name`,`tel`,`email` FROM `vs_user` WHERE `uid` = 23 LIMIT 1   [ RunTime:0.0420s ]
INFO: [ view_parse ] --START--
INFO: [ template_filter ] --START--
INFO: Run Behavior\ContentReplaceBehavior [ RunTime:0.000083s ]
INFO: [ template_filter ] --END-- [ RunTime:0.000161s ]
INFO: Run Behavior\ParseTemplateBehavior [ RunTime:0.018558s ]
INFO: [ view_parse ] --END-- [ RunTime:0.018673s ]
INFO: [ view_filter ] --START--
INFO: Run Behavior\WriteHtmlCacheBehavior [ RunTime:0.000164s ]
INFO: [ view_filter ] --END-- [ RunTime:0.000222s ]
INFO: [ app_end ] --START--
INFO: Run Behavior\ShowPageTraceBehavior [ RunTime:0.000693s ]
INFO: [ app_end ] --END-- [ RunTime:0.000778s ]

[ 2016-09-08T21:34:39+08:00 ] ::1 /FZU-VentureService/Admin/index.php/home/project/index/4
INFO: [ app_init ] --START--
INFO: Run Behavior\BuildLiteBehavior [ RunTime:0.000018s ]
INFO: [ app_init ] --END-- [ RunTime:0.000368s ]
INFO: [ app_begin ] --START--
INFO: Run Behavior\ReadHtmlCacheBehavior [ RunTime:0.000467s ]
INFO: [ app_begin ] --END-- [ RunTime:0.000527s ]
SQL: SHOW COLUMNS FROM `vs_user_token` [ RunTime:0.0431s ]
SQL: SELECT * FROM `vs_user_token` WHERE `token` = 'b1f497ac276bf2fd2ae5f468fe170555' LIMIT 1   [ RunTime:0.0436s ]
SQL: SHOW COLUMNS FROM `vs_user` [ RunTime:0.0452s ]
SQL: SELECT `uid`,`username`,`nickname`,`name`,`groupid` FROM `vs_user` WHERE `uid` = 2 LIMIT 1   [ RunTime:0.0429s ]
SQL: SHOW COLUMNS FROM `vs_projects` [ RunTime:0.0532s ]
SQL: SELECT * FROM `vs_projects` WHERE `status` = 0  [ RunTime:0.0833s ]
SQL: SELECT `pid`,`name`,`uid`,`issue_time`,`status` FROM `vs_projects` WHERE `status` = 0 LIMIT 24,8   [ RunTime:0.0546s ]
SQL: SELECT `name`,`tel`,`email` FROM `vs_user` WHERE `uid` = 8 LIMIT 1   [ RunTime:0.0420s ]
SQL: SELECT `name`,`tel`,`email` FROM `vs_user` WHERE `uid` = 8 LIMIT 1   [ RunTime:0.0803s ]
SQL: SELECT `name`,`tel`,`email` FROM `vs_user` WHERE `uid` = 8 LIMIT 1   [ RunTime:0.0395s ]
SQL: SELECT `name`,`tel`,`email` FROM `vs_user` WHERE `uid` = 8 LIMIT 1   [ RunTime:0.0435s ]
SQL: SELECT `name`,`tel`,`email` FROM `vs_user` WHERE `uid` = 8 LIMIT 1   [ RunTime:0.0420s ]
SQL: SELECT `name`,`tel`,`email` FROM `vs_user` WHERE `uid` = 8 LIMIT 1   [ RunTime:0.0433s ]
SQL: SELECT `name`,`tel`,`email` FROM `vs_user` WHERE `uid` = 8 LIMIT 1   [ RunTime:0.0386s ]
SQL: SELECT `name`,`tel`,`email` FROM `vs_user` WHERE `uid` = 8 LIMIT 1   [ RunTime:0.0444s ]
INFO: [ view_parse ] --START--
INFO: [ template_filter ] --START--
INFO: Run Behavior\ContentReplaceBehavior [ RunTime:0.000089s ]
INFO: [ template_filter ] --END-- [ RunTime:0.000173s ]
INFO: Run Behavior\ParseTemplateBehavior [ RunTime:0.018529s ]
INFO: [ view_parse ] --END-- [ RunTime:0.018630s ]
INFO: [ view_filter ] --START--
INFO: Run Behavior\WriteHtmlCacheBehavior [ RunTime:0.000162s ]
INFO: [ view_filter ] --END-- [ RunTime:0.000219s ]
INFO: [ app_end ] --START--
INFO: Run Behavior\ShowPageTraceBehavior [ RunTime:0.000779s ]
INFO: [ app_end ] --END-- [ RunTime:0.000869s ]

[ 2016-09-08T21:34:40+08:00 ] ::1 /FZU-VentureService/Admin/index.php/home/project/index/2
INFO: [ app_init ] --START--
INFO: Run Behavior\BuildLiteBehavior [ RunTime:0.000017s ]
INFO: [ app_init ] --END-- [ RunTime:0.000370s ]
INFO: [ app_begin ] --START--
INFO: Run Behavior\ReadHtmlCacheBehavior [ RunTime:0.000472s ]
INFO: [ app_begin ] --END-- [ RunTime:0.000534s ]
SQL: SHOW COLUMNS FROM `vs_user_token` [ RunTime:0.0396s ]
SQL: SELECT * FROM `vs_user_token` WHERE `token` = 'b1f497ac276bf2fd2ae5f468fe170555' LIMIT 1   [ RunTime:0.0425s ]
SQL: SHOW COLUMNS FROM `vs_user` [ RunTime:0.0390s ]
SQL: SELECT `uid`,`username`,`nickname`,`name`,`groupid` FROM `vs_user` WHERE `uid` = 2 LIMIT 1   [ RunTime:0.0526s ]
SQL: SHOW COLUMNS FROM `vs_projects` [ RunTime:0.0430s ]
SQL: SELECT * FROM `vs_projects` WHERE `status` = 0  [ RunTime:0.0940s ]
SQL: SELECT `pid`,`name`,`uid`,`issue_time`,`status` FROM `vs_projects` WHERE `status` = 0 LIMIT 8,8   [ RunTime:0.0436s ]
SQL: SELECT `name`,`tel`,`email` FROM `vs_user` WHERE `uid` = 8 LIMIT 1   [ RunTime:0.0395s ]
SQL: SELECT `name`,`tel`,`email` FROM `vs_user` WHERE `uid` = 8 LIMIT 1   [ RunTime:0.0461s ]
SQL: SELECT `name`,`tel`,`email` FROM `vs_user` WHERE `uid` = 8 LIMIT 1   [ RunTime:0.0410s ]
SQL: SELECT `name`,`tel`,`email` FROM `vs_user` WHERE `uid` = 8 LIMIT 1   [ RunTime:0.0542s ]
SQL: SELECT `name`,`tel`,`email` FROM `vs_user` WHERE `uid` = 8 LIMIT 1   [ RunTime:0.0387s ]
SQL: SELECT `name`,`tel`,`email` FROM `vs_user` WHERE `uid` = 8 LIMIT 1   [ RunTime:0.0419s ]
SQL: SELECT `name`,`tel`,`email` FROM `vs_user` WHERE `uid` = 8 LIMIT 1   [ RunTime:0.0432s ]
SQL: SELECT `name`,`tel`,`email` FROM `vs_user` WHERE `uid` = 8 LIMIT 1   [ RunTime:0.0382s ]
INFO: [ view_parse ] --START--
INFO: [ template_filter ] --START--
INFO: Run Behavior\ContentReplaceBehavior [ RunTime:0.000080s ]
INFO: [ template_filter ] --END-- [ RunTime:0.000147s ]
INFO: Run Behavior\ParseTemplateBehavior [ RunTime:0.016520s ]
INFO: [ view_parse ] --END-- [ RunTime:0.016623s ]
INFO: [ view_filter ] --START--
INFO: Run Behavior\WriteHtmlCacheBehavior [ RunTime:0.000151s ]
INFO: [ view_filter ] --END-- [ RunTime:0.000206s ]
INFO: [ app_end ] --START--
INFO: Run Behavior\ShowPageTraceBehavior [ RunTime:0.000801s ]
INFO: [ app_end ] --END-- [ RunTime:0.000894s ]

[ 2016-09-08T21:34:42+08:00 ] ::1 /FZU-VentureService/Admin/index.php/home/project/index/1
INFO: [ app_init ] --START--
INFO: Run Behavior\BuildLiteBehavior [ RunTime:0.000018s ]
INFO: [ app_init ] --END-- [ RunTime:0.000369s ]
INFO: [ app_begin ] --START--
INFO: Run Behavior\ReadHtmlCacheBehavior [ RunTime:0.000472s ]
INFO: [ app_begin ] --END-- [ RunTime:0.000534s ]
SQL: SHOW COLUMNS FROM `vs_user_token` [ RunTime:0.0446s ]
SQL: SELECT * FROM `vs_user_token` WHERE `token` = 'b1f497ac276bf2fd2ae5f468fe170555' LIMIT 1   [ RunTime:0.0491s ]
SQL: SHOW COLUMNS FROM `vs_user` [ RunTime:0.0439s ]
SQL: SELECT `uid`,`username`,`nickname`,`name`,`groupid` FROM `vs_user` WHERE `uid` = 2 LIMIT 1   [ RunTime:0.0488s ]
SQL: SHOW COLUMNS FROM `vs_projects` [ RunTime:0.0497s ]
SQL: SELECT * FROM `vs_projects` WHERE `status` = 0  [ RunTime:0.1012s ]
SQL: SELECT `pid`,`name`,`uid`,`issue_time`,`status` FROM `vs_projects` WHERE `status` = 0 LIMIT 0,8   [ RunTime:0.0490s ]
SQL: SELECT `name`,`tel`,`email` FROM `vs_user` WHERE `uid` = 23 LIMIT 1   [ RunTime:0.0497s ]
SQL: SELECT `name`,`tel`,`email` FROM `vs_user` WHERE `uid` = 23 LIMIT 1   [ RunTime:0.0502s ]
SQL: SELECT `name`,`tel`,`email` FROM `vs_user` WHERE `uid` = 23 LIMIT 1   [ RunTime:0.0449s ]
SQL: SELECT `name`,`tel`,`email` FROM `vs_user` WHERE `uid` = 8 LIMIT 1   [ RunTime:0.0441s ]
SQL: SELECT `name`,`tel`,`email` FROM `vs_user` WHERE `uid` = 8 LIMIT 1   [ RunTime:0.0439s ]
SQL: SELECT `name`,`tel`,`email` FROM `vs_user` WHERE `uid` = 8 LIMIT 1   [ RunTime:0.0429s ]
SQL: SELECT `name`,`tel`,`email` FROM `vs_user` WHERE `uid` = 8 LIMIT 1   [ RunTime:0.0504s ]
SQL: SELECT `name`,`tel`,`email` FROM `vs_user` WHERE `uid` = 8 LIMIT 1   [ RunTime:0.0484s ]
INFO: [ view_parse ] --START--
INFO: [ template_filter ] --START--
INFO: Run Behavior\ContentReplaceBehavior [ RunTime:0.000082s ]
INFO: [ template_filter ] --END-- [ RunTime:0.000158s ]
INFO: Run Behavior\ParseTemplateBehavior [ RunTime:0.020752s ]
INFO: [ view_parse ] --END-- [ RunTime:0.020862s ]
INFO: [ view_filter ] --START--
INFO: Run Behavior\WriteHtmlCacheBehavior [ RunTime:0.000163s ]
INFO: [ view_filter ] --END-- [ RunTime:0.000219s ]
INFO: [ app_end ] --START--
INFO: Run Behavior\ShowPageTraceBehavior [ RunTime:0.000764s ]
INFO: [ app_end ] --END-- [ RunTime:0.000855s ]

[ 2016-09-08T21:34:46+08:00 ] ::1 /FZU-VentureService/Admin/index.php/home/project/info_list
INFO: [ app_init ] --START--
INFO: Run Behavior\BuildLiteBehavior [ RunTime:0.000019s ]
INFO: [ app_init ] --END-- [ RunTime:0.000401s ]
INFO: [ app_begin ] --START--
INFO: Run Behavior\ReadHtmlCacheBehavior [ RunTime:0.000513s ]
INFO: [ app_begin ] --END-- [ RunTime:0.000581s ]
SQL: SHOW COLUMNS FROM `vs_user_token` [ RunTime:0.0441s ]
SQL: SELECT * FROM `vs_user_token` WHERE `token` = 'b1f497ac276bf2fd2ae5f468fe170555' LIMIT 1   [ RunTime:0.0422s ]
SQL: SHOW COLUMNS FROM `vs_user` [ RunTime:0.0444s ]
SQL: SELECT `uid`,`username`,`nickname`,`name`,`groupid` FROM `vs_user` WHERE `uid` = 2 LIMIT 1   [ RunTime:0.0438s ]
SQL: SHOW COLUMNS FROM `vs_projects` [ RunTime:0.0454s ]
SQL: SELECT * FROM `vs_projects` WHERE `status` = 1  [ RunTime:0.0444s ]
SQL: SELECT `pid`,`name`,`uid`,`issue_time`,`status` FROM `vs_projects` WHERE `status` = 1 LIMIT 0,8   [ RunTime:0.0477s ]
SQL: SELECT `name`,`tel`,`email` FROM `vs_user` WHERE `uid` = 16 LIMIT 1   [ RunTime:0.0385s ]
SQL: SELECT `name`,`tel`,`email` FROM `vs_user` WHERE `uid` = 23 LIMIT 1   [ RunTime:0.0425s ]
SQL: SELECT `name`,`tel`,`email` FROM `vs_user` WHERE `uid` = 23 LIMIT 1   [ RunTime:0.0412s ]
SQL: SELECT `name`,`tel`,`email` FROM `vs_user` WHERE `uid` = 23 LIMIT 1   [ RunTime:0.0528s ]
SQL: SELECT `name`,`tel`,`email` FROM `vs_user` WHERE `uid` = 8 LIMIT 1   [ RunTime:0.0617s ]
SQL: SELECT `name`,`tel`,`email` FROM `vs_user` WHERE `uid` = 8 LIMIT 1   [ RunTime:0.0426s ]
SQL: SELECT `name`,`tel`,`email` FROM `vs_user` WHERE `uid` = 8 LIMIT 1   [ RunTime:0.0445s ]
SQL: SELECT `name`,`tel`,`email` FROM `vs_user` WHERE `uid` = 8 LIMIT 1   [ RunTime:0.0419s ]
INFO: [ view_parse ] --START--
INFO: [ template_filter ] --START--
INFO: Run Behavior\ContentReplaceBehavior [ RunTime:0.000084s ]
INFO: [ template_filter ] --END-- [ RunTime:0.000167s ]
INFO: Run Behavior\ParseTemplateBehavior [ RunTime:0.020650s ]
INFO: [ view_parse ] --END-- [ RunTime:0.020760s ]
INFO: [ view_filter ] --START--
INFO: Run Behavior\WriteHtmlCacheBehavior [ RunTime:0.000170s ]
INFO: [ view_filter ] --END-- [ RunTime:0.000230s ]
INFO: [ app_end ] --START--
INFO: Run Behavior\ShowPageTraceBehavior [ RunTime:0.000830s ]
INFO: [ app_end ] --END-- [ RunTime:0.000924s ]

[ 2016-09-08T21:34:47+08:00 ] ::1 /FZU-VentureService/Admin/index.php/home/project/index
INFO: [ app_init ] --START--
INFO: Run Behavior\BuildLiteBehavior [ RunTime:0.000018s ]
INFO: [ app_init ] --END-- [ RunTime:0.000368s ]
INFO: [ app_begin ] --START--
INFO: Run Behavior\ReadHtmlCacheBehavior [ RunTime:0.000475s ]
INFO: [ app_begin ] --END-- [ RunTime:0.000538s ]
SQL: SHOW COLUMNS FROM `vs_user_token` [ RunTime:0.0485s ]
SQL: SELECT * FROM `vs_user_token` WHERE `token` = 'b1f497ac276bf2fd2ae5f468fe170555' LIMIT 1   [ RunTime:0.0490s ]
SQL: SHOW COLUMNS FROM `vs_user` [ RunTime:0.0465s ]
SQL: SELECT `uid`,`username`,`nickname`,`name`,`groupid` FROM `vs_user` WHERE `uid` = 2 LIMIT 1   [ RunTime:0.0477s ]
SQL: SHOW COLUMNS FROM `vs_projects` [ RunTime:0.0485s ]
SQL: SELECT * FROM `vs_projects` WHERE `status` = 0  [ RunTime:0.0984s ]
SQL: SELECT `pid`,`name`,`uid`,`issue_time`,`status` FROM `vs_projects` WHERE `status` = 0 LIMIT 0,8   [ RunTime:0.0455s ]
SQL: SELECT `name`,`tel`,`email` FROM `vs_user` WHERE `uid` = 23 LIMIT 1   [ RunTime:0.0488s ]
SQL: SELECT `name`,`tel`,`email` FROM `vs_user` WHERE `uid` = 23 LIMIT 1   [ RunTime:0.0452s ]
SQL: SELECT `name`,`tel`,`email` FROM `vs_user` WHERE `uid` = 23 LIMIT 1   [ RunTime:0.0510s ]
SQL: SELECT `name`,`tel`,`email` FROM `vs_user` WHERE `uid` = 8 LIMIT 1   [ RunTime:0.0484s ]
SQL: SELECT `name`,`tel`,`email` FROM `vs_user` WHERE `uid` = 8 LIMIT 1   [ RunTime:0.0480s ]
SQL: SELECT `name`,`tel`,`email` FROM `vs_user` WHERE `uid` = 8 LIMIT 1   [ RunTime:0.0430s ]
SQL: SELECT `name`,`tel`,`email` FROM `vs_user` WHERE `uid` = 8 LIMIT 1   [ RunTime:0.0433s ]
SQL: SELECT `name`,`tel`,`email` FROM `vs_user` WHERE `uid` = 8 LIMIT 1   [ RunTime:0.0433s ]
INFO: [ view_parse ] --START--
INFO: [ template_filter ] --START--
INFO: Run Behavior\ContentReplaceBehavior [ RunTime:0.000084s ]
INFO: [ template_filter ] --END-- [ RunTime:0.000164s ]
INFO: Run Behavior\ParseTemplateBehavior [ RunTime:0.021440s ]
INFO: [ view_parse ] --END-- [ RunTime:0.021556s ]
INFO: [ view_filter ] --START--
INFO: Run Behavior\WriteHtmlCacheBehavior [ RunTime:0.000165s ]
INFO: [ view_filter ] --END-- [ RunTime:0.000222s ]
INFO: [ app_end ] --START--
INFO: Run Behavior\ShowPageTraceBehavior [ RunTime:0.000798s ]
INFO: [ app_end ] --END-- [ RunTime:0.000890s ]

[ 2016-09-08T21:34:48+08:00 ] ::1 /FZU-VentureService/Admin/index.php/home/project/index
INFO: [ app_init ] --START--
INFO: Run Behavior\BuildLiteBehavior [ RunTime:0.000018s ]
INFO: [ app_init ] --END-- [ RunTime:0.000376s ]
INFO: [ app_begin ] --START--
INFO: Run Behavior\ReadHtmlCacheBehavior [ RunTime:0.000473s ]
INFO: [ app_begin ] --END-- [ RunTime:0.000533s ]
SQL: SHOW COLUMNS FROM `vs_user_token` [ RunTime:0.0459s ]
SQL: SELECT * FROM `vs_user_token` WHERE `token` = 'b1f497ac276bf2fd2ae5f468fe170555' LIMIT 1   [ RunTime:0.0411s ]
SQL: SHOW COLUMNS FROM `vs_user` [ RunTime:0.0383s ]
SQL: SELECT `uid`,`username`,`nickname`,`name`,`groupid` FROM `vs_user` WHERE `uid` = 2 LIMIT 1   [ RunTime:0.0410s ]
SQL: SHOW COLUMNS FROM `vs_projects` [ RunTime:0.0436s ]
SQL: SELECT * FROM `vs_projects` WHERE `status` = 0  [ RunTime:0.0860s ]
SQL: SELECT `pid`,`name`,`uid`,`issue_time`,`status` FROM `vs_projects` WHERE `status` = 0 LIMIT 0,8   [ RunTime:0.0380s ]
SQL: SELECT `name`,`tel`,`email` FROM `vs_user` WHERE `uid` = 23 LIMIT 1   [ RunTime:0.0774s ]
SQL: SELECT `name`,`tel`,`email` FROM `vs_user` WHERE `uid` = 23 LIMIT 1   [ RunTime:0.0364s ]
SQL: SELECT `name`,`tel`,`email` FROM `vs_user` WHERE `uid` = 23 LIMIT 1   [ RunTime:0.0422s ]
SQL: SELECT `name`,`tel`,`email` FROM `vs_user` WHERE `uid` = 8 LIMIT 1   [ RunTime:0.0424s ]
SQL: SELECT `name`,`tel`,`email` FROM `vs_user` WHERE `uid` = 8 LIMIT 1   [ RunTime:0.0374s ]
SQL: SELECT `name`,`tel`,`email` FROM `vs_user` WHERE `uid` = 8 LIMIT 1   [ RunTime:0.0407s ]
SQL: SELECT `name`,`tel`,`email` FROM `vs_user` WHERE `uid` = 8 LIMIT 1   [ RunTime:0.0379s ]
SQL: SELECT `name`,`tel`,`email` FROM `vs_user` WHERE `uid` = 8 LIMIT 1   [ RunTime:0.0439s ]
INFO: [ view_parse ] --START--
INFO: [ template_filter ] --START--
INFO: Run Behavior\ContentReplaceBehavior [ RunTime:0.000081s ]
INFO: [ template_filter ] --END-- [ RunTime:0.000156s ]
INFO: Run Behavior\ParseTemplateBehavior [ RunTime:0.018830s ]
INFO: [ view_parse ] --END-- [ RunTime:0.018954s ]
INFO: [ view_filter ] --START--
INFO: Run Behavior\WriteHtmlCacheBehavior [ RunTime:0.000151s ]
INFO: [ view_filter ] --END-- [ RunTime:0.000208s ]
INFO: [ app_end ] --START--
INFO: Run Behavior\ShowPageTraceBehavior [ RunTime:0.000877s ]
INFO: [ app_end ] --END-- [ RunTime:0.001003s ]

[ 2016-09-08T21:34:54+08:00 ] ::1 /FZU-VentureService/Admin/index.php/home/field/index
INFO: [ app_init ] --START--
INFO: Run Behavior\BuildLiteBehavior [ RunTime:0.000016s ]
INFO: [ app_init ] --END-- [ RunTime:0.000367s ]
INFO: [ app_begin ] --START--
INFO: Run Behavior\ReadHtmlCacheBehavior [ RunTime:0.000472s ]
INFO: [ app_begin ] --END-- [ RunTime:0.000534s ]
SQL: SHOW COLUMNS FROM `vs_user_token` [ RunTime:0.0435s ]
SQL: SELECT * FROM `vs_user_token` WHERE `token` = 'b1f497ac276bf2fd2ae5f468fe170555' LIMIT 1   [ RunTime:0.0495s ]
SQL: SHOW COLUMNS FROM `vs_user` [ RunTime:0.0452s ]
SQL: SELECT `uid`,`username`,`nickname`,`name`,`groupid` FROM `vs_user` WHERE `uid` = 2 LIMIT 1   [ RunTime:0.0522s ]
SQL: SHOW COLUMNS FROM `vs_field_apply` [ RunTime:0.0447s ]
SQL: SELECT * FROM `vs_field_apply` WHERE `status` = 0  [ RunTime:0.0960s ]
SQL: SELECT * FROM `vs_field_apply` WHERE `status` = 0 LIMIT 0,8   [ RunTime:0.0615s ]
INFO: [ view_parse ] --START--
INFO: [ template_filter ] --START--
INFO: Run Behavior\ContentReplaceBehavior [ RunTime:0.000083s ]
INFO: [ template_filter ] --END-- [ RunTime:0.000154s ]
INFO: Run Behavior\ParseTemplateBehavior [ RunTime:0.017116s ]
INFO: [ view_parse ] --END-- [ RunTime:0.017223s ]
INFO: [ view_filter ] --START--
INFO: Run Behavior\WriteHtmlCacheBehavior [ RunTime:0.000147s ]
INFO: [ view_filter ] --END-- [ RunTime:0.000203s ]
INFO: [ app_end ] --START--
INFO: Run Behavior\ShowPageTraceBehavior [ RunTime:0.000516s ]
INFO: [ app_end ] --END-- [ RunTime:0.000576s ]

[ 2016-09-08T21:34:56+08:00 ] ::1 /FZU-VentureService/Admin/index.php/home/project/index
INFO: [ app_init ] --START--
INFO: Run Behavior\BuildLiteBehavior [ RunTime:0.000018s ]
INFO: [ app_init ] --END-- [ RunTime:0.000385s ]
INFO: [ app_begin ] --START--
INFO: Run Behavior\ReadHtmlCacheBehavior [ RunTime:0.000487s ]
INFO: [ app_begin ] --END-- [ RunTime:0.000551s ]
SQL: SHOW COLUMNS FROM `vs_user_token` [ RunTime:0.0460s ]
SQL: SELECT * FROM `vs_user_token` WHERE `token` = 'b1f497ac276bf2fd2ae5f468fe170555' LIMIT 1   [ RunTime:0.0480s ]
SQL: SHOW COLUMNS FROM `vs_user` [ RunTime:0.0422s ]
SQL: SELECT `uid`,`username`,`nickname`,`name`,`groupid` FROM `vs_user` WHERE `uid` = 2 LIMIT 1   [ RunTime:0.0484s ]
SQL: SHOW COLUMNS FROM `vs_projects` [ RunTime:0.0446s ]
SQL: SELECT * FROM `vs_projects` WHERE `status` = 0  [ RunTime:0.0961s ]
SQL: SELECT `pid`,`name`,`uid`,`issue_time`,`status` FROM `vs_projects` WHERE `status` = 0 LIMIT 0,8   [ RunTime:0.0471s ]
SQL: SELECT `name`,`tel`,`email` FROM `vs_user` WHERE `uid` = 23 LIMIT 1   [ RunTime:0.0458s ]
SQL: SELECT `name`,`tel`,`email` FROM `vs_user` WHERE `uid` = 23 LIMIT 1   [ RunTime:0.0507s ]
SQL: SELECT `name`,`tel`,`email` FROM `vs_user` WHERE `uid` = 23 LIMIT 1   [ RunTime:0.0437s ]
SQL: SELECT `name`,`tel`,`email` FROM `vs_user` WHERE `uid` = 8 LIMIT 1   [ RunTime:0.0439s ]
SQL: SELECT `name`,`tel`,`email` FROM `vs_user` WHERE `uid` = 8 LIMIT 1   [ RunTime:0.0451s ]
SQL: SELECT `name`,`tel`,`email` FROM `vs_user` WHERE `uid` = 8 LIMIT 1   [ RunTime:0.0475s ]
SQL: SELECT `name`,`tel`,`email` FROM `vs_user` WHERE `uid` = 8 LIMIT 1   [ RunTime:0.0426s ]
SQL: SELECT `name`,`tel`,`email` FROM `vs_user` WHERE `uid` = 8 LIMIT 1   [ RunTime:0.0732s ]
INFO: [ view_parse ] --START--
INFO: [ template_filter ] --START--
INFO: Run Behavior\ContentReplaceBehavior [ RunTime:0.000082s ]
INFO: [ template_filter ] --END-- [ RunTime:0.000159s ]
INFO: Run Behavior\ParseTemplateBehavior [ RunTime:0.017982s ]
INFO: [ view_parse ] --END-- [ RunTime:0.018092s ]
INFO: [ view_filter ] --START--
INFO: Run Behavior\WriteHtmlCacheBehavior [ RunTime:0.000162s ]
INFO: [ view_filter ] --END-- [ RunTime:0.000218s ]
INFO: [ app_end ] --START--
INFO: Run Behavior\ShowPageTraceBehavior [ RunTime:0.000848s ]
INFO: [ app_end ] --END-- [ RunTime:0.000980s ]

[ 2016-09-08T21:34:59+08:00 ] ::1 /FZU-VentureService/Admin/index.php/home/class/index
INFO: [ app_init ] --START--
INFO: Run Behavior\BuildLiteBehavior [ RunTime:0.000016s ]
INFO: [ app_init ] --END-- [ RunTime:0.000380s ]
INFO: [ app_begin ] --START--
INFO: Run Behavior\ReadHtmlCacheBehavior [ RunTime:0.000468s ]
INFO: [ app_begin ] --END-- [ RunTime:0.000528s ]
SQL: SHOW COLUMNS FROM `vs_user_token` [ RunTime:0.0441s ]
SQL: SELECT * FROM `vs_user_token` WHERE `token` = 'b1f497ac276bf2fd2ae5f468fe170555' LIMIT 1   [ RunTime:0.0460s ]
SQL: SHOW COLUMNS FROM `vs_user` [ RunTime:0.0466s ]
SQL: SELECT `uid`,`username`,`nickname`,`name`,`groupid` FROM `vs_user` WHERE `uid` = 2 LIMIT 1   [ RunTime:0.0437s ]
SQL: SHOW COLUMNS FROM `vs_class_enroll` [ RunTime:0.0426s ]
SQL: SELECT * FROM `vs_class_enroll`  [ RunTime:0.0400s ]
SQL: SELECT * FROM `vs_class_enroll` WHERE `status` = 0 LIMIT 0,8   [ RunTime:0.0435s ]
SQL: SHOW COLUMNS FROM `vs_classes` [ RunTime:0.0423s ]
SQL: SELECT * FROM `vs_classes` WHERE `cid` = 1 LIMIT 1   [ RunTime:0.0430s ]
SQL: SELECT `username`,`name`,`gender`,`tel`,`email`,`reg_time`,`avatar` FROM `vs_user` WHERE `uid` = 10 LIMIT 1   [ RunTime:0.0423s ]
SQL: SELECT * FROM `vs_classes` WHERE `cid` = 1 LIMIT 1   [ RunTime:0.0451s ]
SQL: SELECT `username`,`name`,`gender`,`tel`,`email`,`reg_time`,`avatar` FROM `vs_user` WHERE `uid` = 16 LIMIT 1   [ RunTime:0.0484s ]
SQL: SELECT * FROM `vs_classes` WHERE `cid` = 0 LIMIT 1   [ RunTime:0.0439s ]
SQL: SELECT `username`,`name`,`gender`,`tel`,`email`,`reg_time`,`avatar` FROM `vs_user` WHERE `uid` = 0 LIMIT 1   [ RunTime:0.0447s ]
SQL: SELECT * FROM `vs_classes` WHERE `cid` = 0 LIMIT 1   [ RunTime:0.0473s ]
SQL: SELECT `username`,`name`,`gender`,`tel`,`email`,`reg_time`,`avatar` FROM `vs_user` WHERE `uid` = 0 LIMIT 1   [ RunTime:0.0430s ]
SQL: SELECT * FROM `vs_classes` WHERE `cid` = 0 LIMIT 1   [ RunTime:0.0455s ]
SQL: SELECT `username`,`name`,`gender`,`tel`,`email`,`reg_time`,`avatar` FROM `vs_user` WHERE `uid` = 0 LIMIT 1   [ RunTime:0.0492s ]
SQL: SELECT * FROM `vs_classes` WHERE `cid` = 0 LIMIT 1   [ RunTime:0.0475s ]
SQL: SELECT `username`,`name`,`gender`,`tel`,`email`,`reg_time`,`avatar` FROM `vs_user` WHERE `uid` = 0 LIMIT 1   [ RunTime:0.0451s ]
SQL: SELECT * FROM `vs_classes` WHERE `cid` = 2 LIMIT 1   [ RunTime:0.0471s ]
SQL: SELECT `username`,`name`,`gender`,`tel`,`email`,`reg_time`,`avatar` FROM `vs_user` WHERE `uid` = 123 LIMIT 1   [ RunTime:0.0441s ]
SQL: SELECT * FROM `vs_classes` WHERE `cid` = 2 LIMIT 1   [ RunTime:0.0486s ]
SQL: SELECT `username`,`name`,`gender`,`tel`,`email`,`reg_time`,`avatar` FROM `vs_user` WHERE `uid` = 123 LIMIT 1   [ RunTime:0.0450s ]
INFO: [ view_parse ] --START--
INFO: [ template_filter ] --START--
INFO: Run Behavior\ContentReplaceBehavior [ RunTime:0.000082s ]
INFO: [ template_filter ] --END-- [ RunTime:0.000153s ]
INFO: Run Behavior\ParseTemplateBehavior [ RunTime:0.017640s ]
INFO: [ view_parse ] --END-- [ RunTime:0.017751s ]
INFO: [ view_filter ] --START--
INFO: Run Behavior\WriteHtmlCacheBehavior [ RunTime:0.000155s ]
INFO: [ view_filter ] --END-- [ RunTime:0.000211s ]
INFO: [ app_end ] --START--
INFO: Run Behavior\ShowPageTraceBehavior [ RunTime:0.000797s ]
INFO: [ app_end ] --END-- [ RunTime:0.000899s ]

[ 2016-09-08T21:35:04+08:00 ] ::1 /FZU-VentureService/Admin/index.php/home/project/index/2
INFO: [ app_init ] --START--
INFO: Run Behavior\BuildLiteBehavior [ RunTime:0.000019s ]
INFO: [ app_init ] --END-- [ RunTime:0.000403s ]
INFO: [ app_begin ] --START--
INFO: Run Behavior\ReadHtmlCacheBehavior [ RunTime:0.000484s ]
INFO: [ app_begin ] --END-- [ RunTime:0.000546s ]
SQL: SHOW COLUMNS FROM `vs_user_token` [ RunTime:0.0488s ]
SQL: SELECT * FROM `vs_user_token` WHERE `token` = 'b1f497ac276bf2fd2ae5f468fe170555' LIMIT 1   [ RunTime:0.0500s ]
SQL: SHOW COLUMNS FROM `vs_user` [ RunTime:0.0462s ]
SQL: SELECT `uid`,`username`,`nickname`,`name`,`groupid` FROM `vs_user` WHERE `uid` = 2 LIMIT 1   [ RunTime:0.0484s ]
SQL: SHOW COLUMNS FROM `vs_projects` [ RunTime:0.0448s ]
SQL: SELECT * FROM `vs_projects` WHERE `status` = 0  [ RunTime:0.1195s ]
SQL: SELECT `pid`,`name`,`uid`,`issue_time`,`status` FROM `vs_projects` WHERE `status` = 0 LIMIT 8,8   [ RunTime:0.0481s ]
SQL: SELECT `name`,`tel`,`email` FROM `vs_user` WHERE `uid` = 8 LIMIT 1   [ RunTime:0.0503s ]
SQL: SELECT `name`,`tel`,`email` FROM `vs_user` WHERE `uid` = 8 LIMIT 1   [ RunTime:0.0466s ]
SQL: SELECT `name`,`tel`,`email` FROM `vs_user` WHERE `uid` = 8 LIMIT 1   [ RunTime:0.0442s ]
SQL: SELECT `name`,`tel`,`email` FROM `vs_user` WHERE `uid` = 8 LIMIT 1   [ RunTime:0.0430s ]
SQL: SELECT `name`,`tel`,`email` FROM `vs_user` WHERE `uid` = 8 LIMIT 1   [ RunTime:0.0470s ]
SQL: SELECT `name`,`tel`,`email` FROM `vs_user` WHERE `uid` = 8 LIMIT 1   [ RunTime:0.0444s ]
SQL: SELECT `name`,`tel`,`email` FROM `vs_user` WHERE `uid` = 8 LIMIT 1   [ RunTime:0.0491s ]
SQL: SELECT `name`,`tel`,`email` FROM `vs_user` WHERE `uid` = 8 LIMIT 1   [ RunTime:0.0428s ]
INFO: [ view_parse ] --START--
INFO: [ template_filter ] --START--
INFO: Run Behavior\ContentReplaceBehavior [ RunTime:0.000082s ]
INFO: [ template_filter ] --END-- [ RunTime:0.000159s ]
INFO: Run Behavior\ParseTemplateBehavior [ RunTime:0.022067s ]
INFO: [ view_parse ] --END-- [ RunTime:0.022178s ]
INFO: [ view_filter ] --START--
INFO: Run Behavior\WriteHtmlCacheBehavior [ RunTime:0.000152s ]
INFO: [ view_filter ] --END-- [ RunTime:0.000208s ]
INFO: [ app_end ] --START--
INFO: Run Behavior\ShowPageTraceBehavior [ RunTime:0.000785s ]
INFO: [ app_end ] --END-- [ RunTime:0.000873s ]

[ 2016-09-08T21:35:20+08:00 ] ::1 /FZU-VentureService/Admin/index.php/home/class/index
INFO: [ app_init ] --START--
INFO: Run Behavior\BuildLiteBehavior [ RunTime:0.000018s ]
INFO: [ app_init ] --END-- [ RunTime:0.000379s ]
INFO: [ app_begin ] --START--
INFO: Run Behavior\ReadHtmlCacheBehavior [ RunTime:0.000481s ]
INFO: [ app_begin ] --END-- [ RunTime:0.000544s ]
SQL: SHOW COLUMNS FROM `vs_user_token` [ RunTime:0.0490s ]
SQL: SELECT * FROM `vs_user_token` WHERE `token` = 'b1f497ac276bf2fd2ae5f468fe170555' LIMIT 1   [ RunTime:0.0496s ]
SQL: SHOW COLUMNS FROM `vs_user` [ RunTime:0.0429s ]
SQL: SELECT `uid`,`username`,`nickname`,`name`,`groupid` FROM `vs_user` WHERE `uid` = 2 LIMIT 1   [ RunTime:0.0459s ]
SQL: SHOW COLUMNS FROM `vs_class_enroll` [ RunTime:0.0552s ]
SQL: SELECT * FROM `vs_class_enroll`  [ RunTime:0.0435s ]
SQL: SELECT * FROM `vs_class_enroll` WHERE `status` = 0 LIMIT 0,8   [ RunTime:0.0436s ]
SQL: SHOW COLUMNS FROM `vs_classes` [ RunTime:0.0565s ]
SQL: SELECT * FROM `vs_classes` WHERE `cid` = 1 LIMIT 1   [ RunTime:0.0421s ]
SQL: SELECT `username`,`name`,`gender`,`tel`,`email`,`reg_time`,`avatar` FROM `vs_user` WHERE `uid` = 10 LIMIT 1   [ RunTime:0.0501s ]
SQL: SELECT * FROM `vs_classes` WHERE `cid` = 1 LIMIT 1   [ RunTime:0.0483s ]
SQL: SELECT `username`,`name`,`gender`,`tel`,`email`,`reg_time`,`avatar` FROM `vs_user` WHERE `uid` = 16 LIMIT 1   [ RunTime:0.0573s ]
SQL: SELECT * FROM `vs_classes` WHERE `cid` = 0 LIMIT 1   [ RunTime:0.0477s ]
SQL: SELECT `username`,`name`,`gender`,`tel`,`email`,`reg_time`,`avatar` FROM `vs_user` WHERE `uid` = 0 LIMIT 1   [ RunTime:0.0465s ]
SQL: SELECT * FROM `vs_classes` WHERE `cid` = 0 LIMIT 1   [ RunTime:0.0460s ]
SQL: SELECT `username`,`name`,`gender`,`tel`,`email`,`reg_time`,`avatar` FROM `vs_user` WHERE `uid` = 0 LIMIT 1   [ RunTime:0.0592s ]
SQL: SELECT * FROM `vs_classes` WHERE `cid` = 0 LIMIT 1   [ RunTime:0.0454s ]
SQL: SELECT `username`,`name`,`gender`,`tel`,`email`,`reg_time`,`avatar` FROM `vs_user` WHERE `uid` = 0 LIMIT 1   [ RunTime:0.0445s ]
SQL: SELECT * FROM `vs_classes` WHERE `cid` = 0 LIMIT 1   [ RunTime:0.0423s ]
SQL: SELECT `username`,`name`,`gender`,`tel`,`email`,`reg_time`,`avatar` FROM `vs_user` WHERE `uid` = 0 LIMIT 1   [ RunTime:0.0505s ]
SQL: SELECT * FROM `vs_classes` WHERE `cid` = 2 LIMIT 1   [ RunTime:0.0442s ]
SQL: SELECT `username`,`name`,`gender`,`tel`,`email`,`reg_time`,`avatar` FROM `vs_user` WHERE `uid` = 123 LIMIT 1   [ RunTime:0.0502s ]
SQL: SELECT * FROM `vs_classes` WHERE `cid` = 2 LIMIT 1   [ RunTime:0.0484s ]
SQL: SELECT `username`,`name`,`gender`,`tel`,`email`,`reg_time`,`avatar` FROM `vs_user` WHERE `uid` = 123 LIMIT 1   [ RunTime:0.0462s ]
INFO: [ view_parse ] --START--
INFO: [ template_filter ] --START--
INFO: Run Behavior\ContentReplaceBehavior [ RunTime:0.000095s ]
INFO: [ template_filter ] --END-- [ RunTime:0.000206s ]
INFO: Run Behavior\ParseTemplateBehavior [ RunTime:0.020789s ]
INFO: [ view_parse ] --END-- [ RunTime:0.020906s ]
INFO: [ view_filter ] --START--
INFO: Run Behavior\WriteHtmlCacheBehavior [ RunTime:0.000169s ]
INFO: [ view_filter ] --END-- [ RunTime:0.000227s ]
INFO: [ app_end ] --START--
INFO: Run Behavior\ShowPageTraceBehavior [ RunTime:0.000872s ]
INFO: [ app_end ] --END-- [ RunTime:0.000976s ]

[ 2016-09-08T21:35:22+08:00 ] ::1 /FZU-VentureService/Admin/index.php/home/class/index
INFO: [ app_init ] --START--
INFO: Run Behavior\BuildLiteBehavior [ RunTime:0.000025s ]
INFO: [ app_init ] --END-- [ RunTime:0.000505s ]
INFO: [ app_begin ] --START--
INFO: Run Behavior\ReadHtmlCacheBehavior [ RunTime:0.000947s ]
INFO: [ app_begin ] --END-- [ RunTime:0.001086s ]
SQL: SHOW COLUMNS FROM `vs_user_token` [ RunTime:0.0425s ]
SQL: SELECT * FROM `vs_user_token` WHERE `token` = 'b1f497ac276bf2fd2ae5f468fe170555' LIMIT 1   [ RunTime:0.0743s ]
SQL: SHOW COLUMNS FROM `vs_user` [ RunTime:0.0415s ]
SQL: SELECT `uid`,`username`,`nickname`,`name`,`groupid` FROM `vs_user` WHERE `uid` = 2 LIMIT 1   [ RunTime:0.0410s ]
SQL: SHOW COLUMNS FROM `vs_class_enroll` [ RunTime:0.0416s ]
SQL: SELECT * FROM `vs_class_enroll`  [ RunTime:0.0449s ]
SQL: SELECT * FROM `vs_class_enroll` WHERE `status` = 0 LIMIT 0,8   [ RunTime:0.0413s ]
SQL: SHOW COLUMNS FROM `vs_classes` [ RunTime:0.0386s ]
SQL: SELECT * FROM `vs_classes` WHERE `cid` = 1 LIMIT 1   [ RunTime:0.0926s ]
SQL: SELECT `username`,`name`,`gender`,`tel`,`email`,`reg_time`,`avatar` FROM `vs_user` WHERE `uid` = 10 LIMIT 1   [ RunTime:0.0432s ]
SQL: SELECT * FROM `vs_classes` WHERE `cid` = 1 LIMIT 1   [ RunTime:0.0427s ]
SQL: SELECT `username`,`name`,`gender`,`tel`,`email`,`reg_time`,`avatar` FROM `vs_user` WHERE `uid` = 16 LIMIT 1   [ RunTime:0.0484s ]
SQL: SELECT * FROM `vs_classes` WHERE `cid` = 0 LIMIT 1   [ RunTime:0.0453s ]
SQL: SELECT `username`,`name`,`gender`,`tel`,`email`,`reg_time`,`avatar` FROM `vs_user` WHERE `uid` = 0 LIMIT 1   [ RunTime:0.0440s ]
SQL: SELECT * FROM `vs_classes` WHERE `cid` = 0 LIMIT 1   [ RunTime:0.0414s ]
SQL: SELECT `username`,`name`,`gender`,`tel`,`email`,`reg_time`,`avatar` FROM `vs_user` WHERE `uid` = 0 LIMIT 1   [ RunTime:0.0444s ]
SQL: SELECT * FROM `vs_classes` WHERE `cid` = 0 LIMIT 1   [ RunTime:0.0387s ]
SQL: SELECT `username`,`name`,`gender`,`tel`,`email`,`reg_time`,`avatar` FROM `vs_user` WHERE `uid` = 0 LIMIT 1   [ RunTime:0.0432s ]
SQL: SELECT * FROM `vs_classes` WHERE `cid` = 0 LIMIT 1   [ RunTime:0.0431s ]
SQL: SELECT `username`,`name`,`gender`,`tel`,`email`,`reg_time`,`avatar` FROM `vs_user` WHERE `uid` = 0 LIMIT 1   [ RunTime:0.0445s ]
SQL: SELECT * FROM `vs_classes` WHERE `cid` = 2 LIMIT 1   [ RunTime:0.0431s ]
SQL: SELECT `username`,`name`,`gender`,`tel`,`email`,`reg_time`,`avatar` FROM `vs_user` WHERE `uid` = 123 LIMIT 1   [ RunTime:0.0907s ]
SQL: SELECT * FROM `vs_classes` WHERE `cid` = 2 LIMIT 1   [ RunTime:0.0463s ]
SQL: SELECT `username`,`name`,`gender`,`tel`,`email`,`reg_time`,`avatar` FROM `vs_user` WHERE `uid` = 123 LIMIT 1   [ RunTime:0.0455s ]
INFO: [ view_parse ] --START--
INFO: [ template_filter ] --START--
INFO: Run Behavior\ContentReplaceBehavior [ RunTime:0.000082s ]
INFO: [ template_filter ] --END-- [ RunTime:0.000157s ]
INFO: Run Behavior\ParseTemplateBehavior [ RunTime:0.020691s ]
INFO: [ view_parse ] --END-- [ RunTime:0.020847s ]
INFO: [ view_filter ] --START--
INFO: Run Behavior\WriteHtmlCacheBehavior [ RunTime:0.000340s ]
INFO: [ view_filter ] --END-- [ RunTime:0.000465s ]
INFO: [ app_end ] --START--
INFO: Run Behavior\ShowPageTraceBehavior [ RunTime:0.001002s ]
INFO: [ app_end ] --END-- [ RunTime:0.001144s ]

[ 2016-09-08T21:36:36+08:00 ] ::1 /FZU-VentureService/Admin/index.php/home/class/index
INFO: [ app_init ] --START--
INFO: Run Behavior\BuildLiteBehavior [ RunTime:0.000016s ]
INFO: [ app_init ] --END-- [ RunTime:0.000391s ]
INFO: [ app_begin ] --START--
INFO: Run Behavior\ReadHtmlCacheBehavior [ RunTime:0.000566s ]
INFO: [ app_begin ] --END-- [ RunTime:0.000635s ]
SQL: SHOW COLUMNS FROM `vs_user_token` [ RunTime:0.0392s ]
SQL: SELECT * FROM `vs_user_token` WHERE `token` = 'b1f497ac276bf2fd2ae5f468fe170555' LIMIT 1   [ RunTime:0.0462s ]
SQL: SHOW COLUMNS FROM `vs_user` [ RunTime:0.0417s ]
SQL: SELECT `uid`,`username`,`nickname`,`name`,`groupid` FROM `vs_user` WHERE `uid` = 2 LIMIT 1   [ RunTime:0.0446s ]
SQL: SHOW COLUMNS FROM `vs_class_enroll` [ RunTime:0.0402s ]
SQL: SELECT * FROM `vs_class_enroll`  [ RunTime:0.0447s ]
SQL: SELECT * FROM `vs_class_enroll` WHERE `status` = 0 LIMIT 0,8   [ RunTime:0.0423s ]
SQL: SHOW COLUMNS FROM `vs_classes` [ RunTime:0.0433s ]
SQL: SELECT * FROM `vs_classes` WHERE `cid` = 1 LIMIT 1   [ RunTime:0.0420s ]
SQL: SELECT `username`,`name`,`gender`,`tel`,`email`,`reg_time`,`avatar` FROM `vs_user` WHERE `uid` = 10 LIMIT 1   [ RunTime:0.0479s ]
SQL: SELECT * FROM `vs_classes` WHERE `cid` = 1 LIMIT 1   [ RunTime:0.0380s ]
SQL: SELECT `username`,`name`,`gender`,`tel`,`email`,`reg_time`,`avatar` FROM `vs_user` WHERE `uid` = 16 LIMIT 1   [ RunTime:0.0416s ]
SQL: SELECT * FROM `vs_classes` WHERE `cid` = 0 LIMIT 1   [ RunTime:0.0408s ]
SQL: SELECT `username`,`name`,`gender`,`tel`,`email`,`reg_time`,`avatar` FROM `vs_user` WHERE `uid` = 0 LIMIT 1   [ RunTime:0.0451s ]
SQL: SELECT * FROM `vs_classes` WHERE `cid` = 0 LIMIT 1   [ RunTime:0.0400s ]
SQL: SELECT `username`,`name`,`gender`,`tel`,`email`,`reg_time`,`avatar` FROM `vs_user` WHERE `uid` = 0 LIMIT 1   [ RunTime:0.0757s ]
SQL: SELECT * FROM `vs_classes` WHERE `cid` = 0 LIMIT 1   [ RunTime:0.0439s ]
SQL: SELECT `username`,`name`,`gender`,`tel`,`email`,`reg_time`,`avatar` FROM `vs_user` WHERE `uid` = 0 LIMIT 1   [ RunTime:0.0438s ]
SQL: SELECT * FROM `vs_classes` WHERE `cid` = 0 LIMIT 1   [ RunTime:0.0400s ]
SQL: SELECT `username`,`name`,`gender`,`tel`,`email`,`reg_time`,`avatar` FROM `vs_user` WHERE `uid` = 0 LIMIT 1   [ RunTime:0.0401s ]
SQL: SELECT * FROM `vs_classes` WHERE `cid` = 2 LIMIT 1   [ RunTime:0.0422s ]
SQL: SELECT `username`,`name`,`gender`,`tel`,`email`,`reg_time`,`avatar` FROM `vs_user` WHERE `uid` = 123 LIMIT 1   [ RunTime:0.0449s ]
SQL: SELECT * FROM `vs_classes` WHERE `cid` = 2 LIMIT 1   [ RunTime:0.0415s ]
SQL: SELECT `username`,`name`,`gender`,`tel`,`email`,`reg_time`,`avatar` FROM `vs_user` WHERE `uid` = 123 LIMIT 1   [ RunTime:0.0439s ]
INFO: [ view_parse ] --START--
INFO: [ template_filter ] --START--
INFO: Run Behavior\ContentReplaceBehavior [ RunTime:0.000111s ]
INFO: [ template_filter ] --END-- [ RunTime:0.000193s ]
INFO: Run Behavior\ParseTemplateBehavior [ RunTime:0.024111s ]
INFO: [ view_parse ] --END-- [ RunTime:0.024219s ]
INFO: [ view_filter ] --START--
INFO: Run Behavior\WriteHtmlCacheBehavior [ RunTime:0.000163s ]
INFO: [ view_filter ] --END-- [ RunTime:0.000218s ]
INFO: [ app_end ] --START--
INFO: Run Behavior\ShowPageTraceBehavior [ RunTime:0.000835s ]
INFO: [ app_end ] --END-- [ RunTime:0.000927s ]

[ 2016-09-08T21:36:40+08:00 ] ::1 /FZU-VentureService/Admin/index.php/home/class/index/2
INFO: [ app_init ] --START--
INFO: Run Behavior\BuildLiteBehavior [ RunTime:0.000017s ]
INFO: [ app_init ] --END-- [ RunTime:0.000398s ]
INFO: [ app_begin ] --START--
INFO: Run Behavior\ReadHtmlCacheBehavior [ RunTime:0.000471s ]
INFO: [ app_begin ] --END-- [ RunTime:0.000533s ]
SQL: SHOW COLUMNS FROM `vs_user_token` [ RunTime:0.0460s ]
SQL: SELECT * FROM `vs_user_token` WHERE `token` = 'b1f497ac276bf2fd2ae5f468fe170555' LIMIT 1   [ RunTime:0.0478s ]
SQL: SHOW COLUMNS FROM `vs_user` [ RunTime:0.0470s ]
SQL: SELECT `uid`,`username`,`nickname`,`name`,`groupid` FROM `vs_user` WHERE `uid` = 2 LIMIT 1   [ RunTime:0.0675s ]
SQL: SHOW COLUMNS FROM `vs_class_enroll` [ RunTime:0.0488s ]
SQL: SELECT * FROM `vs_class_enroll`  [ RunTime:0.0442s ]
SQL: SELECT * FROM `vs_class_enroll` WHERE `status` = 0 LIMIT 8,8   [ RunTime:0.0442s ]
SQL: SHOW COLUMNS FROM `vs_classes` [ RunTime:0.0438s ]
SQL: SELECT * FROM `vs_classes` WHERE `cid` = 2 LIMIT 1   [ RunTime:0.0432s ]
SQL: SELECT `username`,`name`,`gender`,`tel`,`email`,`reg_time`,`avatar` FROM `vs_user` WHERE `uid` = 123 LIMIT 1   [ RunTime:0.0491s ]
SQL: SELECT * FROM `vs_classes` WHERE `cid` = 6 LIMIT 1   [ RunTime:0.0442s ]
SQL: SELECT `username`,`name`,`gender`,`tel`,`email`,`reg_time`,`avatar` FROM `vs_user` WHERE `uid` = 0 LIMIT 1   [ RunTime:0.0483s ]
SQL: SELECT * FROM `vs_classes` WHERE `cid` = 6 LIMIT 1   [ RunTime:0.0459s ]
SQL: SELECT `username`,`name`,`gender`,`tel`,`email`,`reg_time`,`avatar` FROM `vs_user` WHERE `uid` = 0 LIMIT 1   [ RunTime:0.0510s ]
SQL: SELECT * FROM `vs_classes` WHERE `cid` = 6 LIMIT 1   [ RunTime:0.0447s ]
SQL: SELECT `username`,`name`,`gender`,`tel`,`email`,`reg_time`,`avatar` FROM `vs_user` WHERE `uid` = 0 LIMIT 1   [ RunTime:0.0513s ]
SQL: SELECT * FROM `vs_classes` WHERE `cid` = 6 LIMIT 1   [ RunTime:0.0736s ]
SQL: SELECT `username`,`name`,`gender`,`tel`,`email`,`reg_time`,`avatar` FROM `vs_user` WHERE `uid` = 0 LIMIT 1   [ RunTime:0.0491s ]
SQL: SELECT * FROM `vs_classes` WHERE `cid` = 6 LIMIT 1   [ RunTime:0.0444s ]
SQL: SELECT `username`,`name`,`gender`,`tel`,`email`,`reg_time`,`avatar` FROM `vs_user` WHERE `uid` = 0 LIMIT 1   [ RunTime:0.0484s ]
SQL: SELECT * FROM `vs_classes` WHERE `cid` = 6 LIMIT 1   [ RunTime:0.0499s ]
SQL: SELECT `username`,`name`,`gender`,`tel`,`email`,`reg_time`,`avatar` FROM `vs_user` WHERE `uid` = 0 LIMIT 1   [ RunTime:0.0479s ]
SQL: SELECT * FROM `vs_classes` WHERE `cid` = 6 LIMIT 1   [ RunTime:0.0437s ]
SQL: SELECT `username`,`name`,`gender`,`tel`,`email`,`reg_time`,`avatar` FROM `vs_user` WHERE `uid` = 0 LIMIT 1   [ RunTime:0.1510s ]
INFO: [ view_parse ] --START--
INFO: [ template_filter ] --START--
INFO: Run Behavior\ContentReplaceBehavior [ RunTime:0.000083s ]
INFO: [ template_filter ] --END-- [ RunTime:0.000158s ]
INFO: Run Behavior\ParseTemplateBehavior [ RunTime:0.018149s ]
INFO: [ view_parse ] --END-- [ RunTime:0.018262s ]
INFO: [ view_filter ] --START--
INFO: Run Behavior\WriteHtmlCacheBehavior [ RunTime:0.000165s ]
INFO: [ view_filter ] --END-- [ RunTime:0.000221s ]
INFO: [ app_end ] --START--
INFO: Run Behavior\ShowPageTraceBehavior [ RunTime:0.000800s ]
INFO: [ app_end ] --END-- [ RunTime:0.000919s ]

[ 2016-09-08T21:36:43+08:00 ] ::1 /FZU-VentureService/Admin/index.php/home/class/index/3
INFO: [ app_init ] --START--
INFO: Run Behavior\BuildLiteBehavior [ RunTime:0.000017s ]
INFO: [ app_init ] --END-- [ RunTime:0.000362s ]
INFO: [ app_begin ] --START--
INFO: Run Behavior\ReadHtmlCacheBehavior [ RunTime:0.000494s ]
INFO: [ app_begin ] --END-- [ RunTime:0.000555s ]
SQL: SHOW COLUMNS FROM `vs_user_token` [ RunTime:0.0455s ]
SQL: SELECT * FROM `vs_user_token` WHERE `token` = 'b1f497ac276bf2fd2ae5f468fe170555' LIMIT 1   [ RunTime:0.0438s ]
SQL: SHOW COLUMNS FROM `vs_user` [ RunTime:0.0448s ]
SQL: SELECT `uid`,`username`,`nickname`,`name`,`groupid` FROM `vs_user` WHERE `uid` = 2 LIMIT 1   [ RunTime:0.0484s ]
SQL: SHOW COLUMNS FROM `vs_class_enroll` [ RunTime:0.0678s ]
SQL: SELECT * FROM `vs_class_enroll`  [ RunTime:0.0432s ]
SQL: SELECT * FROM `vs_class_enroll` WHERE `status` = 0 LIMIT 16,8   [ RunTime:0.0431s ]
SQL: SHOW COLUMNS FROM `vs_classes` [ RunTime:0.0517s ]
SQL: SELECT * FROM `vs_classes` WHERE `cid` = 6 LIMIT 1   [ RunTime:0.0430s ]
SQL: SELECT `username`,`name`,`gender`,`tel`,`email`,`reg_time`,`avatar` FROM `vs_user` WHERE `uid` = 0 LIMIT 1   [ RunTime:0.0506s ]
SQL: SELECT * FROM `vs_classes` WHERE `cid` = 6 LIMIT 1   [ RunTime:0.0428s ]
SQL: SELECT `username`,`name`,`gender`,`tel`,`email`,`reg_time`,`avatar` FROM `vs_user` WHERE `uid` = 0 LIMIT 1   [ RunTime:0.0484s ]
SQL: SELECT * FROM `vs_classes` WHERE `cid` = 6 LIMIT 1   [ RunTime:0.0465s ]
SQL: SELECT `username`,`name`,`gender`,`tel`,`email`,`reg_time`,`avatar` FROM `vs_user` WHERE `uid` = 0 LIMIT 1   [ RunTime:0.0461s ]
SQL: SELECT * FROM `vs_classes` WHERE `cid` = 1 LIMIT 1   [ RunTime:0.0462s ]
SQL: SELECT `username`,`name`,`gender`,`tel`,`email`,`reg_time`,`avatar` FROM `vs_user` WHERE `uid` = 0 LIMIT 1   [ RunTime:0.0461s ]
SQL: SELECT * FROM `vs_classes` WHERE `cid` = 6 LIMIT 1   [ RunTime:0.0468s ]
SQL: SELECT `username`,`name`,`gender`,`tel`,`email`,`reg_time`,`avatar` FROM `vs_user` WHERE `uid` = 0 LIMIT 1   [ RunTime:0.0766s ]
SQL: SELECT * FROM `vs_classes` WHERE `cid` = 6 LIMIT 1   [ RunTime:0.0479s ]
SQL: SELECT `username`,`name`,`gender`,`tel`,`email`,`reg_time`,`avatar` FROM `vs_user` WHERE `uid` = 0 LIMIT 1   [ RunTime:0.0501s ]
SQL: SELECT * FROM `vs_classes` WHERE `cid` = 4 LIMIT 1   [ RunTime:0.0481s ]
SQL: SELECT `username`,`name`,`gender`,`tel`,`email`,`reg_time`,`avatar` FROM `vs_user` WHERE `uid` = 8 LIMIT 1   [ RunTime:0.0538s ]
INFO: [ view_parse ] --START--
INFO: [ template_filter ] --START--
INFO: Run Behavior\ContentReplaceBehavior [ RunTime:0.000081s ]
INFO: [ template_filter ] --END-- [ RunTime:0.000151s ]
INFO: Run Behavior\ParseTemplateBehavior [ RunTime:0.018389s ]
INFO: [ view_parse ] --END-- [ RunTime:0.018516s ]
INFO: [ view_filter ] --START--
INFO: Run Behavior\WriteHtmlCacheBehavior [ RunTime:0.000164s ]
INFO: [ view_filter ] --END-- [ RunTime:0.000220s ]
INFO: [ app_end ] --START--
INFO: Run Behavior\ShowPageTraceBehavior [ RunTime:0.000830s ]
INFO: [ app_end ] --END-- [ RunTime:0.000934s ]

[ 2016-09-08T21:36:47+08:00 ] ::1 /FZU-VentureService/Admin/index.php/home/class/index/1
INFO: [ app_init ] --START--
INFO: Run Behavior\BuildLiteBehavior [ RunTime:0.000015s ]
INFO: [ app_init ] --END-- [ RunTime:0.000364s ]
INFO: [ app_begin ] --START--
INFO: Run Behavior\ReadHtmlCacheBehavior [ RunTime:0.000464s ]
INFO: [ app_begin ] --END-- [ RunTime:0.000525s ]
SQL: SHOW COLUMNS FROM `vs_user_token` [ RunTime:0.0471s ]
SQL: SELECT * FROM `vs_user_token` WHERE `token` = 'b1f497ac276bf2fd2ae5f468fe170555' LIMIT 1   [ RunTime:0.0487s ]
SQL: SHOW COLUMNS FROM `vs_user` [ RunTime:0.0443s ]
SQL: SELECT `uid`,`username`,`nickname`,`name`,`groupid` FROM `vs_user` WHERE `uid` = 2 LIMIT 1   [ RunTime:0.0489s ]
SQL: SHOW COLUMNS FROM `vs_class_enroll` [ RunTime:0.0468s ]
SQL: SELECT * FROM `vs_class_enroll`  [ RunTime:0.0655s ]
SQL: SELECT * FROM `vs_class_enroll` WHERE `status` = 0 LIMIT 0,8   [ RunTime:0.0432s ]
SQL: SHOW COLUMNS FROM `vs_classes` [ RunTime:0.0440s ]
SQL: SELECT * FROM `vs_classes` WHERE `cid` = 1 LIMIT 1   [ RunTime:0.0440s ]
SQL: SELECT `username`,`name`,`gender`,`tel`,`email`,`reg_time`,`avatar` FROM `vs_user` WHERE `uid` = 10 LIMIT 1   [ RunTime:0.0481s ]
SQL: SELECT * FROM `vs_classes` WHERE `cid` = 1 LIMIT 1   [ RunTime:0.0456s ]
SQL: SELECT `username`,`name`,`gender`,`tel`,`email`,`reg_time`,`avatar` FROM `vs_user` WHERE `uid` = 16 LIMIT 1   [ RunTime:0.0491s ]
SQL: SELECT * FROM `vs_classes` WHERE `cid` = 0 LIMIT 1   [ RunTime:0.0471s ]
SQL: SELECT `username`,`name`,`gender`,`tel`,`email`,`reg_time`,`avatar` FROM `vs_user` WHERE `uid` = 0 LIMIT 1   [ RunTime:0.0456s ]
SQL: SELECT * FROM `vs_classes` WHERE `cid` = 0 LIMIT 1   [ RunTime:0.0472s ]
SQL: SELECT `username`,`name`,`gender`,`tel`,`email`,`reg_time`,`avatar` FROM `vs_user` WHERE `uid` = 0 LIMIT 1   [ RunTime:0.0452s ]
SQL: SELECT * FROM `vs_classes` WHERE `cid` = 0 LIMIT 1   [ RunTime:0.0498s ]
SQL: SELECT `username`,`name`,`gender`,`tel`,`email`,`reg_time`,`avatar` FROM `vs_user` WHERE `uid` = 0 LIMIT 1   [ RunTime:0.0529s ]
SQL: SELECT * FROM `vs_classes` WHERE `cid` = 0 LIMIT 1   [ RunTime:0.0693s ]
SQL: SELECT `username`,`name`,`gender`,`tel`,`email`,`reg_time`,`avatar` FROM `vs_user` WHERE `uid` = 0 LIMIT 1   [ RunTime:0.0451s ]
SQL: SELECT * FROM `vs_classes` WHERE `cid` = 2 LIMIT 1   [ RunTime:0.0473s ]
SQL: SELECT `username`,`name`,`gender`,`tel`,`email`,`reg_time`,`avatar` FROM `vs_user` WHERE `uid` = 123 LIMIT 1   [ RunTime:0.0466s ]
SQL: SELECT * FROM `vs_classes` WHERE `cid` = 2 LIMIT 1   [ RunTime:0.0473s ]
SQL: SELECT `username`,`name`,`gender`,`tel`,`email`,`reg_time`,`avatar` FROM `vs_user` WHERE `uid` = 123 LIMIT 1   [ RunTime:0.0502s ]
INFO: [ view_parse ] --START--
INFO: [ template_filter ] --START--
INFO: Run Behavior\ContentReplaceBehavior [ RunTime:0.000083s ]
INFO: [ template_filter ] --END-- [ RunTime:0.000163s ]
INFO: Run Behavior\ParseTemplateBehavior [ RunTime:0.019435s ]
INFO: [ view_parse ] --END-- [ RunTime:0.019545s ]
INFO: [ view_filter ] --START--
INFO: Run Behavior\WriteHtmlCacheBehavior [ RunTime:0.000156s ]
INFO: [ view_filter ] --END-- [ RunTime:0.000210s ]
INFO: [ app_end ] --START--
INFO: Run Behavior\ShowPageTraceBehavior [ RunTime:0.000793s ]
INFO: [ app_end ] --END-- [ RunTime:0.000884s ]

