[ 2016-08-16T08:51:17+08:00 ] ::1 /FZU-VentureService/Admin/Public/js/verify.js
INFO: [ app_init ] --START--
INFO: Run Behavior\BuildLiteBehavior [ RunTime:0.000053s ]
INFO: [ app_init ] --END-- [ RunTime:0.001065s ]
ERR: 无法加载模块:Public

[ 2016-08-16T08:53:04+08:00 ] 127.0.0.1 /FZU-VentureService/Admin/Uploads/20160815/2_1471220675.jpg
INFO: [ app_init ] --START--
INFO: Run Behavior\BuildLiteBehavior [ RunTime:0.000026s ]
INFO: [ app_init ] --END-- [ RunTime:0.000617s ]
ERR: 无法加载模块:Uploads

[ 2016-08-16T08:53:09+08:00 ] 127.0.0.1 /FZU-VentureService/Admin/Uploads/20160815/2_1471220643.jpg
INFO: [ app_init ] --START--
INFO: Run Behavior\BuildLiteBehavior [ RunTime:0.000033s ]
INFO: [ app_init ] --END-- [ RunTime:0.000754s ]
ERR: 无法加载模块:Uploads

[ 2016-08-16T08:53:18+08:00 ] 127.0.0.1 /FZU-VentureService/Admin/Uploads/20160815/2_1471253212.jpg
INFO: [ app_init ] --START--
INFO: Run Behavior\BuildLiteBehavior [ RunTime:0.000029s ]
INFO: [ app_init ] --END-- [ RunTime:0.000601s ]
ERR: 无法加载模块:Uploads

[ 2016-08-16T08:53:18+08:00 ] 127.0.0.1 /FZU-VentureService/Admin/Uploads/20160815/2_1471220350.jpg
INFO: [ app_init ] --START--
INFO: Run Behavior\BuildLiteBehavior [ RunTime:0.000027s ]
INFO: [ app_init ] --END-- [ RunTime:0.000609s ]
ERR: 无法加载模块:Uploads

[ 2016-08-16T08:53:19+08:00 ] 127.0.0.1 /FZU-VentureService/Admin/Uploads/20160815/2_1471220675.jpg
INFO: [ app_init ] --START--
INFO: Run Behavior\BuildLiteBehavior [ RunTime:0.000019s ]
INFO: [ app_init ] --END-- [ RunTime:0.000541s ]
ERR: 无法加载模块:Uploads

[ 2016-08-16T08:53:19+08:00 ] 127.0.0.1 /FZU-VentureService/Admin/Uploads/20160815/2_1471220643.jpg
INFO: [ app_init ] --START--
INFO: Run Behavior\BuildLiteBehavior [ RunTime:0.000016s ]
INFO: [ app_init ] --END-- [ RunTime:0.000385s ]
ERR: 无法加载模块:Uploads

[ 2016-08-16T08:53:54+08:00 ] 127.0.0.1 /FZU-VentureService/Admin/Uploads/20160815/2_1471253212.jpg
INFO: [ app_init ] --START--
INFO: Run Behavior\BuildLiteBehavior [ RunTime:0.000031s ]
INFO: [ app_init ] --END-- [ RunTime:0.000687s ]
ERR: 无法加载模块:Uploads

[ 2016-08-16T09:19:38+08:00 ] 127.0.0.1 /FZU-VentureService/Admin/Uploads/http://219.229.132.21/FZU-VentureService/Admin/Uploads/20160815/2_1471253878.jpg
INFO: [ app_init ] --START--
INFO: Run Behavior\BuildLiteBehavior [ RunTime:0.000020s ]
INFO: [ app_init ] --END-- [ RunTime:0.000472s ]
ERR: 无法加载模块:Uploads

[ 2016-08-16T09:19:44+08:00 ] 127.0.0.1 /FZU-VentureService/Admin/Uploads/http://127.0.0.1/FZU-VentureService/Admin/Uploads/20160815/2_1471253212.jpg
INFO: [ app_init ] --START--
INFO: Run Behavior\BuildLiteBehavior [ RunTime:0.000030s ]
INFO: [ app_init ] --END-- [ RunTime:0.000656s ]
ERR: 无法加载模块:Uploads

[ 2016-08-16T09:19:47+08:00 ] 127.0.0.1 /FZU-VentureService/Admin/Uploads/C:wampwww%0FZU-VentureService%C2%ADminindex.php/Uploads/20160815/2_1471253686.jpg
INFO: [ app_init ] --START--
INFO: Run Behavior\BuildLiteBehavior [ RunTime:0.000029s ]
INFO: [ app_init ] --END-- [ RunTime:0.000624s ]
ERR: 无法加载模块:Uploads

[ 2016-08-16T09:19:51+08:00 ] 127.0.0.1 /FZU-VentureService/Admin/Uploads/NONE
INFO: [ app_init ] --START--
INFO: Run Behavior\BuildLiteBehavior [ RunTime:0.000028s ]
INFO: [ app_init ] --END-- [ RunTime:0.000618s ]
ERR: 无法加载模块:Uploads

[ 2016-08-16T09:21:17+08:00 ] 127.0.0.1 /FZU-VentureService/Admin/Uploads/20160815/2_1471220350.jpg
INFO: [ app_init ] --START--
INFO: Run Behavior\BuildLiteBehavior [ RunTime:0.000018s ]
INFO: [ app_init ] --END-- [ RunTime:0.000456s ]
ERR: 无法加载模块:Uploads

[ 2016-08-16T09:21:18+08:00 ] 127.0.0.1 /FZU-VentureService/Admin/Uploads/20160815/2_1471220643.jpg
INFO: [ app_init ] --START--
INFO: Run Behavior\BuildLiteBehavior [ RunTime:0.000019s ]
INFO: [ app_init ] --END-- [ RunTime:0.000416s ]
ERR: 无法加载模块:Uploads

[ 2016-08-16T09:21:18+08:00 ] 127.0.0.1 /FZU-VentureService/Admin/Uploads/20160815/2_1471220675.jpg
INFO: [ app_init ] --START--
INFO: Run Behavior\BuildLiteBehavior [ RunTime:0.000022s ]
INFO: [ app_init ] --END-- [ RunTime:0.000553s ]
ERR: 无法加载模块:Uploads

[ 2016-08-16T09:26:10+08:00 ] 127.0.0.1 /FZU-VentureService/Admin/Uploads/NONE
INFO: [ app_init ] --START--
INFO: Run Behavior\BuildLiteBehavior [ RunTime:0.000018s ]
INFO: [ app_init ] --END-- [ RunTime:0.000417s ]
ERR: 无法加载模块:Uploads

[ 2016-08-16T09:26:34+08:00 ] 127.0.0.1 /FZU-VentureService/Admin/Uploads/NONE
INFO: [ app_init ] --START--
INFO: Run Behavior\BuildLiteBehavior [ RunTime:0.000031s ]
INFO: [ app_init ] --END-- [ RunTime:0.000697s ]
ERR: 无法加载模块:Uploads

[ 2016-08-16T09:26:50+08:00 ] 127.0.0.1 /FZU-VentureService/Admin/Uploads/QQ20160412-0.png
INFO: [ app_init ] --START--
INFO: Run Behavior\BuildLiteBehavior [ RunTime:0.000020s ]
INFO: [ app_init ] --END-- [ RunTime:0.000463s ]
ERR: 无法加载模块:Uploads

[ 2016-08-16T09:28:52+08:00 ] 127.0.0.1 /FZU-VentureService/Admin/Uploads/QQ20160412-0.png
INFO: [ app_init ] --START--
INFO: Run Behavior\BuildLiteBehavior [ RunTime:0.000020s ]
INFO: [ app_init ] --END-- [ RunTime:0.000416s ]
ERR: 无法加载模块:Uploads

[ 2016-08-16T09:29:46+08:00 ] 127.0.0.1 /FZU-VentureService/Admin/Uploads/QQ20160412-0.png
INFO: [ app_init ] --START--
INFO: Run Behavior\BuildLiteBehavior [ RunTime:0.000050s ]
INFO: [ app_init ] --END-- [ RunTime:0.000511s ]
ERR: 无法加载模块:Uploads

[ 2016-08-16T09:32:00+08:00 ] 127.0.0.1 /FZU-VentureService/Admin/Uploads/QQ20160412-0.png
INFO: [ app_init ] --START--
INFO: Run Behavior\BuildLiteBehavior [ RunTime:0.000044s ]
INFO: [ app_init ] --END-- [ RunTime:0.000982s ]
ERR: 无法加载模块:Uploads

[ 2016-08-16T09:33:17+08:00 ] 127.0.0.1 /FZU-VentureService/Admin/Uploads/QQ20160412-0.png
INFO: [ app_init ] --START--
INFO: Run Behavior\BuildLiteBehavior [ RunTime:0.000040s ]
INFO: [ app_init ] --END-- [ RunTime:0.000784s ]
ERR: 无法加载模块:Uploads

[ 2016-08-16T09:33:41+08:00 ] 127.0.0.1 /FZU-VentureService/Admin/Uploads/QQ20160412-0.png
INFO: [ app_init ] --START--
INFO: Run Behavior\BuildLiteBehavior [ RunTime:0.000048s ]
INFO: [ app_init ] --END-- [ RunTime:0.001070s ]
ERR: 无法加载模块:Uploads

[ 2016-08-16T09:34:44+08:00 ] 127.0.0.1 /FZU-VentureService/Admin/Uploads/QQ20160412-0.png
INFO: [ app_init ] --START--
INFO: Run Behavior\BuildLiteBehavior [ RunTime:0.000038s ]
INFO: [ app_init ] --END-- [ RunTime:0.000593s ]
ERR: 无法加载模块:Uploads

[ 2016-08-16T10:22:11+08:00 ] 127.0.0.1 /FZU-VentureService/Admin/Uploads/20160815/2_1471220350.jpg
INFO: [ app_init ] --START--
INFO: Run Behavior\BuildLiteBehavior [ RunTime:0.000020s ]
INFO: [ app_init ] --END-- [ RunTime:0.000433s ]
ERR: 无法加载模块:Uploads

[ 2016-08-16T10:22:12+08:00 ] 127.0.0.1 /FZU-VentureService/Admin/Uploads/20160815/2_1471220675.jpg
INFO: [ app_init ] --START--
INFO: Run Behavior\BuildLiteBehavior [ RunTime:0.000025s ]
INFO: [ app_init ] --END-- [ RunTime:0.000575s ]
ERR: 无法加载模块:Uploads

[ 2016-08-16T10:22:12+08:00 ] 127.0.0.1 /FZU-VentureService/Admin/Uploads/20160815/2_1471220643.jpg
INFO: [ app_init ] --START--
INFO: Run Behavior\BuildLiteBehavior [ RunTime:0.000023s ]
INFO: [ app_init ] --END-- [ RunTime:0.000423s ]
ERR: 无法加载模块:Uploads

[ 2016-08-16T10:22:18+08:00 ] 127.0.0.1 /FZU-VentureService/Admin/Uploads/http://219.229.132.21/FZU-VentureService/Admin/Uploads/20160815/2_1471253878.jpg
INFO: [ app_init ] --START--
INFO: Run Behavior\BuildLiteBehavior [ RunTime:0.000046s ]
INFO: [ app_init ] --END-- [ RunTime:0.000858s ]
ERR: 无法加载模块:Uploads

[ 2016-08-16T10:22:54+08:00 ] 127.0.0.1 /FZU-VentureService/Admin/Uploads/20160815/2_1471220350.jpg
INFO: [ app_init ] --START--
INFO: Run Behavior\BuildLiteBehavior [ RunTime:0.000051s ]
INFO: [ app_init ] --END-- [ RunTime:0.001278s ]
ERR: 无法加载模块:Uploads

[ 2016-08-16T10:22:54+08:00 ] 127.0.0.1 /FZU-VentureService/Admin/Uploads/20160815/2_1471220675.jpg
INFO: [ app_init ] --START--
INFO: Run Behavior\BuildLiteBehavior [ RunTime:0.000020s ]
INFO: [ app_init ] --END-- [ RunTime:0.000455s ]
ERR: 无法加载模块:Uploads

[ 2016-08-16T10:22:54+08:00 ] 127.0.0.1 /FZU-VentureService/Admin/Uploads/20160815/2_1471220643.jpg
INFO: [ app_init ] --START--
INFO: Run Behavior\BuildLiteBehavior [ RunTime:0.000016s ]
INFO: [ app_init ] --END-- [ RunTime:0.000404s ]
ERR: 无法加载模块:Uploads

[ 2016-08-16T10:22:59+08:00 ] 127.0.0.1 /FZU-VentureService/Admin/Uploads/NONE
INFO: [ app_init ] --START--
INFO: Run Behavior\BuildLiteBehavior [ RunTime:0.000020s ]
INFO: [ app_init ] --END-- [ RunTime:0.000471s ]
ERR: 无法加载模块:Uploads

[ 2016-08-16T10:23:24+08:00 ] 127.0.0.1 /FZU-VentureService/Admin/Uploads/20160815/2_1471220350.jpg
INFO: [ app_init ] --START--
INFO: Run Behavior\BuildLiteBehavior [ RunTime:0.000041s ]
INFO: [ app_init ] --END-- [ RunTime:0.000798s ]
ERR: 无法加载模块:Uploads

[ 2016-08-16T10:23:25+08:00 ] 127.0.0.1 /FZU-VentureService/Admin/Uploads/20160815/2_1471220675.jpg
INFO: [ app_init ] --START--
INFO: Run Behavior\BuildLiteBehavior [ RunTime:0.000019s ]
INFO: [ app_init ] --END-- [ RunTime:0.000391s ]
ERR: 无法加载模块:Uploads

[ 2016-08-16T10:23:25+08:00 ] 127.0.0.1 /FZU-VentureService/Admin/Uploads/20160815/2_1471220643.jpg
INFO: [ app_init ] --START--
INFO: Run Behavior\BuildLiteBehavior [ RunTime:0.000024s ]
INFO: [ app_init ] --END-- [ RunTime:0.000559s ]
ERR: 无法加载模块:Uploads

[ 2016-08-16T10:24:00+08:00 ] 127.0.0.1 /FZU-VentureService/Admin/Uploads/20160815/2_1471220350.jpg
INFO: [ app_init ] --START--
INFO: Run Behavior\BuildLiteBehavior [ RunTime:0.000031s ]
INFO: [ app_init ] --END-- [ RunTime:0.000637s ]
ERR: 无法加载模块:Uploads

[ 2016-08-16T10:24:01+08:00 ] 127.0.0.1 /FZU-VentureService/Admin/Uploads/20160815/2_1471220643.jpg
INFO: [ app_init ] --START--
INFO: Run Behavior\BuildLiteBehavior [ RunTime:0.000019s ]
INFO: [ app_init ] --END-- [ RunTime:0.000424s ]
ERR: 无法加载模块:Uploads

[ 2016-08-16T10:24:01+08:00 ] 127.0.0.1 /FZU-VentureService/Admin/Uploads/20160815/2_1471220675.jpg
INFO: [ app_init ] --START--
INFO: Run Behavior\BuildLiteBehavior [ RunTime:0.000017s ]
INFO: [ app_init ] --END-- [ RunTime:0.000412s ]
ERR: 无法加载模块:Uploads

[ 2016-08-16T10:24:06+08:00 ] 127.0.0.1 /FZU-VentureService/Admin/Uploads/20160815/2_1471220350.jpg
INFO: [ app_init ] --START--
INFO: Run Behavior\BuildLiteBehavior [ RunTime:0.000021s ]
INFO: [ app_init ] --END-- [ RunTime:0.000506s ]
ERR: 无法加载模块:Uploads

[ 2016-08-16T10:24:07+08:00 ] 127.0.0.1 /FZU-VentureService/Admin/Uploads/20160815/2_1471220675.jpg
INFO: [ app_init ] --START--
INFO: Run Behavior\BuildLiteBehavior [ RunTime:0.000031s ]
INFO: [ app_init ] --END-- [ RunTime:0.000630s ]
ERR: 无法加载模块:Uploads

[ 2016-08-16T10:24:07+08:00 ] 127.0.0.1 /FZU-VentureService/Admin/Uploads/20160815/2_1471220643.jpg
INFO: [ app_init ] --START--
INFO: Run Behavior\BuildLiteBehavior [ RunTime:0.000024s ]
INFO: [ app_init ] --END-- [ RunTime:0.000611s ]
ERR: 无法加载模块:Uploads

[ 2016-08-16T10:24:23+08:00 ] 127.0.0.1 /FZU-VentureService/Admin/Uploads/20160815/2_1471220675.jpg
INFO: [ app_init ] --START--
INFO: Run Behavior\BuildLiteBehavior [ RunTime:0.000019s ]
INFO: [ app_init ] --END-- [ RunTime:0.000527s ]
ERR: 无法加载模块:Uploads

[ 2016-08-16T10:24:24+08:00 ] 127.0.0.1 /FZU-VentureService/Admin/Uploads/20160815/2_1471220643.jpg
INFO: [ app_init ] --START--
INFO: Run Behavior\BuildLiteBehavior [ RunTime:0.000017s ]
INFO: [ app_init ] --END-- [ RunTime:0.000365s ]
ERR: 无法加载模块:Uploads

[ 2016-08-16T10:25:56+08:00 ] 127.0.0.1 /FZU-VentureService/Admin/Uploads/NONE
INFO: [ app_init ] --START--
INFO: Run Behavior\BuildLiteBehavior [ RunTime:0.000029s ]
INFO: [ app_init ] --END-- [ RunTime:0.000579s ]
ERR: 无法加载模块:Uploads

[ 2016-08-16T10:31:48+08:00 ] 127.0.0.1 /FZU-VentureService/Admin/Uploads/http://127.0.0.1/FZU-VentureService/Admin/Uploads/20160815/2_1471220350.jpg
INFO: [ app_init ] --START--
INFO: Run Behavior\BuildLiteBehavior [ RunTime:0.000019s ]
INFO: [ app_init ] --END-- [ RunTime:0.000397s ]
ERR: 无法加载模块:Uploads

[ 2016-08-16T10:31:51+08:00 ] 127.0.0.1 /FZU-VentureService/Admin/Uploads/NONE
INFO: [ app_init ] --START--
INFO: Run Behavior\BuildLiteBehavior [ RunTime:0.000026s ]
INFO: [ app_init ] --END-- [ RunTime:0.000583s ]
ERR: 无法加载模块:Uploads

[ 2016-08-16T10:32:00+08:00 ] 127.0.0.1 /FZU-VentureService/Admin/Uploads/NONE
INFO: [ app_init ] --START--
INFO: Run Behavior\BuildLiteBehavior [ RunTime:0.000043s ]
INFO: [ app_init ] --END-- [ RunTime:0.000973s ]
ERR: 无法加载模块:Uploads

[ 2016-08-16T14:15:56+08:00 ] 127.0.0.1 /FZU-VentureService/Admin/Uploads/20160815/2_1471220350.jpg
INFO: [ app_init ] --START--
INFO: Run Behavior\BuildLiteBehavior [ RunTime:0.000030s ]
INFO: [ app_init ] --END-- [ RunTime:0.001046s ]
ERR: 无法加载模块:Uploads

[ 2016-08-16T14:15:56+08:00 ] 127.0.0.1 /FZU-VentureService/Admin/Uploads/20160815/2_1471220643.jpg
INFO: [ app_init ] --START--
INFO: Run Behavior\BuildLiteBehavior [ RunTime:0.000018s ]
INFO: [ app_init ] --END-- [ RunTime:0.000393s ]
ERR: 无法加载模块:Uploads

[ 2016-08-16T14:15:56+08:00 ] 127.0.0.1 /FZU-VentureService/Admin/Uploads/20160815/2_1471220675.jpg
INFO: [ app_init ] --START--
INFO: Run Behavior\BuildLiteBehavior [ RunTime:0.000016s ]
INFO: [ app_init ] --END-- [ RunTime:0.000404s ]
ERR: 无法加载模块:Uploads

[ 2016-08-16T14:16:06+08:00 ] 127.0.0.1 /FZU-VentureService/Admin/Uploads/20160815/2_1471220350.jpg
INFO: [ app_init ] --START--
INFO: Run Behavior\BuildLiteBehavior [ RunTime:0.000028s ]
INFO: [ app_init ] --END-- [ RunTime:0.000647s ]
ERR: 无法加载模块:Uploads

[ 2016-08-16T14:16:07+08:00 ] 127.0.0.1 /FZU-VentureService/Admin/Uploads/20160815/2_1471220643.jpg
INFO: [ app_init ] --START--
INFO: Run Behavior\BuildLiteBehavior [ RunTime:0.000022s ]
INFO: [ app_init ] --END-- [ RunTime:0.000677s ]
ERR: 无法加载模块:Uploads

[ 2016-08-16T14:16:07+08:00 ] 127.0.0.1 /FZU-VentureService/Admin/Uploads/20160815/2_1471220675.jpg
INFO: [ app_init ] --START--
INFO: Run Behavior\BuildLiteBehavior [ RunTime:0.000028s ]
INFO: [ app_init ] --END-- [ RunTime:0.000674s ]
ERR: 无法加载模块:Uploads

[ 2016-08-16T14:16:13+08:00 ] 127.0.0.1 /FZU-VentureService/Admin/Uploads/20160815/2_1471220675.jpg
INFO: [ app_init ] --START--
INFO: Run Behavior\BuildLiteBehavior [ RunTime:0.000026s ]
INFO: [ app_init ] --END-- [ RunTime:0.000809s ]
ERR: 无法加载模块:Uploads

[ 2016-08-16T14:30:00+08:00 ] 127.0.0.1 /FZU-VentureService/Admin/Uploads/http://219.229.132.21/FZU-VentureService/Admin/Uploads/20160815/2_1471253878.jpg
INFO: [ app_init ] --START--
INFO: Run Behavior\BuildLiteBehavior [ RunTime:0.000059s ]
INFO: [ app_init ] --END-- [ RunTime:0.000705s ]
ERR: 无法加载模块:Uploads

[ 2016-08-16T14:33:21+08:00 ] 127.0.0.1 /FZU-VentureService/Admin/Uploads/NONE
INFO: [ app_init ] --START--
INFO: Run Behavior\BuildLiteBehavior [ RunTime:0.000018s ]
INFO: [ app_init ] --END-- [ RunTime:0.000428s ]
ERR: 无法加载模块:Uploads

[ 2016-08-16T14:38:20+08:00 ] 127.0.0.1 /FZU-VentureService/Admin/Uploads/http://219.229.132.21/FZU-VentureService/Admin/Uploads/20160815/2_1471253878.jpg
INFO: [ app_init ] --START--
INFO: Run Behavior\BuildLiteBehavior [ RunTime:0.000019s ]
INFO: [ app_init ] --END-- [ RunTime:0.000418s ]
ERR: 无法加载模块:Uploads

[ 2016-08-16T14:41:19+08:00 ] 127.0.0.1 /FZU-VentureService/Admin/Uploads/http://219.229.132.21/FZU-VentureService/Admin/Uploads/20160815/2_1471253878.jpg
INFO: [ app_init ] --START--
INFO: Run Behavior\BuildLiteBehavior [ RunTime:0.000029s ]
INFO: [ app_init ] --END-- [ RunTime:0.000633s ]
ERR: 无法加载模块:Uploads

