[ 2016-09-11T23:49:56+08:00 ] 127.0.0.1 /FZU-VentureService/API/index.php/home/notice/list.html?type=2
INFO: [ app_init ] --START--
INFO: Run Behavior\BuildLiteBehavior [ RunTime:0.000000s ]
INFO: [ app_init ] --END-- [ RunTime:0.003000s ]
INFO: [ app_begin ] --START--
INFO: Run Behavior\ReadHtmlCacheBehavior [ RunTime:0.003001s ]
INFO: [ app_begin ] --END-- [ RunTime:0.004001s ]
SQL: SHOW COLUMNS FROM `vs_notice` [ RunTime:0.0330s ]
SQL: SELECT `nid`,`type`,`theme`,`date` FROM `vs_notice` WHERE `type` = 2 AND `status` = 1 ORDER BY overhead desc,rank desc,date desc LIMIT 0,15   [ RunTime:0.0290s ]
SQL: SELECT * FROM `vs_notice` WHERE `type` = 2 AND `status` = 1  [ RunTime:0.0370s ]

[ 2016-09-11T23:49:56+08:00 ] 127.0.0.1 /FZU-VentureService/API/index.php/home/notice/list.html?type=1
INFO: [ app_init ] --START--
INFO: Run Behavior\BuildLiteBehavior [ RunTime:0.000000s ]
INFO: [ app_init ] --END-- [ RunTime:0.003000s ]
INFO: [ app_begin ] --START--
INFO: Run Behavior\ReadHtmlCacheBehavior [ RunTime:0.002001s ]
INFO: [ app_begin ] --END-- [ RunTime:0.003001s ]
SQL: SHOW COLUMNS FROM `vs_notice` [ RunTime:0.0270s ]
SQL: SELECT `nid`,`type`,`theme`,`date` FROM `vs_notice` WHERE `type` = 1 AND `status` = 1 ORDER BY overhead desc,rank desc,date desc LIMIT 0,15   [ RunTime:0.0350s ]
SQL: SELECT * FROM `vs_notice` WHERE `type` = 1 AND `status` = 1  [ RunTime:0.0380s ]

[ 2016-09-11T23:49:56+08:00 ] 127.0.0.1 /FZU-VentureService/API/index.php/home/field/list.html
INFO: [ app_init ] --START--
INFO: Run Behavior\BuildLiteBehavior [ RunTime:0.001000s ]
INFO: [ app_init ] --END-- [ RunTime:0.002000s ]
INFO: [ app_begin ] --START--
INFO: Run Behavior\ReadHtmlCacheBehavior [ RunTime:0.002000s ]
INFO: [ app_begin ] --END-- [ RunTime:0.002000s ]
SQL: SHOW COLUMNS FROM `vs_fields` [ RunTime:0.0400s ]
SQL: SELECT `fid`,`name`,`pic`,`synopsis`,`run_time` FROM `vs_fields` WHERE `status` = 1 ORDER BY run_time desc  [ RunTime:0.0380s ]

[ 2016-09-11T23:49:56+08:00 ] 127.0.0.1 /FZU-VentureService/API/index.php/home/project/list.html
INFO: [ app_init ] --START--
INFO: Run Behavior\BuildLiteBehavior [ RunTime:0.000000s ]
INFO: [ app_init ] --END-- [ RunTime:0.002001s ]
INFO: [ app_begin ] --START--
INFO: Run Behavior\ReadHtmlCacheBehavior [ RunTime:0.001000s ]
INFO: [ app_begin ] --END-- [ RunTime:0.001000s ]
SQL: SHOW COLUMNS FROM `vs_projects` [ RunTime:0.0240s ]
SQL: SELECT `pid`,`uid`,`name`,`pic`,`synopsis`,`product_type`,`time`,`stage`,`issue_time` FROM `vs_projects` WHERE `status` = 1 LIMIT 0,10   [ RunTime:0.0320s ]
SQL: SELECT * FROM `vs_projects` WHERE `status` = 1  [ RunTime:0.0250s ]

[ 2016-09-11T23:49:57+08:00 ] 127.0.0.1 /FZU-VentureService/API/index.php/home/notice/hotList.html
INFO: [ app_init ] --START--
INFO: Run Behavior\BuildLiteBehavior [ RunTime:0.000000s ]
INFO: [ app_init ] --END-- [ RunTime:0.002000s ]
INFO: [ app_begin ] --START--
INFO: Run Behavior\ReadHtmlCacheBehavior [ RunTime:0.004000s ]
INFO: [ app_begin ] --END-- [ RunTime:0.005000s ]
SQL: SHOW COLUMNS FROM `vs_notice` [ RunTime:0.0470s ]
SQL: SELECT `nid`,`type`,`theme`,`date`,`overhead`,`pic`,`content` FROM `vs_notice` WHERE `overhead` = 1 ORDER BY date desc  [ RunTime:0.0310s ]

[ 2016-09-11T23:49:57+08:00 ] 127.0.0.1 /FZU-VentureService/API/index.php/home/notice/list.html?type=0
INFO: [ app_init ] --START--
INFO: Run Behavior\BuildLiteBehavior [ RunTime:0.000000s ]
INFO: [ app_init ] --END-- [ RunTime:0.004000s ]
INFO: [ app_begin ] --START--
INFO: Run Behavior\ReadHtmlCacheBehavior [ RunTime:0.002001s ]
INFO: [ app_begin ] --END-- [ RunTime:0.003001s ]
SQL: SHOW COLUMNS FROM `vs_notice` [ RunTime:0.0460s ]
SQL: SELECT `nid`,`type`,`theme`,`date` FROM `vs_notice` WHERE `type` = 0 AND `status` = 1 ORDER BY overhead desc,rank desc,date desc LIMIT 0,15   [ RunTime:0.0320s ]
SQL: SELECT * FROM `vs_notice` WHERE `type` = 0 AND `status` = 1  [ RunTime:0.0300s ]

[ 2016-09-11T23:50:05+08:00 ] 127.0.0.1 /FZU-VentureService/API/index.php/home/project/list.html?size=5&page=1
INFO: [ app_init ] --START--
INFO: Run Behavior\BuildLiteBehavior [ RunTime:0.000000s ]
INFO: [ app_init ] --END-- [ RunTime:0.001000s ]
INFO: [ app_begin ] --START--
INFO: Run Behavior\ReadHtmlCacheBehavior [ RunTime:0.002000s ]
INFO: [ app_begin ] --END-- [ RunTime:0.002000s ]
SQL: SHOW COLUMNS FROM `vs_projects` [ RunTime:0.0156s ]
SQL: SELECT `pid`,`uid`,`name`,`pic`,`synopsis`,`product_type`,`time`,`stage`,`issue_time` FROM `vs_projects` WHERE `status` = 1 LIMIT 0,5   [ RunTime:0.0312s ]
SQL: SELECT * FROM `vs_projects` WHERE `status` = 1  [ RunTime:0.0312s ]

