[ 2016-07-23T14:39:35+08:00 ] ::1 /FZU-VentureService/API/index.php/Home/Field/list.html?type=1
INFO: [ app_init ] --START--
INFO: Run Behavior\BuildLiteBehavior [ RunTime:0.000019s ]
INFO: [ app_init ] --END-- [ RunTime:0.000902s ]
INFO: [ app_begin ] --START--
INFO: Run Behavior\ReadHtmlCacheBehavior [ RunTime:0.001091s ]
INFO: [ app_begin ] --END-- [ RunTime:0.001179s ]
ERR: 1146:Table 'jyzd.vs_fields' doesn't exist
 [ SQL语句 ] : SHOW COLUMNS FROM `vs_fields`
ERR: 1146:Table 'jyzd.vs_fields' doesn't exist
 [ SQL语句 ] : SHOW COLUMNS FROM `vs_fields`

[ 2016-07-23T14:39:55+08:00 ] ::1 /FZU-VentureService/API/index.php/Home/Message/list.html?uid=1
INFO: [ app_init ] --START--
INFO: Run Behavior\BuildLiteBehavior [ RunTime:0.000033s ]
INFO: [ app_init ] --END-- [ RunTime:0.000675s ]
INFO: [ app_begin ] --START--
INFO: Run Behavior\ReadHtmlCacheBehavior [ RunTime:0.001495s ]
INFO: [ app_begin ] --END-- [ RunTime:0.001657s ]
SQL: SHOW COLUMNS FROM `vs_message` [ RunTime:0.0011s ]
SQL: SELECT * FROM `vs_message` WHERE `from_uid` = 1 OR `to_uid` = 1 ORDER BY time desc LIMIT 0,10   [ RunTime:0.0007s ]
INFO: [ app_end ] --START--
INFO: Run Behavior\ShowPageTraceBehavior [ RunTime:0.001012s ]
INFO: [ app_end ] --END-- [ RunTime:0.001082s ]

[ 2016-07-23T14:54:51+08:00 ] ::1 /FZU-VentureService/API/index.php/Home/Message/list.html?uid=1
INFO: [ app_init ] --START--
INFO: Run Behavior\BuildLiteBehavior [ RunTime:0.000029s ]
INFO: [ app_init ] --END-- [ RunTime:0.000688s ]
INFO: [ app_begin ] --START--
INFO: Run Behavior\ReadHtmlCacheBehavior [ RunTime:0.000716s ]
INFO: [ app_begin ] --END-- [ RunTime:0.000832s ]
SQL: SHOW COLUMNS FROM `vs_message` [ RunTime:0.0018s ]
SQL: SELECT `mid`,`from_uid`,`to_uid`,`time` FROM `vs_message` WHERE `from_uid` = 1 OR `to_uid` = 1 ORDER BY time desc LIMIT 0,10   [ RunTime:0.0004s ]
INFO: [ app_end ] --START--
INFO: Run Behavior\ShowPageTraceBehavior [ RunTime:0.000686s ]
INFO: [ app_end ] --END-- [ RunTime:0.000769s ]

[ 2016-07-23T14:55:36+08:00 ] ::1 /FZU-VentureService/API/index.php/Home/Message/list.html?uid=1
INFO: [ app_init ] --START--
INFO: Run Behavior\BuildLiteBehavior [ RunTime:0.000021s ]
INFO: [ app_init ] --END-- [ RunTime:0.000444s ]
INFO: [ app_begin ] --START--
INFO: Run Behavior\ReadHtmlCacheBehavior [ RunTime:0.001055s ]
INFO: [ app_begin ] --END-- [ RunTime:0.001185s ]
SQL: SHOW COLUMNS FROM `vs_message` [ RunTime:0.0013s ]
SQL: SELECT `mid`,`from_uid`,`to_uid`,`time` FROM `vs_message` WHERE `from_uid` = 1 OR `to_uid` = 1 ORDER BY time desc LIMIT 0,10   [ RunTime:0.0005s ]
INFO: [ app_end ] --START--
INFO: Run Behavior\ShowPageTraceBehavior [ RunTime:0.000795s ]
INFO: [ app_end ] --END-- [ RunTime:0.000887s ]

[ 2016-07-23T14:56:41+08:00 ] ::1 /FZU-VentureService/API/index.php/Home/Message/list.html?uid=1
INFO: [ app_init ] --START--
INFO: Run Behavior\BuildLiteBehavior [ RunTime:0.000028s ]
INFO: [ app_init ] --END-- [ RunTime:0.000708s ]
INFO: [ app_begin ] --START--
INFO: Run Behavior\ReadHtmlCacheBehavior [ RunTime:0.000875s ]
INFO: [ app_begin ] --END-- [ RunTime:0.000997s ]
SQL: SHOW COLUMNS FROM `vs_message` [ RunTime:0.0010s ]
SQL: SELECT `mid`,`from_uid`,`to_uid`,`time` FROM `vs_message` WHERE `from_uid` = 1 OR `to_uid` = 1 ORDER BY time desc LIMIT 0,10   [ RunTime:0.0003s ]
INFO: [ app_end ] --START--
INFO: Run Behavior\ShowPageTraceBehavior [ RunTime:0.000658s ]
INFO: [ app_end ] --END-- [ RunTime:0.000725s ]

[ 2016-07-23T15:03:36+08:00 ] ::1 /FZU-VentureService/API/index.php/Home/Message/list.html?uid=1
INFO: [ app_init ] --START--
INFO: Run Behavior\BuildLiteBehavior [ RunTime:0.000033s ]
INFO: [ app_init ] --END-- [ RunTime:0.001047s ]
INFO: [ app_begin ] --START--
INFO: Run Behavior\ReadHtmlCacheBehavior [ RunTime:0.000925s ]
INFO: [ app_begin ] --END-- [ RunTime:0.001054s ]
SQL: SHOW COLUMNS FROM `vs_message` [ RunTime:0.0017s ]
SQL: SELECT `mid`,`from_uid`,`to_uid`,`time` FROM `vs_message` WHERE `from_uid` = 1 OR `to_uid` = 1 ORDER BY time desc LIMIT 0,10   [ RunTime:0.0005s ]
INFO: [ app_end ] --START--
INFO: Run Behavior\ShowPageTraceBehavior [ RunTime:0.001006s ]
INFO: [ app_end ] --END-- [ RunTime:0.001161s ]

[ 2016-07-23T15:03:55+08:00 ] ::1 /FZU-VentureService/API/index.php/Home/Message/detail.html?from_uid=1&to_uid=2
INFO: [ app_init ] --START--
INFO: Run Behavior\BuildLiteBehavior [ RunTime:0.000021s ]
INFO: [ app_init ] --END-- [ RunTime:0.000583s ]
INFO: [ app_begin ] --START--
INFO: Run Behavior\ReadHtmlCacheBehavior [ RunTime:0.000830s ]
INFO: [ app_begin ] --END-- [ RunTime:0.000952s ]
SQL: SHOW COLUMNS FROM `vs_message` [ RunTime:0.0017s ]
SQL: SELECT * FROM `vs_message` WHERE `from_uid` = 1 AND `to_uid` = 2 LIMIT 1   [ RunTime:0.0004s ]
INFO: [ app_end ] --START--
INFO: Run Behavior\ShowPageTraceBehavior [ RunTime:0.001073s ]
INFO: [ app_end ] --END-- [ RunTime:0.001193s ]

[ 2016-07-23T15:06:36+08:00 ] 127.0.0.1 /FZU-VentureService/API/index.php/Home/Message/detail.html?from_uid=1&&to_uid=2
INFO: [ app_init ] --START--
INFO: Run Behavior\BuildLiteBehavior [ RunTime:0.000017s ]
INFO: [ app_init ] --END-- [ RunTime:0.000378s ]
INFO: [ app_begin ] --START--
INFO: Run Behavior\ReadHtmlCacheBehavior [ RunTime:0.000484s ]
INFO: [ app_begin ] --END-- [ RunTime:0.000547s ]
SQL: SHOW COLUMNS FROM `vs_message` [ RunTime:0.0010s ]
SQL: SELECT * FROM `vs_message` WHERE `from_uid` = 1 AND `to_uid` = 2 LIMIT 1   [ RunTime:0.0003s ]
INFO: [ app_end ] --START--
INFO: Run Behavior\ShowPageTraceBehavior [ RunTime:0.000652s ]
INFO: [ app_end ] --END-- [ RunTime:0.000725s ]

[ 2016-07-23T15:07:58+08:00 ] 127.0.0.1 /FZU-VentureService/API/index.php/Home/Message/detail.html?from_uid=1&&to_uid=2
INFO: [ app_init ] --START--
INFO: Run Behavior\BuildLiteBehavior [ RunTime:0.000018s ]
INFO: [ app_init ] --END-- [ RunTime:0.000374s ]
INFO: [ app_begin ] --START--
INFO: Run Behavior\ReadHtmlCacheBehavior [ RunTime:0.000491s ]
INFO: [ app_begin ] --END-- [ RunTime:0.000556s ]
SQL: SHOW COLUMNS FROM `vs_message` [ RunTime:0.0029s ]
SQL: SELECT * FROM `vs_message` WHERE `from_uid` = 1 AND `to_uid` = 2 LIMIT 1   [ RunTime:0.0003s ]
INFO: [ app_end ] --START--
INFO: Run Behavior\ShowPageTraceBehavior [ RunTime:0.000638s ]
INFO: [ app_end ] --END-- [ RunTime:0.000703s ]

[ 2016-07-23T15:08:55+08:00 ] 127.0.0.1 /FZU-VentureService/API/index.php/Home/Message/detail.html?from_uid=1&&to_uid=2
INFO: [ app_init ] --START--
INFO: Run Behavior\BuildLiteBehavior [ RunTime:0.000021s ]
INFO: [ app_init ] --END-- [ RunTime:0.000498s ]
INFO: [ app_begin ] --START--
INFO: Run Behavior\ReadHtmlCacheBehavior [ RunTime:0.000575s ]
INFO: [ app_begin ] --END-- [ RunTime:0.000642s ]
SQL: SHOW COLUMNS FROM `vs_message` [ RunTime:0.0013s ]
SQL: SELECT * FROM `vs_message` WHERE `from_uid` = 1 AND `to_uid` = 2  [ RunTime:0.0004s ]
INFO: [ app_end ] --START--
INFO: Run Behavior\ShowPageTraceBehavior [ RunTime:0.000756s ]
INFO: [ app_end ] --END-- [ RunTime:0.000837s ]

[ 2016-07-23T15:11:35+08:00 ] 127.0.0.1 /FZU-VentureService/API/index.php/Home/Message/detail.html?from_uid=1&&to_uid=2
INFO: [ app_init ] --START--
INFO: Run Behavior\BuildLiteBehavior [ RunTime:0.000019s ]
INFO: [ app_init ] --END-- [ RunTime:0.000449s ]
INFO: [ app_begin ] --START--
INFO: Run Behavior\ReadHtmlCacheBehavior [ RunTime:0.000587s ]
INFO: [ app_begin ] --END-- [ RunTime:0.000657s ]
SQL: SHOW COLUMNS FROM `vs_message` [ RunTime:0.0027s ]
SQL: SELECT * FROM `vs_message` WHERE `from_uid` = 1 AND `to_uid` = 2  [ RunTime:0.0004s ]
INFO: [ app_end ] --START--
INFO: Run Behavior\ShowPageTraceBehavior [ RunTime:0.000670s ]
INFO: [ app_end ] --END-- [ RunTime:0.000744s ]

[ 2016-07-23T15:12:28+08:00 ] 127.0.0.1 /FZU-VentureService/API/index.php/Home/Message/detail.html?from_uid=1&&to_uid=2
INFO: [ app_init ] --START--
INFO: Run Behavior\BuildLiteBehavior [ RunTime:0.000018s ]
INFO: [ app_init ] --END-- [ RunTime:0.000376s ]
INFO: [ app_begin ] --START--
INFO: Run Behavior\ReadHtmlCacheBehavior [ RunTime:0.000476s ]
INFO: [ app_begin ] --END-- [ RunTime:0.000537s ]
SQL: SHOW COLUMNS FROM `vs_message` [ RunTime:0.0034s ]
SQL: SELECT * FROM `vs_message` WHERE `from_uid` = 1 AND `to_uid` = 2  [ RunTime:0.0003s ]
INFO: [ app_end ] --START--
INFO: Run Behavior\ShowPageTraceBehavior [ RunTime:0.000654s ]
INFO: [ app_end ] --END-- [ RunTime:0.000723s ]

[ 2016-07-23T15:15:21+08:00 ] 127.0.0.1 /FZU-VentureService/API/index.php/Home/Message/detail.html?from_uid=1&&to_uid=2
INFO: [ app_init ] --START--
INFO: Run Behavior\BuildLiteBehavior [ RunTime:0.000019s ]
INFO: [ app_init ] --END-- [ RunTime:0.000401s ]
INFO: [ app_begin ] --START--
INFO: Run Behavior\ReadHtmlCacheBehavior [ RunTime:0.000511s ]
INFO: [ app_begin ] --END-- [ RunTime:0.000579s ]
SQL: SHOW COLUMNS FROM `vs_message` [ RunTime:0.0030s ]
SQL: SELECT * FROM `vs_message` WHERE `from_uid` = 1 OR `to_uid` = 2  [ RunTime:0.0003s ]
INFO: [ app_end ] --START--
INFO: Run Behavior\ShowPageTraceBehavior [ RunTime:0.000677s ]
INFO: [ app_end ] --END-- [ RunTime:0.000755s ]

[ 2016-07-23T15:17:14+08:00 ] 127.0.0.1 /FZU-VentureService/API/index.php/Home/Message/detail.html?from_uid=1&&to_uid=2
INFO: [ app_init ] --START--
INFO: Run Behavior\BuildLiteBehavior [ RunTime:0.000015s ]
INFO: [ app_init ] --END-- [ RunTime:0.000362s ]
INFO: [ app_begin ] --START--
INFO: Run Behavior\ReadHtmlCacheBehavior [ RunTime:0.000509s ]
INFO: [ app_begin ] --END-- [ RunTime:0.000573s ]
SQL: SHOW COLUMNS FROM `vs_message` [ RunTime:0.0028s ]
SQL: SELECT * FROM `vs_message` WHERE `from_uid` = 1 AND `to_uid` = 2  [ RunTime:0.0004s ]
INFO: [ app_end ] --START--
INFO: Run Behavior\ShowPageTraceBehavior [ RunTime:0.000724s ]
INFO: [ app_end ] --END-- [ RunTime:0.000807s ]

[ 2016-07-23T15:23:04+08:00 ] 127.0.0.1 /FZU-VentureService/API/index.php/Home/Message/detail.html?from_uid=1&&to_uid=2
INFO: [ app_init ] --START--
INFO: Run Behavior\BuildLiteBehavior [ RunTime:0.000018s ]
INFO: [ app_init ] --END-- [ RunTime:0.000383s ]
INFO: [ app_begin ] --START--
INFO: Run Behavior\ReadHtmlCacheBehavior [ RunTime:0.000487s ]
INFO: [ app_begin ] --END-- [ RunTime:0.000548s ]
SQL: SHOW COLUMNS FROM `vs_message` [ RunTime:0.0028s ]
SQL: SELECT * FROM `vs_message` WHERE `from_uid` = 2 OR `to_uid` = 2  [ RunTime:0.0003s ]
INFO: [ app_end ] --START--
INFO: Run Behavior\ShowPageTraceBehavior [ RunTime:0.000637s ]
INFO: [ app_end ] --END-- [ RunTime:0.000703s ]

[ 2016-07-23T15:23:54+08:00 ] 127.0.0.1 /FZU-VentureService/API/index.php/Home/Message/detail.html?from_uid=1&&to_uid=2
INFO: [ app_init ] --START--
INFO: Run Behavior\BuildLiteBehavior [ RunTime:0.000016s ]
INFO: [ app_init ] --END-- [ RunTime:0.000372s ]
INFO: [ app_begin ] --START--
INFO: Run Behavior\ReadHtmlCacheBehavior [ RunTime:0.000476s ]
INFO: [ app_begin ] --END-- [ RunTime:0.000538s ]
SQL: SHOW COLUMNS FROM `vs_message` [ RunTime:0.0026s ]
SQL: SELECT * FROM `vs_message` WHERE `from_uid` = 2 OR `to_uid` = 2  [ RunTime:0.0003s ]
INFO: [ app_end ] --START--
INFO: Run Behavior\ShowPageTraceBehavior [ RunTime:0.000697s ]
INFO: [ app_end ] --END-- [ RunTime:0.000782s ]

[ 2016-07-23T15:24:51+08:00 ] 127.0.0.1 /FZU-VentureService/API/index.php/Home/Message/detail.html?from_uid=1&&to_uid=2
INFO: [ app_init ] --START--
INFO: Run Behavior\BuildLiteBehavior [ RunTime:0.000019s ]
INFO: [ app_init ] --END-- [ RunTime:0.000398s ]
INFO: [ app_begin ] --START--
INFO: Run Behavior\ReadHtmlCacheBehavior [ RunTime:0.000551s ]
INFO: [ app_begin ] --END-- [ RunTime:0.000635s ]
SQL: SHOW COLUMNS FROM `vs_message` [ RunTime:0.0026s ]
NOTIC: [2] Invalid argument supplied for foreach() /Applications/MAMP/htdocs/FZU-VentureService/API/ThinkPHP/Library/Think/Db/Driver.class.php 第 504 行.
SQL: SELECT * FROM `vs_message`  [ RunTime:0.0004s ]
INFO: [ app_end ] --START--
INFO: Run Behavior\ShowPageTraceBehavior [ RunTime:0.000817s ]
INFO: [ app_end ] --END-- [ RunTime:0.000942s ]

[ 2016-07-23T15:25:16+08:00 ] 127.0.0.1 /FZU-VentureService/API/index.php/Home/Message/detail.html?from_uid=1&&to_uid=2
INFO: [ app_init ] --START--
INFO: Run Behavior\BuildLiteBehavior [ RunTime:0.000020s ]
INFO: [ app_init ] --END-- [ RunTime:0.000461s ]
INFO: [ app_begin ] --START--
INFO: Run Behavior\ReadHtmlCacheBehavior [ RunTime:0.000889s ]
INFO: [ app_begin ] --END-- [ RunTime:0.001024s ]
SQL: SHOW COLUMNS FROM `vs_message` [ RunTime:0.0029s ]
SQL: SELECT * FROM `vs_message` WHERE `from_uid` = 2 OR `to_uid` = 2  [ RunTime:0.0003s ]
INFO: [ app_end ] --START--
INFO: Run Behavior\ShowPageTraceBehavior [ RunTime:0.000687s ]
INFO: [ app_end ] --END-- [ RunTime:0.000762s ]

[ 2016-07-23T15:25:49+08:00 ] 127.0.0.1 /FZU-VentureService/API/index.php/Home/Message/detail.html?from_uid=1&&to_uid=2
INFO: [ app_init ] --START--
INFO: Run Behavior\BuildLiteBehavior [ RunTime:0.000020s ]
INFO: [ app_init ] --END-- [ RunTime:0.000589s ]
INFO: [ app_begin ] --START--
INFO: Run Behavior\ReadHtmlCacheBehavior [ RunTime:0.000795s ]
INFO: [ app_begin ] --END-- [ RunTime:0.000891s ]
SQL: SHOW COLUMNS FROM `vs_message` [ RunTime:0.0015s ]
NOTIC: [8] Undefined variable: where /Applications/MAMP/htdocs/FZU-VentureService/API/apps/Home/Controller/MessageController.class.php 第 37 行.
SQL: SELECT * FROM `vs_message`  [ RunTime:0.0003s ]
INFO: [ app_end ] --START--
INFO: Run Behavior\ShowPageTraceBehavior [ RunTime:0.000694s ]
INFO: [ app_end ] --END-- [ RunTime:0.000768s ]

[ 2016-07-23T15:25:58+08:00 ] 127.0.0.1 /FZU-VentureService/API/index.php/Home/Message/detail.html?from_uid=1&&to_uid=2
INFO: [ app_init ] --START--
INFO: Run Behavior\BuildLiteBehavior [ RunTime:0.000019s ]
INFO: [ app_init ] --END-- [ RunTime:0.000401s ]
INFO: [ app_begin ] --START--
INFO: Run Behavior\ReadHtmlCacheBehavior [ RunTime:0.000509s ]
INFO: [ app_begin ] --END-- [ RunTime:0.000575s ]
SQL: SHOW COLUMNS FROM `vs_message` [ RunTime:0.0024s ]
SQL: SELECT * FROM `vs_message` WHERE `from_uid` = 1 AND `to_uid` = 2  [ RunTime:0.0003s ]
INFO: [ app_end ] --START--
INFO: Run Behavior\ShowPageTraceBehavior [ RunTime:0.000656s ]
INFO: [ app_end ] --END-- [ RunTime:0.000725s ]

[ 2016-07-23T15:26:46+08:00 ] 127.0.0.1 /FZU-VentureService/API/index.php/Home/Message/detail.html?from_uid=1&&to_uid=2
INFO: [ app_init ] --START--
INFO: Run Behavior\BuildLiteBehavior [ RunTime:0.000017s ]
INFO: [ app_init ] --END-- [ RunTime:0.000369s ]
INFO: [ app_begin ] --START--
INFO: Run Behavior\ReadHtmlCacheBehavior [ RunTime:0.000473s ]
INFO: [ app_begin ] --END-- [ RunTime:0.000534s ]
SQL: SHOW COLUMNS FROM `vs_message` [ RunTime:0.0029s ]
SQL: SELECT * FROM `vs_message` WHERE `from_uid` = 1 AND `to_uid` = 2  [ RunTime:0.0003s ]
INFO: [ app_end ] --START--
INFO: Run Behavior\ShowPageTraceBehavior [ RunTime:0.000635s ]
INFO: [ app_end ] --END-- [ RunTime:0.000702s ]

[ 2016-07-23T15:27:02+08:00 ] 127.0.0.1 /FZU-VentureService/API/index.php/Home/Message/detail.html?from_uid=1&&to_uid=2
INFO: [ app_init ] --START--
INFO: Run Behavior\BuildLiteBehavior [ RunTime:0.000017s ]
INFO: [ app_init ] --END-- [ RunTime:0.000395s ]
INFO: [ app_begin ] --START--
INFO: Run Behavior\ReadHtmlCacheBehavior [ RunTime:0.000540s ]
INFO: [ app_begin ] --END-- [ RunTime:0.000615s ]
SQL: SHOW COLUMNS FROM `vs_message` [ RunTime:0.0026s ]
SQL: SELECT * FROM `vs_message` WHERE `from_uid` = 1 AND `to_uid` = 2 ORDER BY time desc  [ RunTime:0.0004s ]
INFO: [ app_end ] --START--
INFO: Run Behavior\ShowPageTraceBehavior [ RunTime:0.000739s ]
INFO: [ app_end ] --END-- [ RunTime:0.000855s ]

