[ 2016-08-18T17:11:52+08:00 ] ::1 /FZU-VentureService/API/index.php/home/notice/list.html?type=1
INFO: [ app_init ] --START--
INFO: Run Behavior\BuildLiteBehavior [ RunTime:0.000024s ]
INFO: [ app_init ] --END-- [ RunTime:0.040394s ]
INFO: [ app_begin ] --START--
INFO: Run Behavior\ReadHtmlCacheBehavior [ RunTime:0.043329s ]
INFO: [ app_begin ] --END-- [ RunTime:0.043931s ]
SQL: SHOW COLUMNS FROM `vs_notice` [ RunTime:0.0333s ]
SQL: SELECT `nid`,`type`,`theme`,`date` FROM `vs_notice` WHERE `type` = 1 AND `status` = 1 ORDER BY overhead desc,rank desc,date desc LIMIT 0,15[ 2016-08-18T17:11:52+08:00 ] ::1 /FZU-VentureService/API/index.php/home/project/list.html
INFO: [ app_init ] --START--
INFO: Run Behavior\BuildLiteBehavior [ RunTime:0.000047s ]
INFO: [ app_init ] --END-- [ RunTime:0.041715s ]
INFO: [ app_begin ] --START--
INFO: Run Behavior\ReadHtmlCacheBehavior [ RunTime:0.050049s ]
INFO: [ app_begin ] --END-- [ RunTime:0.051213s ]
SQL: SHOW COLUMNS FROM `vs_projects` [ RunTime:0.0333s ]
SQL: SELECT `pid`,`uid`,`name`,`pic`,`synopsis`,`product_type`,`time`,`stage`,`issue_time` FROM `vs_projects` WHERE `status` = 1 LIMIT 0,10   [ RunTime:0.0211s ]
SQL: SELECT * FROM `vs_projects` WHERE `status` = 1  [ RunTime:0.0263s ]

[ 2016-08-18T17:11:52+08:00 ] ::1 /FZU-VentureService/API/index.php/home/field/list.html
INFO: [ app_init ] --START--
INFO: Run Behavior\BuildLiteBehavior [ RunTime:0.000044s ]
INFO: [ app_init ] --END-- [ RunTime:0.040352s ]
INFO: [ app_begin ] --START--
INFO: Run Behavior\ReadHtmlCacheBehavior [ RunTime:0.060112s ]
INFO: [ app_begin ] --END-- [ RunTime:0.060428s ]
SQL: SHOW COLUMNS FROM `vs_fields` [ RunTime:0.0251s ]
SQL: SELECT `fid`,`name`,`pic`,`synopsis`,`run_time` FROM `vs_fields` WHERE `status` = 1 ORDER BY run_time desc  [ RunTime:0.0235s ]

[ 2016-08-18T17:13:37+08:00 ] ::1 /FZU-VentureService/API/index.php/home/notice/list.html?type=1&size=14&page=1
INFO: [ app_init ] --START--
INFO: Run Behavior\BuildLiteBehavior [ RunTime:0.000055s ]
INFO: [ app_init ] --END-- [ RunTime:0.003059s ]
INFO: [ app_begin ] --START--
INFO: Run Behavior\ReadHtmlCacheBehavior [ RunTime:0.001257s ]
INFO: [ app_begin ] --END-- [ RunTime:0.001439s ]
SQL: SHOW COLUMNS FROM `vs_notice` [ RunTime:0.0205s ]
SQL: SELECT `nid`,`type`,`theme`,`date` FROM `vs_notice` WHERE `type` = 1 AND `status` = 1 ORDER BY overhead desc,rank desc,date desc LIMIT 0,14   [ RunTime:0.0196s ]
SQL: SELECT * FROM `vs_notice` WHERE `type` = 1 AND `status` = 1  [ RunTime:0.0202s ]

[ 2016-08-18T17:13:37+08:00 ] ::1 /FZU-VentureService/API/index.php/home/notice/list.html?type=0&size=14&page=1
INFO: [ app_init ] --START--
INFO: Run Behavior\BuildLiteBehavior [ RunTime:0.000049s ]
INFO: [ app_init ] --END-- [ RunTime:0.000943s ]
INFO: [ app_begin ] --START--
INFO: Run Behavior\ReadHtmlCacheBehavior [ RunTime:0.000751s ]
INFO: [ app_begin ] --END-- [ RunTime:0.000856s ]
SQL: SHOW COLUMNS FROM `vs_notice` [ RunTime:0.0243s ]
SQL: SELECT `nid`,`type`,`theme`,`date` FROM `vs_notice` WHERE `type` = 0 AND `status` = 1 ORDER BY overhead desc,rank desc,date desc LIMIT 0,14   [ RunTime:0.0252s ]
SQL: SELECT * FROM `vs_notice` WHERE `type` = 0 AND `status` = 1  [ RunTime:0.0271s ]

[ 2016-08-18T17:13:37+08:00 ] ::1 /FZU-VentureService/API/index.php/home/notice/list.html?type=2&size=14&page=1
INFO: [ app_init ] --START--
INFO: Run Behavior\BuildLiteBehavior [ RunTime:0.000025s ]
INFO: [ app_init ] --END-- [ RunTime:0.000425s ]
INFO: [ app_begin ] --START--
INFO: Run Behavior\ReadHtmlCacheBehavior [ RunTime:0.000689s ]
INFO: [ app_begin ] --END-- [ RunTime:0.000785s ]
SQL: SHOW COLUMNS FROM `vs_notice` [ RunTime:0.0196s ]
SQL: SELECT `nid`,`type`,`theme`,`date` FROM `vs_notice` WHERE `type` = 2 AND `status` = 1 ORDER BY overhead desc,rank desc,date desc LIMIT 0,14   [ RunTime:0.0206s ]
SQL: SELECT * FROM `vs_notice` WHERE `type` = 2 AND `status` = 1  [ RunTime:0.0193s ]

[ 2016-08-18T17:13:38+08:00 ] ::1 /FZU-VentureService/API/index.php/home/field/list.html
INFO: [ app_init ] --START--
INFO: Run Behavior\BuildLiteBehavior [ RunTime:0.000045s ]
INFO: [ app_init ] --END-- [ RunTime:0.001352s ]
INFO: [ app_begin ] --START--
INFO: Run Behavior\ReadHtmlCacheBehavior [ RunTime:0.000953s ]
INFO: [ app_begin ] --END-- [ RunTime:0.001083s ]
SQL: SHOW COLUMNS FROM `vs_fields` [ RunTime:0.0240s ]
SQL: SELECT `fid`,`name`,`pic`,`synopsis`,`run_time` FROM `vs_fields` WHERE `status` = 1 ORDER BY run_time desc  [ RunTime:0.0262s ]

[ 2016-08-18T17:13:38+08:00 ] ::1 /FZU-VentureService/API/index.php/home/field/detail.html?fid=3
INFO: [ app_init ] --START--
INFO: Run Behavior\BuildLiteBehavior [ RunTime:0.000039s ]
INFO: [ app_init ] --END-- [ RunTime:0.000743s ]
INFO: [ app_begin ] --START--
INFO: Run Behavior\ReadHtmlCacheBehavior [ RunTime:0.001413s ]
INFO: [ app_begin ] --END-- [ RunTime:0.001624s ]
SQL: SHOW COLUMNS FROM `vs_fields` [ RunTime:0.0221s ]
SQL: SELECT * FROM `vs_fields` WHERE `fid` = 3 LIMIT 1   [ RunTime:0.0192s ]

[ 2016-08-18T17:19:43+08:00 ] ::1 /FZU-VentureService/API/index.php/home/field/list.html
INFO: [ app_init ] --START--
INFO: Run Behavior\BuildLiteBehavior [ RunTime:0.000165s ]
INFO: [ app_init ] --END-- [ RunTime:0.001785s ]
INFO: [ app_begin ] --START--
INFO: Run Behavior\ReadHtmlCacheBehavior [ RunTime:0.001365s ]
INFO: [ app_begin ] --END-- [ RunTime:0.001545s ]
SQL: SHOW COLUMNS FROM `vs_fields` [ RunTime:0.0244s ]
SQL: SELECT `fid`,`name`,`pic`,`synopsis`,`run_time` FROM `vs_fields` WHERE `status` = 1 ORDER BY run_time desc  [ RunTime:0.0226s ]

[ 2016-08-18T17:19:44+08:00 ] ::1 /FZU-VentureService/API/index.php/home/field/detail.html?fid=3
INFO: [ app_init ] --START--
INFO: Run Behavior\BuildLiteBehavior [ RunTime:0.000041s ]
INFO: [ app_init ] --END-- [ RunTime:0.000702s ]
INFO: [ app_begin ] --START--
INFO: Run Behavior\ReadHtmlCacheBehavior [ RunTime:0.000769s ]
INFO: [ app_begin ] --END-- [ RunTime:0.000857s ]
SQL: SHOW COLUMNS FROM `vs_fields` [ RunTime:0.0244s ]
SQL: SELECT * FROM `vs_fields` WHERE `fid` = 3 LIMIT 1   [ RunTime:0.0203s ]

[ 2016-08-18T17:22:00+08:00 ] ::1 /FZU-VentureService/API/index.php/home/project/list.html?size=5&page=1
INFO: [ app_init ] --START--
INFO: Run Behavior\BuildLiteBehavior [ RunTime:0.000093s ]
INFO: [ app_init ] --END-- [ RunTime:0.002092s ]
INFO: [ app_begin ] --START--
INFO: Run Behavior\ReadHtmlCacheBehavior [ RunTime:0.000793s ]
INFO: [ app_begin ] --END-- [ RunTime:0.000896s ]
SQL: SHOW COLUMNS FROM `vs_projects` [ RunTime:0.0223s ]
SQL: SELECT `pid`,`uid`,`name`,`pic`,`synopsis`,`product_type`,`time`,`stage`,`issue_time` FROM `vs_projects` WHERE `status` = 1 LIMIT 0,5   [ RunTime:0.0189s ]
SQL: SELECT * FROM `vs_projects` WHERE `status` = 1  [ RunTime:0.0216s ]

[ 2016-08-18T17:22:01+08:00 ] ::1 /FZU-VentureService/API/index.php/home/cpt/list.html
INFO: [ app_init ] --START--
INFO: Run Behavior\BuildLiteBehavior [ RunTime:0.000026s ]
INFO: [ app_init ] --END-- [ RunTime:0.000470s ]
INFO: [ app_begin ] --START--
INFO: Run Behavior\ReadHtmlCacheBehavior [ RunTime:0.001211s ]
INFO: [ app_begin ] --END-- [ RunTime:0.001376s ]
SQL: SHOW COLUMNS FROM `vs_competitions` [ RunTime:0.0219s ]
SQL: SELECT * FROM `vs_competitions` WHERE ( deadline > 1471512121 ) ORDER BY deadline desc LIMIT 0,10   [ RunTime:0.0724s ]

[ 2016-08-18T17:22:01+08:00 ] ::1 /FZU-VentureService/API/index.php/home/cpt/detail.html?cid=2
INFO: [ app_init ] --START--
INFO: Run Behavior\BuildLiteBehavior [ RunTime:0.000045s ]
INFO: [ app_init ] --END-- [ RunTime:0.000649s ]
INFO: [ app_begin ] --START--
INFO: Run Behavior\ReadHtmlCacheBehavior [ RunTime:0.001104s ]
INFO: [ app_begin ] --END-- [ RunTime:0.001303s ]
SQL: SHOW COLUMNS FROM `vs_competitions` [ RunTime:0.0192s ]
SQL: SELECT * FROM `vs_competitions` WHERE `cid` = 2 LIMIT 1   [ RunTime:0.0513s ]

[ 2016-08-18T17:22:01+08:00 ] ::1 /FZU-VentureService/API/index.php/home/cpt//previous.html?number=36056&times=5
INFO: [ app_init ] --START--
INFO: Run Behavior\BuildLiteBehavior [ RunTime:0.000025s ]
INFO: [ app_init ] --END-- [ RunTime:0.000437s ]
INFO: [ app_begin ] --START--
INFO: Run Behavior\ReadHtmlCacheBehavior [ RunTime:0.000871s ]
INFO: [ app_begin ] --END-- [ RunTime:0.000981s ]
SQL: SHOW COLUMNS FROM `vs_competitions` [ RunTime:0.0204s ]
SQL: SELECT * FROM `vs_competitions` WHERE ( number = '36056' && times < '5'  ) ORDER BY times asc  [ RunTime:0.0196s ]

[ 2016-08-18T17:22:02+08:00 ] ::1 /FZU-VentureService/API/index.php/home/project/list.html?size=5&page=1
INFO: [ app_init ] --START--
INFO: Run Behavior\BuildLiteBehavior [ RunTime:0.000041s ]
INFO: [ app_init ] --END-- [ RunTime:0.000531s ]
INFO: [ app_begin ] --START--
INFO: Run Behavior\ReadHtmlCacheBehavior [ RunTime:0.000897s ]
INFO: [ app_begin ] --END-- [ RunTime:0.001046s ]
SQL: SHOW COLUMNS FROM `vs_projects` [ RunTime:0.0245s ]
SQL: SELECT `pid`,`uid`,`name`,`pic`,`synopsis`,`product_type`,`time`,`stage`,`issue_time` FROM `vs_projects` WHERE `status` = 1 LIMIT 0,5   [ RunTime:0.0233s ]
SQL: SELECT * FROM `vs_projects` WHERE `status` = 1  [ RunTime:0.0244s ]

[ 2016-08-18T17:22:03+08:00 ] ::1 /FZU-VentureService/API/index.php/home/class/downloads.html?type=0
INFO: [ app_init ] --START--
INFO: Run Behavior\BuildLiteBehavior [ RunTime:0.000073s ]
INFO: [ app_init ] --END-- [ RunTime:0.001859s ]
INFO: [ app_begin ] --START--
INFO: Run Behavior\ReadHtmlCacheBehavior [ RunTime:0.000856s ]
INFO: [ app_begin ] --END-- [ RunTime:0.000992s ]
SQL: SHOW COLUMNS FROM `vs_documents` [ RunTime:0.0240s ]
SQL: SELECT * FROM `vs_documents` WHERE `type` = 0 ORDER BY issue_time desc  [ RunTime:0.0244s ]

[ 2016-08-18T17:22:03+08:00 ] ::1 /FZU-VentureService/API/index.php/home/class/list.html?mode=0
INFO: [ app_init ] --START--
INFO: Run Behavior\BuildLiteBehavior [ RunTime:0.000024s ]
INFO: [ app_init ] --END-- [ RunTime:0.000460s ]
INFO: [ app_begin ] --START--
INFO: Run Behavior\ReadHtmlCacheBehavior [ RunTime:0.000725s ]
INFO: [ app_begin ] --END-- [ RunTime:0.000823s ]
SQL: SHOW COLUMNS FROM `vs_classes` [ RunTime:0.0242s ]
SQL: SELECT * FROM `vs_classes` ORDER BY issue_time desc LIMIT 0,20   [ RunTime:0.0240s ]

[ 2016-08-18T17:22:04+08:00 ] ::1 /FZU-VentureService/API/index.php/home/cpt/list.html
INFO: [ app_init ] --START--
INFO: Run Behavior\BuildLiteBehavior [ RunTime:0.000043s ]
INFO: [ app_init ] --END-- [ RunTime:0.000539s ]
INFO: [ app_begin ] --START--
INFO: Run Behavior\ReadHtmlCacheBehavior [ RunTime:0.001248s ]
INFO: [ app_begin ] --END-- [ RunTime:0.001601s ]
SQL: SHOW COLUMNS FROM `vs_competitions` [ RunTime:0.0271s ]
SQL: SELECT * FROM `vs_competitions` WHERE ( deadline > 1471512123 ) ORDER BY deadline desc LIMIT 0,10   [ RunTime:0.0543s ]

[ 2016-08-18T17:22:04+08:00 ] ::1 /FZU-VentureService/API/index.php/home/cpt/detail.html?cid=2
INFO: [ app_init ] --START--
INFO: Run Behavior\BuildLiteBehavior [ RunTime:0.000045s ]
INFO: [ app_init ] --END-- [ RunTime:0.000798s ]
INFO: [ app_begin ] --START--
INFO: Run Behavior\ReadHtmlCacheBehavior [ RunTime:0.000741s ]
INFO: [ app_begin ] --END-- [ RunTime:0.000849s ]
SQL: SHOW COLUMNS FROM `vs_competitions` [ RunTime:0.0197s ]
SQL: SELECT * FROM `vs_competitions` WHERE `cid` = 2 LIMIT 1   [ RunTime:0.0518s ]

[ 2016-08-18T17:22:04+08:00 ] ::1 /FZU-VentureService/API/index.php/home/project/list.html?size=5&page=1
INFO: [ app_init ] --START--
INFO: Run Behavior\BuildLiteBehavior [ RunTime:0.000026s ]
INFO: [ app_init ] --END-- [ RunTime:0.000461s ]
INFO: [ app_begin ] --START--
INFO: Run Behavior\ReadHtmlCacheBehavior [ RunTime:0.001282s ]
INFO: [ app_begin ] --END-- [ RunTime:0.001892s ]
SQL: SHOW COLUMNS FROM `vs_projects` [ RunTime:0.0252s ]
SQL: SELECT `pid`,`uid`,`name`,`pic`,`synopsis`,`product_type`,`time`,`stage`,`issue_time` FROM `vs_projects` WHERE `status` = 1 LIMIT 0,5   [ RunTime:0.0231s ]
SQL: SELECT * FROM `vs_projects` WHERE `status` = 1  [ RunTime:0.0279s ]

[ 2016-08-18T17:22:04+08:00 ] ::1 /FZU-VentureService/API/index.php/home/field/list.html
INFO: [ app_init ] --START--
INFO: Run Behavior\BuildLiteBehavior [ RunTime:0.000030s ]
INFO: [ app_init ] --END-- [ RunTime:0.000556s ]
INFO: [ app_begin ] --START--
INFO: Run Behavior\ReadHtmlCacheBehavior [ RunTime:0.003614s ]
INFO: [ app_begin ] --END-- [ RunTime:0.003824s ]
SQL: SHOW COLUMNS FROM `vs_fields` [ RunTime:0.0263s ]
SQL: SELECT `fid`,`name`,`pic`,`synopsis`,`run_time` FROM `vs_fields` WHERE `status` = 1 ORDER BY run_time desc  [ RunTime:0.0189s ]

[ 2016-08-18T17:22:04+08:00 ] ::1 /FZU-VentureService/API/index.php/home/field/detail.html?fid=3
INFO: [ app_init ] --START--
INFO: Run Behavior\BuildLiteBehavior [ RunTime:0.000024s ]
INFO: [ app_init ] --END-- [ RunTime:0.000427s ]
INFO: [ app_begin ] --START--
INFO: Run Behavior\ReadHtmlCacheBehavior [ RunTime:0.000965s ]
INFO: [ app_begin ] --END-- [ RunTime:0.001097s ]
SQL: SHOW COLUMNS FROM `vs_fields` [ RunTime:0.0191s ]
SQL: SELECT * FROM `vs_fields` WHERE `fid` = 3 LIMIT 1   [ RunTime:0.0200s ]

[ 2016-08-18T17:22:05+08:00 ] ::1 /FZU-VentureService/API/index.php/home/notice/list.html?type=0&size=14&page=1
INFO: [ app_init ] --START--
INFO: Run Behavior\BuildLiteBehavior [ RunTime:0.000047s ]
INFO: [ app_init ] --END-- [ RunTime:0.000954s ]
INFO: [ app_begin ] --START--
INFO: Run Behavior\ReadHtmlCacheBehavior [ RunTime:0.002088s ]
INFO: [ app_begin ] --END-- [ RunTime:0.002378s ]
SQL: SHOW COLUMNS FROM `vs_notice` [ RunTime:0.0194s ]
SQL: SELECT `nid`,`type`,`theme`,`date` FROM `vs_notice` WHERE `type` = 0 AND `status` = 1 ORDER BY overhead desc,rank desc,date desc LIMIT 0,14   [ RunTime:0.0198s ]
SQL: SELECT * FROM `vs_notice` WHERE `type` = 0 AND `status` = 1  [ RunTime:0.0210s ]

[ 2016-08-18T17:22:05+08:00 ] ::1 /FZU-VentureService/API/index.php/home/notice/list.html?type=2&size=14&page=1
INFO: [ app_init ] --START--
INFO: Run Behavior\BuildLiteBehavior [ RunTime:0.000059s ]
INFO: [ app_init ] --END-- [ RunTime:0.001438s ]
INFO: [ app_begin ] --START--
INFO: Run Behavior\ReadHtmlCacheBehavior [ RunTime:0.003030s ]
INFO: [ app_begin ] --END-- [ RunTime:0.003691s ]
SQL: SHOW COLUMNS FROM `vs_notice` [ RunTime:0.0202s ]
SQL: SELECT `nid`,`type`,`theme`,`date` FROM `vs_notice` WHERE `type` = 2 AND `status` = 1 ORDER BY overhead desc,rank desc,date desc LIMIT 0,14   [ RunTime:0.0188s ]
SQL: SELECT * FROM `vs_notice` WHERE `type` = 2 AND `status` = 1  [ RunTime:0.0227s ]

[ 2016-08-18T17:22:05+08:00 ] ::1 /FZU-VentureService/API/index.php/home/notice/list.html?type=1&size=14&page=1
INFO: [ app_init ] --START--
INFO: Run Behavior\BuildLiteBehavior [ RunTime:0.000039s ]
INFO: [ app_init ] --END-- [ RunTime:0.000714s ]
INFO: [ app_begin ] --START--
INFO: Run Behavior\ReadHtmlCacheBehavior [ RunTime:0.002599s ]
INFO: [ app_begin ] --END-- [ RunTime:0.002918s ]
SQL: SHOW COLUMNS FROM `vs_notice` [ RunTime:0.0414s ]
SQL: SELECT `nid`,`type`,`theme`,`date` FROM `vs_notice` WHERE `type` = 1 AND `status` = 1 ORDER BY overhead desc,rank desc,date desc LIMIT 0,14   [ RunTime:0.0233s ]
SQL: SELECT * FROM `vs_notice` WHERE `type` = 1 AND `status` = 1  [ RunTime:0.0256s ]

[ 2016-08-18T17:22:06+08:00 ] ::1 /FZU-VentureService/API/index.php/home/field/list.html
INFO: [ app_init ] --START--
INFO: Run Behavior\BuildLiteBehavior [ RunTime:0.000027s ]
INFO: [ app_init ] --END-- [ RunTime:0.000479s ]
INFO: [ app_begin ] --START--
INFO: Run Behavior\ReadHtmlCacheBehavior [ RunTime:0.001222s ]
INFO: [ app_begin ] --END-- [ RunTime:0.001375s ]
SQL: SHOW COLUMNS FROM `vs_fields` [ RunTime:0.0266s ]
SQL: SELECT `fid`,`name`,`pic`,`synopsis`,`run_time` FROM `vs_fields` WHERE `status` = 1 ORDER BY run_time desc  [ RunTime:0.0277s ]

[ 2016-08-18T17:22:06+08:00 ] ::1 /FZU-VentureService/API/index.php/home/field/detail.html?fid=3
INFO: [ app_init ] --START--
INFO: Run Behavior\BuildLiteBehavior [ RunTime:0.000030s ]
INFO: [ app_init ] --END-- [ RunTime:0.000578s ]
INFO: [ app_begin ] --START--
INFO: Run Behavior\ReadHtmlCacheBehavior [ RunTime:0.001111s ]
INFO: [ app_begin ] --END-- [ RunTime:0.001281s ]
SQL: SHOW COLUMNS FROM `vs_fields` [ RunTime:0.0245s ]
SQL: SELECT * FROM `vs_fields` WHERE `fid` = 3 LIMIT 1   [ RunTime:0.0276s ]

[ 2016-08-18T17:23:09+08:00 ] ::1 /FZU-VentureService/API/index.php/home/project/list.html?size=5&page=1
INFO: [ app_init ] --START--
INFO: Run Behavior\BuildLiteBehavior [ RunTime:0.000043s ]
INFO: [ app_init ] --END-- [ RunTime:0.000796s ]
INFO: [ app_begin ] --START--
INFO: Run Behavior\ReadHtmlCacheBehavior [ RunTime:0.000761s ]
INFO: [ app_begin ] --END-- [ RunTime:0.000862s ]
SQL: SHOW COLUMNS FROM `vs_projects` [ RunTime:0.0201s ]
SQL: SELECT `pid`,`uid`,`name`,`pic`,`synopsis`,`product_type`,`time`,`stage`,`issue_time` FROM `vs_projects` WHERE `status` = 1 LIMIT 0,5   [ RunTime:0.0184s ]
SQL: SELECT * FROM `vs_projects` WHERE `status` = 1  [ RunTime:0.0252s ]

[ 2016-08-18T17:27:40+08:00 ] ::1 /FZU-VentureService/API/index.php/home/cpt/list.html
INFO: [ app_init ] --START--
INFO: Run Behavior\BuildLiteBehavior [ RunTime:0.000040s ]
INFO: [ app_init ] --END-- [ RunTime:0.000638s ]
INFO: [ app_begin ] --START--
INFO: Run Behavior\ReadHtmlCacheBehavior [ RunTime:0.001326s ]
INFO: [ app_begin ] --END-- [ RunTime:0.001493s ]
SQL: SHOW COLUMNS FROM `vs_competitions` [ RunTime:0.0237s ]
SQL: SELECT * FROM `vs_competitions` WHERE ( deadline > 1471512460 ) ORDER BY deadline desc LIMIT 0,10   [ RunTime:0.0743s ]

[ 2016-08-18T17:27:40+08:00 ] ::1 /FZU-VentureService/API/index.php/home/cpt/detail.html?cid=2
INFO: [ app_init ] --START--
INFO: Run Behavior\BuildLiteBehavior [ RunTime:0.000027s ]
INFO: [ app_init ] --END-- [ RunTime:0.000487s ]
INFO: [ app_begin ] --START--
INFO: Run Behavior\ReadHtmlCacheBehavior [ RunTime:0.001276s ]
INFO: [ app_begin ] --END-- [ RunTime:0.001462s ]
SQL: SHOW COLUMNS FROM `vs_competitions` [ RunTime:0.0191s ]
SQL: SELECT * FROM `vs_competitions` WHERE `cid` = 2 LIMIT 1   [ RunTime:0.0534s ]

[ 2016-08-18T17:27:40+08:00 ] ::1 /FZU-VentureService/API/index.php/home/cpt//previous.html?number=36056&times=5
INFO: [ app_init ] --START--
INFO: Run Behavior\BuildLiteBehavior [ RunTime:0.000048s ]
INFO: [ app_init ] --END-- [ RunTime:0.001109s ]
INFO: [ app_begin ] --START--
INFO: Run Behavior\ReadHtmlCacheBehavior [ RunTime:0.000715s ]
INFO: [ app_begin ] --END-- [ RunTime:0.000861s ]
SQL: SHOW COLUMNS FROM `vs_competitions` [ RunTime:0.0247s ]
SQL: SELECT * FROM `vs_competitions` WHERE ( number = '36056' && times < '5'  ) ORDER BY times asc  [ RunTime:0.0229s ]

[ 2016-08-18T17:27:42+08:00 ] ::1 /FZU-VentureService/API/index.php/home/field/list.html
INFO: [ app_init ] --START--
INFO: Run Behavior\BuildLiteBehavior [ RunTime:0.000045s ]
INFO: [ app_init ] --END-- [ RunTime:0.000868s ]
INFO: [ app_begin ] --START--
INFO: Run Behavior\ReadHtmlCacheBehavior [ RunTime:0.002498s ]
INFO: [ app_begin ] --END-- [ RunTime:0.002891s ]
SQL: SHOW COLUMNS FROM `vs_fields` [ RunTime:0.0247s ]
SQL: SELECT `fid`,`name`,`pic`,`synopsis`,`run_time` FROM `vs_fields` WHERE `status` = 1 ORDER BY run_time desc  [ RunTime:0.0235s ]

[ 2016-08-18T17:27:42+08:00 ] ::1 /FZU-VentureService/API/index.php/home/field/detail.html?fid=3
INFO: [ app_init ] --START--
INFO: Run Behavior\BuildLiteBehavior [ RunTime:0.000049s ]
INFO: [ app_init ] --END-- [ RunTime:0.000860s ]
INFO: [ app_begin ] --START--
INFO: Run Behavior\ReadHtmlCacheBehavior [ RunTime:0.001478s ]
INFO: [ app_begin ] --END-- [ RunTime:0.001665s ]
SQL: SHOW COLUMNS FROM `vs_fields` [ RunTime:0.0209s ]
SQL: SELECT * FROM `vs_fields` WHERE `fid` = 3 LIMIT 1   [ RunTime:0.0200s ]

[ 2016-08-18T17:27:43+08:00 ] ::1 /FZU-VentureService/API/index.php/home/cpt/list.html
INFO: [ app_init ] --START--
INFO: Run Behavior\BuildLiteBehavior [ RunTime:0.000025s ]
INFO: [ app_init ] --END-- [ RunTime:0.000457s ]
INFO: [ app_begin ] --START--
INFO: Run Behavior\ReadHtmlCacheBehavior [ RunTime:0.000774s ]
INFO: [ app_begin ] --END-- [ RunTime:0.000926s ]
SQL: SHOW COLUMNS FROM `vs_competitions` [ RunTime:0.0211s ]
SQL: SELECT * FROM `vs_competitions` WHERE ( deadline > 1471512463 ) ORDER BY deadline desc LIMIT 0,10   [ RunTime:0.0502s ]

[ 2016-08-18T17:27:43+08:00 ] ::1 /FZU-VentureService/API/index.php/home/cpt/detail.html?cid=2
INFO: [ app_init ] --START--
INFO: Run Behavior\BuildLiteBehavior [ RunTime:0.000043s ]
INFO: [ app_init ] --END-- [ RunTime:0.000813s ]
INFO: [ app_begin ] --START--
INFO: Run Behavior\ReadHtmlCacheBehavior [ RunTime:0.001586s ]
INFO: [ app_begin ] --END-- [ RunTime:0.001835s ]
SQL: SHOW COLUMNS FROM `vs_competitions` [ RunTime:0.0255s ]
SQL: SELECT * FROM `vs_competitions` WHERE `cid` = 2 LIMIT 1   [ RunTime:0.0570s ]

[ 2016-08-18T17:27:44+08:00 ] ::1 /FZU-VentureService/API/index.php/home/cpt//previous.html?number=36056&times=5
INFO: [ app_init ] --START--
INFO: Run Behavior\BuildLiteBehavior [ RunTime:0.000025s ]
INFO: [ app_init ] --END-- [ RunTime:0.000449s ]
INFO: [ app_begin ] --START--
INFO: Run Behavior\ReadHtmlCacheBehavior [ RunTime:0.000690s ]
INFO: [ app_begin ] --END-- [ RunTime:0.000781s ]
SQL: SHOW COLUMNS FROM `vs_competitions` [ RunTime:0.0256s ]
SQL: SELECT * FROM `vs_competitions` WHERE ( number = '36056' && times < '5'  ) ORDER BY times asc  [ RunTime:0.0187s ]

