[ 2016-07-25T10:14:31+08:00 ] 127.0.0.1 /demo/jyzd/API/
INFO: [ app_init ] --START--
INFO: Run Behavior\BuildLiteBehavior [ RunTime:0.000049s ]
INFO: [ app_init ] --END-- [ RunTime:0.005539s ]
INFO: [ app_begin ] --START--
INFO: Run Behavior\ReadHtmlCacheBehavior [ RunTime:0.005223s ]
INFO: [ app_begin ] --END-- [ RunTime:0.005398s ]
ERR: 无法加载控制器:

[ 2016-07-25T10:16:21+08:00 ] 127.0.0.1 /demo/jyzd/API/index.php/Home/User/register.html
INFO: [ app_init ] --START--
INFO: Run Behavior\BuildLiteBehavior [ RunTime:0.000029s ]
INFO: [ app_init ] --END-- [ RunTime:0.000754s ]
INFO: [ app_begin ] --START--
INFO: Run Behavior\ReadHtmlCacheBehavior [ RunTime:0.000991s ]
INFO: [ app_begin ] --END-- [ RunTime:0.001153s ]
INFO: [ app_end ] --START--
INFO: Run Behavior\ShowPageTraceBehavior [ RunTime:0.003941s ]
INFO: [ app_end ] --END-- [ RunTime:0.004082s ]

[ 2016-07-25T10:16:53+08:00 ] 127.0.0.1 /demo/jyzd/API/index.php/Home/User/register.html
INFO: [ app_init ] --START--
INFO: Run Behavior\BuildLiteBehavior [ RunTime:0.000032s ]
INFO: [ app_init ] --END-- [ RunTime:0.000626s ]
INFO: [ app_begin ] --START--
INFO: Run Behavior\ReadHtmlCacheBehavior [ RunTime:0.001065s ]
INFO: [ app_begin ] --END-- [ RunTime:0.001219s ]
INFO: [ app_end ] --START--
INFO: Run Behavior\ShowPageTraceBehavior [ RunTime:0.003879s ]
INFO: [ app_end ] --END-- [ RunTime:0.004081s ]

[ 2016-07-25T10:17:10+08:00 ] 127.0.0.1 /demo/jyzd/API/index.php/Home/User/register.html
INFO: [ app_init ] --START--
INFO: Run Behavior\BuildLiteBehavior [ RunTime:0.000033s ]
INFO: [ app_init ] --END-- [ RunTime:0.000676s ]
INFO: [ app_begin ] --START--
INFO: Run Behavior\ReadHtmlCacheBehavior [ RunTime:0.001244s ]
INFO: [ app_begin ] --END-- [ RunTime:0.001407s ]
SQL: SHOW COLUMNS FROM `vs_user` [ RunTime:0.0054s ]
SQL: SHOW COLUMNS FROM `vs_user` [ RunTime:0.0238s ]
SQL: SELECT * FROM `vs_user` WHERE ( username ) LIMIT 1   [ RunTime:0.0033s ]
SQL: INSERT INTO `vs_user` (`username`,`password`,`tel`,`email`,`nickname`,`groupid`,`userKey`,`status`,`reg_time`) VALUES ('10000','25cb20fb92fd991a8a1b707a85a5c184','15659751525','1010@qq.com','学院教务员','6','wsqtkzut','0','1469413030') [ RunTime:0.0196s ]
INFO: [ app_end ] --START--
INFO: Run Behavior\ShowPageTraceBehavior [ RunTime:0.001159s ]
INFO: [ app_end ] --END-- [ RunTime:0.001342s ]

[ 2016-07-25T10:17:35+08:00 ] 127.0.0.1 /demo/jyzd/API/index.php/Home/User/register.html
INFO: [ app_init ] --START--
INFO: Run Behavior\BuildLiteBehavior [ RunTime:0.000052s ]
INFO: [ app_init ] --END-- [ RunTime:0.000660s ]
INFO: [ app_begin ] --START--
INFO: Run Behavior\ReadHtmlCacheBehavior [ RunTime:0.001366s ]
INFO: [ app_begin ] --END-- [ RunTime:0.001607s ]
SQL: SHOW COLUMNS FROM `vs_user` [ RunTime:0.0057s ]
SQL: SHOW COLUMNS FROM `vs_user` [ RunTime:0.0042s ]
SQL: SELECT * FROM `vs_user` WHERE ( username ) LIMIT 1   [ RunTime:0.0003s ]
INFO: [ app_end ] --START--
INFO: Run Behavior\ShowPageTraceBehavior [ RunTime:0.001003s ]
INFO: [ app_end ] --END-- [ RunTime:0.001144s ]

[ 2016-07-25T10:17:48+08:00 ] 127.0.0.1 /demo/jyzd/API/index.php/Home/User/register.html
INFO: [ app_init ] --START--
INFO: Run Behavior\BuildLiteBehavior [ RunTime:0.000031s ]
INFO: [ app_init ] --END-- [ RunTime:0.000580s ]
INFO: [ app_begin ] --START--
INFO: Run Behavior\ReadHtmlCacheBehavior [ RunTime:0.000943s ]
INFO: [ app_begin ] --END-- [ RunTime:0.001118s ]
SQL: SHOW COLUMNS FROM `vs_user` [ RunTime:0.0043s ]
SQL: SHOW COLUMNS FROM `vs_user` [ RunTime:0.0062s ]
SQL: SELECT * FROM `vs_user` WHERE ( username ) LIMIT 1   [ RunTime:0.0005s ]
INFO: [ app_end ] --START--
INFO: Run Behavior\ShowPageTraceBehavior [ RunTime:0.001026s ]
INFO: [ app_end ] --END-- [ RunTime:0.001161s ]

[ 2016-07-25T10:26:39+08:00 ] 127.0.0.1 /demo/jyzd/API/index.php/Home/User/register.html
INFO: [ app_init ] --START--
INFO: Run Behavior\BuildLiteBehavior [ RunTime:0.000033s ]
INFO: [ app_init ] --END-- [ RunTime:0.000630s ]
INFO: [ app_begin ] --START--
INFO: Run Behavior\ReadHtmlCacheBehavior [ RunTime:0.001043s ]
INFO: [ app_begin ] --END-- [ RunTime:0.001255s ]
ERR: 非法操作:register

[ 2016-07-25T10:27:04+08:00 ] 127.0.0.1 /demo/jyzd/API/index.php/Home/User/register.html
INFO: [ app_init ] --START--
INFO: Run Behavior\BuildLiteBehavior [ RunTime:0.000032s ]
INFO: [ app_init ] --END-- [ RunTime:0.000574s ]
INFO: [ app_begin ] --START--
INFO: Run Behavior\ReadHtmlCacheBehavior [ RunTime:0.000910s ]
INFO: [ app_begin ] --END-- [ RunTime:0.001072s ]
NOTIC: [8] Undefined index: v_code D:\wamp\www\demo\jyzd\API\apps\Home\Controller\UserController.class.php 第 15 行.
INFO: [ app_end ] --START--
INFO: Run Behavior\ShowPageTraceBehavior [ RunTime:0.000743s ]
INFO: [ app_end ] --END-- [ RunTime:0.000881s ]

[ 2016-07-25T10:27:42+08:00 ] 127.0.0.1 /demo/jyzd/API/index.php/Home/User/register.html
INFO: [ app_init ] --START--
INFO: Run Behavior\BuildLiteBehavior [ RunTime:0.000052s ]
INFO: [ app_init ] --END-- [ RunTime:0.000936s ]
INFO: [ app_begin ] --START--
INFO: Run Behavior\ReadHtmlCacheBehavior [ RunTime:0.000753s ]
INFO: [ app_begin ] --END-- [ RunTime:0.000910s ]
SQL: SHOW COLUMNS FROM `vs_user` [ RunTime:0.0058s ]
SQL: SHOW COLUMNS FROM `vs_user` [ RunTime:0.0047s ]
SQL: SELECT * FROM `vs_user` WHERE ( username ) LIMIT 1   [ RunTime:0.0005s ]
INFO: [ app_end ] --START--
INFO: Run Behavior\ShowPageTraceBehavior [ RunTime:0.001531s ]
INFO: [ app_end ] --END-- [ RunTime:0.001746s ]

[ 2016-07-25T10:27:53+08:00 ] 127.0.0.1 /demo/jyzd/API/index.php/Home/User/register.html
INFO: [ app_init ] --START--
INFO: Run Behavior\BuildLiteBehavior [ RunTime:0.000032s ]
INFO: [ app_init ] --END-- [ RunTime:0.000547s ]
INFO: [ app_begin ] --START--
INFO: Run Behavior\ReadHtmlCacheBehavior [ RunTime:0.000780s ]
INFO: [ app_begin ] --END-- [ RunTime:0.000938s ]
SQL: SHOW COLUMNS FROM `vs_user` [ RunTime:0.0045s ]
SQL: SHOW COLUMNS FROM `vs_user` [ RunTime:0.0039s ]
SQL: SELECT * FROM `vs_user` WHERE ( username ) LIMIT 1   [ RunTime:0.0004s ]
INFO: [ app_end ] --START--
INFO: Run Behavior\ShowPageTraceBehavior [ RunTime:0.001308s ]
INFO: [ app_end ] --END-- [ RunTime:0.001521s ]

[ 2016-07-25T10:29:03+08:00 ] 127.0.0.1 /demo/jyzd/API/index.php/Home/User/register.html
INFO: [ app_init ] --START--
INFO: Run Behavior\BuildLiteBehavior [ RunTime:0.000034s ]
INFO: [ app_init ] --END-- [ RunTime:0.000600s ]
INFO: [ app_begin ] --START--
INFO: Run Behavior\ReadHtmlCacheBehavior [ RunTime:0.000708s ]
INFO: [ app_begin ] --END-- [ RunTime:0.000861s ]
SQL: SHOW COLUMNS FROM `vs_user` [ RunTime:0.0040s ]
SQL: SHOW COLUMNS FROM `vs_user` [ RunTime:0.0037s ]
SQL: SELECT * FROM `vs_user` WHERE ( username ) LIMIT 1   [ RunTime:0.0003s ]
NOTIC: [8] Uninitialized string offset: 26 D:\wamp\www\demo\jyzd\API\apps\Home\Model\UserModel.class.php 第 75 行.
SQL: INSERT INTO `vs_user` (`username`,`password`,`tel`,`email`,`nickname`,`groupid`,`userKey`,`status`,`reg_time`) VALUES ('100001','156733a5b53e23f8fcf11dbe33e54cb4','15659751525','1010@qq.com','企业','5','yutxjmq','0','1469413743') [ RunTime:0.0003s ]
INFO: [ app_end ] --START--
INFO: Run Behavior\ShowPageTraceBehavior [ RunTime:0.001104s ]
INFO: [ app_end ] --END-- [ RunTime:0.001240s ]

[ 2016-07-25T10:29:15+08:00 ] 127.0.0.1 /demo/jyzd/API/index.php/Home/User/register.html
INFO: [ app_init ] --START--
INFO: Run Behavior\BuildLiteBehavior [ RunTime:0.000049s ]
INFO: [ app_init ] --END-- [ RunTime:0.000826s ]
INFO: [ app_begin ] --START--
INFO: Run Behavior\ReadHtmlCacheBehavior [ RunTime:0.001021s ]
INFO: [ app_begin ] --END-- [ RunTime:0.001273s ]
SQL: SHOW COLUMNS FROM `vs_user` [ RunTime:0.0045s ]
SQL: SHOW COLUMNS FROM `vs_user` [ RunTime:0.0064s ]
SQL: SELECT * FROM `vs_user` WHERE ( username ) LIMIT 1   [ RunTime:0.0006s ]
SQL: INSERT INTO `vs_user` (`username`,`password`,`tel`,`email`,`nickname`,`groupid`,`userKey`,`status`,`reg_time`) VALUES ('10000','38157cee6b0bd0e27e660b8a561d5466','15659751525','1010@qq.com','企业','5','mbqicqru','0','1469413755') [ RunTime:0.0006s ]
INFO: [ app_end ] --START--
INFO: Run Behavior\ShowPageTraceBehavior [ RunTime:0.000969s ]
INFO: [ app_end ] --END-- [ RunTime:0.001119s ]

[ 2016-07-25T10:30:09+08:00 ] 127.0.0.1 /demo/jyzd/API/index.php/Home/User/register.html
INFO: [ app_init ] --START--
INFO: Run Behavior\BuildLiteBehavior [ RunTime:0.000050s ]
INFO: [ app_init ] --END-- [ RunTime:0.000849s ]
INFO: [ app_begin ] --START--
INFO: Run Behavior\ReadHtmlCacheBehavior [ RunTime:0.001101s ]
INFO: [ app_begin ] --END-- [ RunTime:0.001345s ]
SQL: SHOW COLUMNS FROM `vs_user` [ RunTime:0.0040s ]
SQL: SHOW COLUMNS FROM `vs_user` [ RunTime:0.0076s ]
SQL: SELECT * FROM `vs_user` WHERE ( username ) LIMIT 1   [ RunTime:0.0003s ]
INFO: [ app_end ] --START--
INFO: Run Behavior\ShowPageTraceBehavior [ RunTime:0.000836s ]
INFO: [ app_end ] --END-- [ RunTime:0.000968s ]

[ 2016-07-25T10:30:17+08:00 ] 127.0.0.1 /demo/jyzd/API/index.php/Home/User/register.html
INFO: [ app_init ] --START--
INFO: Run Behavior\BuildLiteBehavior [ RunTime:0.000034s ]
INFO: [ app_init ] --END-- [ RunTime:0.000661s ]
INFO: [ app_begin ] --START--
INFO: Run Behavior\ReadHtmlCacheBehavior [ RunTime:0.000777s ]
INFO: [ app_begin ] --END-- [ RunTime:0.000963s ]
SQL: SHOW COLUMNS FROM `vs_user` [ RunTime:0.0042s ]
SQL: SHOW COLUMNS FROM `vs_user` [ RunTime:0.0055s ]
SQL: SELECT * FROM `vs_user` WHERE ( username ) LIMIT 1   [ RunTime:0.0005s ]
INFO: [ app_end ] --START--
INFO: Run Behavior\ShowPageTraceBehavior [ RunTime:0.000897s ]
INFO: [ app_end ] --END-- [ RunTime:0.001034s ]

[ 2016-07-25T10:30:48+08:00 ] 127.0.0.1 /demo/jyzd/API/index.php/Home/User/register.html
INFO: [ app_init ] --START--
INFO: Run Behavior\BuildLiteBehavior [ RunTime:0.000085s ]
INFO: [ app_init ] --END-- [ RunTime:0.002310s ]
INFO: [ app_begin ] --START--
INFO: Run Behavior\ReadHtmlCacheBehavior [ RunTime:0.001021s ]
INFO: [ app_begin ] --END-- [ RunTime:0.001218s ]
SQL: SHOW COLUMNS FROM `vs_user` [ RunTime:0.0062s ]
SQL: SHOW COLUMNS FROM `vs_user` [ RunTime:0.0044s ]
SQL: SELECT * FROM `vs_user` WHERE ( username ) LIMIT 1   [ RunTime:0.0003s ]

[ 2016-07-25T10:33:23+08:00 ] 127.0.0.1 /demo/jyzd/API/index.php/Home/User/register.html
INFO: [ app_init ] --START--
INFO: Run Behavior\BuildLiteBehavior [ RunTime:0.000034s ]
INFO: [ app_init ] --END-- [ RunTime:0.000568s ]
INFO: [ app_begin ] --START--
INFO: Run Behavior\ReadHtmlCacheBehavior [ RunTime:0.000811s ]
INFO: [ app_begin ] --END-- [ RunTime:0.000961s ]
SQL: SHOW COLUMNS FROM `vs_user` [ RunTime:0.0060s ]
SQL: SHOW COLUMNS FROM `vs_user` [ RunTime:0.0035s ]
SQL: SELECT * FROM `vs_user` WHERE ( username )  [ RunTime:0.0003s ]

[ 2016-07-25T10:35:53+08:00 ] 127.0.0.1 /demo/jyzd/API/index.php/Home/User/register.html
INFO: [ app_init ] --START--
INFO: Run Behavior\BuildLiteBehavior [ RunTime:0.000376s ]
INFO: [ app_init ] --END-- [ RunTime:0.003324s ]
INFO: [ app_begin ] --START--
INFO: Run Behavior\ReadHtmlCacheBehavior [ RunTime:0.000714s ]
INFO: [ app_begin ] --END-- [ RunTime:0.000869s ]
SQL: SHOW COLUMNS FROM `vs_user` [ RunTime:0.0055s ]
SQL: SHOW COLUMNS FROM `vs_user` [ RunTime:0.0040s ]
ERR: 1054:Champ '$username' inconnu dans where clause
 [ SQL语句 ] : SELECT * FROM `vs_user` WHERE ( username = $username ) 
ERR: 1054:Champ '$username' inconnu dans where clause
 [ SQL语句 ] : SELECT * FROM `vs_user` WHERE ( username = $username ) 

[ 2016-07-25T10:36:06+08:00 ] 127.0.0.1 /demo/jyzd/API/index.php/Home/User/register.html
INFO: [ app_init ] --START--
INFO: Run Behavior\BuildLiteBehavior [ RunTime:0.000031s ]
INFO: [ app_init ] --END-- [ RunTime:0.000543s ]
INFO: [ app_begin ] --START--
INFO: Run Behavior\ReadHtmlCacheBehavior [ RunTime:0.000556s ]
INFO: [ app_begin ] --END-- [ RunTime:0.000735s ]
SQL: SHOW COLUMNS FROM `vs_user` [ RunTime:0.0049s ]
SQL: SHOW COLUMNS FROM `vs_user` [ RunTime:0.0044s ]
ERR: 1064:Erreur de syntaxe près de '} )' à la ligne 1
 [ SQL语句 ] : SELECT * FROM `vs_user` WHERE ( username = {$username} ) 
ERR: 1064:Erreur de syntaxe près de '} )' à la ligne 1
 [ SQL语句 ] : SELECT * FROM `vs_user` WHERE ( username = {$username} ) 

[ 2016-07-25T10:36:24+08:00 ] 127.0.0.1 /demo/jyzd/API/index.php/Home/User/register.html
INFO: [ app_init ] --START--
INFO: Run Behavior\BuildLiteBehavior [ RunTime:0.000033s ]
INFO: [ app_init ] --END-- [ RunTime:0.000578s ]
INFO: [ app_begin ] --START--
INFO: Run Behavior\ReadHtmlCacheBehavior [ RunTime:0.000618s ]
INFO: [ app_begin ] --END-- [ RunTime:0.000773s ]
SQL: SHOW COLUMNS FROM `vs_user` [ RunTime:0.0044s ]
SQL: SHOW COLUMNS FROM `vs_user` [ RunTime:0.0041s ]
SQL: SELECT * FROM `vs_user` WHERE ( username = 100002 )  [ RunTime:0.0004s ]

[ 2016-07-25T10:36:38+08:00 ] 127.0.0.1 /demo/jyzd/API/index.php/Home/User/register.html
INFO: [ app_init ] --START--
INFO: Run Behavior\BuildLiteBehavior [ RunTime:0.000032s ]
INFO: [ app_init ] --END-- [ RunTime:0.000571s ]
INFO: [ app_begin ] --START--
INFO: Run Behavior\ReadHtmlCacheBehavior [ RunTime:0.000569s ]
INFO: [ app_begin ] --END-- [ RunTime:0.000723s ]
SQL: SHOW COLUMNS FROM `vs_user` [ RunTime:0.0046s ]
SQL: SHOW COLUMNS FROM `vs_user` [ RunTime:0.0057s ]
SQL: SELECT * FROM `vs_user` WHERE ( username = 100002 )  [ RunTime:0.0004s ]
SQL: INSERT INTO `vs_user` (`username`,`password`,`tel`,`email`,`nickname`,`groupid`,`userKey`,`status`,`reg_time`) VALUES ('100002','bb4a59869dd0b58431430e5912b40acc','15659751525','1010@qq.com','企业','5','expocexv','0','1469414198') [ RunTime:0.0019s ]
INFO: [ app_end ] --START--
INFO: Run Behavior\ShowPageTraceBehavior [ RunTime:0.001351s ]
INFO: [ app_end ] --END-- [ RunTime:0.001712s ]

[ 2016-07-25T10:36:50+08:00 ] 127.0.0.1 /demo/jyzd/API/index.php/Home/User/register.html
INFO: [ app_init ] --START--
INFO: Run Behavior\BuildLiteBehavior [ RunTime:0.000070s ]
INFO: [ app_init ] --END-- [ RunTime:0.000948s ]
INFO: [ app_begin ] --START--
INFO: Run Behavior\ReadHtmlCacheBehavior [ RunTime:0.000485s ]
INFO: [ app_begin ] --END-- [ RunTime:0.000631s ]
SQL: SHOW COLUMNS FROM `vs_user` [ RunTime:0.0049s ]
SQL: SHOW COLUMNS FROM `vs_user` [ RunTime:0.0043s ]
SQL: SELECT * FROM `vs_user` WHERE ( username = 10000 )  [ RunTime:0.0004s ]
INFO: [ app_end ] --START--
INFO: Run Behavior\ShowPageTraceBehavior [ RunTime:0.000803s ]
INFO: [ app_end ] --END-- [ RunTime:0.000945s ]

[ 2016-07-25T10:37:01+08:00 ] 127.0.0.1 /demo/jyzd/API/index.php/Home/User/register.html
INFO: [ app_init ] --START--
INFO: Run Behavior\BuildLiteBehavior [ RunTime:0.000031s ]
INFO: [ app_init ] --END-- [ RunTime:0.000544s ]
INFO: [ app_begin ] --START--
INFO: Run Behavior\ReadHtmlCacheBehavior [ RunTime:0.000600s ]
INFO: [ app_begin ] --END-- [ RunTime:0.000761s ]
SQL: SHOW COLUMNS FROM `vs_user` [ RunTime:0.0044s ]
SQL: SHOW COLUMNS FROM `vs_user` [ RunTime:0.0051s ]
SQL: SELECT * FROM `vs_user` WHERE ( username = 1000033 )  [ RunTime:0.0005s ]
NOTIC: [8] Uninitialized string offset: 26 D:\wamp\www\demo\jyzd\API\apps\Home\Model\UserModel.class.php 第 75 行.
SQL: INSERT INTO `vs_user` (`username`,`password`,`tel`,`email`,`nickname`,`groupid`,`userKey`,`status`,`reg_time`) VALUES ('1000033','02714c53c8bc10606ceecaf42ab137cd','15659751525','1010@qq.com','企业','5','omhpmps','0','1469414221') [ RunTime:0.0007s ]
INFO: [ app_end ] --START--
INFO: Run Behavior\ShowPageTraceBehavior [ RunTime:0.001115s ]
INFO: [ app_end ] --END-- [ RunTime:0.001294s ]

[ 2016-07-25T10:40:01+08:00 ] 127.0.0.1 /demo/jyzd/API/index.php/Home/User/register.html
INFO: [ app_init ] --START--
INFO: Run Behavior\BuildLiteBehavior [ RunTime:0.000034s ]
INFO: [ app_init ] --END-- [ RunTime:0.000615s ]
INFO: [ app_begin ] --START--
INFO: Run Behavior\ReadHtmlCacheBehavior [ RunTime:0.001071s ]
INFO: [ app_begin ] --END-- [ RunTime:0.001247s ]
SQL: SHOW COLUMNS FROM `vs_user` [ RunTime:0.0045s ]
SQL: SHOW COLUMNS FROM `vs_user` [ RunTime:0.0038s ]
SQL: SELECT * FROM `vs_user` WHERE ( username = 1000033 )  [ RunTime:0.0004s ]
INFO: [ app_end ] --START--
INFO: Run Behavior\ShowPageTraceBehavior [ RunTime:0.001013s ]
INFO: [ app_end ] --END-- [ RunTime:0.001168s ]

[ 2016-07-25T10:41:46+08:00 ] 127.0.0.1 /demo/jyzd/API/index.php/Home/User/register.html
INFO: [ app_init ] --START--
INFO: Run Behavior\BuildLiteBehavior [ RunTime:0.000035s ]
INFO: [ app_init ] --END-- [ RunTime:0.000604s ]
INFO: [ app_begin ] --START--
INFO: Run Behavior\ReadHtmlCacheBehavior [ RunTime:0.001347s ]
INFO: [ app_begin ] --END-- [ RunTime:0.001544s ]
SQL: SHOW COLUMNS FROM `vs_user` [ RunTime:0.0594s ]
SQL: SHOW COLUMNS FROM `vs_user` [ RunTime:0.0055s ]
SQL: SELECT * FROM `vs_user` WHERE ( username = 1000033 )  [ RunTime:0.0008s ]
INFO: [ app_end ] --START--
INFO: Run Behavior\ShowPageTraceBehavior [ RunTime:0.001541s ]
INFO: [ app_end ] --END-- [ RunTime:0.001700s ]

[ 2016-07-25T11:05:58+08:00 ] 127.0.0.1 /demo/jyzd/API/index.php/Home/User/register.html
INFO: [ app_init ] --START--
INFO: Run Behavior\BuildLiteBehavior [ RunTime:0.000033s ]
INFO: [ app_init ] --END-- [ RunTime:0.000563s ]
INFO: [ app_begin ] --START--
INFO: Run Behavior\ReadHtmlCacheBehavior [ RunTime:0.001180s ]
INFO: [ app_begin ] --END-- [ RunTime:0.001394s ]

[ 2016-07-25T11:10:52+08:00 ] 127.0.0.1 /demo/jyzd/API/index.php/Home/User/register.html
INFO: [ app_init ] --START--
INFO: Run Behavior\BuildLiteBehavior [ RunTime:0.000031s ]
INFO: [ app_init ] --END-- [ RunTime:0.000542s ]
INFO: [ app_begin ] --START--
INFO: Run Behavior\ReadHtmlCacheBehavior [ RunTime:0.001932s ]
INFO: [ app_begin ] --END-- [ RunTime:0.002243s ]

[ 2016-07-25T11:11:41+08:00 ] 127.0.0.1 /demo/jyzd/API/index.php/Home/User/register.html
INFO: [ app_init ] --START--
INFO: Run Behavior\BuildLiteBehavior [ RunTime:0.000029s ]
INFO: [ app_init ] --END-- [ RunTime:0.000445s ]
INFO: [ app_begin ] --START--
INFO: Run Behavior\ReadHtmlCacheBehavior [ RunTime:0.000489s ]
INFO: [ app_begin ] --END-- [ RunTime:0.000624s ]

[ 2016-07-25T11:11:45+08:00 ] 127.0.0.1 /demo/jyzd/API/index.php/Home/User/register.html
INFO: [ app_init ] --START--
INFO: Run Behavior\BuildLiteBehavior [ RunTime:0.000029s ]
INFO: [ app_init ] --END-- [ RunTime:0.000444s ]
INFO: [ app_begin ] --START--
INFO: Run Behavior\ReadHtmlCacheBehavior [ RunTime:0.000442s ]
INFO: [ app_begin ] --END-- [ RunTime:0.000574s ]

[ 2016-07-25T11:12:11+08:00 ] 127.0.0.1 /demo/jyzd/API/
INFO: [ app_init ] --START--
INFO: Run Behavior\BuildLiteBehavior [ RunTime:0.000028s ]
INFO: [ app_init ] --END-- [ RunTime:0.000448s ]
INFO: [ app_begin ] --START--
INFO: Run Behavior\ReadHtmlCacheBehavior [ RunTime:0.000459s ]
INFO: [ app_begin ] --END-- [ RunTime:0.000595s ]
ERR: 无法加载控制器:

[ 2016-07-25T11:12:30+08:00 ] 127.0.0.1 /demo/jyzd/API/index.php/Home/User/register.html
INFO: [ app_init ] --START--
INFO: Run Behavior\BuildLiteBehavior [ RunTime:0.000029s ]
INFO: [ app_init ] --END-- [ RunTime:0.000539s ]
INFO: [ app_begin ] --START--
INFO: Run Behavior\ReadHtmlCacheBehavior [ RunTime:0.000815s ]
INFO: [ app_begin ] --END-- [ RunTime:0.001084s ]

[ 2016-07-25T11:13:30+08:00 ] 127.0.0.1 /demo/jyzd/API/index.php/Home/User/login.html
INFO: [ app_init ] --START--
INFO: Run Behavior\BuildLiteBehavior [ RunTime:0.000032s ]
INFO: [ app_init ] --END-- [ RunTime:0.000743s ]
INFO: [ app_begin ] --START--
INFO: Run Behavior\ReadHtmlCacheBehavior [ RunTime:0.001107s ]
INFO: [ app_begin ] --END-- [ RunTime:0.001246s ]

[ 2016-07-25T11:18:14+08:00 ] 127.0.0.1 /demo/jyzd/API/index.php/Home/User/login.html
INFO: [ app_init ] --START--
INFO: Run Behavior\BuildLiteBehavior [ RunTime:0.000029s ]
INFO: [ app_init ] --END-- [ RunTime:0.000526s ]
INFO: [ app_begin ] --START--
INFO: Run Behavior\ReadHtmlCacheBehavior [ RunTime:0.000881s ]
INFO: [ app_begin ] --END-- [ RunTime:0.001017s ]

[ 2016-07-25T11:18:17+08:00 ] 127.0.0.1 /demo/jyzd/API/index.php/Home/User/login.html
INFO: [ app_init ] --START--
INFO: Run Behavior\BuildLiteBehavior [ RunTime:0.000028s ]
INFO: [ app_init ] --END-- [ RunTime:0.000508s ]
INFO: [ app_begin ] --START--
INFO: Run Behavior\ReadHtmlCacheBehavior [ RunTime:0.001634s ]
INFO: [ app_begin ] --END-- [ RunTime:0.001945s ]

[ 2016-07-25T11:18:19+08:00 ] 127.0.0.1 /demo/jyzd/API/index.php/Home/User/login.html
INFO: [ app_init ] --START--
INFO: Run Behavior\BuildLiteBehavior [ RunTime:0.000030s ]
INFO: [ app_init ] --END-- [ RunTime:0.000514s ]
INFO: [ app_begin ] --START--
INFO: Run Behavior\ReadHtmlCacheBehavior [ RunTime:0.000835s ]
INFO: [ app_begin ] --END-- [ RunTime:0.000968s ]

[ 2016-07-25T11:18:41+08:00 ] 127.0.0.1 /demo/jyzd/API/index.php/Home/User/login.html
INFO: [ app_init ] --START--
INFO: Run Behavior\BuildLiteBehavior [ RunTime:0.000029s ]
INFO: [ app_init ] --END-- [ RunTime:0.000517s ]
INFO: [ app_begin ] --START--
INFO: Run Behavior\ReadHtmlCacheBehavior [ RunTime:0.000854s ]
INFO: [ app_begin ] --END-- [ RunTime:0.000989s ]

[ 2016-07-25T11:19:16+08:00 ] 127.0.0.1 /demo/jyzd/API/index.php/Home/User/login.html
INFO: [ app_init ] --START--
INFO: Run Behavior\BuildLiteBehavior [ RunTime:0.000051s ]
INFO: [ app_init ] --END-- [ RunTime:0.000928s ]
INFO: [ app_begin ] --START--
INFO: Run Behavior\ReadHtmlCacheBehavior [ RunTime:0.001573s ]
INFO: [ app_begin ] --END-- [ RunTime:0.001964s ]
ERR: 非法操作:login

[ 2016-07-25T11:19:19+08:00 ] 127.0.0.1 /demo/jyzd/API/index.php/Home/User/login.html
INFO: [ app_init ] --START--
INFO: Run Behavior\BuildLiteBehavior [ RunTime:0.000031s ]
INFO: [ app_init ] --END-- [ RunTime:0.000551s ]
INFO: [ app_begin ] --START--
INFO: Run Behavior\ReadHtmlCacheBehavior [ RunTime:0.000879s ]
INFO: [ app_begin ] --END-- [ RunTime:0.001025s ]
ERR: 非法操作:login

[ 2016-07-25T11:19:26+08:00 ] 127.0.0.1 /demo/jyzd/API/index.php/Home/User/register.html
INFO: [ app_init ] --START--
INFO: Run Behavior\BuildLiteBehavior [ RunTime:0.000032s ]
INFO: [ app_init ] --END-- [ RunTime:0.000614s ]
INFO: [ app_begin ] --START--
INFO: Run Behavior\ReadHtmlCacheBehavior [ RunTime:0.000844s ]
INFO: [ app_begin ] --END-- [ RunTime:0.000980s ]
INFO: [ app_end ] --START--
INFO: Run Behavior\ShowPageTraceBehavior [ RunTime:0.000962s ]
INFO: [ app_end ] --END-- [ RunTime:0.001110s ]

[ 2016-07-25T11:21:59+08:00 ] 127.0.0.1 /demo/jyzd/API/index.php/Home/User/register.html
INFO: [ app_init ] --START--
INFO: Run Behavior\BuildLiteBehavior [ RunTime:0.000031s ]
INFO: [ app_init ] --END-- [ RunTime:0.000546s ]
INFO: [ app_begin ] --START--
INFO: Run Behavior\ReadHtmlCacheBehavior [ RunTime:0.000895s ]
INFO: [ app_begin ] --END-- [ RunTime:0.001030s ]
INFO: [ app_end ] --START--
INFO: Run Behavior\ShowPageTraceBehavior [ RunTime:0.002441s ]
INFO: [ app_end ] --END-- [ RunTime:0.002680s ]

[ 2016-07-25T11:23:40+08:00 ] 127.0.0.1 /demo/jyzd/API/index.php/Home/User/register.html
INFO: [ app_init ] --START--
INFO: Run Behavior\BuildLiteBehavior [ RunTime:0.000031s ]
INFO: [ app_init ] --END-- [ RunTime:0.000544s ]
INFO: [ app_begin ] --START--
INFO: Run Behavior\ReadHtmlCacheBehavior [ RunTime:0.001450s ]
INFO: [ app_begin ] --END-- [ RunTime:0.001701s ]
SQL: SHOW COLUMNS FROM `vs_user` [ RunTime:0.0041s ]
SQL: SHOW COLUMNS FROM `vs_user` [ RunTime:0.0037s ]
SQL: SELECT * FROM `vs_user` WHERE ( username = 10000 )  [ RunTime:0.0004s ]
INFO: [ app_end ] --START--
INFO: Run Behavior\ShowPageTraceBehavior [ RunTime:0.001500s ]
INFO: [ app_end ] --END-- [ RunTime:0.001723s ]

[ 2016-07-25T11:25:04+08:00 ] 127.0.0.1 /demo/jyzd/API/index.php/Home/User/register.html
INFO: [ app_init ] --START--
INFO: Run Behavior\BuildLiteBehavior [ RunTime:0.000033s ]
INFO: [ app_init ] --END-- [ RunTime:0.000745s ]
INFO: [ app_begin ] --START--
INFO: Run Behavior\ReadHtmlCacheBehavior [ RunTime:0.000902s ]
INFO: [ app_begin ] --END-- [ RunTime:0.001043s ]
SQL: SHOW COLUMNS FROM `vs_user` [ RunTime:0.0037s ]
SQL: SHOW COLUMNS FROM `vs_user` [ RunTime:0.0057s ]
SQL: SELECT * FROM `vs_user` WHERE ( username = 10000 )  [ RunTime:0.0004s ]
SQL: INSERT INTO `vs_user` (`username`,`password`,`tel`,`email`,`nickname`,`groupid`,`userKey`,`status`,`reg_time`) VALUES ('10000','18a0167cb11c4fdb3c76908725f81728','15659751525','1010@qq.com','学生','5','wcatejwb','0','1469417104') [ RunTime:0.0003s ]
INFO: [ app_end ] --START--
INFO: Run Behavior\ShowPageTraceBehavior [ RunTime:0.000984s ]
INFO: [ app_end ] --END-- [ RunTime:0.001114s ]

[ 2016-07-25T11:27:29+08:00 ] 127.0.0.1 /demo/jyzd/API/index.php/Home/User/register.html
INFO: [ app_init ] --START--
INFO: Run Behavior\BuildLiteBehavior [ RunTime:0.000032s ]
INFO: [ app_init ] --END-- [ RunTime:0.000608s ]
INFO: [ app_begin ] --START--
INFO: Run Behavior\ReadHtmlCacheBehavior [ RunTime:0.001221s ]
INFO: [ app_begin ] --END-- [ RunTime:0.001434s ]
SQL: SHOW COLUMNS FROM `vs_user` [ RunTime:0.0047s ]
SQL: SHOW COLUMNS FROM `vs_user` [ RunTime:0.0038s ]
ERR: 1054:Champ 'root' inconnu dans where clause
 [ SQL语句 ] : SELECT * FROM `vs_user` WHERE ( username = root ) 
ERR: 1054:Champ 'root' inconnu dans where clause
 [ SQL语句 ] : SELECT * FROM `vs_user` WHERE ( username = root ) 

[ 2016-07-25T11:27:52+08:00 ] 127.0.0.1 /demo/jyzd/API/index.php/Home/User/register.html
INFO: [ app_init ] --START--
INFO: Run Behavior\BuildLiteBehavior [ RunTime:0.000035s ]
INFO: [ app_init ] --END-- [ RunTime:0.000587s ]
INFO: [ app_begin ] --START--
INFO: Run Behavior\ReadHtmlCacheBehavior [ RunTime:0.001306s ]
INFO: [ app_begin ] --END-- [ RunTime:0.001630s ]
SQL: SHOW COLUMNS FROM `vs_user` [ RunTime:0.0038s ]
SQL: SHOW COLUMNS FROM `vs_user` [ RunTime:0.0040s ]
SQL: SELECT * FROM `vs_user` WHERE ( username = 1213134 )  [ RunTime:0.0006s ]
SQL: INSERT INTO `vs_user` (`username`,`password`,`tel`,`email`,`nickname`,`groupid`,`userKey`,`status`,`reg_time`) VALUES ('1213134','93b34a32fd726efac8fe5eb9484f165b','15659751525','1010@qq.com','学生','4','rkwwdoqw','0','1469417272') [ RunTime:0.0007s ]
INFO: [ app_end ] --START--
INFO: Run Behavior\ShowPageTraceBehavior [ RunTime:0.001131s ]
INFO: [ app_end ] --END-- [ RunTime:0.001279s ]

[ 2016-07-25T11:30:23+08:00 ] 127.0.0.1 /demo/jyzd/API/index.php/Home/cpt/list.html
INFO: [ app_init ] --START--
INFO: Run Behavior\BuildLiteBehavior [ RunTime:0.000049s ]
INFO: [ app_init ] --END-- [ RunTime:0.000826s ]
INFO: [ app_begin ] --START--
INFO: Run Behavior\ReadHtmlCacheBehavior [ RunTime:0.000947s ]
INFO: [ app_begin ] --END-- [ RunTime:0.001094s ]
SQL: SHOW COLUMNS FROM `vs_competitions` [ RunTime:0.0036s ]
SQL: SELECT * FROM `vs_competitions` WHERE ( deadline > 1469417422 ) ORDER BY deadline desc LIMIT 0,10   [ RunTime:0.0913s ]
INFO: [ app_end ] --START--
INFO: Run Behavior\ShowPageTraceBehavior [ RunTime:0.000999s ]
INFO: [ app_end ] --END-- [ RunTime:0.001131s ]

[ 2016-07-25T11:47:04+08:00 ] 127.0.0.1 /demo/jyzd/API/index.php/Home/cpt/list.html
INFO: [ app_init ] --START--
INFO: Run Behavior\BuildLiteBehavior [ RunTime:0.000035s ]
INFO: [ app_init ] --END-- [ RunTime:0.000841s ]
INFO: [ app_begin ] --START--
INFO: Run Behavior\ReadHtmlCacheBehavior [ RunTime:0.001008s ]
INFO: [ app_begin ] --END-- [ RunTime:0.001164s ]
SQL: SHOW COLUMNS FROM `vs_competitions` [ RunTime:0.0037s ]
SQL: SELECT * FROM `vs_competitions` WHERE ( deadline > 1469418424 ) ORDER BY deadline desc LIMIT 0,10   [ RunTime:0.0004s ]
INFO: [ app_end ] --START--
INFO: Run Behavior\ShowPageTraceBehavior [ RunTime:0.000984s ]
INFO: [ app_end ] --END-- [ RunTime:0.001115s ]

[ 2016-07-25T12:57:34+08:00 ] 127.0.0.1 /demo/jyzd/API/index.php/Home/User/register.html
INFO: [ app_init ] --START--
INFO: Run Behavior\BuildLiteBehavior [ RunTime:0.000031s ]
INFO: [ app_init ] --END-- [ RunTime:0.000625s ]
INFO: [ app_begin ] --START--
INFO: Run Behavior\ReadHtmlCacheBehavior [ RunTime:0.000914s ]
INFO: [ app_begin ] --END-- [ RunTime:0.001063s ]
ERR: 非法操作:register

[ 2016-07-25T12:57:48+08:00 ] 127.0.0.1 /demo/jyzd/API/index.php/Home/User/register.html
INFO: [ app_init ] --START--
INFO: Run Behavior\BuildLiteBehavior [ RunTime:0.000050s ]
INFO: [ app_init ] --END-- [ RunTime:0.000940s ]
INFO: [ app_begin ] --START--
INFO: Run Behavior\ReadHtmlCacheBehavior [ RunTime:0.001257s ]
INFO: [ app_begin ] --END-- [ RunTime:0.001507s ]
SQL: SHOW COLUMNS FROM `vs_user` [ RunTime:0.0037s ]
SQL: SHOW COLUMNS FROM `vs_user` [ RunTime:0.0039s ]
SQL: SELECT * FROM `vs_user` WHERE ( username = 1213134 )  [ RunTime:0.0009s ]
NOTIC: [8] Uninitialized string offset: 26 D:\wamp\www\demo\jyzd\API\apps\Home\Model\UserModel.class.php 第 75 行.
SQL: INSERT INTO `vs_user` (`username`,`password`,`tel`,`email`,`nickname`,`groupid`,`userKey`,`status`,`reg_time`) VALUES ('1213134','66b17ed9d0233bfafd7c5cad85d145a0','15659751525','1010@qq.com','学生','1','dkyrekj','0','1469422668') [ RunTime:0.0006s ]
INFO: [ app_end ] --START--
INFO: Run Behavior\ShowPageTraceBehavior [ RunTime:0.001476s ]
INFO: [ app_end ] --END-- [ RunTime:0.001748s ]

[ 2016-07-25T12:57:55+08:00 ] 127.0.0.1 /demo/jyzd/API/index.php/Home/User/register.html
INFO: [ app_init ] --START--
INFO: Run Behavior\BuildLiteBehavior [ RunTime:0.000047s ]
INFO: [ app_init ] --END-- [ RunTime:0.000885s ]
INFO: [ app_begin ] --START--
INFO: Run Behavior\ReadHtmlCacheBehavior [ RunTime:0.000860s ]
INFO: [ app_begin ] --END-- [ RunTime:0.001006s ]
SQL: SHOW COLUMNS FROM `vs_user` [ RunTime:0.0038s ]
SQL: SHOW COLUMNS FROM `vs_user` [ RunTime:0.0043s ]
SQL: SELECT * FROM `vs_user` WHERE ( username = 12131345 )  [ RunTime:0.0005s ]
SQL: INSERT INTO `vs_user` (`username`,`password`,`tel`,`email`,`nickname`,`groupid`,`userKey`,`status`,`reg_time`) VALUES ('12131345','23763c5a72922def331d4d7aa60e08f6','15659751525','1010@qq.com','学生','1','pmsecbyc','0','1469422675') [ RunTime:0.0005s ]
INFO: [ app_end ] --START--
INFO: Run Behavior\ShowPageTraceBehavior [ RunTime:0.000993s ]
INFO: [ app_end ] --END-- [ RunTime:0.001125s ]

[ 2016-07-25T12:58:08+08:00 ] 127.0.0.1 /demo/jyzd/API/index.php/Home/User/register.html
INFO: [ app_init ] --START--
INFO: Run Behavior\BuildLiteBehavior [ RunTime:0.000033s ]
INFO: [ app_init ] --END-- [ RunTime:0.000713s ]
INFO: [ app_begin ] --START--
INFO: Run Behavior\ReadHtmlCacheBehavior [ RunTime:0.000950s ]
INFO: [ app_begin ] --END-- [ RunTime:0.001110s ]
SQL: SHOW COLUMNS FROM `vs_user` [ RunTime:0.0057s ]
SQL: SHOW COLUMNS FROM `vs_user` [ RunTime:0.0042s ]
SQL: SELECT * FROM `vs_user` WHERE ( username = 121313453 )  [ RunTime:0.0004s ]
SQL: INSERT INTO `vs_user` (`username`,`password`,`tel`,`email`,`nickname`,`groupid`,`userKey`,`status`,`reg_time`) VALUES ('121313453','45dd301d26b0db66815095340dc399bd','15659751525','1010@qq.com','学院教务员','1','tozuyjlr','0','1469422688') [ RunTime:0.0003s ]
INFO: [ app_end ] --START--
INFO: Run Behavior\ShowPageTraceBehavior [ RunTime:0.001560s ]
INFO: [ app_end ] --END-- [ RunTime:0.001763s ]

