[ 2016-07-17T08:50:42+08:00 ] 127.0.0.1 /demo/jyzd/
INFO: [ app_init ] --START--
INFO: Run Behavior\BuildLiteBehavior [ RunTime:0.000030s ]
INFO: [ app_init ] --END-- [ RunTime:0.011660s ]
INFO: [ app_begin ] --START--
INFO: Run Behavior\ReadHtmlCacheBehavior [ RunTime:0.001692s ]
INFO: [ app_begin ] --END-- [ RunTime:0.001840s ]
ERR: 无法加载控制器:

[ 2016-07-17T08:51:12+08:00 ] 127.0.0.1 /demo/jyzd/index.php/Home/Notice/list.html?type=2
INFO: [ app_init ] --START--
INFO: Run Behavior\BuildLiteBehavior [ RunTime:0.000025s ]
INFO: [ app_init ] --END-- [ RunTime:0.000471s ]
INFO: [ app_begin ] --START--
INFO: Run Behavior\ReadHtmlCacheBehavior [ RunTime:0.000730s ]
INFO: [ app_begin ] --END-- [ RunTime:0.000848s ]
SQL: SHOW COLUMNS FROM `eg_notice` [ RunTime:0.0036s ]
SQL: SELECT * FROM `eg_notice` WHERE `type` = 2  [ RunTime:0.0004s ]
INFO: [ app_end ] --START--
INFO: Run Behavior\ShowPageTraceBehavior [ RunTime:0.019831s ]
INFO: [ app_end ] --END-- [ RunTime:0.019956s ]

[ 2016-07-17T08:51:56+08:00 ] 127.0.0.1 /demo/jyzd/index.php/Home/Notice/list.html?type=2
INFO: [ app_init ] --START--
INFO: Run Behavior\BuildLiteBehavior [ RunTime:0.000026s ]
INFO: [ app_init ] --END-- [ RunTime:0.000465s ]
INFO: [ app_begin ] --START--
INFO: Run Behavior\ReadHtmlCacheBehavior [ RunTime:0.000649s ]
INFO: [ app_begin ] --END-- [ RunTime:0.000758s ]
SQL: SHOW COLUMNS FROM `eg_notice` [ RunTime:0.0048s ]
SQL: SELECT * FROM `eg_notice` WHERE `type` = 2  [ RunTime:0.0006s ]
INFO: [ app_end ] --START--
INFO: Run Behavior\ShowPageTraceBehavior [ RunTime:0.000838s ]
INFO: [ app_end ] --END-- [ RunTime:0.000963s ]

[ 2016-07-17T08:52:05+08:00 ] 127.0.0.1 /demo/jyzd/index.php/Home/Notice/list.html?type=2
INFO: [ app_init ] --START--
INFO: Run Behavior\BuildLiteBehavior [ RunTime:0.000024s ]
INFO: [ app_init ] --END-- [ RunTime:0.000408s ]
INFO: [ app_begin ] --START--
INFO: Run Behavior\ReadHtmlCacheBehavior [ RunTime:0.000781s ]
INFO: [ app_begin ] --END-- [ RunTime:0.000931s ]
SQL: SHOW COLUMNS FROM `eg_notice` [ RunTime:0.0033s ]
SQL: SELECT * FROM `eg_notice` WHERE `type` = 2  [ RunTime:0.0005s ]
INFO: [ app_end ] --START--
INFO: Run Behavior\ShowPageTraceBehavior [ RunTime:0.001193s ]
INFO: [ app_end ] --END-- [ RunTime:0.001370s ]

[ 2016-07-17T08:52:09+08:00 ] 127.0.0.1 /demo/jyzd/index.php/Home/Notice/list.html?type=3
INFO: [ app_init ] --START--
INFO: Run Behavior\BuildLiteBehavior [ RunTime:0.000025s ]
INFO: [ app_init ] --END-- [ RunTime:0.000416s ]
INFO: [ app_begin ] --START--
INFO: Run Behavior\ReadHtmlCacheBehavior [ RunTime:0.000595s ]
INFO: [ app_begin ] --END-- [ RunTime:0.000705s ]
SQL: SHOW COLUMNS FROM `eg_notice` [ RunTime:0.0036s ]
SQL: SELECT * FROM `eg_notice` WHERE `type` = 3  [ RunTime:0.0004s ]
INFO: [ app_end ] --START--
INFO: Run Behavior\ShowPageTraceBehavior [ RunTime:0.001044s ]
INFO: [ app_end ] --END-- [ RunTime:0.001209s ]

[ 2016-07-17T08:52:13+08:00 ] 127.0.0.1 /demo/jyzd/index.php/Home/Notice/list.html?type=1
INFO: [ app_init ] --START--
INFO: Run Behavior\BuildLiteBehavior [ RunTime:0.000024s ]
INFO: [ app_init ] --END-- [ RunTime:0.000411s ]
INFO: [ app_begin ] --START--
INFO: Run Behavior\ReadHtmlCacheBehavior [ RunTime:0.000588s ]
INFO: [ app_begin ] --END-- [ RunTime:0.000696s ]
SQL: SHOW COLUMNS FROM `eg_notice` [ RunTime:0.0035s ]
SQL: SELECT * FROM `eg_notice` WHERE `type` = 1  [ RunTime:0.0003s ]
INFO: [ app_end ] --START--
INFO: Run Behavior\ShowPageTraceBehavior [ RunTime:0.000703s ]
INFO: [ app_end ] --END-- [ RunTime:0.000813s ]

[ 2016-07-17T08:52:48+08:00 ] 127.0.0.1 /demo/jyzd/index.php/Home/Notice/list.html?type=1
INFO: [ app_init ] --START--
INFO: Run Behavior\BuildLiteBehavior [ RunTime:0.000041s ]
INFO: [ app_init ] --END-- [ RunTime:0.000816s ]
INFO: [ app_begin ] --START--
INFO: Run Behavior\ReadHtmlCacheBehavior [ RunTime:0.000731s ]
INFO: [ app_begin ] --END-- [ RunTime:0.000857s ]
SQL: SHOW COLUMNS FROM `eg_notice` [ RunTime:0.0048s ]
SQL: SELECT * FROM `eg_notice` WHERE `type` = 1  [ RunTime:0.0005s ]
INFO: [ app_end ] --START--
INFO: Run Behavior\ShowPageTraceBehavior [ RunTime:0.001228s ]
INFO: [ app_end ] --END-- [ RunTime:0.001384s ]

[ 2016-07-17T09:03:04+08:00 ] 127.0.0.1 /demo/jyzd/index.php/Home/Notice/list.html?type=2
INFO: [ app_init ] --START--
INFO: Run Behavior\BuildLiteBehavior [ RunTime:0.000024s ]
INFO: [ app_init ] --END-- [ RunTime:0.000457s ]
INFO: [ app_begin ] --START--
INFO: Run Behavior\ReadHtmlCacheBehavior [ RunTime:0.000917s ]
INFO: [ app_begin ] --END-- [ RunTime:0.001092s ]

[ 2016-07-17T09:03:32+08:00 ] 127.0.0.1 /demo/jyzd/index.php/Home/Notice/list.html?type=2
INFO: [ app_init ] --START--
INFO: Run Behavior\BuildLiteBehavior [ RunTime:0.000026s ]
INFO: [ app_init ] --END-- [ RunTime:0.000462s ]
INFO: [ app_begin ] --START--
INFO: Run Behavior\ReadHtmlCacheBehavior [ RunTime:0.000696s ]
INFO: [ app_begin ] --END-- [ RunTime:0.000811s ]
SQL: SHOW COLUMNS FROM `eg_notice` [ RunTime:0.0031s ]
SQL: SELECT * FROM `eg_notice` WHERE `type` = 2 AND `status` = 1 ORDER BY overhead desc,rank desc LIMIT 0,1   [ RunTime:0.0003s ]
INFO: [ app_end ] --START--
INFO: Run Behavior\ShowPageTraceBehavior [ RunTime:0.001096s ]
INFO: [ app_end ] --END-- [ RunTime:0.001261s ]

[ 2016-07-17T09:03:42+08:00 ] 127.0.0.1 /demo/jyzd/index.php/Home/Notice/list.html?type=2
INFO: [ app_init ] --START--
INFO: Run Behavior\BuildLiteBehavior [ RunTime:0.000027s ]
INFO: [ app_init ] --END-- [ RunTime:0.000490s ]
INFO: [ app_begin ] --START--
INFO: Run Behavior\ReadHtmlCacheBehavior [ RunTime:0.000754s ]
INFO: [ app_begin ] --END-- [ RunTime:0.000918s ]
SQL: SHOW COLUMNS FROM `eg_notice` [ RunTime:0.0039s ]
SQL: SELECT * FROM `eg_notice` WHERE `type` = 2 AND `status` = 1 ORDER BY overhead desc,rank desc LIMIT 0,10   [ RunTime:0.0004s ]
INFO: [ app_end ] --START--
INFO: Run Behavior\ShowPageTraceBehavior [ RunTime:0.000949s ]
INFO: [ app_end ] --END-- [ RunTime:0.001075s ]

[ 2016-07-17T09:04:00+08:00 ] 127.0.0.1 /demo/jyzd/index.php/Home/Notice/list.html?type=2&page=2
INFO: [ app_init ] --START--
INFO: Run Behavior\BuildLiteBehavior [ RunTime:0.000024s ]
INFO: [ app_init ] --END-- [ RunTime:0.000455s ]
INFO: [ app_begin ] --START--
INFO: Run Behavior\ReadHtmlCacheBehavior [ RunTime:0.000987s ]
INFO: [ app_begin ] --END-- [ RunTime:0.001170s ]
SQL: SHOW COLUMNS FROM `eg_notice` [ RunTime:0.0044s ]
SQL: SELECT * FROM `eg_notice` WHERE `type` = 2 AND `status` = 1 ORDER BY overhead desc,rank desc LIMIT 10,10   [ RunTime:0.0004s ]
INFO: [ app_end ] --START--
INFO: Run Behavior\ShowPageTraceBehavior [ RunTime:0.000985s ]
INFO: [ app_end ] --END-- [ RunTime:0.001109s ]

[ 2016-07-17T09:04:04+08:00 ] 127.0.0.1 /demo/jyzd/index.php/Home/Notice/list.html?type=2&page=1
INFO: [ app_init ] --START--
INFO: Run Behavior\BuildLiteBehavior [ RunTime:0.000025s ]
INFO: [ app_init ] --END-- [ RunTime:0.000458s ]
INFO: [ app_begin ] --START--
INFO: Run Behavior\ReadHtmlCacheBehavior [ RunTime:0.000695s ]
INFO: [ app_begin ] --END-- [ RunTime:0.000809s ]
SQL: SHOW COLUMNS FROM `eg_notice` [ RunTime:0.0032s ]
SQL: SELECT * FROM `eg_notice` WHERE `type` = 2 AND `status` = 1 ORDER BY overhead desc,rank desc LIMIT 0,10   [ RunTime:0.0004s ]
INFO: [ app_end ] --START--
INFO: Run Behavior\ShowPageTraceBehavior [ RunTime:0.001099s ]
INFO: [ app_end ] --END-- [ RunTime:0.001223s ]

[ 2016-07-17T09:09:53+08:00 ] 127.0.0.1 /demo/jyzd/index.php/Home/Notice/list.html?type=2&page=1
INFO: [ app_init ] --START--
INFO: Run Behavior\BuildLiteBehavior [ RunTime:0.000026s ]
INFO: [ app_init ] --END-- [ RunTime:0.000476s ]
INFO: [ app_begin ] --START--
INFO: Run Behavior\ReadHtmlCacheBehavior [ RunTime:0.000703s ]
INFO: [ app_begin ] --END-- [ RunTime:0.000818s ]
SQL: SHOW COLUMNS FROM `eg_notice` [ RunTime:0.0036s ]
SQL: SELECT * FROM `eg_notice` WHERE `type` = 2 AND `status` = 1 ORDER BY overhead desc,rank desc LIMIT 0,10   [ RunTime:0.0004s ]
INFO: [ app_end ] --START--
INFO: Run Behavior\ShowPageTraceBehavior [ RunTime:0.000844s ]
INFO: [ app_end ] --END-- [ RunTime:0.000957s ]

[ 2016-07-17T09:10:40+08:00 ] 127.0.0.1 /demo/jyzd/index.php/Home/Notice/list.html?type=2&page=1
INFO: [ app_init ] --START--
INFO: Run Behavior\BuildLiteBehavior [ RunTime:0.000024s ]
INFO: [ app_init ] --END-- [ RunTime:0.000453s ]
INFO: [ app_begin ] --START--
INFO: Run Behavior\ReadHtmlCacheBehavior [ RunTime:0.002162s ]
INFO: [ app_begin ] --END-- [ RunTime:0.002328s ]
SQL: SHOW COLUMNS FROM `eg_notice` [ RunTime:0.0033s ]
SQL: SELECT * FROM `eg_notice` WHERE `type` = 2 AND `status` = 1 ORDER BY overhead desc,rank desc LIMIT 0,10   [ RunTime:0.0004s ]
INFO: [ app_end ] --START--
INFO: Run Behavior\ShowPageTraceBehavior [ RunTime:0.001004s ]
INFO: [ app_end ] --END-- [ RunTime:0.001162s ]

[ 2016-07-17T09:10:58+08:00 ] 127.0.0.1 /demo/jyzd/index.php/Home/Notice/list.html?type=2&page=1
INFO: [ app_init ] --START--
INFO: Run Behavior\BuildLiteBehavior [ RunTime:0.000025s ]
INFO: [ app_init ] --END-- [ RunTime:0.000457s ]
INFO: [ app_begin ] --START--
INFO: Run Behavior\ReadHtmlCacheBehavior [ RunTime:0.000745s ]
INFO: [ app_begin ] --END-- [ RunTime:0.000865s ]
SQL: SHOW COLUMNS FROM `eg_notice` [ RunTime:0.0034s ]
SQL: SELECT * FROM `eg_notice` WHERE `type` = 2 AND `status` = 1 ORDER BY overhead desc,rank desc LIMIT 0,10   [ RunTime:0.0004s ]
INFO: [ app_end ] --START--
INFO: Run Behavior\ShowPageTraceBehavior [ RunTime:0.000899s ]
INFO: [ app_end ] --END-- [ RunTime:0.001012s ]

[ 2016-07-17T09:12:02+08:00 ] 127.0.0.1 /demo/jyzd/index.php/Home/Notice/list.html?type=2&page=1
INFO: [ app_init ] --START--
INFO: Run Behavior\BuildLiteBehavior [ RunTime:0.000026s ]
INFO: [ app_init ] --END-- [ RunTime:0.000489s ]
INFO: [ app_begin ] --START--
INFO: Run Behavior\ReadHtmlCacheBehavior [ RunTime:0.000736s ]
INFO: [ app_begin ] --END-- [ RunTime:0.000850s ]
SQL: SHOW COLUMNS FROM `eg_notice` [ RunTime:0.0043s ]
SQL: SELECT * FROM `eg_notice` WHERE `type` = 2 AND `status` = 1 ORDER BY overhead desc,rank desc LIMIT 0,10   [ RunTime:0.0004s ]
INFO: [ app_end ] --START--
INFO: Run Behavior\ShowPageTraceBehavior [ RunTime:0.000855s ]
INFO: [ app_end ] --END-- [ RunTime:0.000962s ]

[ 2016-07-17T09:55:07+08:00 ] 127.0.0.1 /demo/jyzd/index.php/Home/Notice/list.html?type=2&page=1
INFO: [ app_init ] --START--
INFO: Run Behavior\BuildLiteBehavior [ RunTime:0.000035s ]
INFO: [ app_init ] --END-- [ RunTime:0.000471s ]
INFO: [ app_begin ] --START--
INFO: Run Behavior\ReadHtmlCacheBehavior [ RunTime:0.000722s ]
INFO: [ app_begin ] --END-- [ RunTime:0.000830s ]
SQL: SHOW COLUMNS FROM `eg_notice` [ RunTime:0.0033s ]
SQL: SELECT * FROM `eg_notice` WHERE `nid` IN ('nid','theme','date','content') ORDER BY overhead desc,rank desc LIMIT 0,20   [ RunTime:0.0194s ]
INFO: [ app_end ] --START--
INFO: Run Behavior\ShowPageTraceBehavior [ RunTime:0.001204s ]
INFO: [ app_end ] --END-- [ RunTime:0.001381s ]

[ 2016-07-17T09:55:19+08:00 ] 127.0.0.1 /demo/jyzd/index.php/Home/Notice/list.html?type=1&page=1
INFO: [ app_init ] --START--
INFO: Run Behavior\BuildLiteBehavior [ RunTime:0.000039s ]
INFO: [ app_init ] --END-- [ RunTime:0.000692s ]
INFO: [ app_begin ] --START--
INFO: Run Behavior\ReadHtmlCacheBehavior [ RunTime:0.001144s ]
INFO: [ app_begin ] --END-- [ RunTime:0.001308s ]
SQL: SHOW COLUMNS FROM `eg_notice` [ RunTime:0.0044s ]
SQL: SELECT * FROM `eg_notice` WHERE `nid` IN ('nid','theme','date','content') ORDER BY overhead desc,rank desc LIMIT 0,20   [ RunTime:0.0004s ]
INFO: [ app_end ] --START--
INFO: Run Behavior\ShowPageTraceBehavior [ RunTime:0.000932s ]
INFO: [ app_end ] --END-- [ RunTime:0.001054s ]

[ 2016-07-17T09:57:07+08:00 ] 127.0.0.1 /demo/jyzd/index.php/Home/Notice/list.html?type=1&page=1
INFO: [ app_init ] --START--
INFO: Run Behavior\BuildLiteBehavior [ RunTime:0.000040s ]
INFO: [ app_init ] --END-- [ RunTime:0.000980s ]
INFO: [ app_begin ] --START--
INFO: Run Behavior\ReadHtmlCacheBehavior [ RunTime:0.000796s ]
INFO: [ app_begin ] --END-- [ RunTime:0.000928s ]
SQL: SHOW COLUMNS FROM `eg_notice` [ RunTime:0.0031s ]
SQL: SELECT `nid`,`theme`,`date`,`content` FROM `eg_notice` WHERE `type` = 1 AND `status` = 1 ORDER BY overhead desc,rank desc LIMIT 0,20   [ RunTime:0.0009s ]
INFO: [ app_end ] --START--
INFO: Run Behavior\ShowPageTraceBehavior [ RunTime:0.000999s ]
INFO: [ app_end ] --END-- [ RunTime:0.001227s ]

[ 2016-07-17T09:57:20+08:00 ] 127.0.0.1 /demo/jyzd/index.php/Home/Notice/list.html?type=2&page=1
INFO: [ app_init ] --START--
INFO: Run Behavior\BuildLiteBehavior [ RunTime:0.000076s ]
INFO: [ app_init ] --END-- [ RunTime:0.000882s ]
INFO: [ app_begin ] --START--
INFO: Run Behavior\ReadHtmlCacheBehavior [ RunTime:0.000743s ]
INFO: [ app_begin ] --END-- [ RunTime:0.000858s ]
SQL: SHOW COLUMNS FROM `eg_notice` [ RunTime:0.0038s ]
SQL: SELECT `nid`,`theme`,`date`,`content` FROM `eg_notice` WHERE `type` = 2 AND `status` = 1 ORDER BY overhead desc,rank desc LIMIT 0,20   [ RunTime:0.0004s ]
INFO: [ app_end ] --START--
INFO: Run Behavior\ShowPageTraceBehavior [ RunTime:0.000805s ]
INFO: [ app_end ] --END-- [ RunTime:0.000914s ]

[ 2016-07-17T10:04:10+08:00 ] 127.0.0.1 /demo/jyzd/index.php/Home/Notice/detail.html?id=1
INFO: [ app_init ] --START--
INFO: Run Behavior\BuildLiteBehavior [ RunTime:0.000033s ]
INFO: [ app_init ] --END-- [ RunTime:0.000657s ]
INFO: [ app_begin ] --START--
INFO: Run Behavior\ReadHtmlCacheBehavior [ RunTime:0.000709s ]
INFO: [ app_begin ] --END-- [ RunTime:0.000819s ]
SQL: SHOW COLUMNS FROM `eg_notice` [ RunTime:0.0043s ]
SQL: SELECT * FROM `eg_notice` WHERE `nid` = 1  [ RunTime:0.0003s ]
INFO: [ app_end ] --START--
INFO: Run Behavior\ShowPageTraceBehavior [ RunTime:0.000961s ]
INFO: [ app_end ] --END-- [ RunTime:0.001092s ]

[ 2016-07-17T10:04:17+08:00 ] 127.0.0.1 /demo/jyzd/index.php/Home/Notice/detail.html?id=4
INFO: [ app_init ] --START--
INFO: Run Behavior\BuildLiteBehavior [ RunTime:0.000024s ]
INFO: [ app_init ] --END-- [ RunTime:0.000407s ]
INFO: [ app_begin ] --START--
INFO: Run Behavior\ReadHtmlCacheBehavior [ RunTime:0.000753s ]
INFO: [ app_begin ] --END-- [ RunTime:0.000874s ]
SQL: SHOW COLUMNS FROM `eg_notice` [ RunTime:0.0032s ]
SQL: SELECT * FROM `eg_notice` WHERE `nid` = 4  [ RunTime:0.0005s ]
INFO: [ app_end ] --START--
INFO: Run Behavior\ShowPageTraceBehavior [ RunTime:0.000922s ]
INFO: [ app_end ] --END-- [ RunTime:0.001070s ]

[ 2016-07-17T10:04:26+08:00 ] 127.0.0.1 /demo/jyzd/index.php/Home/Notice/detail.html?id=3
INFO: [ app_init ] --START--
INFO: Run Behavior\BuildLiteBehavior [ RunTime:0.000025s ]
INFO: [ app_init ] --END-- [ RunTime:0.000495s ]
INFO: [ app_begin ] --START--
INFO: Run Behavior\ReadHtmlCacheBehavior [ RunTime:0.000703s ]
INFO: [ app_begin ] --END-- [ RunTime:0.000811s ]
SQL: SHOW COLUMNS FROM `eg_notice` [ RunTime:0.0037s ]
SQL: SELECT * FROM `eg_notice` WHERE `nid` = 3  [ RunTime:0.0005s ]
INFO: [ app_end ] --START--
INFO: Run Behavior\ShowPageTraceBehavior [ RunTime:0.001304s ]
INFO: [ app_end ] --END-- [ RunTime:0.001479s ]

[ 2016-07-17T10:07:10+08:00 ] 127.0.0.1 /demo/jyzd/index.php/Home/Notice/detail.html?id=3
INFO: [ app_init ] --START--
INFO: Run Behavior\BuildLiteBehavior [ RunTime:0.000027s ]
INFO: [ app_init ] --END-- [ RunTime:0.000538s ]
INFO: [ app_begin ] --START--
INFO: Run Behavior\ReadHtmlCacheBehavior [ RunTime:0.000763s ]
INFO: [ app_begin ] --END-- [ RunTime:0.000887s ]
SQL: SHOW COLUMNS FROM `eg_notice` [ RunTime:0.0031s ]
ERR: Think\Model:feild方法不存在！

[ 2016-07-17T10:07:17+08:00 ] 127.0.0.1 /demo/jyzd/index.php/Home/Notice/detail.html?id=3
INFO: [ app_init ] --START--
INFO: Run Behavior\BuildLiteBehavior [ RunTime:0.000027s ]
INFO: [ app_init ] --END-- [ RunTime:0.000473s ]
INFO: [ app_begin ] --START--
INFO: Run Behavior\ReadHtmlCacheBehavior [ RunTime:0.000706s ]
INFO: [ app_begin ] --END-- [ RunTime:0.000827s ]
SQL: SHOW COLUMNS FROM `eg_notice` [ RunTime:0.0043s ]
ERR: Think\Model:feild方法不存在！

[ 2016-07-17T10:07:55+08:00 ] 127.0.0.1 /demo/jyzd/index.php/Home/Notice/detail.html?id=3
INFO: [ app_init ] --START--
INFO: Run Behavior\BuildLiteBehavior [ RunTime:0.000024s ]
INFO: [ app_init ] --END-- [ RunTime:0.000408s ]
INFO: [ app_begin ] --START--
INFO: Run Behavior\ReadHtmlCacheBehavior [ RunTime:0.000817s ]
INFO: [ app_begin ] --END-- [ RunTime:0.000948s ]
SQL: SHOW COLUMNS FROM `eg_notice` [ RunTime:0.0034s ]
SQL: SELECT `nid`,`theme`,`date`,`content` FROM `eg_notice` WHERE `nid` = 3  [ RunTime:0.0003s ]
INFO: [ app_end ] --START--
INFO: Run Behavior\ShowPageTraceBehavior [ RunTime:0.000816s ]
INFO: [ app_end ] --END-- [ RunTime:0.000932s ]

[ 2016-07-17T11:06:54+08:00 ] ::1 /FZU-VentureService/API/index.php/Home/Notice/list.html?type=1
INFO: [ app_init ] --START--
INFO: Run Behavior\BuildLiteBehavior [ RunTime:0.000053s ]
INFO: [ app_init ] --END-- [ RunTime:0.002014s ]
INFO: [ app_begin ] --START--
INFO: Run Behavior\ReadHtmlCacheBehavior [ RunTime:0.000535s ]
INFO: [ app_begin ] --END-- [ RunTime:0.000619s ]
SQL: SHOW COLUMNS FROM `eg_notice` [ RunTime:0.0022s ]
SQL: SELECT `nid`,`theme`,`date`,`content` FROM `eg_notice` WHERE `type` = 1 AND `status` = 1 ORDER BY overhead desc,rank desc,date desc LIMIT 0,20   [ RunTime:0.0008s ]
INFO: [ app_end ] --START--
INFO: Run Behavior\ShowPageTraceBehavior [ RunTime:0.000775s ]
INFO: [ app_end ] --END-- [ RunTime:0.000854s ]

[ 2016-07-17T11:15:09+08:00 ] ::1 /FZU-VentureService/API/index.php/Home/Notice/list.html?type=1
INFO: [ app_init ] --START--
INFO: Run Behavior\BuildLiteBehavior [ RunTime:0.000017s ]
INFO: [ app_init ] --END-- [ RunTime:0.000395s ]
INFO: [ app_begin ] --START--
INFO: Run Behavior\ReadHtmlCacheBehavior [ RunTime:0.000485s ]
INFO: [ app_begin ] --END-- [ RunTime:0.000548s ]
SQL: SHOW COLUMNS FROM `eg_notice` [ RunTime:0.0012s ]
SQL: SELECT `nid`,`theme`,`date`,`content` FROM `eg_notice` WHERE `type` = 1 AND `status` = 1 ORDER BY overhead desc,rank desc,date desc LIMIT 0,20   [ RunTime:0.0003s ]
INFO: [ app_end ] --START--
INFO: Run Behavior\ShowPageTraceBehavior [ RunTime:0.000755s ]
INFO: [ app_end ] --END-- [ RunTime:0.000833s ]

[ 2016-07-17T11:15:11+08:00 ] ::1 /FZU-VentureService/API/index.php/Home/Notice/list.html?type=1
INFO: [ app_init ] --START--
INFO: Run Behavior\BuildLiteBehavior [ RunTime:0.000016s ]
INFO: [ app_init ] --END-- [ RunTime:0.000390s ]
INFO: [ app_begin ] --START--
INFO: Run Behavior\ReadHtmlCacheBehavior [ RunTime:0.000518s ]
INFO: [ app_begin ] --END-- [ RunTime:0.000585s ]
SQL: SHOW COLUMNS FROM `eg_notice` [ RunTime:0.0012s ]
SQL: SELECT `nid`,`theme`,`date`,`content` FROM `eg_notice` WHERE `type` = 1 AND `status` = 1 ORDER BY overhead desc,rank desc,date desc LIMIT 0,20   [ RunTime:0.0002s ]
INFO: [ app_end ] --START--
INFO: Run Behavior\ShowPageTraceBehavior [ RunTime:0.000649s ]
INFO: [ app_end ] --END-- [ RunTime:0.000722s ]

[ 2016-07-17T11:15:18+08:00 ] ::1 /FZU-VentureService/API/index.php/Home/Notice/list.html?type=1
INFO: [ app_init ] --START--
INFO: Run Behavior\BuildLiteBehavior [ RunTime:0.000028s ]
INFO: [ app_init ] --END-- [ RunTime:0.000419s ]
INFO: [ app_begin ] --START--
INFO: Run Behavior\ReadHtmlCacheBehavior [ RunTime:0.000502s ]
INFO: [ app_begin ] --END-- [ RunTime:0.000564s ]
SQL: SHOW COLUMNS FROM `eg_notice` [ RunTime:0.0013s ]
SQL: SELECT `nid`,`theme`,`date`,`content` FROM `eg_notice` WHERE `type` = 1 AND `status` = 1 ORDER BY overhead desc,rank desc,date desc LIMIT 0,20   [ RunTime:0.0003s ]
INFO: [ app_end ] --START--
INFO: Run Behavior\ShowPageTraceBehavior [ RunTime:0.000715s ]
INFO: [ app_end ] --END-- [ RunTime:0.000791s ]

[ 2016-07-17T11:15:25+08:00 ] ::1 /FZU-VentureService/API/index.php/Home/Notice/list.html?type=1
INFO: [ app_init ] --START--
INFO: Run Behavior\BuildLiteBehavior [ RunTime:0.000027s ]
INFO: [ app_init ] --END-- [ RunTime:0.000388s ]
INFO: [ app_begin ] --START--
INFO: Run Behavior\ReadHtmlCacheBehavior [ RunTime:0.000474s ]
INFO: [ app_begin ] --END-- [ RunTime:0.000536s ]
SQL: SHOW COLUMNS FROM `eg_notice` [ RunTime:0.0012s ]
SQL: SELECT `nid`,`theme`,`date`,`content` FROM `eg_notice` WHERE `type` = 1 AND `status` = 1 ORDER BY overhead desc,rank desc,date desc LIMIT 0,20   [ RunTime:0.0002s ]
INFO: [ app_end ] --START--
INFO: Run Behavior\ShowPageTraceBehavior [ RunTime:0.000741s ]
INFO: [ app_end ] --END-- [ RunTime:0.000818s ]

[ 2016-07-17T11:15:53+08:00 ] ::1 /FZU-VentureService/API/index.php/Home/Notice/list.html?type=1
INFO: [ app_init ] --START--
INFO: Run Behavior\BuildLiteBehavior [ RunTime:0.000020s ]
INFO: [ app_init ] --END-- [ RunTime:0.000476s ]
INFO: [ app_begin ] --START--
INFO: Run Behavior\ReadHtmlCacheBehavior [ RunTime:0.000654s ]
INFO: [ app_begin ] --END-- [ RunTime:0.000749s ]
SQL: SHOW COLUMNS FROM `eg_notice` [ RunTime:0.0036s ]
SQL: SELECT `nid`,`theme`,`date`,`content` FROM `eg_notice` WHERE `type` = 1 AND `status` = 1 ORDER BY overhead desc,rank desc,date desc LIMIT 0,20   [ RunTime:0.0003s ]
INFO: [ app_end ] --START--
INFO: Run Behavior\ShowPageTraceBehavior [ RunTime:0.000985s ]
INFO: [ app_end ] --END-- [ RunTime:0.001100s ]

[ 2016-07-17T11:16:04+08:00 ] ::1 /FZU-VentureService/API/index.php/Home/Notice/list.html?type=1
INFO: [ app_init ] --START--
INFO: Run Behavior\BuildLiteBehavior [ RunTime:0.000016s ]
INFO: [ app_init ] --END-- [ RunTime:0.000386s ]
INFO: [ app_begin ] --START--
INFO: Run Behavior\ReadHtmlCacheBehavior [ RunTime:0.000488s ]
INFO: [ app_begin ] --END-- [ RunTime:0.000573s ]
SQL: SHOW COLUMNS FROM `eg_notice` [ RunTime:0.0015s ]
SQL: SELECT `nid`,`theme`,`date`,`content` FROM `eg_notice` WHERE `type` = 1 AND `status` = 1 ORDER BY overhead desc,rank desc,date desc LIMIT 0,20   [ RunTime:0.0003s ]
INFO: [ app_end ] --START--
INFO: Run Behavior\ShowPageTraceBehavior [ RunTime:0.000730s ]
INFO: [ app_end ] --END-- [ RunTime:0.000811s ]

[ 2016-07-17T12:03:40+08:00 ] ::1 /FZU-VentureService/API/index.php/Home/Feild/list.html?type=1
INFO: [ app_init ] --START--
INFO: Run Behavior\BuildLiteBehavior [ RunTime:0.000021s ]
INFO: [ app_init ] --END-- [ RunTime:0.000782s ]
INFO: [ app_begin ] --START--
INFO: Run Behavior\ReadHtmlCacheBehavior [ RunTime:0.000974s ]
INFO: [ app_begin ] --END-- [ RunTime:0.001088s ]
ERR: 无法加载控制器:Feild

[ 2016-07-17T12:04:45+08:00 ] ::1 /FZU-VentureService/API/index.php/Home/Field/list.html?type=1
INFO: [ app_init ] --START--
INFO: Run Behavior\BuildLiteBehavior [ RunTime:0.000064s ]
INFO: [ app_init ] --END-- [ RunTime:0.000966s ]
INFO: [ app_begin ] --START--
INFO: Run Behavior\ReadHtmlCacheBehavior [ RunTime:0.001423s ]
INFO: [ app_begin ] --END-- [ RunTime:0.001569s ]
SQL: SHOW COLUMNS FROM `eg_fields` [ RunTime:0.0027s ]
SQL: SELECT `fid`,`name`,`pic`,`synopsis`,`date` FROM `eg_fields` WHERE `type` = 1 ORDER BY date desc LIMIT 0,20   [ RunTime:0.0003s ]
INFO: [ app_end ] --START--
INFO: Run Behavior\ShowPageTraceBehavior [ RunTime:0.001262s ]
INFO: [ app_end ] --END-- [ RunTime:0.001410s ]

[ 2016-07-17T12:05:04+08:00 ] ::1 /FZU-VentureService/API/index.php/Home/Field/list.html?type=1
INFO: [ app_init ] --START--
INFO: Run Behavior\BuildLiteBehavior [ RunTime:0.000029s ]
INFO: [ app_init ] --END-- [ RunTime:0.000739s ]
INFO: [ app_begin ] --START--
INFO: Run Behavior\ReadHtmlCacheBehavior [ RunTime:0.000772s ]
INFO: [ app_begin ] --END-- [ RunTime:0.000858s ]
SQL: SHOW COLUMNS FROM `eg_fields` [ RunTime:0.0015s ]
SQL: SELECT `fid`,`name`,`pic`,`synopsis`,`date` FROM `eg_fields` WHERE `type` = 1 ORDER BY date desc LIMIT 0,20   [ RunTime:0.0003s ]
INFO: [ app_end ] --START--
INFO: Run Behavior\ShowPageTraceBehavior [ RunTime:0.000746s ]
INFO: [ app_end ] --END-- [ RunTime:0.000829s ]

[ 2016-07-17T12:13:19+08:00 ] ::1 /FZU-VentureService/API/index.php/Home/Field/detail.html?id=1
INFO: [ app_init ] --START--
INFO: Run Behavior\BuildLiteBehavior [ RunTime:0.000028s ]
INFO: [ app_init ] --END-- [ RunTime:0.000388s ]
INFO: [ app_begin ] --START--
INFO: Run Behavior\ReadHtmlCacheBehavior [ RunTime:0.000489s ]
INFO: [ app_begin ] --END-- [ RunTime:0.000550s ]
SQL: SHOW COLUMNS FROM `eg_fields` [ RunTime:0.0014s ]
INFO: [ app_end ] --START--
INFO: Run Behavior\ShowPageTraceBehavior [ RunTime:0.000770s ]
INFO: [ app_end ] --END-- [ RunTime:0.000887s ]

[ 2016-07-17T12:13:50+08:00 ] ::1 /FZU-VentureService/API/index.php/Home/Field/list.html?type=1
INFO: [ app_init ] --START--
INFO: Run Behavior\BuildLiteBehavior [ RunTime:0.000015s ]
INFO: [ app_init ] --END-- [ RunTime:0.000367s ]
INFO: [ app_begin ] --START--
INFO: Run Behavior\ReadHtmlCacheBehavior [ RunTime:0.000482s ]
INFO: [ app_begin ] --END-- [ RunTime:0.000548s ]
SQL: SHOW COLUMNS FROM `eg_fields` [ RunTime:0.0012s ]
SQL: SELECT `fid`,`name`,`pic`,`synopsis`,`date` FROM `eg_fields` WHERE `type` = 1 ORDER BY date desc LIMIT 0,20   [ RunTime:0.0002s ]
INFO: [ app_end ] --START--
INFO: Run Behavior\ShowPageTraceBehavior [ RunTime:0.000646s ]
INFO: [ app_end ] --END-- [ RunTime:0.000713s ]

[ 2016-07-17T12:13:50+08:00 ] ::1 /FZU-VentureService/API/index.php/Home/Field/list.html?type=1
INFO: [ app_init ] --START--
INFO: Run Behavior\BuildLiteBehavior [ RunTime:0.000019s ]
INFO: [ app_init ] --END-- [ RunTime:0.000472s ]
INFO: [ app_begin ] --START--
INFO: Run Behavior\ReadHtmlCacheBehavior [ RunTime:0.000485s ]
INFO: [ app_begin ] --END-- [ RunTime:0.000547s ]
SQL: SHOW COLUMNS FROM `eg_fields` [ RunTime:0.0012s ]
SQL: SELECT `fid`,`name`,`pic`,`synopsis`,`date` FROM `eg_fields` WHERE `type` = 1 ORDER BY date desc LIMIT 0,20   [ RunTime:0.0002s ]
INFO: [ app_end ] --START--
INFO: Run Behavior\ShowPageTraceBehavior [ RunTime:0.000686s ]
INFO: [ app_end ] --END-- [ RunTime:0.000754s ]

[ 2016-07-17T12:15:39+08:00 ] ::1 /FZU-VentureService/API/index.php/Home/Notice/list.html?type=1
INFO: [ app_init ] --START--
INFO: Run Behavior\BuildLiteBehavior [ RunTime:0.000016s ]
INFO: [ app_init ] --END-- [ RunTime:0.000373s ]
INFO: [ app_begin ] --START--
INFO: Run Behavior\ReadHtmlCacheBehavior [ RunTime:0.000475s ]
INFO: [ app_begin ] --END-- [ RunTime:0.000536s ]
SQL: SHOW COLUMNS FROM `eg_notice` [ RunTime:0.0017s ]
SQL: SELECT `nid`,`theme`,`date`,`content` FROM `eg_notice` WHERE `type` = 1 AND `status` = 1 ORDER BY overhead desc,rank desc,date desc LIMIT 0,20   [ RunTime:0.0002s ]
INFO: [ app_end ] --START--
INFO: Run Behavior\ShowPageTraceBehavior [ RunTime:0.000672s ]
INFO: [ app_end ] --END-- [ RunTime:0.000758s ]

[ 2016-07-17T12:15:43+08:00 ] ::1 /FZU-VentureService/API/index.php/Home/Notice/list.html?id=1
INFO: [ app_init ] --START--
INFO: Run Behavior\BuildLiteBehavior [ RunTime:0.000021s ]
INFO: [ app_init ] --END-- [ RunTime:0.000502s ]
INFO: [ app_begin ] --START--
INFO: Run Behavior\ReadHtmlCacheBehavior [ RunTime:0.003936s ]
INFO: [ app_begin ] --END-- [ RunTime:0.004025s ]
SQL: SHOW COLUMNS FROM `eg_notice` [ RunTime:0.0012s ]
SQL: SELECT `nid`,`theme`,`date`,`content` FROM `eg_notice` WHERE `type` = 0 AND `status` = 1 ORDER BY overhead desc,rank desc,date desc LIMIT 0,20   [ RunTime:0.0002s ]
INFO: [ app_end ] --START--
INFO: Run Behavior\ShowPageTraceBehavior [ RunTime:0.000629s ]
INFO: [ app_end ] --END-- [ RunTime:0.000695s ]

[ 2016-07-17T12:15:55+08:00 ] ::1 /FZU-VentureService/API/index.php/Home/Field/list.html?id=1
INFO: [ app_init ] --START--
INFO: Run Behavior\BuildLiteBehavior [ RunTime:0.000018s ]
INFO: [ app_init ] --END-- [ RunTime:0.000410s ]
INFO: [ app_begin ] --START--
INFO: Run Behavior\ReadHtmlCacheBehavior [ RunTime:0.000516s ]
INFO: [ app_begin ] --END-- [ RunTime:0.000577s ]
SQL: SHOW COLUMNS FROM `eg_fields` [ RunTime:0.0013s ]
SQL: SELECT `fid`,`name`,`pic`,`synopsis`,`date` FROM `eg_fields` WHERE `type` = 0 ORDER BY date desc LIMIT 0,20   [ RunTime:0.0002s ]
INFO: [ app_end ] --START--
INFO: Run Behavior\ShowPageTraceBehavior [ RunTime:0.000655s ]
INFO: [ app_end ] --END-- [ RunTime:0.000738s ]

[ 2016-07-17T12:16:05+08:00 ] ::1 /FZU-VentureService/API/index.php/Home/Notice/list.html?id=1
INFO: [ app_init ] --START--
INFO: Run Behavior\BuildLiteBehavior [ RunTime:0.000016s ]
INFO: [ app_init ] --END-- [ RunTime:0.000366s ]
INFO: [ app_begin ] --START--
INFO: Run Behavior\ReadHtmlCacheBehavior [ RunTime:0.000473s ]
INFO: [ app_begin ] --END-- [ RunTime:0.000533s ]
SQL: SHOW COLUMNS FROM `eg_notice` [ RunTime:0.0012s ]
SQL: SELECT `nid`,`theme`,`date`,`content` FROM `eg_notice` WHERE `type` = 0 AND `status` = 1 ORDER BY overhead desc,rank desc,date desc LIMIT 0,20   [ RunTime:0.0002s ]
INFO: [ app_end ] --START--
INFO: Run Behavior\ShowPageTraceBehavior [ RunTime:0.000639s ]
INFO: [ app_end ] --END-- [ RunTime:0.000703s ]

[ 2016-07-17T12:16:08+08:00 ] ::1 /FZU-VentureService/API/index.php/Home/Notice/detail.html?id=1
INFO: [ app_init ] --START--
INFO: Run Behavior\BuildLiteBehavior [ RunTime:0.000018s ]
INFO: [ app_init ] --END-- [ RunTime:0.000373s ]
INFO: [ app_begin ] --START--
INFO: Run Behavior\ReadHtmlCacheBehavior [ RunTime:0.000599s ]
INFO: [ app_begin ] --END-- [ RunTime:0.000664s ]
SQL: SHOW COLUMNS FROM `eg_notice` [ RunTime:0.0012s ]
SQL: SELECT `nid`,`theme`,`date`,`content` FROM `eg_notice` WHERE `nid` = 1  [ RunTime:0.0002s ]
INFO: [ app_end ] --START--
INFO: Run Behavior\ShowPageTraceBehavior [ RunTime:0.000826s ]
INFO: [ app_end ] --END-- [ RunTime:0.000925s ]

[ 2016-07-17T12:16:14+08:00 ] ::1 /FZU-VentureService/API/index.php/Home/Field/detail.html?id=1
INFO: [ app_init ] --START--
INFO: Run Behavior\BuildLiteBehavior [ RunTime:0.000016s ]
INFO: [ app_init ] --END-- [ RunTime:0.000389s ]
INFO: [ app_begin ] --START--
INFO: Run Behavior\ReadHtmlCacheBehavior [ RunTime:0.000468s ]
INFO: [ app_begin ] --END-- [ RunTime:0.000529s ]
SQL: SHOW COLUMNS FROM `eg_fields` [ RunTime:0.0012s ]
INFO: [ app_end ] --START--
INFO: Run Behavior\ShowPageTraceBehavior [ RunTime:0.000658s ]
INFO: [ app_end ] --END-- [ RunTime:0.000747s ]

[ 2016-07-17T12:16:15+08:00 ] ::1 /FZU-VentureService/API/index.php/Home/Field/detail.html?id=1
INFO: [ app_init ] --START--
INFO: Run Behavior\BuildLiteBehavior [ RunTime:0.000203s ]
INFO: [ app_init ] --END-- [ RunTime:0.000737s ]
INFO: [ app_begin ] --START--
INFO: Run Behavior\ReadHtmlCacheBehavior [ RunTime:0.000493s ]
INFO: [ app_begin ] --END-- [ RunTime:0.000553s ]
SQL: SHOW COLUMNS FROM `eg_fields` [ RunTime:0.0030s ]
INFO: [ app_end ] --START--
INFO: Run Behavior\ShowPageTraceBehavior [ RunTime:0.000852s ]
INFO: [ app_end ] --END-- [ RunTime:0.000980s ]

[ 2016-07-17T12:19:05+08:00 ] ::1 /FZU-VentureService/API/index.php/Home/Field/detail.html?id=1
INFO: [ app_init ] --START--
INFO: Run Behavior\BuildLiteBehavior [ RunTime:0.000016s ]
INFO: [ app_init ] --END-- [ RunTime:0.000359s ]
INFO: [ app_begin ] --START--
INFO: Run Behavior\ReadHtmlCacheBehavior [ RunTime:0.000479s ]
INFO: [ app_begin ] --END-- [ RunTime:0.000539s ]
SQL: SHOW COLUMNS FROM `eg_fields` [ RunTime:0.0020s ]
SQL: SELECT `fid`,`name`,`pic`,`detail`,`date` FROM `eg_fields` WHERE `fid` = 1  [ RunTime:0.0003s ]
INFO: [ app_end ] --START--
INFO: Run Behavior\ShowPageTraceBehavior [ RunTime:0.000682s ]
INFO: [ app_end ] --END-- [ RunTime:0.000763s ]

[ 2016-07-17T12:19:06+08:00 ] ::1 /FZU-VentureService/API/index.php/Home/Field/detail.html?id=1
INFO: [ app_init ] --START--
INFO: Run Behavior\BuildLiteBehavior [ RunTime:0.000016s ]
INFO: [ app_init ] --END-- [ RunTime:0.000375s ]
INFO: [ app_begin ] --START--
INFO: Run Behavior\ReadHtmlCacheBehavior [ RunTime:0.000495s ]
INFO: [ app_begin ] --END-- [ RunTime:0.000557s ]
SQL: SHOW COLUMNS FROM `eg_fields` [ RunTime:0.0012s ]
SQL: SELECT `fid`,`name`,`pic`,`detail`,`date` FROM `eg_fields` WHERE `fid` = 1  [ RunTime:0.0002s ]
INFO: [ app_end ] --START--
INFO: Run Behavior\ShowPageTraceBehavior [ RunTime:0.000853s ]
INFO: [ app_end ] --END-- [ RunTime:0.000944s ]

[ 2016-07-17T13:22:06+08:00 ] ::1 /FZU-VentureService/API/index.php/Home/User/register.html
INFO: [ app_init ] --START--
INFO: Run Behavior\BuildLiteBehavior [ RunTime:0.000030s ]
INFO: [ app_init ] --END-- [ RunTime:0.000890s ]
INFO: [ app_begin ] --START--
INFO: Run Behavior\ReadHtmlCacheBehavior [ RunTime:0.001001s ]
INFO: [ app_begin ] --END-- [ RunTime:0.001108s ]
ERR: 非法操作:register

[ 2016-07-17T13:22:35+08:00 ] ::1 /FZU-VentureService/API/index.php/Home/User/register.html
INFO: [ app_init ] --START--
INFO: Run Behavior\BuildLiteBehavior [ RunTime:0.000026s ]
INFO: [ app_init ] --END-- [ RunTime:0.000482s ]
INFO: [ app_begin ] --START--
INFO: Run Behavior\ReadHtmlCacheBehavior [ RunTime:0.000719s ]
INFO: [ app_begin ] --END-- [ RunTime:0.000807s ]
ERR: 非法操作:register

[ 2016-07-17T13:22:35+08:00 ] ::1 /FZU-VentureService/API/index.php/Home/User/register
INFO: [ app_init ] --START--
INFO: Run Behavior\BuildLiteBehavior [ RunTime:0.000032s ]
INFO: [ app_init ] --END-- [ RunTime:0.000524s ]
INFO: [ app_begin ] --START--
INFO: Run Behavior\ReadHtmlCacheBehavior [ RunTime:0.000664s ]
INFO: [ app_begin ] --END-- [ RunTime:0.000762s ]
ERR: 非法操作:register

[ 2016-07-17T13:23:19+08:00 ] ::1 /FZU-VentureService/API/index.php/Home/User/register
INFO: [ app_init ] --START--
INFO: Run Behavior\BuildLiteBehavior [ RunTime:0.000027s ]
INFO: [ app_init ] --END-- [ RunTime:0.000493s ]
INFO: [ app_begin ] --START--
INFO: Run Behavior\ReadHtmlCacheBehavior [ RunTime:0.000633s ]
INFO: [ app_begin ] --END-- [ RunTime:0.000714s ]
ERR: 非法操作:register

[ 2016-07-17T13:24:16+08:00 ] ::1 /FZU-VentureService/API/index.php/Home/User/register?username=Liam
INFO: [ app_init ] --START--
INFO: Run Behavior\BuildLiteBehavior [ RunTime:0.000032s ]
INFO: [ app_init ] --END-- [ RunTime:0.000574s ]
INFO: [ app_begin ] --START--
INFO: Run Behavior\ReadHtmlCacheBehavior [ RunTime:0.000724s ]
INFO: [ app_begin ] --END-- [ RunTime:0.000834s ]
ERR: 非法操作:register

[ 2016-07-17T13:24:31+08:00 ] ::1 /FZU-VentureService/API/index.php/Home/User/register.html?username=Liam
INFO: [ app_init ] --START--
INFO: Run Behavior\BuildLiteBehavior [ RunTime:0.000031s ]
INFO: [ app_init ] --END-- [ RunTime:0.000649s ]
INFO: [ app_begin ] --START--
INFO: Run Behavior\ReadHtmlCacheBehavior [ RunTime:0.000811s ]
INFO: [ app_begin ] --END-- [ RunTime:0.000918s ]
ERR: 非法操作:register

[ 2016-07-17T13:26:08+08:00 ] ::1 /FZU-VentureService/API/index.php/Home/Field/list.html?type=1
INFO: [ app_init ] --START--
INFO: Run Behavior\BuildLiteBehavior [ RunTime:0.000027s ]
INFO: [ app_init ] --END-- [ RunTime:0.000479s ]
INFO: [ app_begin ] --START--
INFO: Run Behavior\ReadHtmlCacheBehavior [ RunTime:0.000638s ]
INFO: [ app_begin ] --END-- [ RunTime:0.000721s ]
SQL: SHOW COLUMNS FROM `eg_fields` [ RunTime:0.0013s ]
SQL: SELECT `fid`,`name`,`pic`,`synopsis`,`date` FROM `eg_fields` WHERE `type` = 1 ORDER BY date desc LIMIT 0,20   [ RunTime:0.0003s ]
INFO: [ app_end ] --START--
INFO: Run Behavior\ShowPageTraceBehavior [ RunTime:0.001168s ]
INFO: [ app_end ] --END-- [ RunTime:0.001251s ]

[ 2016-07-17T13:26:17+08:00 ] ::1 /FZU-VentureService/API/index.php/Home/Field/list.html?type=1
INFO: [ app_init ] --START--
INFO: Run Behavior\BuildLiteBehavior [ RunTime:0.000027s ]
INFO: [ app_init ] --END-- [ RunTime:0.000519s ]
INFO: [ app_begin ] --START--
INFO: Run Behavior\ReadHtmlCacheBehavior [ RunTime:0.000976s ]
INFO: [ app_begin ] --END-- [ RunTime:0.001110s ]
SQL: SHOW COLUMNS FROM `eg_fields` [ RunTime:0.0013s ]
SQL: SELECT `fid`,`name`,`pic`,`synopsis`,`date` FROM `eg_fields` WHERE `type` = 1 ORDER BY date desc LIMIT 0,20   [ RunTime:0.0003s ]
INFO: [ app_end ] --START--
INFO: Run Behavior\ShowPageTraceBehavior [ RunTime:0.001040s ]
INFO: [ app_end ] --END-- [ RunTime:0.001142s ]

[ 2016-07-17T15:02:11+08:00 ] ::1 /FZU-VentureService/API/index.php/Home/Notice/list.html?type=1
INFO: [ app_init ] --START--
INFO: Run Behavior\BuildLiteBehavior [ RunTime:0.000029s ]
INFO: [ app_init ] --END-- [ RunTime:0.000851s ]
INFO: [ app_begin ] --START--
INFO: Run Behavior\ReadHtmlCacheBehavior [ RunTime:0.001082s ]
INFO: [ app_begin ] --END-- [ RunTime:0.001171s ]
SQL: SHOW COLUMNS FROM `eg_notice` [ RunTime:0.0013s ]
SQL: SELECT `nid`,`theme`,`date`,`content` FROM `eg_notice` WHERE `type` = 1 AND `status` = 1 ORDER BY overhead desc,rank desc,date desc LIMIT 0,20   [ RunTime:0.0003s ]
INFO: [ app_end ] --START--
INFO: Run Behavior\ShowPageTraceBehavior [ RunTime:0.001159s ]
INFO: [ app_end ] --END-- [ RunTime:0.001237s ]

[ 2016-07-17T15:02:29+08:00 ] ::1 /FZU-VentureService/API/index.php/Home/Notice/list.html?type=1
INFO: [ app_init ] --START--
INFO: Run Behavior\BuildLiteBehavior [ RunTime:0.000018s ]
INFO: [ app_init ] --END-- [ RunTime:0.000381s ]
INFO: [ app_begin ] --START--
INFO: Run Behavior\ReadHtmlCacheBehavior [ RunTime:0.000585s ]
INFO: [ app_begin ] --END-- [ RunTime:0.000690s ]
SQL: SHOW COLUMNS FROM `eg_notice` [ RunTime:0.0036s ]
SQL: SELECT `nid`,`theme`,`date`,`content` FROM `eg_notice` WHERE `type` = 1 AND `status` = 1 ORDER BY overhead desc,rank desc,date desc LIMIT 0,20   [ RunTime:0.0002s ]
INFO: [ app_end ] --START--
INFO: Run Behavior\ShowPageTraceBehavior [ RunTime:0.000649s ]
INFO: [ app_end ] --END-- [ RunTime:0.000714s ]

[ 2016-07-17T15:08:20+08:00 ] ::1 /FZU-VentureService/API/index.php/Home/Notice/type=1
INFO: [ app_init ] --START--
INFO: Run Behavior\BuildLiteBehavior [ RunTime:0.000017s ]
INFO: [ app_init ] --END-- [ RunTime:0.000379s ]
INFO: [ app_begin ] --START--
INFO: Run Behavior\ReadHtmlCacheBehavior [ RunTime:0.001018s ]
INFO: [ app_begin ] --END-- [ RunTime:0.001127s ]
ERR: 非法操作:type=1

