[ 2016-07-28T14:33:06+08:00 ] 127.0.0.1 /FZU-VentureService/API/index.php/Home/cpt/detail.html?cid=2
INFO: [ app_init ] --START--
INFO: Run Behavior\BuildLiteBehavior [ RunTime:0.000020s ]
INFO: [ app_init ] --END-- [ RunTime:0.000812s ]
INFO: [ app_begin ] --START--
INFO: Run Behavior\ReadHtmlCacheBehavior [ RunTime:0.001010s ]
INFO: [ app_begin ] --END-- [ RunTime:0.001085s ]
SQL: SHOW COLUMNS FROM `vs_competitions` [ RunTime:0.0199s ]
SQL: SELECT * FROM `vs_competitions` WHERE `cid` = 2 LIMIT 1   [ RunTime:0.0192s ]

[ 2016-07-28T14:55:37+08:00 ] 127.0.0.1 /FZU-VentureService/API/index.php/Home/cpt/previous.html?number=1&times=3
INFO: [ app_init ] --START--
INFO: Run Behavior\BuildLiteBehavior [ RunTime:0.000017s ]
INFO: [ app_init ] --END-- [ RunTime:0.000375s ]
INFO: [ app_begin ] --START--
INFO: Run Behavior\ReadHtmlCacheBehavior [ RunTime:0.000630s ]
INFO: [ app_begin ] --END-- [ RunTime:0.000701s ]
SQL: SHOW COLUMNS FROM `vs_competitions` [ RunTime:0.0207s ]
SQL: SELECT `number` FROM `vs_competitions` WHERE `cid` = 0 LIMIT 1   [ RunTime:0.0243s ]
SQL: SELECT * FROM `vs_competitions` WHERE ( number = '' && deadline < '1469688937' )  [ RunTime:0.0201s ]

[ 2016-07-28T14:55:44+08:00 ] 127.0.0.1 /FZU-VentureService/API/index.php/Home/cpt/previous.html?number=1&&times=3
INFO: [ app_init ] --START--
INFO: Run Behavior\BuildLiteBehavior [ RunTime:0.000018s ]
INFO: [ app_init ] --END-- [ RunTime:0.000380s ]
INFO: [ app_begin ] --START--
INFO: Run Behavior\ReadHtmlCacheBehavior [ RunTime:0.000503s ]
INFO: [ app_begin ] --END-- [ RunTime:0.000564s ]
SQL: SHOW COLUMNS FROM `vs_competitions` [ RunTime:0.0213s ]
SQL: SELECT `number` FROM `vs_competitions` WHERE `cid` = 0 LIMIT 1   [ RunTime:0.0190s ]
SQL: SELECT * FROM `vs_competitions` WHERE ( number = '' && deadline < '1469688944' )  [ RunTime:0.0198s ]

[ 2016-07-28T14:57:59+08:00 ] 127.0.0.1 /FZU-VentureService/API/index.php/Home/cpt/previous.html?number=1&&times=3
INFO: [ app_init ] --START--
INFO: Run Behavior\BuildLiteBehavior [ RunTime:0.000018s ]
INFO: [ app_init ] --END-- [ RunTime:0.000381s ]
INFO: [ app_begin ] --START--
INFO: Run Behavior\ReadHtmlCacheBehavior [ RunTime:0.000509s ]
INFO: [ app_begin ] --END-- [ RunTime:0.000573s ]
SQL: SHOW COLUMNS FROM `vs_competitions` [ RunTime:0.0206s ]
SQL: SELECT * FROM `vs_competitions` WHERE ( number = '1' && times < '3'  ) ORDER BY times asc  [ RunTime:0.0193s ]

[ 2016-07-28T15:25:53+08:00 ] 127.0.0.1 /FZU-VentureService/API/index.php/Home/cpt/previous.html?number=2&&times=3
INFO: [ app_init ] --START--
INFO: Run Behavior\BuildLiteBehavior [ RunTime:0.000020s ]
INFO: [ app_init ] --END-- [ RunTime:0.000910s ]
INFO: [ app_begin ] --START--
INFO: Run Behavior\ReadHtmlCacheBehavior [ RunTime:0.000518s ]
INFO: [ app_begin ] --END-- [ RunTime:0.000583s ]
SQL: SHOW COLUMNS FROM `vs_competitions` [ RunTime:0.0199s ]
SQL: SELECT * FROM `vs_competitions` WHERE ( number = '2' && times < '3'  ) ORDER BY times asc  [ RunTime:0.0198s ]

[ 2016-07-28T15:26:20+08:00 ] 127.0.0.1 /FZU-VentureService/API/index.php/Home/cpt/previous.html?number=2&&times=3
INFO: [ app_init ] --START--
INFO: Run Behavior\BuildLiteBehavior [ RunTime:0.000020s ]
INFO: [ app_init ] --END-- [ RunTime:0.000470s ]
INFO: [ app_begin ] --START--
INFO: Run Behavior\ReadHtmlCacheBehavior [ RunTime:0.000511s ]
INFO: [ app_begin ] --END-- [ RunTime:0.000574s ]
SQL: SHOW COLUMNS FROM `vs_competitions` [ RunTime:0.0246s ]
SQL: SELECT * FROM `vs_competitions` WHERE ( number = '2' && times < '3'  ) ORDER BY times asc  [ RunTime:0.0235s ]

[ 2016-07-28T15:26:24+08:00 ] 127.0.0.1 /FZU-VentureService/API/index.php/Home/cpt/previous.html?number=2&&times=3
INFO: [ app_init ] --START--
INFO: Run Behavior\BuildLiteBehavior [ RunTime:0.000021s ]
INFO: [ app_init ] --END-- [ RunTime:0.000448s ]
INFO: [ app_begin ] --START--
INFO: Run Behavior\ReadHtmlCacheBehavior [ RunTime:0.000782s ]
INFO: [ app_begin ] --END-- [ RunTime:0.000856s ]
SQL: SHOW COLUMNS FROM `vs_competitions` [ RunTime:0.0242s ]
SQL: SELECT * FROM `vs_competitions` WHERE ( number = '2' && times < '3'  ) ORDER BY times asc  [ RunTime:0.0188s ]

[ 2016-07-28T15:26:56+08:00 ] 127.0.0.1 /FZU-VentureService/API/index.php/Home/cpt/previous.html?number=2&&times=3
INFO: [ app_init ] --START--
INFO: Run Behavior\BuildLiteBehavior [ RunTime:0.000017s ]
INFO: [ app_init ] --END-- [ RunTime:0.000370s ]
INFO: [ app_begin ] --START--
INFO: Run Behavior\ReadHtmlCacheBehavior [ RunTime:0.000481s ]
INFO: [ app_begin ] --END-- [ RunTime:0.000544s ]
SQL: SHOW COLUMNS FROM `vs_competitions` [ RunTime:0.0235s ]
SQL: SELECT * FROM `vs_competitions` WHERE ( number = '2' && times < '3'  ) ORDER BY times asc  [ RunTime:0.0238s ]

[ 2016-07-28T15:27:25+08:00 ] 127.0.0.1 /FZU-VentureService/API/index.php/Home/cpt/previous.html?number=2&&times=3
INFO: [ app_init ] --START--
INFO: Run Behavior\BuildLiteBehavior [ RunTime:0.000018s ]
INFO: [ app_init ] --END-- [ RunTime:0.000428s ]
INFO: [ app_begin ] --START--
INFO: Run Behavior\ReadHtmlCacheBehavior [ RunTime:0.000507s ]
INFO: [ app_begin ] --END-- [ RunTime:0.000573s ]
SQL: SHOW COLUMNS FROM `vs_competitions` [ RunTime:0.0202s ]
SQL: SELECT * FROM `vs_competitions` WHERE ( number = '2' && times < '3'  ) ORDER BY times asc  [ RunTime:0.0198s ]

[ 2016-07-28T15:33:13+08:00 ] 127.0.0.1 /FZU-VentureService/API/index.php/Home/cpt/previous.html?number=1&&times=4
INFO: [ app_init ] --START--
INFO: Run Behavior\BuildLiteBehavior [ RunTime:0.000016s ]
INFO: [ app_init ] --END-- [ RunTime:0.000377s ]
INFO: [ app_begin ] --START--
INFO: Run Behavior\ReadHtmlCacheBehavior [ RunTime:0.000576s ]
INFO: [ app_begin ] --END-- [ RunTime:0.000639s ]
SQL: SHOW COLUMNS FROM `vs_competitions` [ RunTime:0.0262s ]
SQL: SELECT * FROM `vs_competitions` WHERE ( number = '1' && times < '4'  ) ORDER BY times asc  [ RunTime:0.0244s ]

[ 2016-07-28T15:34:31+08:00 ] ::1 /FZU-VentureService/API/index.php/Home/cpt/previous.html?number=1&&times=4
INFO: [ app_init ] --START--
INFO: Run Behavior\BuildLiteBehavior [ RunTime:0.000015s ]
INFO: [ app_init ] --END-- [ RunTime:0.000381s ]
INFO: [ app_begin ] --START--
INFO: Run Behavior\ReadHtmlCacheBehavior [ RunTime:0.000579s ]
INFO: [ app_begin ] --END-- [ RunTime:0.000650s ]
SQL: SHOW COLUMNS FROM `vs_competitions` [ RunTime:0.1436s ]
SQL: SELECT * FROM `vs_competitions` WHERE ( number = '1' && times < '4'  ) ORDER BY times asc  [ RunTime:0.0193s ]

[ 2016-07-28T15:36:32+08:00 ] ::1 /FZU-VentureService/API/index.php/Home/cpt/previous.html?number=1&&times=4
INFO: [ app_init ] --START--
INFO: Run Behavior\BuildLiteBehavior [ RunTime:0.000027s ]
INFO: [ app_init ] --END-- [ RunTime:0.000462s ]
INFO: [ app_begin ] --START--
INFO: Run Behavior\ReadHtmlCacheBehavior [ RunTime:0.000589s ]
INFO: [ app_begin ] --END-- [ RunTime:0.000654s ]
SQL: SHOW COLUMNS FROM `vs_competitions` [ RunTime:0.0297s ]
SQL: SELECT * FROM `vs_competitions` WHERE ( number = '1' && times < '4'  ) ORDER BY times asc  [ RunTime:0.0236s ]

[ 2016-07-28T15:41:10+08:00 ] ::1 /FZU-VentureService/API/index.php/Home/cpt/previous.html?number=1&times=4
INFO: [ app_init ] --START--
INFO: Run Behavior\BuildLiteBehavior [ RunTime:0.000019s ]
INFO: [ app_init ] --END-- [ RunTime:0.000428s ]
INFO: [ app_begin ] --START--
INFO: Run Behavior\ReadHtmlCacheBehavior [ RunTime:0.000584s ]
INFO: [ app_begin ] --END-- [ RunTime:0.000674s ]
SQL: SHOW COLUMNS FROM `vs_competitions` [ RunTime:0.0203s ]
SQL: SELECT * FROM `vs_competitions` WHERE ( number = '1' && times < '4'  ) ORDER BY times asc  [ RunTime:0.0197s ]

[ 2016-07-28T15:59:17+08:00 ] 127.0.0.1 /FZU-VentureService/API/index.php/Home/cpt/previous.html?number=2&&times=3
INFO: [ app_init ] --START--
INFO: Run Behavior\BuildLiteBehavior [ RunTime:0.000018s ]
INFO: [ app_init ] --END-- [ RunTime:0.000456s ]
INFO: [ app_begin ] --START--
INFO: Run Behavior\ReadHtmlCacheBehavior [ RunTime:0.000494s ]
INFO: [ app_begin ] --END-- [ RunTime:0.000555s ]
SQL: SHOW COLUMNS FROM `vs_competitions` [ RunTime:0.0201s ]
SQL: SELECT * FROM `vs_competitions` WHERE ( number = '2' && times < '3'  ) ORDER BY times asc  [ RunTime:0.0198s ]

[ 2016-07-28T16:00:09+08:00 ] ::1 /FZU-VentureService/API/index.php/Home/cpt/previous.html?number=2&times=3
INFO: [ app_init ] --START--
INFO: Run Behavior\BuildLiteBehavior [ RunTime:0.000029s ]
INFO: [ app_init ] --END-- [ RunTime:0.000658s ]
INFO: [ app_begin ] --START--
INFO: Run Behavior\ReadHtmlCacheBehavior [ RunTime:0.000548s ]
INFO: [ app_begin ] --END-- [ RunTime:0.000616s ]
SQL: SHOW COLUMNS FROM `vs_competitions` [ RunTime:0.0205s ]
SQL: SELECT * FROM `vs_competitions` WHERE ( number = '2' && times < '3'  ) ORDER BY times asc  [ RunTime:0.0201s ]

[ 2016-07-28T16:01:07+08:00 ] 127.0.0.1 /FZU-VentureService/API/index.php/Home/cpt/previous.html?number=2&&times=3
INFO: [ app_init ] --START--
INFO: Run Behavior\BuildLiteBehavior [ RunTime:0.000018s ]
INFO: [ app_init ] --END-- [ RunTime:0.000369s ]
INFO: [ app_begin ] --START--
INFO: Run Behavior\ReadHtmlCacheBehavior [ RunTime:0.000473s ]
INFO: [ app_begin ] --END-- [ RunTime:0.000534s ]
SQL: SHOW COLUMNS FROM `vs_competitions` [ RunTime:0.0200s ]
SQL: SELECT * FROM `vs_competitions` WHERE ( number = '2' && times < '3'  ) ORDER BY times asc  [ RunTime:0.0195s ]

[ 2016-07-28T16:01:25+08:00 ] 127.0.0.1 /FZU-VentureService/API/index.php/Home/cpt/previous.html?number=2&&times=3
INFO: [ app_init ] --START--
INFO: Run Behavior\BuildLiteBehavior [ RunTime:0.000017s ]
INFO: [ app_init ] --END-- [ RunTime:0.000370s ]
INFO: [ app_begin ] --START--
INFO: Run Behavior\ReadHtmlCacheBehavior [ RunTime:0.000481s ]
INFO: [ app_begin ] --END-- [ RunTime:0.000545s ]
SQL: SHOW COLUMNS FROM `vs_competitions` [ RunTime:0.0198s ]
SQL: SELECT * FROM `vs_competitions` WHERE ( number = '2' && times < '3'  ) ORDER BY times asc  [ RunTime:0.0192s ]
NOTIC: [2] json_decode() expects parameter 1 to be string, array given /Applications/MAMP/htdocs/FZU-VentureService/API/apps/Home/Controller/BaseController.class.php 第 74 行.

[ 2016-07-28T16:01:38+08:00 ] 127.0.0.1 /FZU-VentureService/API/index.php/Home/cpt/previous.html?number=2&&times=3
INFO: [ app_init ] --START--
INFO: Run Behavior\BuildLiteBehavior [ RunTime:0.000019s ]
INFO: [ app_init ] --END-- [ RunTime:0.000408s ]
INFO: [ app_begin ] --START--
INFO: Run Behavior\ReadHtmlCacheBehavior [ RunTime:0.000531s ]
INFO: [ app_begin ] --END-- [ RunTime:0.000596s ]
SQL: SHOW COLUMNS FROM `vs_competitions` [ RunTime:0.0197s ]
SQL: SELECT * FROM `vs_competitions` WHERE ( number = '2' && times < '3'  ) ORDER BY times asc  [ RunTime:0.0207s ]

[ 2016-07-28T16:02:02+08:00 ] 127.0.0.1 /FZU-VentureService/API/index.php/Home/cpt/previous.html?number=2&&times=3
INFO: [ app_init ] --START--
INFO: Run Behavior\BuildLiteBehavior [ RunTime:0.000017s ]
INFO: [ app_init ] --END-- [ RunTime:0.000375s ]
INFO: [ app_begin ] --START--
INFO: Run Behavior\ReadHtmlCacheBehavior [ RunTime:0.000481s ]
INFO: [ app_begin ] --END-- [ RunTime:0.000544s ]
SQL: SHOW COLUMNS FROM `vs_competitions` [ RunTime:0.0201s ]
SQL: SELECT * FROM `vs_competitions` WHERE ( number = '2' && times < '3'  ) ORDER BY times asc  [ RunTime:0.0196s ]

