[ 2016-07-15T19:42:32+08:00 ] 127.0.0.1 /demo/jyzd/
INFO: [ app_init ] --START--
INFO: Run Behavior\BuildLiteBehavior [ RunTime:0.000028s ]
INFO: [ app_init ] --END-- [ RunTime:0.041398s ]
INFO: [ app_begin ] --START--
INFO: Run Behavior\ReadHtmlCacheBehavior [ RunTime:0.001683s ]
INFO: [ app_begin ] --END-- [ RunTime:0.001806s ]
ERR: 无法加载控制器:

[ 2016-07-15T19:43:51+08:00 ] 127.0.0.1 /demo/jyzd/index.php/Home/User/getRandChar
INFO: [ app_init ] --START--
INFO: Run Behavior\BuildLiteBehavior [ RunTime:0.000026s ]
INFO: [ app_init ] --END-- [ RunTime:0.000423s ]
INFO: [ app_begin ] --START--
INFO: Run Behavior\ReadHtmlCacheBehavior [ RunTime:0.000446s ]
INFO: [ app_begin ] --END-- [ RunTime:0.000565s ]
INFO: [ app_end ] --START--
INFO: Run Behavior\ShowPageTraceBehavior [ RunTime:0.014566s ]
INFO: [ app_end ] --END-- [ RunTime:0.014719s ]

[ 2016-07-15T19:43:56+08:00 ] 127.0.0.1 /demo/jyzd/index.php/Home/User/test1
INFO: [ app_init ] --START--
INFO: Run Behavior\BuildLiteBehavior [ RunTime:0.000024s ]
INFO: [ app_init ] --END-- [ RunTime:0.000392s ]
INFO: [ app_begin ] --START--
INFO: Run Behavior\ReadHtmlCacheBehavior [ RunTime:0.000540s ]
INFO: [ app_begin ] --END-- [ RunTime:0.000757s ]
ERR: 模板不存在:./apps/Home/View/User/test.html

[ 2016-07-15T19:44:11+08:00 ] 127.0.0.1 /demo/jyzd/index.php/Home/User/test1
INFO: [ app_init ] --START--
INFO: Run Behavior\BuildLiteBehavior [ RunTime:0.000027s ]
INFO: [ app_init ] --END-- [ RunTime:0.000447s ]
INFO: [ app_begin ] --START--
INFO: Run Behavior\ReadHtmlCacheBehavior [ RunTime:0.000432s ]
INFO: [ app_begin ] --END-- [ RunTime:0.000547s ]
INFO: [ view_parse ] --START--
INFO: [ template_filter ] --START--
INFO: Run Behavior\ContentReplaceBehavior [ RunTime:0.022863s ]
INFO: [ template_filter ] --END-- [ RunTime:0.023087s ]
NOTIC: [8192] mysql_connect(): The mysql extension is deprecated and will be removed in the future: use mysqli or PDO instead D:\wamp\www\demo\jyzd\apps\Runtime\Cache\Home\93bc3c03503d8768cf7cc1e39ce16fcb.php 第 1 行.
NOTIC: [8] Undefined index: id D:\wamp\www\demo\jyzd\apps\Runtime\Cache\Home\93bc3c03503d8768cf7cc1e39ce16fcb.php 第 1 行.
NOTIC: [8] Undefined index: name D:\wamp\www\demo\jyzd\apps\Runtime\Cache\Home\93bc3c03503d8768cf7cc1e39ce16fcb.php 第 1 行.
NOTIC: [8] Undefined index: class D:\wamp\www\demo\jyzd\apps\Runtime\Cache\Home\93bc3c03503d8768cf7cc1e39ce16fcb.php 第 1 行.
INFO: Run Behavior\ParseTemplateBehavior [ RunTime:2.879488s ]
INFO: [ view_parse ] --END-- [ RunTime:2.879674s ]
INFO: [ view_filter ] --START--
INFO: Run Behavior\WriteHtmlCacheBehavior [ RunTime:0.033117s ]
INFO: [ view_filter ] --END-- [ RunTime:0.033253s ]
INFO: [ app_end ] --START--
INFO: Run Behavior\ShowPageTraceBehavior [ RunTime:0.000553s ]
INFO: [ app_end ] --END-- [ RunTime:0.000687s ]

[ 2016-07-15T19:44:13+08:00 ] 127.0.0.1 /demo/jyzd/index.php/Home/User/test1
INFO: [ app_init ] --START--
INFO: Run Behavior\BuildLiteBehavior [ RunTime:0.000049s ]
INFO: [ app_init ] --END-- [ RunTime:0.000625s ]
INFO: [ app_begin ] --START--
INFO: Run Behavior\ReadHtmlCacheBehavior [ RunTime:0.000636s ]
INFO: [ app_begin ] --END-- [ RunTime:0.000769s ]
INFO: [ view_parse ] --START--
INFO: [ template_filter ] --START--
INFO: Run Behavior\ContentReplaceBehavior [ RunTime:0.000056s ]
INFO: [ template_filter ] --END-- [ RunTime:0.000165s ]
NOTIC: [8192] mysql_connect(): The mysql extension is deprecated and will be removed in the future: use mysqli or PDO instead D:\wamp\www\demo\jyzd\apps\Runtime\Cache\Home\93bc3c03503d8768cf7cc1e39ce16fcb.php 第 1 行.
NOTIC: [8] Undefined index: id D:\wamp\www\demo\jyzd\apps\Runtime\Cache\Home\93bc3c03503d8768cf7cc1e39ce16fcb.php 第 1 行.
NOTIC: [8] Undefined index: name D:\wamp\www\demo\jyzd\apps\Runtime\Cache\Home\93bc3c03503d8768cf7cc1e39ce16fcb.php 第 1 行.
NOTIC: [8] Undefined index: class D:\wamp\www\demo\jyzd\apps\Runtime\Cache\Home\93bc3c03503d8768cf7cc1e39ce16fcb.php 第 1 行.
INFO: Run Behavior\ParseTemplateBehavior [ RunTime:0.077283s ]
INFO: [ view_parse ] --END-- [ RunTime:0.077437s ]
INFO: [ view_filter ] --START--
INFO: Run Behavior\WriteHtmlCacheBehavior [ RunTime:0.000414s ]
INFO: [ view_filter ] --END-- [ RunTime:0.000539s ]
INFO: [ app_end ] --START--
INFO: Run Behavior\ShowPageTraceBehavior [ RunTime:0.000674s ]
INFO: [ app_end ] --END-- [ RunTime:0.000868s ]

[ 2016-07-15T19:44:14+08:00 ] 127.0.0.1 /demo/jyzd/index.php/Home/User/test1
INFO: [ app_init ] --START--
INFO: Run Behavior\BuildLiteBehavior [ RunTime:0.000067s ]
INFO: [ app_init ] --END-- [ RunTime:0.000640s ]
INFO: [ app_begin ] --START--
INFO: Run Behavior\ReadHtmlCacheBehavior [ RunTime:0.000893s ]
INFO: [ app_begin ] --END-- [ RunTime:0.001083s ]
INFO: [ view_parse ] --START--
INFO: [ template_filter ] --START--
INFO: Run Behavior\ContentReplaceBehavior [ RunTime:0.000069s ]
INFO: [ template_filter ] --END-- [ RunTime:0.000210s ]
NOTIC: [8192] mysql_connect(): The mysql extension is deprecated and will be removed in the future: use mysqli or PDO instead D:\wamp\www\demo\jyzd\apps\Runtime\Cache\Home\93bc3c03503d8768cf7cc1e39ce16fcb.php 第 1 行.
NOTIC: [8] Undefined index: id D:\wamp\www\demo\jyzd\apps\Runtime\Cache\Home\93bc3c03503d8768cf7cc1e39ce16fcb.php 第 1 行.
NOTIC: [8] Undefined index: name D:\wamp\www\demo\jyzd\apps\Runtime\Cache\Home\93bc3c03503d8768cf7cc1e39ce16fcb.php 第 1 行.
NOTIC: [8] Undefined index: class D:\wamp\www\demo\jyzd\apps\Runtime\Cache\Home\93bc3c03503d8768cf7cc1e39ce16fcb.php 第 1 行.
INFO: Run Behavior\ParseTemplateBehavior [ RunTime:0.151733s ]
INFO: [ view_parse ] --END-- [ RunTime:0.151873s ]
INFO: [ view_filter ] --START--
INFO: Run Behavior\WriteHtmlCacheBehavior [ RunTime:0.000378s ]
INFO: [ view_filter ] --END-- [ RunTime:0.000477s ]
INFO: [ app_end ] --START--
INFO: Run Behavior\ShowPageTraceBehavior [ RunTime:0.000414s ]
INFO: [ app_end ] --END-- [ RunTime:0.000513s ]

[ 2016-07-15T19:44:14+08:00 ] 127.0.0.1 /demo/jyzd/index.php/Home/User/test1
INFO: [ app_init ] --START--
INFO: Run Behavior\BuildLiteBehavior [ RunTime:0.000039s ]
INFO: [ app_init ] --END-- [ RunTime:0.000630s ]
INFO: [ app_begin ] --START--
INFO: Run Behavior\ReadHtmlCacheBehavior [ RunTime:0.000616s ]
INFO: [ app_begin ] --END-- [ RunTime:0.000764s ]
INFO: [ view_parse ] --START--
INFO: [ template_filter ] --START--
INFO: Run Behavior\ContentReplaceBehavior [ RunTime:0.000056s ]
INFO: [ template_filter ] --END-- [ RunTime:0.000166s ]
NOTIC: [8192] mysql_connect(): The mysql extension is deprecated and will be removed in the future: use mysqli or PDO instead D:\wamp\www\demo\jyzd\apps\Runtime\Cache\Home\93bc3c03503d8768cf7cc1e39ce16fcb.php 第 1 行.
NOTIC: [8] Undefined index: id D:\wamp\www\demo\jyzd\apps\Runtime\Cache\Home\93bc3c03503d8768cf7cc1e39ce16fcb.php 第 1 行.
NOTIC: [8] Undefined index: name D:\wamp\www\demo\jyzd\apps\Runtime\Cache\Home\93bc3c03503d8768cf7cc1e39ce16fcb.php 第 1 行.
NOTIC: [8] Undefined index: class D:\wamp\www\demo\jyzd\apps\Runtime\Cache\Home\93bc3c03503d8768cf7cc1e39ce16fcb.php 第 1 行.
INFO: Run Behavior\ParseTemplateBehavior [ RunTime:0.066420s ]
INFO: [ view_parse ] --END-- [ RunTime:0.066566s ]
INFO: [ view_filter ] --START--
INFO: Run Behavior\WriteHtmlCacheBehavior [ RunTime:0.000501s ]
INFO: [ view_filter ] --END-- [ RunTime:0.000665s ]
INFO: [ app_end ] --START--
INFO: Run Behavior\ShowPageTraceBehavior [ RunTime:0.000523s ]
INFO: [ app_end ] --END-- [ RunTime:0.000627s ]

[ 2016-07-15T19:44:16+08:00 ] 127.0.0.1 /demo/jyzd/index.php/Home/User/test1
INFO: [ app_init ] --START--
INFO: Run Behavior\BuildLiteBehavior [ RunTime:0.000027s ]
INFO: [ app_init ] --END-- [ RunTime:0.000479s ]
INFO: [ app_begin ] --START--
INFO: Run Behavior\ReadHtmlCacheBehavior [ RunTime:0.000487s ]
INFO: [ app_begin ] --END-- [ RunTime:0.000604s ]
INFO: [ view_parse ] --START--
INFO: [ template_filter ] --START--
INFO: Run Behavior\ContentReplaceBehavior [ RunTime:0.000057s ]
INFO: [ template_filter ] --END-- [ RunTime:0.000170s ]
NOTIC: [8192] mysql_connect(): The mysql extension is deprecated and will be removed in the future: use mysqli or PDO instead D:\wamp\www\demo\jyzd\apps\Runtime\Cache\Home\93bc3c03503d8768cf7cc1e39ce16fcb.php 第 1 行.
NOTIC: [8] Undefined index: id D:\wamp\www\demo\jyzd\apps\Runtime\Cache\Home\93bc3c03503d8768cf7cc1e39ce16fcb.php 第 1 行.
NOTIC: [8] Undefined index: name D:\wamp\www\demo\jyzd\apps\Runtime\Cache\Home\93bc3c03503d8768cf7cc1e39ce16fcb.php 第 1 行.
NOTIC: [8] Undefined index: class D:\wamp\www\demo\jyzd\apps\Runtime\Cache\Home\93bc3c03503d8768cf7cc1e39ce16fcb.php 第 1 行.
INFO: Run Behavior\ParseTemplateBehavior [ RunTime:0.067306s ]
INFO: [ view_parse ] --END-- [ RunTime:0.067450s ]
INFO: [ view_filter ] --START--
INFO: Run Behavior\WriteHtmlCacheBehavior [ RunTime:0.000475s ]
INFO: [ view_filter ] --END-- [ RunTime:0.000590s ]
INFO: [ app_end ] --START--
INFO: Run Behavior\ShowPageTraceBehavior [ RunTime:0.000475s ]
INFO: [ app_end ] --END-- [ RunTime:0.000595s ]

[ 2016-07-15T19:44:57+08:00 ] 127.0.0.1 /demo/jyzd/index.php/Home/User/test1
INFO: [ app_init ] --START--
INFO: Run Behavior\BuildLiteBehavior [ RunTime:0.000025s ]
INFO: [ app_init ] --END-- [ RunTime:0.000469s ]
INFO: [ app_begin ] --START--
INFO: Run Behavior\ReadHtmlCacheBehavior [ RunTime:0.000524s ]
INFO: [ app_begin ] --END-- [ RunTime:0.000634s ]
ERR: 模板不存在:./apps/Home/View/User/test.html

[ 2016-07-15T19:45:45+08:00 ] 127.0.0.1 /demo/jyzd/index.php/Home/User/test1
INFO: [ app_init ] --START--
INFO: Run Behavior\BuildLiteBehavior [ RunTime:0.000025s ]
INFO: [ app_init ] --END-- [ RunTime:0.000442s ]
INFO: [ app_begin ] --START--
INFO: Run Behavior\ReadHtmlCacheBehavior [ RunTime:0.000432s ]
INFO: [ app_begin ] --END-- [ RunTime:0.000541s ]
INFO: [ view_parse ] --START--
INFO: [ template_filter ] --START--
INFO: Run Behavior\ContentReplaceBehavior [ RunTime:0.000055s ]
INFO: [ template_filter ] --END-- [ RunTime:0.000170s ]
INFO: Run Behavior\ParseTemplateBehavior [ RunTime:0.004865s ]
INFO: [ view_parse ] --END-- [ RunTime:0.004995s ]
INFO: [ view_filter ] --START--
INFO: Run Behavior\WriteHtmlCacheBehavior [ RunTime:0.000335s ]
INFO: [ view_filter ] --END-- [ RunTime:0.000488s ]
INFO: [ app_end ] --START--
INFO: Run Behavior\ShowPageTraceBehavior [ RunTime:0.000507s ]
INFO: [ app_end ] --END-- [ RunTime:0.000668s ]

