[ 2016-08-16T08:53:18+08:00 ] ::1 /FZU-VentureService/API/index.php/home/notice/hotList.html
INFO: [ app_init ] --START--
INFO: Run Behavior\BuildLiteBehavior [ RunTime:0.000037s ]
INFO: [ app_init ] --END-- [ RunTime:0.000738s ]
INFO: [ app_begin ] --START--
INFO: Run Behavior\ReadHtmlCacheBehavior [ RunTime:0.000803s ]
INFO: [ app_begin ] --END-- [ RunTime:0.000903s ]
SQL: SHOW COLUMNS FROM `vs_notice` [ RunTime:0.0189s ]
SQL: SELECT `nid`,`type`,`theme`,`date`,`overhead`,`pic`,`content` FROM `vs_notice` WHERE `overhead` = 1 ORDER BY date desc  [ RunTime:0.0193s ]

[ 2016-08-16T08:53:18+08:00 ] ::1 /FZU-VentureService/API/index.php/home/notice/list.html?type=0
INFO: [ app_init ] --START--
INFO: Run Behavior\BuildLiteBehavior [ RunTime:0.000034s ]
INFO: [ app_init ] --END-- [ RunTime:0.000737s ]
INFO: [ app_begin ] --START--
INFO: Run Behavior\ReadHtmlCacheBehavior [ RunTime:0.000844s ]
INFO: [ app_begin ] --END-- [ RunTime:0.000957s ]
SQL: SHOW COLUMNS FROM `vs_notice` [ RunTime:0.0237s ]
SQL: SELECT `nid`,`type`,`theme`,`date` FROM `vs_notice` WHERE `type` = 0 AND `status` = 1 ORDER BY overhead desc,rank desc,date desc LIMIT 0,15   [ RunTime:0.0233s ]
SQL: SELECT * FROM `vs_notice` WHERE `type` = 0 AND `status` = 1  [ RunTime:0.0232s ]

[ 2016-08-16T08:53:19+08:00 ] ::1 /FZU-VentureService/API/index.php/home/notice/list.html?type=1
INFO: [ app_init ] --START--
INFO: Run Behavior\BuildLiteBehavior [ RunTime:0.000034s ]
INFO: [ app_init ] --END-- [ RunTime:0.000739s ]
INFO: [ app_begin ] --START--
INFO: Run Behavior\ReadHtmlCacheBehavior [ RunTime:0.000818s ]
INFO: [ app_begin ] --END-- [ RunTime:0.000913s ]
SQL: SHOW COLUMNS FROM `vs_notice` [ RunTime:0.0214s ]
SQL: SELECT `nid`,`type`,`theme`,`date` FROM `vs_notice` WHERE `type` = 1 AND `status` = 1 ORDER BY overhead desc,rank desc,date desc LIMIT 0,15   [ RunTime:0.0208s ]
SQL: SELECT * FROM `vs_notice` WHERE `type` = 1 AND `status` = 1  [ RunTime:0.0208s ]

[ 2016-08-16T08:53:19+08:00 ] ::1 /FZU-VentureService/API/index.php/home/notice/list.html?type=2
INFO: [ app_init ] --START--
INFO: Run Behavior\BuildLiteBehavior [ RunTime:0.000033s ]
INFO: [ app_init ] --END-- [ RunTime:0.000754s ]
INFO: [ app_begin ] --START--
INFO: Run Behavior\ReadHtmlCacheBehavior [ RunTime:0.000901s ]
INFO: [ app_begin ] --END-- [ RunTime:0.001008s ]
SQL: SHOW COLUMNS FROM `vs_notice` [ RunTime:0.0233s ]
SQL: SELECT `nid`,`type`,`theme`,`date` FROM `vs_notice` WHERE `type` = 2 AND `status` = 1 ORDER BY overhead desc,rank desc,date desc LIMIT 0,15   [ RunTime:0.0456s ]
SQL: SELECT * FROM `vs_notice` WHERE `type` = 2 AND `status` = 1  [ RunTime:0.0373s ]

[ 2016-08-16T08:53:19+08:00 ] ::1 /FZU-VentureService/API/index.php/home/field/list.html
INFO: [ app_init ] --START--
INFO: Run Behavior\BuildLiteBehavior [ RunTime:0.000739s ]
INFO: [ app_init ] --END-- [ RunTime:0.005838s ]
INFO: [ app_begin ] --START--
INFO: Run Behavior\ReadHtmlCacheBehavior [ RunTime:0.003521s ]
INFO: [ app_begin ] --END-- [ RunTime:0.004044s ]
SQL: SHOW COLUMNS FROM `vs_fields` [ RunTime:0.0239s ]
SQL: SELECT `fid`,`name`,`pic`,`synopsis`,`run_time` FROM `vs_fields` WHERE `status` = 1 ORDER BY run_time desc  [ RunTime:0.0296s ]

[ 2016-08-16T08:53:19+08:00 ] ::1 /FZU-VentureService/API/index.php/home/project/list.html
INFO: [ app_init ] --START--
INFO: Run Behavior\BuildLiteBehavior [ RunTime:0.000040s ]
INFO: [ app_init ] --END-- [ RunTime:0.000744s ]
INFO: [ app_begin ] --START--
INFO: Run Behavior\ReadHtmlCacheBehavior [ RunTime:0.001064s ]
INFO: [ app_begin ] --END-- [ RunTime:0.001205s ]
SQL: SHOW COLUMNS FROM `vs_projects` [ RunTime:0.0256s ]
SQL: SELECT `pid`,`uid`,`name`,`pic`,`synopsis`,`product_type`,`time`,`stage`,`issue_time` FROM `vs_projects` WHERE `status` = 1 LIMIT 0,10   [ RunTime:0.0332s ]
SQL: SELECT * FROM `vs_projects` WHERE `status` = 1  [ RunTime:0.0581s ]

[ 2016-08-16T09:03:55+08:00 ] 127.0.0.1 /FZU-VentureService/API/index.php/Home/user/getOtherInfo.html?uid=16
INFO: [ app_init ] --START--
INFO: Run Behavior\BuildLiteBehavior [ RunTime:0.000053s ]
INFO: [ app_init ] --END-- [ RunTime:0.000599s ]
INFO: [ app_begin ] --START--
INFO: Run Behavior\ReadHtmlCacheBehavior [ RunTime:0.000551s ]
INFO: [ app_begin ] --END-- [ RunTime:0.000623s ]
SQL: SHOW COLUMNS FROM `vs_user` [ RunTime:0.0201s ]
SQL: SELECT `username`,`name`,`tel`,`email`,`avatar` FROM `vs_user` WHERE `uid` = 16 LIMIT 1   [ RunTime:0.0187s ]
SQL: SHOW COLUMNS FROM `vs_projects` [ RunTime:0.0185s ]
SQL: SELECT `pid`,`name` FROM `vs_projects` WHERE `uid` = 16  [ RunTime:0.0189s ]

[ 2016-08-16T09:05:02+08:00 ] 127.0.0.1 /FZU-VentureService/API/index.php/Home/user/getOtherInfo.html?uid=16
INFO: [ app_init ] --START--
INFO: Run Behavior\BuildLiteBehavior [ RunTime:0.000017s ]
INFO: [ app_init ] --END-- [ RunTime:0.000382s ]
INFO: [ app_begin ] --START--
INFO: Run Behavior\ReadHtmlCacheBehavior [ RunTime:0.000500s ]
INFO: [ app_begin ] --END-- [ RunTime:0.000560s ]
SQL: SHOW COLUMNS FROM `vs_user` [ RunTime:0.0192s ]
SQL: SELECT `username`,`name`,`tel`,`email`,`avatar` FROM `vs_user` WHERE `uid` = 16 LIMIT 1   [ RunTime:0.0193s ]
SQL: SHOW COLUMNS FROM `vs_projects` [ RunTime:0.0256s ]
SQL: SELECT `pid`,`name` FROM `vs_projects` WHERE `uid` = 16  [ RunTime:0.0620s ]

[ 2016-08-16T09:05:25+08:00 ] 127.0.0.1 /FZU-VentureService/API/index.php/Home/user/getOtherInfo.html?uid=16
INFO: [ app_init ] --START--
INFO: Run Behavior\BuildLiteBehavior [ RunTime:0.000022s ]
INFO: [ app_init ] --END-- [ RunTime:0.000483s ]
INFO: [ app_begin ] --START--
INFO: Run Behavior\ReadHtmlCacheBehavior [ RunTime:0.001512s ]
INFO: [ app_begin ] --END-- [ RunTime:0.001590s ]
SQL: SHOW COLUMNS FROM `vs_user` [ RunTime:0.0275s ]
SQL: SELECT `username`,`name`,`tel`,`email`,`avatar` FROM `vs_user` WHERE `uid` = 16 LIMIT 1   [ RunTime:0.0224s ]
SQL: SHOW COLUMNS FROM `vs_projects` [ RunTime:0.0237s ]
SQL: SELECT `pid`,`name` FROM `vs_projects` WHERE `uid` = 16  [ RunTime:0.0244s ]

[ 2016-08-16T09:06:20+08:00 ] 127.0.0.1 /FZU-VentureService/API/index.php/Home/user/getOtherInfo.html?uid=16
INFO: [ app_init ] --START--
INFO: Run Behavior\BuildLiteBehavior [ RunTime:0.000018s ]
INFO: [ app_init ] --END-- [ RunTime:0.000379s ]
INFO: [ app_begin ] --START--
INFO: Run Behavior\ReadHtmlCacheBehavior [ RunTime:0.000473s ]
INFO: [ app_begin ] --END-- [ RunTime:0.000534s ]
SQL: SHOW COLUMNS FROM `vs_user` [ RunTime:0.0192s ]
SQL: SELECT `username`,`name`,`tel`,`email`,`avatar` FROM `vs_user` WHERE `uid` = 16 LIMIT 1   [ RunTime:0.0187s ]
SQL: SHOW COLUMNS FROM `vs_projects` [ RunTime:0.0186s ]
SQL: SELECT `pid`,`name` FROM `vs_projects` WHERE `uid` = 16  [ RunTime:0.0181s ]

[ 2016-08-16T09:21:17+08:00 ] ::1 /FZU-VentureService/API/index.php/home/notice/hotList.html
INFO: [ app_init ] --START--
INFO: Run Behavior\BuildLiteBehavior [ RunTime:0.000029s ]
INFO: [ app_init ] --END-- [ RunTime:0.003491s ]
INFO: [ app_begin ] --START--
INFO: Run Behavior\ReadHtmlCacheBehavior [ RunTime:0.000749s ]
INFO: [ app_begin ] --END-- [ RunTime:0.000834s ]
SQL: SHOW COLUMNS FROM `vs_notice` [ RunTime:0.0313s ]
SQL: SELECT `nid`,`type`,`theme`,`date`,`overhead`,`pic`,`content` FROM `vs_notice` WHERE `overhead` = 1 ORDER BY date desc  [ RunTime:0.0291s ]

[ 2016-08-16T09:21:17+08:00 ] ::1 /FZU-VentureService/API/index.php/home/notice/list.html?type=1
INFO: [ app_init ] --START--
INFO: Run Behavior\BuildLiteBehavior [ RunTime:0.000023s ]
INFO: [ app_init ] --END-- [ RunTime:0.000532s ]
INFO: [ app_begin ] --START--
INFO: Run Behavior\ReadHtmlCacheBehavior [ RunTime:0.000709s ]
INFO: [ app_begin ] --END-- [ RunTime:0.000796s ]
SQL: SHOW COLUMNS FROM `vs_notice` [ RunTime:0.0232s ]
SQL: SELECT `nid`,`type`,`theme`,`date` FROM `vs_notice` WHERE `type` = 1 AND `status` = 1 ORDER BY overhead desc,rank desc,date desc LIMIT 0,15   [ RunTime:0.0212s ]
SQL: SELECT * FROM `vs_notice` WHERE `type` = 1 AND `status` = 1  [ RunTime:0.0200s ]

[ 2016-08-16T09:21:17+08:00 ] ::1 /FZU-VentureService/API/index.php/home/notice/list.html?type=2
INFO: [ app_init ] --START--
INFO: Run Behavior\BuildLiteBehavior [ RunTime:0.000023s ]
INFO: [ app_init ] --END-- [ RunTime:0.000519s ]
INFO: [ app_begin ] --START--
INFO: Run Behavior\ReadHtmlCacheBehavior [ RunTime:0.000820s ]
INFO: [ app_begin ] --END-- [ RunTime:0.000919s ]
SQL: SHOW COLUMNS FROM `vs_notice` [ RunTime:0.0189s ]
SQL: SELECT `nid`,`type`,`theme`,`date` FROM `vs_notice` WHERE `type` = 2 AND `status` = 1 ORDER BY overhead desc,rank desc,date desc LIMIT 0,15   [ RunTime:0.0187s ]
SQL: SELECT * FROM `vs_notice` WHERE `type` = 2 AND `status` = 1  [ RunTime:0.0211s ]

[ 2016-08-16T09:21:17+08:00 ] ::1 /FZU-VentureService/API/index.php/home/notice/list.html?type=0
INFO: [ app_init ] --START--
INFO: Run Behavior\BuildLiteBehavior [ RunTime:0.000032s ]
INFO: [ app_init ] --END-- [ RunTime:0.000702s ]
INFO: [ app_begin ] --START--
INFO: Run Behavior\ReadHtmlCacheBehavior [ RunTime:0.001503s ]
INFO: [ app_begin ] --END-- [ RunTime:0.001613s ]
SQL: SHOW COLUMNS FROM `vs_notice` [ RunTime:0.0201s ]
SQL: SELECT `nid`,`type`,`theme`,`date` FROM `vs_notice` WHERE `type` = 0 AND `status` = 1 ORDER BY overhead desc,rank desc,date desc LIMIT 0,15   [ RunTime:0.0189s ]
SQL: SELECT * FROM `vs_notice` WHERE `type` = 0 AND `status` = 1  [ RunTime:0.0194s ]

[ 2016-08-16T09:21:18+08:00 ] ::1 /FZU-VentureService/API/index.php/home/project/list.html
INFO: [ app_init ] --START--
INFO: Run Behavior\BuildLiteBehavior [ RunTime:0.000026s ]
INFO: [ app_init ] --END-- [ RunTime:0.000593s ]
INFO: [ app_begin ] --START--
INFO: Run Behavior\ReadHtmlCacheBehavior [ RunTime:0.000781s ]
INFO: [ app_begin ] --END-- [ RunTime:0.000868s ]
SQL: SHOW COLUMNS FROM `vs_projects` [ RunTime:0.0203s ]
SQL: SELECT `pid`,`uid`,`name`,`pic`,`synopsis`,`product_type`,`time`,`stage`,`issue_time` FROM `vs_projects` WHERE `status` = 1 LIMIT 0,10   [ RunTime:0.0182s ]
SQL: SELECT * FROM `vs_projects` WHERE `status` = 1  [ RunTime:0.0188s ]

[ 2016-08-16T09:21:18+08:00 ] ::1 /FZU-VentureService/API/index.php/home/field/list.html
INFO: [ app_init ] --START--
INFO: Run Behavior\BuildLiteBehavior [ RunTime:0.000134s ]
INFO: [ app_init ] --END-- [ RunTime:0.000684s ]
INFO: [ app_begin ] --START--
INFO: Run Behavior\ReadHtmlCacheBehavior [ RunTime:0.000735s ]
INFO: [ app_begin ] --END-- [ RunTime:0.000820s ]
SQL: SHOW COLUMNS FROM `vs_fields` [ RunTime:0.0193s ]
SQL: SELECT `fid`,`name`,`pic`,`synopsis`,`run_time` FROM `vs_fields` WHERE `status` = 1 ORDER BY run_time desc  [ RunTime:0.0188s ]

[ 2016-08-16T10:22:11+08:00 ] ::1 /FZU-VentureService/API/index.php/home/notice/hotList.html
INFO: [ app_init ] --START--
INFO: Run Behavior\BuildLiteBehavior [ RunTime:0.000024s ]
INFO: [ app_init ] --END-- [ RunTime:0.002794s ]
INFO: [ app_begin ] --START--
INFO: Run Behavior\ReadHtmlCacheBehavior [ RunTime:0.000742s ]
INFO: [ app_begin ] --END-- [ RunTime:0.000833s ]
SQL: SHOW COLUMNS FROM `vs_notice` [ RunTime:0.0251s ]
SQL: SELECT `nid`,`type`,`theme`,`date`,`overhead`,`pic`,`content` FROM `vs_notice` WHERE `overhead` = 1 ORDER BY date desc  [ RunTime:0.0209s ]

[ 2016-08-16T10:22:11+08:00 ] ::1 /FZU-VentureService/API/index.php/home/notice/list.html?type=0
INFO: [ app_init ] --START--
INFO: Run Behavior\BuildLiteBehavior [ RunTime:0.000035s ]
INFO: [ app_init ] --END-- [ RunTime:0.000714s ]
INFO: [ app_begin ] --START--
INFO: Run Behavior\ReadHtmlCacheBehavior [ RunTime:0.000800s ]
INFO: [ app_begin ] --END-- [ RunTime:0.000895s ]
SQL: SHOW COLUMNS FROM `vs_notice` [ RunTime:0.0209s ]
SQL: SELECT `nid`,`type`,`theme`,`date` FROM `vs_notice` WHERE `type` = 0 AND `status` = 1 ORDER BY overhead desc,rank desc,date desc LIMIT 0,15   [ RunTime:0.0189s ]
SQL: SELECT * FROM `vs_notice` WHERE `type` = 0 AND `status` = 1  [ RunTime:0.0228s ]

[ 2016-08-16T10:22:12+08:00 ] ::1 /FZU-VentureService/API/index.php/home/notice/list.html?type=1
INFO: [ app_init ] --START--
INFO: Run Behavior\BuildLiteBehavior [ RunTime:0.000031s ]
INFO: [ app_init ] --END-- [ RunTime:0.000681s ]
INFO: [ app_begin ] --START--
INFO: Run Behavior\ReadHtmlCacheBehavior [ RunTime:0.000802s ]
INFO: [ app_begin ] --END-- [ RunTime:0.000896s ]
SQL: SHOW COLUMNS FROM `vs_notice` [ RunTime:0.0194s ]
SQL: SELECT `nid`,`type`,`theme`,`date` FROM `vs_notice` WHERE `type` = 1 AND `status` = 1 ORDER BY overhead desc,rank desc,date desc LIMIT 0,15   [ RunTime:0.0187s ]
SQL: SELECT * FROM `vs_notice` WHERE `type` = 1 AND `status` = 1  [ RunTime:0.0283s ]

[ 2016-08-16T10:22:12+08:00 ] ::1 /FZU-VentureService/API/index.php/home/notice/list.html?type=2
INFO: [ app_init ] --START--
INFO: Run Behavior\BuildLiteBehavior [ RunTime:0.000037s ]
INFO: [ app_init ] --END-- [ RunTime:0.000792s ]
INFO: [ app_begin ] --START--
INFO: Run Behavior\ReadHtmlCacheBehavior [ RunTime:0.000887s ]
INFO: [ app_begin ] --END-- [ RunTime:0.000995s ]
SQL: SHOW COLUMNS FROM `vs_notice` [ RunTime:0.0238s ]
SQL: SELECT `nid`,`type`,`theme`,`date` FROM `vs_notice` WHERE `type` = 2 AND `status` = 1 ORDER BY overhead desc,rank desc,date desc LIMIT 0,15   [ RunTime:0.0233s ]
SQL: SELECT * FROM `vs_notice` WHERE `type` = 2 AND `status` = 1  [ RunTime:0.0251s ]

[ 2016-08-16T10:22:12+08:00 ] ::1 /FZU-VentureService/API/index.php/home/field/list.html
INFO: [ app_init ] --START--
INFO: Run Behavior\BuildLiteBehavior [ RunTime:0.000031s ]
INFO: [ app_init ] --END-- [ RunTime:0.000710s ]
INFO: [ app_begin ] --START--
INFO: Run Behavior\ReadHtmlCacheBehavior [ RunTime:0.000871s ]
INFO: [ app_begin ] --END-- [ RunTime:0.000972s ]
SQL: SHOW COLUMNS FROM `vs_fields` [ RunTime:0.0236s ]
SQL: SELECT `fid`,`name`,`pic`,`synopsis`,`run_time` FROM `vs_fields` WHERE `status` = 1 ORDER BY run_time desc  [ RunTime:0.0261s ]

[ 2016-08-16T10:22:12+08:00 ] ::1 /FZU-VentureService/API/index.php/home/project/list.html
INFO: [ app_init ] --START--
INFO: Run Behavior\BuildLiteBehavior [ RunTime:0.000024s ]
INFO: [ app_init ] --END-- [ RunTime:0.007915s ]
INFO: [ app_begin ] --START--
INFO: Run Behavior\ReadHtmlCacheBehavior [ RunTime:0.000705s ]
INFO: [ app_begin ] --END-- [ RunTime:0.000772s ]
SQL: SHOW COLUMNS FROM `vs_projects` [ RunTime:0.0245s ]
SQL: SELECT `pid`,`uid`,`name`,`pic`,`synopsis`,`product_type`,`time`,`stage`,`issue_time` FROM `vs_projects` WHERE `status` = 1 LIMIT 0,10   [ RunTime:0.0241s ]
SQL: SELECT * FROM `vs_projects` WHERE `status` = 1  [ RunTime:0.0265s ]

[ 2016-08-16T10:22:53+08:00 ] ::1 /FZU-VentureService/API/index.php/home/notice/list.html?type=2
INFO: [ app_init ] --START--
INFO: Run Behavior\BuildLiteBehavior [ RunTime:0.000027s ]
INFO: [ app_init ] --END-- [ RunTime:0.000812s ]
INFO: [ app_begin ] --START--
INFO: Run Behavior\ReadHtmlCacheBehavior [ RunTime:0.000719s ]
INFO: [ app_begin ] --END-- [ RunTime:0.000804s ]
SQL: SHOW COLUMNS FROM `vs_notice` [ RunTime:0.0243s ]
SQL: SELECT `nid`,`type`,`theme`,`date` FROM `vs_notice` WHERE `type` = 2 AND `status` = 1 ORDER BY overhead desc,rank desc,date desc LIMIT 0,15   [ RunTime:0.0230s ]
SQL: SELECT * FROM `vs_notice` WHERE `type` = 2 AND `status` = 1  [ RunTime:0.0246s ]

[ 2016-08-16T10:22:53+08:00 ] ::1 /FZU-VentureService/API/index.php/home/notice/list.html?type=0
INFO: [ app_init ] --START--
INFO: Run Behavior\BuildLiteBehavior [ RunTime:0.000023s ]
INFO: [ app_init ] --END-- [ RunTime:0.000568s ]
INFO: [ app_begin ] --START--
INFO: Run Behavior\ReadHtmlCacheBehavior [ RunTime:0.000849s ]
INFO: [ app_begin ] --END-- [ RunTime:0.000946s ]
SQL: SHOW COLUMNS FROM `vs_notice` [ RunTime:0.0205s ]
SQL: SELECT `nid`,`type`,`theme`,`date` FROM `vs_notice` WHERE `type` = 0 AND `status` = 1 ORDER BY overhead desc,rank desc,date desc LIMIT 0,15   [ RunTime:0.0188s ]
SQL: SELECT * FROM `vs_notice` WHERE `type` = 0 AND `status` = 1  [ RunTime:0.0220s ]

[ 2016-08-16T10:22:54+08:00 ] ::1 /FZU-VentureService/API/index.php/home/notice/hotList.html
INFO: [ app_init ] --START--
INFO: Run Behavior\BuildLiteBehavior [ RunTime:0.000023s ]
INFO: [ app_init ] --END-- [ RunTime:0.000550s ]
INFO: [ app_begin ] --START--
INFO: Run Behavior\ReadHtmlCacheBehavior [ RunTime:0.000731s ]
INFO: [ app_begin ] --END-- [ RunTime:0.000814s ]
SQL: SHOW COLUMNS FROM `vs_notice` [ RunTime:0.0197s ]
SQL: SELECT `nid`,`type`,`theme`,`date`,`overhead`,`pic`,`content` FROM `vs_notice` WHERE `overhead` = 1 ORDER BY date desc  [ RunTime:0.0245s ]

[ 2016-08-16T10:22:54+08:00 ] ::1 /FZU-VentureService/API/index.php/home/notice/list.html?type=1
INFO: [ app_init ] --START--
INFO: Run Behavior\BuildLiteBehavior [ RunTime:0.000037s ]
INFO: [ app_init ] --END-- [ RunTime:0.000820s ]
INFO: [ app_begin ] --START--
INFO: Run Behavior\ReadHtmlCacheBehavior [ RunTime:0.000810s ]
INFO: [ app_begin ] --END-- [ RunTime:0.000910s ]
SQL: SHOW COLUMNS FROM `vs_notice` [ RunTime:0.0237s ]
SQL: SELECT `nid`,`type`,`theme`,`date` FROM `vs_notice` WHERE `type` = 1 AND `status` = 1 ORDER BY overhead desc,rank desc,date desc LIMIT 0,15   [ RunTime:0.0237s ]
SQL: SELECT * FROM `vs_notice` WHERE `type` = 1 AND `status` = 1  [ RunTime:0.0327s ]

[ 2016-08-16T10:22:54+08:00 ] ::1 /FZU-VentureService/API/index.php/home/field/list.html
INFO: [ app_init ] --START--
INFO: Run Behavior\BuildLiteBehavior [ RunTime:0.000028s ]
INFO: [ app_init ] --END-- [ RunTime:0.000599s ]
INFO: [ app_begin ] --START--
INFO: Run Behavior\ReadHtmlCacheBehavior [ RunTime:0.000538s ]
INFO: [ app_begin ] --END-- [ RunTime:0.000658s ]
SQL: SHOW COLUMNS FROM `vs_fields` [ RunTime:0.0291s ]
SQL: SELECT `fid`,`name`,`pic`,`synopsis`,`run_time` FROM `vs_fields` WHERE `status` = 1 ORDER BY run_time desc  [ RunTime:0.0281s ]

[ 2016-08-16T10:22:54+08:00 ] ::1 /FZU-VentureService/API/index.php/home/project/list.html
INFO: [ app_init ] --START--
INFO: Run Behavior\BuildLiteBehavior [ RunTime:0.000017s ]
INFO: [ app_init ] --END-- [ RunTime:0.000396s ]
INFO: [ app_begin ] --START--
INFO: Run Behavior\ReadHtmlCacheBehavior [ RunTime:0.000542s ]
INFO: [ app_begin ] --END-- [ RunTime:0.000602s ]
SQL: SHOW COLUMNS FROM `vs_projects` [ RunTime:0.0297s ]
SQL: SELECT `pid`,`uid`,`name`,`pic`,`synopsis`,`product_type`,`time`,`stage`,`issue_time` FROM `vs_projects` WHERE `status` = 1 LIMIT 0,10   [ RunTime:0.0506s ]
SQL: SELECT * FROM `vs_projects` WHERE `status` = 1  [ RunTime:0.0251s ]

[ 2016-08-16T10:23:24+08:00 ] ::1 /FZU-VentureService/API/index.php/home/notice/hotList.html
INFO: [ app_init ] --START--
INFO: Run Behavior\BuildLiteBehavior [ RunTime:0.000026s ]
INFO: [ app_init ] --END-- [ RunTime:0.012279s ]
INFO: [ app_begin ] --START--
INFO: Run Behavior\ReadHtmlCacheBehavior [ RunTime:0.000869s ]
INFO: [ app_begin ] --END-- [ RunTime:0.000966s ]
SQL: SHOW COLUMNS FROM `vs_notice` [ RunTime:0.0190s ]
SQL: SELECT `nid`,`type`,`theme`,`date`,`overhead`,`pic`,`content` FROM `vs_notice` WHERE `overhead` = 1 ORDER BY date desc  [ RunTime:0.0279s ]

[ 2016-08-16T10:23:24+08:00 ] ::1 /FZU-VentureService/API/index.php/home/notice/list.html?type=0
INFO: [ app_init ] --START--
INFO: Run Behavior\BuildLiteBehavior [ RunTime:0.000026s ]
INFO: [ app_init ] --END-- [ RunTime:0.000561s ]
INFO: [ app_begin ] --START--
INFO: Run Behavior\ReadHtmlCacheBehavior [ RunTime:0.001686s ]
INFO: [ app_begin ] --END-- [ RunTime:0.001794s ]
SQL: SHOW COLUMNS FROM `vs_notice` [ RunTime:0.0418s ]
SQL: SELECT `nid`,`type`,`theme`,`date` FROM `vs_notice` WHERE `type` = 0 AND `status` = 1 ORDER BY overhead desc,rank desc,date desc LIMIT 0,15   [ RunTime:0.0201s ]
SQL: SELECT * FROM `vs_notice` WHERE `type` = 0 AND `status` = 1  [ RunTime:0.0450s ]

[ 2016-08-16T10:23:24+08:00 ] ::1 /FZU-VentureService/API/index.php/home/notice/list.html?type=1
INFO: [ app_init ] --START--
INFO: Run Behavior\BuildLiteBehavior [ RunTime:0.000020s ]
INFO: [ app_init ] --END-- [ RunTime:0.000516s ]
INFO: [ app_begin ] --START--
INFO: Run Behavior\ReadHtmlCacheBehavior [ RunTime:0.000731s ]
INFO: [ app_begin ] --END-- [ RunTime:0.000825s ]
SQL: SHOW COLUMNS FROM `vs_notice` [ RunTime:0.0286s ]
SQL: SELECT `nid`,`type`,`theme`,`date` FROM `vs_notice` WHERE `type` = 1 AND `status` = 1 ORDER BY overhead desc,rank desc,date desc LIMIT 0,15   [ RunTime:0.0310s ]
SQL: SELECT * FROM `vs_notice` WHERE `type` = 1 AND `status` = 1  [ RunTime:0.0281s ]

[ 2016-08-16T10:23:25+08:00 ] ::1 /FZU-VentureService/API/index.php/home/notice/list.html?type=2
INFO: [ app_init ] --START--
INFO: Run Behavior\BuildLiteBehavior [ RunTime:0.000020s ]
INFO: [ app_init ] --END-- [ RunTime:0.000517s ]
INFO: [ app_begin ] --START--
INFO: Run Behavior\ReadHtmlCacheBehavior [ RunTime:0.000804s ]
INFO: [ app_begin ] --END-- [ RunTime:0.000908s ]
SQL: SHOW COLUMNS FROM `vs_notice` [ RunTime:0.0218s ]
SQL: SELECT `nid`,`type`,`theme`,`date` FROM `vs_notice` WHERE `type` = 2 AND `status` = 1 ORDER BY overhead desc,rank desc,date desc LIMIT 0,15   [ RunTime:0.0185s ]
SQL: SELECT * FROM `vs_notice` WHERE `type` = 2 AND `status` = 1  [ RunTime:0.0304s ]

[ 2016-08-16T10:23:25+08:00 ] ::1 /FZU-VentureService/API/index.php/home/field/list.html
INFO: [ app_init ] --START--
INFO: Run Behavior\BuildLiteBehavior [ RunTime:0.000023s ]
INFO: [ app_init ] --END-- [ RunTime:0.000539s ]
INFO: [ app_begin ] --START--
INFO: Run Behavior\ReadHtmlCacheBehavior [ RunTime:0.000801s ]
INFO: [ app_begin ] --END-- [ RunTime:0.000899s ]
SQL: SHOW COLUMNS FROM `vs_fields` [ RunTime:0.0245s ]
SQL: SELECT `fid`,`name`,`pic`,`synopsis`,`run_time` FROM `vs_fields` WHERE `status` = 1 ORDER BY run_time desc  [ RunTime:0.0209s ]

[ 2016-08-16T10:23:25+08:00 ] ::1 /FZU-VentureService/API/index.php/home/project/list.html
INFO: [ app_init ] --START--
INFO: Run Behavior\BuildLiteBehavior [ RunTime:0.000023s ]
INFO: [ app_init ] --END-- [ RunTime:0.000516s ]
INFO: [ app_begin ] --START--
INFO: Run Behavior\ReadHtmlCacheBehavior [ RunTime:0.000587s ]
INFO: [ app_begin ] --END-- [ RunTime:0.000655s ]
SQL: SHOW COLUMNS FROM `vs_projects` [ RunTime:0.0279s ]
SQL: SELECT `pid`,`uid`,`name`,`pic`,`synopsis`,`product_type`,`time`,`stage`,`issue_time` FROM `vs_projects` WHERE `status` = 1 LIMIT 0,10   [ RunTime:0.0276s ]
SQL: SELECT * FROM `vs_projects` WHERE `status` = 1  [ RunTime:0.0258s ]

[ 2016-08-16T10:23:58+08:00 ] ::1 /FZU-VentureService/API/index.php/home/notice/detail.html?nid=124
INFO: [ app_init ] --START--
INFO: Run Behavior\BuildLiteBehavior [ RunTime:0.000028s ]
INFO: [ app_init ] --END-- [ RunTime:0.000614s ]
INFO: [ app_begin ] --START--
INFO: Run Behavior\ReadHtmlCacheBehavior [ RunTime:0.000541s ]
INFO: [ app_begin ] --END-- [ RunTime:0.000603s ]
SQL: SHOW COLUMNS FROM `vs_notice` [ RunTime:0.0263s ]
SQL: UPDATE `vs_notice` SET `hits`=hits+1 WHERE `nid` = 124 [ RunTime:0.0243s ]
SQL: SHOW COLUMNS FROM `vs_notice` [ RunTime:0.0235s ]
SQL: SELECT * FROM `vs_notice` WHERE `nid` = 124 LIMIT 1   [ RunTime:0.0231s ]
SQL: SHOW COLUMNS FROM `vs_user` [ RunTime:0.0242s ]
SQL: SELECT `name` FROM `vs_user` WHERE `uid` = 2 LIMIT 1   [ RunTime:0.0230s ]

[ 2016-08-16T10:24:00+08:00 ] ::1 /FZU-VentureService/API/index.php/home/notice/hotList.html
INFO: [ app_init ] --START--
INFO: Run Behavior\BuildLiteBehavior [ RunTime:0.000035s ]
INFO: [ app_init ] --END-- [ RunTime:0.006626s ]
INFO: [ app_begin ] --START--
INFO: Run Behavior\ReadHtmlCacheBehavior [ RunTime:0.001683s ]
INFO: [ app_begin ] --END-- [ RunTime:0.001801s ]
SQL: SHOW COLUMNS FROM `vs_notice` [ RunTime:0.0203s ]
SQL: SELECT `nid`,`type`,`theme`,`date`,`overhead`,`pic`,`content` FROM `vs_notice` WHERE `overhead` = 1 ORDER BY date desc  [ RunTime:0.0210s ]

[ 2016-08-16T10:24:01+08:00 ] ::1 /FZU-VentureService/API/index.php/home/notice/list.html?type=0
INFO: [ app_init ] --START--
INFO: Run Behavior\BuildLiteBehavior [ RunTime:0.000035s ]
INFO: [ app_init ] --END-- [ RunTime:0.000788s ]
INFO: [ app_begin ] --START--
INFO: Run Behavior\ReadHtmlCacheBehavior [ RunTime:0.000988s ]
INFO: [ app_begin ] --END-- [ RunTime:0.001111s ]
SQL: SHOW COLUMNS FROM `vs_notice` [ RunTime:0.0199s ]
SQL: SELECT `nid`,`type`,`theme`,`date` FROM `vs_notice` WHERE `type` = 0 AND `status` = 1 ORDER BY overhead desc,rank desc,date desc LIMIT 0,15   [ RunTime:0.0201s ]
SQL: SELECT * FROM `vs_notice` WHERE `type` = 0 AND `status` = 1  [ RunTime:0.0216s ]

[ 2016-08-16T10:24:01+08:00 ] ::1 /FZU-VentureService/API/index.php/home/notice/list.html?type=1
INFO: [ app_init ] --START--
INFO: Run Behavior\BuildLiteBehavior [ RunTime:0.000024s ]
INFO: [ app_init ] --END-- [ RunTime:0.009987s ]
INFO: [ app_begin ] --START--
INFO: Run Behavior\ReadHtmlCacheBehavior [ RunTime:0.005617s ]
INFO: [ app_begin ] --END-- [ RunTime:0.005763s ]
SQL: SHOW COLUMNS FROM `vs_notice` [ RunTime:0.0380s ]
SQL: SELECT `nid`,`type`,`theme`,`date` FROM `vs_notice` WHERE `type` = 1 AND `status` = 1 ORDER BY overhead desc,rank desc,date desc LIMIT 0,15   [ RunTime:0.0423s ]
SQL: SELECT * FROM `vs_notice` WHERE `type` = 1 AND `status` = 1  [ RunTime:0.0369s ]

[ 2016-08-16T10:24:01+08:00 ] ::1 /FZU-VentureService/API/index.php/home/notice/list.html?type=2
INFO: [ app_init ] --START--
INFO: Run Behavior\BuildLiteBehavior [ RunTime:0.000030s ]
INFO: [ app_init ] --END-- [ RunTime:0.008123s ]
INFO: [ app_begin ] --START--
INFO: Run Behavior\ReadHtmlCacheBehavior [ RunTime:0.000931s ]
INFO: [ app_begin ] --END-- [ RunTime:0.001063s ]
SQL: SHOW COLUMNS FROM `vs_notice` [ RunTime:0.0244s ]
SQL: SELECT `nid`,`type`,`theme`,`date` FROM `vs_notice` WHERE `type` = 2 AND `status` = 1 ORDER BY overhead desc,rank desc,date desc LIMIT 0,15   [ RunTime:0.0268s ]
SQL: SELECT * FROM `vs_notice` WHERE `type` = 2 AND `status` = 1  [ RunTime:0.0258s ]

[ 2016-08-16T10:24:01+08:00 ] ::1 /FZU-VentureService/API/index.php/home/field/list.html
INFO: [ app_init ] --START--
INFO: Run Behavior\BuildLiteBehavior [ RunTime:0.000026s ]
INFO: [ app_init ] --END-- [ RunTime:0.000545s ]
INFO: [ app_begin ] --START--
INFO: Run Behavior\ReadHtmlCacheBehavior [ RunTime:0.000793s ]
INFO: [ app_begin ] --END-- [ RunTime:0.000909s ]
SQL: SHOW COLUMNS FROM `vs_fields` [ RunTime:0.0229s ]
SQL: SELECT `fid`,`name`,`pic`,`synopsis`,`run_time` FROM `vs_fields` WHERE `status` = 1 ORDER BY run_time desc  [ RunTime:0.0200s ]

[ 2016-08-16T10:24:01+08:00 ] ::1 /FZU-VentureService/API/index.php/home/project/list.html
INFO: [ app_init ] --START--
INFO: Run Behavior\BuildLiteBehavior [ RunTime:0.000034s ]
INFO: [ app_init ] --END-- [ RunTime:0.000884s ]
INFO: [ app_begin ] --START--
INFO: Run Behavior\ReadHtmlCacheBehavior [ RunTime:0.001475s ]
INFO: [ app_begin ] --END-- [ RunTime:0.001635s ]
SQL: SHOW COLUMNS FROM `vs_projects` [ RunTime:0.0203s ]
SQL: SELECT `pid`,`uid`,`name`,`pic`,`synopsis`,`product_type`,`time`,`stage`,`issue_time` FROM `vs_projects` WHERE `status` = 1 LIMIT 0,10   [ RunTime:0.0213s ]
SQL: SELECT * FROM `vs_projects` WHERE `status` = 1  [ RunTime:0.0228s ]

[ 2016-08-16T10:24:02+08:00 ] ::1 /FZU-VentureService/API/index.php/home/notice/detail.html?nid=130
INFO: [ app_init ] --START--
INFO: Run Behavior\BuildLiteBehavior [ RunTime:0.000020s ]
INFO: [ app_init ] --END-- [ RunTime:0.000440s ]
INFO: [ app_begin ] --START--
INFO: Run Behavior\ReadHtmlCacheBehavior [ RunTime:0.000491s ]
INFO: [ app_begin ] --END-- [ RunTime:0.000545s ]
SQL: SHOW COLUMNS FROM `vs_notice` [ RunTime:0.0232s ]
SQL: UPDATE `vs_notice` SET `hits`=hits+1 WHERE `nid` = 130 [ RunTime:0.0363s ]
SQL: SHOW COLUMNS FROM `vs_notice` [ RunTime:0.0195s ]
SQL: SELECT * FROM `vs_notice` WHERE `nid` = 130 LIMIT 1   [ RunTime:0.0196s ]
SQL: SHOW COLUMNS FROM `vs_user` [ RunTime:0.0196s ]
SQL: SELECT `name` FROM `vs_user` WHERE `uid` = 16 LIMIT 1   [ RunTime:0.0184s ]

[ 2016-08-16T10:24:06+08:00 ] ::1 /FZU-VentureService/API/index.php/home/notice/hotList.html
INFO: [ app_init ] --START--
INFO: Run Behavior\BuildLiteBehavior [ RunTime:0.000025s ]
INFO: [ app_init ] --END-- [ RunTime:0.000531s ]
INFO: [ app_begin ] --START--
INFO: Run Behavior\ReadHtmlCacheBehavior [ RunTime:0.000715s ]
INFO: [ app_begin ] --END-- [ RunTime:0.000802s ]
SQL: SHOW COLUMNS FROM `vs_notice` [ RunTime:0.0247s ]
SQL: SELECT `nid`,`type`,`theme`,`date`,`overhead`,`pic`,`content` FROM `vs_notice` WHERE `overhead` = 1 ORDER BY date desc  [ RunTime:0.0265s ]

[ 2016-08-16T10:24:06+08:00 ] ::1 /FZU-VentureService/API/index.php/home/notice/list.html?type=0
INFO: [ app_init ] --START--
INFO: Run Behavior\BuildLiteBehavior [ RunTime:0.000026s ]
INFO: [ app_init ] --END-- [ RunTime:0.000545s ]
INFO: [ app_begin ] --START--
INFO: Run Behavior\ReadHtmlCacheBehavior [ RunTime:0.000791s ]
INFO: [ app_begin ] --END-- [ RunTime:0.000927s ]
SQL: SHOW COLUMNS FROM `vs_notice` [ RunTime:0.0210s ]
SQL: SELECT `nid`,`type`,`theme`,`date` FROM `vs_notice` WHERE `type` = 0 AND `status` = 1 ORDER BY overhead desc,rank desc,date desc LIMIT 0,15   [ RunTime:0.0201s ]
SQL: SELECT * FROM `vs_notice` WHERE `type` = 0 AND `status` = 1  [ RunTime:0.0222s ]

[ 2016-08-16T10:24:06+08:00 ] ::1 /FZU-VentureService/API/index.php/home/notice/list.html?type=1
INFO: [ app_init ] --START--
INFO: Run Behavior\BuildLiteBehavior [ RunTime:0.000028s ]
INFO: [ app_init ] --END-- [ RunTime:0.003947s ]
INFO: [ app_begin ] --START--
INFO: Run Behavior\ReadHtmlCacheBehavior [ RunTime:0.000774s ]
INFO: [ app_begin ] --END-- [ RunTime:0.000887s ]
SQL: SHOW COLUMNS FROM `vs_notice` [ RunTime:0.0190s ]
SQL: SELECT `nid`,`type`,`theme`,`date` FROM `vs_notice` WHERE `type` = 1 AND `status` = 1 ORDER BY overhead desc,rank desc,date desc LIMIT 0,15   [ RunTime:0.0184s ]
SQL: SELECT * FROM `vs_notice` WHERE `type` = 1 AND `status` = 1  [ RunTime:0.0191s ]

[ 2016-08-16T10:24:06+08:00 ] ::1 /FZU-VentureService/API/index.php/home/notice/list.html?type=2
INFO: [ app_init ] --START--
INFO: Run Behavior\BuildLiteBehavior [ RunTime:0.000025s ]
INFO: [ app_init ] --END-- [ RunTime:0.000581s ]
INFO: [ app_begin ] --START--
INFO: Run Behavior\ReadHtmlCacheBehavior [ RunTime:0.000762s ]
INFO: [ app_begin ] --END-- [ RunTime:0.000855s ]
SQL: SHOW COLUMNS FROM `vs_notice` [ RunTime:0.0249s ]
SQL: SELECT `nid`,`type`,`theme`,`date` FROM `vs_notice` WHERE `type` = 2 AND `status` = 1 ORDER BY overhead desc,rank desc,date desc LIMIT 0,15   [ RunTime:0.0277s ]
SQL: SELECT * FROM `vs_notice` WHERE `type` = 2 AND `status` = 1  [ RunTime:0.0291s ]

[ 2016-08-16T10:24:07+08:00 ] ::1 /FZU-VentureService/API/index.php/home/field/list.html
INFO: [ app_init ] --START--
INFO: Run Behavior\BuildLiteBehavior [ RunTime:0.000027s ]
INFO: [ app_init ] --END-- [ RunTime:0.001812s ]
INFO: [ app_begin ] --START--
INFO: Run Behavior\ReadHtmlCacheBehavior [ RunTime:0.000864s ]
INFO: [ app_begin ] --END-- [ RunTime:0.001003s ]
SQL: SHOW COLUMNS FROM `vs_fields` [ RunTime:0.0241s ]
SQL: SELECT `fid`,`name`,`pic`,`synopsis`,`run_time` FROM `vs_fields` WHERE `status` = 1 ORDER BY run_time desc  [ RunTime:0.0504s ]

[ 2016-08-16T10:24:07+08:00 ] ::1 /FZU-VentureService/API/index.php/home/project/list.html
INFO: [ app_init ] --START--
INFO: Run Behavior\BuildLiteBehavior [ RunTime:0.000034s ]
INFO: [ app_init ] --END-- [ RunTime:0.001235s ]
INFO: [ app_begin ] --START--
INFO: Run Behavior\ReadHtmlCacheBehavior [ RunTime:0.000882s ]
INFO: [ app_begin ] --END-- [ RunTime:0.001046s ]
SQL: SHOW COLUMNS FROM `vs_projects` [ RunTime:0.0247s ]
SQL: SELECT `pid`,`uid`,`name`,`pic`,`synopsis`,`product_type`,`time`,`stage`,`issue_time` FROM `vs_projects` WHERE `status` = 1 LIMIT 0,10   [ RunTime:0.0238s ]
SQL: SELECT * FROM `vs_projects` WHERE `status` = 1  [ RunTime:0.0244s ]

[ 2016-08-16T10:24:18+08:00 ] ::1 /FZU-VentureService/API/index.php/home/notice/list.html?type=0&size=14&page=1
INFO: [ app_init ] --START--
INFO: Run Behavior\BuildLiteBehavior [ RunTime:0.000030s ]
INFO: [ app_init ] --END-- [ RunTime:0.000582s ]
INFO: [ app_begin ] --START--
INFO: Run Behavior\ReadHtmlCacheBehavior [ RunTime:0.000772s ]
INFO: [ app_begin ] --END-- [ RunTime:0.000864s ]
SQL: SHOW COLUMNS FROM `vs_notice` [ RunTime:0.0200s ]
SQL: SELECT `nid`,`type`,`theme`,`date` FROM `vs_notice` WHERE `type` = 0 AND `status` = 1 ORDER BY overhead desc,rank desc,date desc LIMIT 0,14   [ RunTime:0.0191s ]
SQL: SELECT * FROM `vs_notice` WHERE `type` = 0 AND `status` = 1  [ RunTime:0.0188s ]

[ 2016-08-16T10:24:18+08:00 ] ::1 /FZU-VentureService/API/index.php/home/notice/list.html?type=2&size=14&page=1
INFO: [ app_init ] --START--
INFO: Run Behavior\BuildLiteBehavior [ RunTime:0.000031s ]
INFO: [ app_init ] --END-- [ RunTime:0.006281s ]
INFO: [ app_begin ] --START--
INFO: Run Behavior\ReadHtmlCacheBehavior [ RunTime:0.000773s ]
INFO: [ app_begin ] --END-- [ RunTime:0.000868s ]
SQL: SHOW COLUMNS FROM `vs_notice` [ RunTime:0.0236s ]
SQL: SELECT `nid`,`type`,`theme`,`date` FROM `vs_notice` WHERE `type` = 2 AND `status` = 1 ORDER BY overhead desc,rank desc,date desc LIMIT 0,14   [ RunTime:0.0224s ]
SQL: SELECT * FROM `vs_notice` WHERE `type` = 2 AND `status` = 1  [ RunTime:0.0231s ]

[ 2016-08-16T10:24:19+08:00 ] ::1 /FZU-VentureService/API/index.php/home/notice/list.html?type=1&size=14&page=1
INFO: [ app_init ] --START--
INFO: Run Behavior\BuildLiteBehavior [ RunTime:0.000033s ]
INFO: [ app_init ] --END-- [ RunTime:0.000751s ]
INFO: [ app_begin ] --START--
INFO: Run Behavior\ReadHtmlCacheBehavior [ RunTime:0.000833s ]
INFO: [ app_begin ] --END-- [ RunTime:0.000933s ]
SQL: SHOW COLUMNS FROM `vs_notice` [ RunTime:0.0196s ]
SQL: SELECT `nid`,`type`,`theme`,`date` FROM `vs_notice` WHERE `type` = 1 AND `status` = 1 ORDER BY overhead desc,rank desc,date desc LIMIT 0,14   [ RunTime:0.0202s ]
SQL: SELECT * FROM `vs_notice` WHERE `type` = 1 AND `status` = 1  [ RunTime:0.0186s ]

[ 2016-08-16T10:24:23+08:00 ] ::1 /FZU-VentureService/API/index.php/home/field/list.html
INFO: [ app_init ] --START--
INFO: Run Behavior\BuildLiteBehavior [ RunTime:0.000028s ]
INFO: [ app_init ] --END-- [ RunTime:0.000500s ]
INFO: [ app_begin ] --START--
INFO: Run Behavior\ReadHtmlCacheBehavior [ RunTime:0.000881s ]
INFO: [ app_begin ] --END-- [ RunTime:0.001005s ]
SQL: SHOW COLUMNS FROM `vs_fields` [ RunTime:0.0244s ]
SQL: SELECT `fid`,`name`,`pic`,`synopsis`,`run_time` FROM `vs_fields` WHERE `status` = 1 ORDER BY run_time desc  [ RunTime:0.0379s ]

[ 2016-08-16T10:24:23+08:00 ] ::1 /FZU-VentureService/API/index.php/home/field/detail.html?fid=3
INFO: [ app_init ] --START--
INFO: Run Behavior\BuildLiteBehavior [ RunTime:0.000018s ]
INFO: [ app_init ] --END-- [ RunTime:0.000370s ]
INFO: [ app_begin ] --START--
INFO: Run Behavior\ReadHtmlCacheBehavior [ RunTime:0.000470s ]
INFO: [ app_begin ] --END-- [ RunTime:0.000524s ]
SQL: SHOW COLUMNS FROM `vs_fields` [ RunTime:0.0252s ]
SQL: SELECT * FROM `vs_fields` WHERE `fid` = 3 LIMIT 1   [ RunTime:0.0240s ]

[ 2016-08-16T10:24:24+08:00 ] ::1 /FZU-VentureService/API/index.php/home/field/detail.html?fid=2
INFO: [ app_init ] --START--
INFO: Run Behavior\BuildLiteBehavior [ RunTime:0.000017s ]
INFO: [ app_init ] --END-- [ RunTime:0.000368s ]
INFO: [ app_begin ] --START--
INFO: Run Behavior\ReadHtmlCacheBehavior [ RunTime:0.000473s ]
INFO: [ app_begin ] --END-- [ RunTime:0.000529s ]
SQL: SHOW COLUMNS FROM `vs_fields` [ RunTime:0.0204s ]
SQL: SELECT * FROM `vs_fields` WHERE `fid` = 2 LIMIT 1   [ RunTime:0.0262s ]

[ 2016-08-16T10:24:25+08:00 ] ::1 /FZU-VentureService/API/index.php/home/field/detail.html?fid=3
INFO: [ app_init ] --START--
INFO: Run Behavior\BuildLiteBehavior [ RunTime:0.000017s ]
INFO: [ app_init ] --END-- [ RunTime:0.000366s ]
INFO: [ app_begin ] --START--
INFO: Run Behavior\ReadHtmlCacheBehavior [ RunTime:0.000601s ]
INFO: [ app_begin ] --END-- [ RunTime:0.000656s ]
SQL: SHOW COLUMNS FROM `vs_fields` [ RunTime:0.0241s ]
SQL: SELECT * FROM `vs_fields` WHERE `fid` = 3 LIMIT 1   [ RunTime:0.0236s ]

[ 2016-08-16T10:24:26+08:00 ] ::1 /FZU-VentureService/API/index.php/home/project/list.html?size=5&page=1
INFO: [ app_init ] --START--
INFO: Run Behavior\BuildLiteBehavior [ RunTime:0.000028s ]
INFO: [ app_init ] --END-- [ RunTime:0.000750s ]
INFO: [ app_begin ] --START--
INFO: Run Behavior\ReadHtmlCacheBehavior [ RunTime:0.000596s ]
INFO: [ app_begin ] --END-- [ RunTime:0.000669s ]
SQL: SHOW COLUMNS FROM `vs_projects` [ RunTime:0.0203s ]
SQL: SELECT `pid`,`uid`,`name`,`pic`,`synopsis`,`product_type`,`time`,`stage`,`issue_time` FROM `vs_projects` WHERE `status` = 1 LIMIT 0,5   [ RunTime:0.0195s ]
SQL: SELECT * FROM `vs_projects` WHERE `status` = 1  [ RunTime:0.0210s ]

[ 2016-08-16T10:24:32+08:00 ] ::1 /FZU-VentureService/API/index.php/home/cpt/list.html
INFO: [ app_init ] --START--
INFO: Run Behavior\BuildLiteBehavior [ RunTime:0.000023s ]
INFO: [ app_init ] --END-- [ RunTime:0.000511s ]
INFO: [ app_begin ] --START--
INFO: Run Behavior\ReadHtmlCacheBehavior [ RunTime:0.000676s ]
INFO: [ app_begin ] --END-- [ RunTime:0.000763s ]
SQL: SHOW COLUMNS FROM `vs_competitions` [ RunTime:0.0244s ]
SQL: SELECT * FROM `vs_competitions` WHERE ( deadline > 1471314272 ) ORDER BY deadline desc LIMIT 0,10   [ RunTime:0.0657s ]

[ 2016-08-16T10:24:33+08:00 ] ::1 /FZU-VentureService/API/index.php/home/cpt/detail.html?cid=2
INFO: [ app_init ] --START--
INFO: Run Behavior\BuildLiteBehavior [ RunTime:0.000018s ]
INFO: [ app_init ] --END-- [ RunTime:0.000378s ]
INFO: [ app_begin ] --START--
INFO: Run Behavior\ReadHtmlCacheBehavior [ RunTime:0.000477s ]
INFO: [ app_begin ] --END-- [ RunTime:0.000531s ]
SQL: SHOW COLUMNS FROM `vs_competitions` [ RunTime:0.0285s ]
SQL: SELECT * FROM `vs_competitions` WHERE `cid` = 2 LIMIT 1   [ RunTime:0.1140s ]

[ 2016-08-16T10:24:33+08:00 ] ::1 /FZU-VentureService/API/index.php/home/cpt//previous.html?number=36056&times=5
INFO: [ app_init ] --START--
INFO: Run Behavior\BuildLiteBehavior [ RunTime:0.000019s ]
INFO: [ app_init ] --END-- [ RunTime:0.000406s ]
INFO: [ app_begin ] --START--
INFO: Run Behavior\ReadHtmlCacheBehavior [ RunTime:0.000514s ]
INFO: [ app_begin ] --END-- [ RunTime:0.000581s ]
SQL: SHOW COLUMNS FROM `vs_competitions` [ RunTime:0.0240s ]
SQL: SELECT * FROM `vs_competitions` WHERE ( number = '36056' && times < '5'  ) ORDER BY times asc  [ RunTime:0.0355s ]

[ 2016-08-16T10:24:42+08:00 ] ::1 /FZU-VentureService/API/index.php/home/class/downloads.html?type=0
INFO: [ app_init ] --START--
INFO: Run Behavior\BuildLiteBehavior [ RunTime:0.000019s ]
INFO: [ app_init ] --END-- [ RunTime:0.000420s ]
INFO: [ app_begin ] --START--
INFO: Run Behavior\ReadHtmlCacheBehavior [ RunTime:0.000747s ]
INFO: [ app_begin ] --END-- [ RunTime:0.000833s ]
SQL: SHOW COLUMNS FROM `vs_documents` [ RunTime:0.0189s ]
SQL: SELECT * FROM `vs_documents` WHERE `type` = 0 ORDER BY issue_time desc  [ RunTime:0.0193s ]

[ 2016-08-16T10:24:42+08:00 ] ::1 /FZU-VentureService/API/index.php/home/class/list.html?mode=0
INFO: [ app_init ] --START--
INFO: Run Behavior\BuildLiteBehavior [ RunTime:0.000021s ]
INFO: [ app_init ] --END-- [ RunTime:0.000590s ]
INFO: [ app_begin ] --START--
INFO: Run Behavior\ReadHtmlCacheBehavior [ RunTime:0.000800s ]
INFO: [ app_begin ] --END-- [ RunTime:0.000906s ]
SQL: SHOW COLUMNS FROM `vs_classes` [ RunTime:0.0217s ]
SQL: SELECT * FROM `vs_classes` ORDER BY issue_time desc LIMIT 0,20   [ RunTime:0.0467s ]

[ 2016-08-16T10:24:45+08:00 ] ::1 /FZU-VentureService/API/index.php/home/cpt/list.html
INFO: [ app_init ] --START--
INFO: Run Behavior\BuildLiteBehavior [ RunTime:0.000021s ]
INFO: [ app_init ] --END-- [ RunTime:0.000449s ]
INFO: [ app_begin ] --START--
INFO: Run Behavior\ReadHtmlCacheBehavior [ RunTime:0.000915s ]
INFO: [ app_begin ] --END-- [ RunTime:0.001044s ]
SQL: SHOW COLUMNS FROM `vs_competitions` [ RunTime:0.0188s ]
SQL: SELECT * FROM `vs_competitions` WHERE ( deadline > 1471314285 ) ORDER BY deadline desc LIMIT 0,10   [ RunTime:0.0650s ]

[ 2016-08-16T10:24:45+08:00 ] ::1 /FZU-VentureService/API/index.php/home/cpt/detail.html?cid=2
INFO: [ app_init ] --START--
INFO: Run Behavior\BuildLiteBehavior [ RunTime:0.000041s ]
INFO: [ app_init ] --END-- [ RunTime:0.000836s ]
INFO: [ app_begin ] --START--
INFO: Run Behavior\ReadHtmlCacheBehavior [ RunTime:0.000866s ]
INFO: [ app_begin ] --END-- [ RunTime:0.000992s ]
SQL: SHOW COLUMNS FROM `vs_competitions` [ RunTime:0.0240s ]
SQL: SELECT * FROM `vs_competitions` WHERE `cid` = 2 LIMIT 1   [ RunTime:0.0821s ]

[ 2016-08-16T10:24:45+08:00 ] ::1 /FZU-VentureService/API/index.php/home/cpt//previous.html?number=36056&times=5
INFO: [ app_init ] --START--
INFO: Run Behavior\BuildLiteBehavior [ RunTime:0.000020s ]
INFO: [ app_init ] --END-- [ RunTime:0.000408s ]
INFO: [ app_begin ] --START--
INFO: Run Behavior\ReadHtmlCacheBehavior [ RunTime:0.000480s ]
INFO: [ app_begin ] --END-- [ RunTime:0.000533s ]
SQL: SHOW COLUMNS FROM `vs_competitions` [ RunTime:0.0282s ]
SQL: SELECT * FROM `vs_competitions` WHERE ( number = '36056' && times < '5'  ) ORDER BY times asc  [ RunTime:0.0253s ]

[ 2016-08-16T10:24:50+08:00 ] ::1 /FZU-VentureService/API/index.php/home/project/list.html?size=5&page=1
INFO: [ app_init ] --START--
INFO: Run Behavior\BuildLiteBehavior [ RunTime:0.000029s ]
INFO: [ app_init ] --END-- [ RunTime:0.000645s ]
INFO: [ app_begin ] --START--
INFO: Run Behavior\ReadHtmlCacheBehavior [ RunTime:0.000551s ]
INFO: [ app_begin ] --END-- [ RunTime:0.000619s ]
SQL: SHOW COLUMNS FROM `vs_projects` [ RunTime:0.0195s ]
SQL: SELECT `pid`,`uid`,`name`,`pic`,`synopsis`,`product_type`,`time`,`stage`,`issue_time` FROM `vs_projects` WHERE `status` = 1 LIMIT 0,5   [ RunTime:0.0189s ]
SQL: SELECT * FROM `vs_projects` WHERE `status` = 1  [ RunTime:0.0192s ]

[ 2016-08-16T14:15:56+08:00 ] ::1 /FZU-VentureService/API/index.php/home/notice/list.html?type=0
INFO: [ app_init ] --START--
INFO: Run Behavior\BuildLiteBehavior [ RunTime:0.000022s ]
INFO: [ app_init ] --END-- [ RunTime:0.000535s ]
INFO: [ app_begin ] --START--
INFO: Run Behavior\ReadHtmlCacheBehavior [ RunTime:0.001007s ]
INFO: [ app_begin ] --END-- [ RunTime:0.001097s ]
SQL: SHOW COLUMNS FROM `vs_notice` [ RunTime:0.0196s ]
SQL: SELECT `nid`,`type`,`theme`,`date` FROM `vs_notice` WHERE `type` = 0 AND `status` = 1 ORDER BY overhead desc,rank desc,date desc LIMIT 0,15   [ RunTime:0.0192s ]
SQL: SELECT * FROM `vs_notice` WHERE `type` = 0 AND `status` = 1  [ RunTime:0.0284s ]

[ 2016-08-16T14:15:56+08:00 ] ::1 /FZU-VentureService/API/index.php/home/notice/hotList.html
INFO: [ app_init ] --START--
INFO: Run Behavior\BuildLiteBehavior [ RunTime:0.000022s ]
INFO: [ app_init ] --END-- [ RunTime:0.000512s ]
INFO: [ app_begin ] --START--
INFO: Run Behavior\ReadHtmlCacheBehavior [ RunTime:0.000752s ]
INFO: [ app_begin ] --END-- [ RunTime:0.000844s ]
SQL: SHOW COLUMNS FROM `vs_notice` [ RunTime:0.0242s ]
SQL: SELECT `nid`,`type`,`theme`,`date`,`overhead`,`pic`,`content` FROM `vs_notice` WHERE `overhead` = 1 ORDER BY date desc  [ RunTime:0.0445s ]

[ 2016-08-16T14:15:56+08:00 ] ::1 /FZU-VentureService/API/index.php/home/notice/list.html?type=1
INFO: [ app_init ] --START--
INFO: Run Behavior\BuildLiteBehavior [ RunTime:0.000027s ]
INFO: [ app_init ] --END-- [ RunTime:0.000779s ]
INFO: [ app_begin ] --START--
INFO: Run Behavior\ReadHtmlCacheBehavior [ RunTime:0.002594s ]
INFO: [ app_begin ] --END-- [ RunTime:0.002687s ]
SQL: SHOW COLUMNS FROM `vs_notice` [ RunTime:0.0203s ]
SQL: SELECT `nid`,`type`,`theme`,`date` FROM `vs_notice` WHERE `type` = 1 AND `status` = 1 ORDER BY overhead desc,rank desc,date desc LIMIT 0,15   [ RunTime:0.0187s ]
SQL: SELECT * FROM `vs_notice` WHERE `type` = 1 AND `status` = 1  [ RunTime:0.0266s ]

[ 2016-08-16T14:15:56+08:00 ] ::1 /FZU-VentureService/API/index.php/home/field/list.html
INFO: [ app_init ] --START--
INFO: Run Behavior\BuildLiteBehavior [ RunTime:0.000020s ]
INFO: [ app_init ] --END-- [ RunTime:0.000522s ]
INFO: [ app_begin ] --START--
INFO: Run Behavior\ReadHtmlCacheBehavior [ RunTime:0.000718s ]
INFO: [ app_begin ] --END-- [ RunTime:0.000814s ]
SQL: SHOW COLUMNS FROM `vs_fields` [ RunTime:0.0367s ]
SQL: SELECT `fid`,`name`,`pic`,`synopsis`,`run_time` FROM `vs_fields` WHERE `status` = 1 ORDER BY run_time desc  [ RunTime:0.0229s ]

[ 2016-08-16T14:15:56+08:00 ] ::1 /FZU-VentureService/API/index.php/home/notice/list.html?type=2
INFO: [ app_init ] --START--
INFO: Run Behavior\BuildLiteBehavior [ RunTime:0.000023s ]
INFO: [ app_init ] --END-- [ RunTime:0.001489s ]
INFO: [ app_begin ] --START--
INFO: Run Behavior\ReadHtmlCacheBehavior [ RunTime:0.001764s ]
INFO: [ app_begin ] --END-- [ RunTime:0.001869s ]
SQL: SHOW COLUMNS FROM `vs_notice` [ RunTime:0.0282s ]
SQL: SELECT `nid`,`type`,`theme`,`date` FROM `vs_notice` WHERE `type` = 2 AND `status` = 1 ORDER BY overhead desc,rank desc,date desc LIMIT 0,15   [ RunTime:0.0475s ]
SQL: SELECT * FROM `vs_notice` WHERE `type` = 2 AND `status` = 1  [ RunTime:0.0519s ]

[ 2016-08-16T14:15:57+08:00 ] ::1 /FZU-VentureService/API/index.php/home/project/list.html
INFO: [ app_init ] --START--
INFO: Run Behavior\BuildLiteBehavior [ RunTime:0.000025s ]
INFO: [ app_init ] --END-- [ RunTime:0.000593s ]
INFO: [ app_begin ] --START--
INFO: Run Behavior\ReadHtmlCacheBehavior [ RunTime:0.000713s ]
INFO: [ app_begin ] --END-- [ RunTime:0.000800s ]
SQL: SHOW COLUMNS FROM `vs_projects` [ RunTime:0.0340s ]
SQL: SELECT `pid`,`uid`,`name`,`pic`,`synopsis`,`product_type`,`time`,`stage`,`issue_time` FROM `vs_projects` WHERE `status` = 1 LIMIT 0,10   [ RunTime:0.0254s ]
SQL: SELECT * FROM `vs_projects` WHERE `status` = 1  [ RunTime:0.0296s ]

[ 2016-08-16T14:16:06+08:00 ] ::1 /FZU-VentureService/API/index.php/home/notice/hotList.html
INFO: [ app_init ] --START--
INFO: Run Behavior\BuildLiteBehavior [ RunTime:0.000033s ]
INFO: [ app_init ] --END-- [ RunTime:0.000829s ]
INFO: [ app_begin ] --START--
INFO: Run Behavior\ReadHtmlCacheBehavior [ RunTime:0.000867s ]
INFO: [ app_begin ] --END-- [ RunTime:0.000985s ]
SQL: SHOW COLUMNS FROM `vs_notice` [ RunTime:0.0423s ]
SQL: SELECT `nid`,`type`,`theme`,`date`,`overhead`,`pic`,`content` FROM `vs_notice` WHERE `overhead` = 1 ORDER BY date desc  [ RunTime:0.0294s ]

[ 2016-08-16T14:16:06+08:00 ] ::1 /FZU-VentureService/API/index.php/home/notice/list.html?type=0
INFO: [ app_init ] --START--
INFO: Run Behavior\BuildLiteBehavior [ RunTime:0.000032s ]
INFO: [ app_init ] --END-- [ RunTime:0.000836s ]
INFO: [ app_begin ] --START--
INFO: Run Behavior\ReadHtmlCacheBehavior [ RunTime:0.010838s ]
INFO: [ app_begin ] --END-- [ RunTime:0.010946s ]
SQL: SHOW COLUMNS FROM `vs_notice` [ RunTime:0.0266s ]
SQL: SELECT `nid`,`type`,`theme`,`date` FROM `vs_notice` WHERE `type` = 0 AND `status` = 1 ORDER BY overhead desc,rank desc,date desc LIMIT 0,15   [ RunTime:0.0252s ]
SQL: SELECT * FROM `vs_notice` WHERE `type` = 0 AND `status` = 1  [ RunTime:0.0379s ]

[ 2016-08-16T14:16:06+08:00 ] ::1 /FZU-VentureService/API/index.php/home/project/list.html
INFO: [ app_init ] --START--
INFO: Run Behavior\BuildLiteBehavior [ RunTime:0.000021s ]
INFO: [ app_init ] --END-- [ RunTime:0.000526s ]
INFO: [ app_begin ] --START--
INFO: Run Behavior\ReadHtmlCacheBehavior [ RunTime:0.000716s ]
INFO: [ app_begin ] --END-- [ RunTime:0.000800s ]
SQL: SHOW COLUMNS FROM `vs_projects` [ RunTime:0.0558s ]
SQL: SELECT `pid`,`uid`,`name`,`pic`,`synopsis`,`product_type`,`time`,`stage`,`issue_time` FROM `vs_projects` WHERE `status` = 1 LIMIT 0,10   [ RunTime:0.0296s ]
SQL: SELECT * FROM `vs_projects` WHERE `status` = 1  [ RunTime:0.0356s ]

[ 2016-08-16T14:16:06+08:00 ] ::1 /FZU-VentureService/API/index.php/home/notice/list.html?type=1
INFO: [ app_init ] --START--
INFO: Run Behavior\BuildLiteBehavior [ RunTime:0.000025s ]
INFO: [ app_init ] --END-- [ RunTime:0.000565s ]
INFO: [ app_begin ] --START--
INFO: Run Behavior\ReadHtmlCacheBehavior [ RunTime:0.000724s ]
INFO: [ app_begin ] --END-- [ RunTime:0.000813s ]
SQL: SHOW COLUMNS FROM `vs_notice` [ RunTime:0.0213s ]
SQL: SELECT `nid`,`type`,`theme`,`date` FROM `vs_notice` WHERE `type` = 1 AND `status` = 1 ORDER BY overhead desc,rank desc,date desc LIMIT 0,15   [ RunTime:0.0207s ]
SQL: SELECT * FROM `vs_notice` WHERE `type` = 1 AND `status` = 1  [ RunTime:0.0215s ]

[ 2016-08-16T14:16:06+08:00 ] ::1 /FZU-VentureService/API/index.php/home/notice/list.html?type=2
INFO: [ app_init ] --START--
INFO: Run Behavior\BuildLiteBehavior [ RunTime:0.000023s ]
INFO: [ app_init ] --END-- [ RunTime:0.002393s ]
INFO: [ app_begin ] --START--
INFO: Run Behavior\ReadHtmlCacheBehavior [ RunTime:0.000768s ]
INFO: [ app_begin ] --END-- [ RunTime:0.000861s ]
SQL: SHOW COLUMNS FROM `vs_notice` [ RunTime:0.0281s ]
SQL: SELECT `nid`,`type`,`theme`,`date` FROM `vs_notice` WHERE `type` = 2 AND `status` = 1 ORDER BY overhead desc,rank desc,date desc LIMIT 0,15   [ RunTime:0.0262s ]
SQL: SELECT * FROM `vs_notice` WHERE `type` = 2 AND `status` = 1  [ RunTime:0.0420s ]

[ 2016-08-16T14:16:07+08:00 ] ::1 /FZU-VentureService/API/index.php/home/field/list.html
INFO: [ app_init ] --START--
INFO: Run Behavior\BuildLiteBehavior [ RunTime:0.000037s ]
INFO: [ app_init ] --END-- [ RunTime:0.000786s ]
INFO: [ app_begin ] --START--
INFO: Run Behavior\ReadHtmlCacheBehavior [ RunTime:0.000916s ]
INFO: [ app_begin ] --END-- [ RunTime:0.001013s ]
SQL: SHOW COLUMNS FROM `vs_fields` [ RunTime:0.0298s ]
SQL: SELECT `fid`,`name`,`pic`,`synopsis`,`run_time` FROM `vs_fields` WHERE `status` = 1 ORDER BY run_time desc  [ RunTime:0.0504s ]

[ 2016-08-16T14:16:13+08:00 ] ::1 /FZU-VentureService/API/index.php/home/field/list.html
INFO: [ app_init ] --START--
INFO: Run Behavior\BuildLiteBehavior [ RunTime:0.000020s ]
INFO: [ app_init ] --END-- [ RunTime:0.000448s ]
INFO: [ app_begin ] --START--
INFO: Run Behavior\ReadHtmlCacheBehavior [ RunTime:0.000523s ]
INFO: [ app_begin ] --END-- [ RunTime:0.000581s ]
SQL: SHOW COLUMNS FROM `vs_fields` [ RunTime:0.0280s ]
SQL: SELECT `fid`,`name`,`pic`,`synopsis`,`run_time` FROM `vs_fields` WHERE `status` = 1 ORDER BY run_time desc  [ RunTime:0.0227s ]

[ 2016-08-16T14:16:13+08:00 ] ::1 /FZU-VentureService/API/index.php/home/field/detail.html?fid=3
INFO: [ app_init ] --START--
INFO: Run Behavior\BuildLiteBehavior [ RunTime:0.000019s ]
INFO: [ app_init ] --END-- [ RunTime:0.000387s ]
INFO: [ app_begin ] --START--
INFO: Run Behavior\ReadHtmlCacheBehavior [ RunTime:0.000480s ]
INFO: [ app_begin ] --END-- [ RunTime:0.000534s ]
SQL: SHOW COLUMNS FROM `vs_fields` [ RunTime:0.0308s ]
SQL: SELECT * FROM `vs_fields` WHERE `fid` = 3 LIMIT 1   [ RunTime:0.0245s ]

[ 2016-08-16T17:35:24+08:00 ] 127.0.0.1 /FZU-VentureService/API/index.php/Home/field/list.html?type=1
INFO: [ app_init ] --START--
INFO: Run Behavior\BuildLiteBehavior [ RunTime:0.000017s ]
INFO: [ app_init ] --END-- [ RunTime:0.000375s ]
INFO: [ app_begin ] --START--
INFO: Run Behavior\ReadHtmlCacheBehavior [ RunTime:0.000523s ]
INFO: [ app_begin ] --END-- [ RunTime:0.000587s ]
SQL: SHOW COLUMNS FROM `vs_fields` [ RunTime:0.0206s ]
SQL: SELECT `fid`,`name`,`pic`,`synopsis`,`run_time` FROM `vs_fields` WHERE `status` = 1 ORDER BY run_time desc  [ RunTime:0.0196s ]
NOTIC: [8] Undefined index: pic /Applications/MAMP/htdocs/FZU-VentureService/API/apps/Home/Controller/FieldController.class.php  16 .

[ 2016-08-16T17:36:36+08:00 ] 127.0.0.1 /FZU-VentureService/API/index.php/Home/field/list.html?type=1
INFO: [ app_init ] --START--
INFO: Run Behavior\BuildLiteBehavior [ RunTime:0.000020s ]
INFO: [ app_init ] --END-- [ RunTime:0.000412s ]
INFO: [ app_begin ] --START--
INFO: Run Behavior\ReadHtmlCacheBehavior [ RunTime:0.000666s ]
INFO: [ app_begin ] --END-- [ RunTime:0.000743s ]
SQL: SHOW COLUMNS FROM `vs_fields` [ RunTime:0.0205s ]
SQL: SELECT `fid`,`name`,`pic`,`synopsis`,`run_time` FROM `vs_fields` WHERE `status` = 1 ORDER BY run_time desc  [ RunTime:0.0191s ]

[ 2016-08-16T17:37:04+08:00 ] 127.0.0.1 /FZU-VentureService/API/index.php/Home/field/detail.html?fid=1
INFO: [ app_init ] --START--
INFO: Run Behavior\BuildLiteBehavior [ RunTime:0.000027s ]
INFO: [ app_init ] --END-- [ RunTime:0.000579s ]
INFO: [ app_begin ] --START--
INFO: Run Behavior\ReadHtmlCacheBehavior [ RunTime:0.000673s ]
INFO: [ app_begin ] --END-- [ RunTime:0.000821s ]
SQL: SHOW COLUMNS FROM `vs_fields` [ RunTime:0.0201s ]
SQL: SELECT * FROM `vs_fields` WHERE `fid` = 1 LIMIT 1   [ RunTime:0.0184s ]

[ 2016-08-16T17:37:27+08:00 ] 127.0.0.1 /FZU-VentureService/API/index.php/Home/field/detail.html?fid=1
INFO: [ app_init ] --START--
INFO: Run Behavior\BuildLiteBehavior [ RunTime:0.000017s ]
INFO: [ app_init ] --END-- [ RunTime:0.000375s ]
INFO: [ app_begin ] --START--
INFO: Run Behavior\ReadHtmlCacheBehavior [ RunTime:0.000475s ]
INFO: [ app_begin ] --END-- [ RunTime:0.000535s ]
SQL: SHOW COLUMNS FROM `vs_fields` [ RunTime:0.0508s ]
SQL: SELECT * FROM `vs_fields` WHERE `fid` = 1 LIMIT 1   [ RunTime:0.0186s ]

[ 2016-08-16T17:37:37+08:00 ] 127.0.0.1 /FZU-VentureService/API/index.php/Home/field/detail.html?fid=2
INFO: [ app_init ] --START--
INFO: Run Behavior\BuildLiteBehavior [ RunTime:0.000019s ]
INFO: [ app_init ] --END-- [ RunTime:0.000443s ]
INFO: [ app_begin ] --START--
INFO: Run Behavior\ReadHtmlCacheBehavior [ RunTime:0.000490s ]
INFO: [ app_begin ] --END-- [ RunTime:0.000551s ]
SQL: SHOW COLUMNS FROM `vs_fields` [ RunTime:0.0250s ]
SQL: SELECT * FROM `vs_fields` WHERE `fid` = 2 LIMIT 1   [ RunTime:0.0261s ]

[ 2016-08-16T17:38:08+08:00 ] 127.0.0.1 /FZU-VentureService/API/index.php/Home/field/detail.html?fid=2
INFO: [ app_init ] --START--
INFO: Run Behavior\BuildLiteBehavior [ RunTime:0.000018s ]
INFO: [ app_init ] --END-- [ RunTime:0.000377s ]
INFO: [ app_begin ] --START--
INFO: Run Behavior\ReadHtmlCacheBehavior [ RunTime:0.000954s ]
INFO: [ app_begin ] --END-- [ RunTime:0.001068s ]
SQL: SHOW COLUMNS FROM `vs_fields` [ RunTime:0.0212s ]
SQL: SELECT * FROM `vs_fields` WHERE `fid` = 2 LIMIT 1   [ RunTime:0.0188s ]

[ 2016-08-16T17:39:19+08:00 ] 127.0.0.1 /FZU-VentureService/API/index.php/Home/notice/list.html?type=0
INFO: [ app_init ] --START--
INFO: Run Behavior\BuildLiteBehavior [ RunTime:0.000018s ]
INFO: [ app_init ] --END-- [ RunTime:0.000377s ]
INFO: [ app_begin ] --START--
INFO: Run Behavior\ReadHtmlCacheBehavior [ RunTime:0.000477s ]
INFO: [ app_begin ] --END-- [ RunTime:0.000539s ]
SQL: SHOW COLUMNS FROM `vs_notice` [ RunTime:0.0244s ]
SQL: SELECT `nid`,`type`,`theme`,`date` FROM `vs_notice` WHERE `type` = 0 AND `status` = 1 ORDER BY overhead desc,rank desc,date desc LIMIT 0,15   [ RunTime:0.0245s ]
NOTIC: [8] Undefined index: pic /Applications/MAMP/htdocs/FZU-VentureService/API/apps/Home/Controller/NoticeController.class.php  20 .
NOTIC: [8] Undefined index: pic /Applications/MAMP/htdocs/FZU-VentureService/API/apps/Home/Controller/NoticeController.class.php  20 .
NOTIC: [8] Undefined index: pic /Applications/MAMP/htdocs/FZU-VentureService/API/apps/Home/Controller/NoticeController.class.php  20 .
NOTIC: [8] Undefined index: pic /Applications/MAMP/htdocs/FZU-VentureService/API/apps/Home/Controller/NoticeController.class.php  20 .
NOTIC: [8] Undefined index: pic /Applications/MAMP/htdocs/FZU-VentureService/API/apps/Home/Controller/NoticeController.class.php  20 .
SQL: SELECT * FROM `vs_notice` WHERE `type` = 0 AND `status` = 1  [ RunTime:0.0324s ]

[ 2016-08-16T17:40:06+08:00 ] 127.0.0.1 /FZU-VentureService/API/index.php/Home/notice/list.html?type=1
INFO: [ app_init ] --START--
INFO: Run Behavior\BuildLiteBehavior [ RunTime:0.000036s ]
INFO: [ app_init ] --END-- [ RunTime:0.000907s ]
INFO: [ app_begin ] --START--
INFO: Run Behavior\ReadHtmlCacheBehavior [ RunTime:0.000567s ]
INFO: [ app_begin ] --END-- [ RunTime:0.000647s ]
SQL: SHOW COLUMNS FROM `vs_notice` [ RunTime:0.0233s ]
SQL: SELECT `nid`,`type`,`theme`,`date` FROM `vs_notice` WHERE `type` = 1 AND `status` = 1 ORDER BY overhead desc,rank desc,date desc LIMIT 0,15   [ RunTime:0.0226s ]
NOTIC: [8] Undefined index: pic /Applications/MAMP/htdocs/FZU-VentureService/API/apps/Home/Controller/NoticeController.class.php  20 .
NOTIC: [8] Undefined index: pic /Applications/MAMP/htdocs/FZU-VentureService/API/apps/Home/Controller/NoticeController.class.php  20 .
SQL: SELECT * FROM `vs_notice` WHERE `type` = 1 AND `status` = 1  [ RunTime:0.0248s ]

[ 2016-08-16T17:40:38+08:00 ] 127.0.0.1 /FZU-VentureService/API/index.php/Home/notice/list.html?type=0
INFO: [ app_init ] --START--
INFO: Run Behavior\BuildLiteBehavior [ RunTime:0.000021s ]
INFO: [ app_init ] --END-- [ RunTime:0.000431s ]
INFO: [ app_begin ] --START--
INFO: Run Behavior\ReadHtmlCacheBehavior [ RunTime:0.000606s ]
INFO: [ app_begin ] --END-- [ RunTime:0.000677s ]
SQL: SHOW COLUMNS FROM `vs_notice` [ RunTime:0.0217s ]
SQL: SELECT `nid`,`type`,`theme`,`date` FROM `vs_notice` WHERE `type` = 0 AND `status` = 1 ORDER BY overhead desc,rank desc,date desc LIMIT 0,15   [ RunTime:0.0236s ]
NOTIC: [8] Undefined index: pic /Applications/MAMP/htdocs/FZU-VentureService/API/apps/Home/Controller/NoticeController.class.php  20 .
NOTIC: [8] Undefined index: pic /Applications/MAMP/htdocs/FZU-VentureService/API/apps/Home/Controller/NoticeController.class.php  20 .
NOTIC: [8] Undefined index: pic /Applications/MAMP/htdocs/FZU-VentureService/API/apps/Home/Controller/NoticeController.class.php  20 .
NOTIC: [8] Undefined index: pic /Applications/MAMP/htdocs/FZU-VentureService/API/apps/Home/Controller/NoticeController.class.php  20 .
NOTIC: [8] Undefined index: pic /Applications/MAMP/htdocs/FZU-VentureService/API/apps/Home/Controller/NoticeController.class.php  20 .
SQL: SELECT * FROM `vs_notice` WHERE `type` = 0 AND `status` = 1  [ RunTime:0.0266s ]

[ 2016-08-16T17:41:13+08:00 ] 127.0.0.1 /FZU-VentureService/API/index.php/Home/notice/list.html?type=0
INFO: [ app_init ] --START--
INFO: Run Behavior\BuildLiteBehavior [ RunTime:0.000019s ]
INFO: [ app_init ] --END-- [ RunTime:0.000449s ]
INFO: [ app_begin ] --START--
INFO: Run Behavior\ReadHtmlCacheBehavior [ RunTime:0.000688s ]
INFO: [ app_begin ] --END-- [ RunTime:0.000810s ]
SQL: SHOW COLUMNS FROM `vs_notice` [ RunTime:0.0193s ]
SQL: SELECT `nid`,`type`,`theme`,`date` FROM `vs_notice` WHERE `type` = 0 AND `status` = 1 ORDER BY overhead desc,rank desc,date desc LIMIT 0,15   [ RunTime:0.0192s ]
NOTIC: [8] Undefined index: pic /Applications/MAMP/htdocs/FZU-VentureService/API/apps/Home/Controller/NoticeController.class.php  20 .
NOTIC: [8] Undefined index: pic /Applications/MAMP/htdocs/FZU-VentureService/API/apps/Home/Controller/NoticeController.class.php  20 .
NOTIC: [8] Undefined index: pic /Applications/MAMP/htdocs/FZU-VentureService/API/apps/Home/Controller/NoticeController.class.php  20 .
NOTIC: [8] Undefined index: pic /Applications/MAMP/htdocs/FZU-VentureService/API/apps/Home/Controller/NoticeController.class.php  20 .
NOTIC: [8] Undefined index: pic /Applications/MAMP/htdocs/FZU-VentureService/API/apps/Home/Controller/NoticeController.class.php  20 .
SQL: SELECT * FROM `vs_notice` WHERE `type` = 0 AND `status` = 1  [ RunTime:0.0228s ]

[ 2016-08-16T17:41:24+08:00 ] 127.0.0.1 /FZU-VentureService/API/index.php/Home/notice/detail.html?nid=120
INFO: [ app_init ] --START--
INFO: Run Behavior\BuildLiteBehavior [ RunTime:0.000017s ]
INFO: [ app_init ] --END-- [ RunTime:0.000371s ]
INFO: [ app_begin ] --START--
INFO: Run Behavior\ReadHtmlCacheBehavior [ RunTime:0.000472s ]
INFO: [ app_begin ] --END-- [ RunTime:0.000533s ]
SQL: SHOW COLUMNS FROM `vs_notice` [ RunTime:0.0210s ]
SQL: UPDATE `vs_notice` SET `hits`=hits+1 WHERE `nid` = 120 [ RunTime:0.0189s ]
SQL: SHOW COLUMNS FROM `vs_notice` [ RunTime:0.0209s ]
SQL: SELECT * FROM `vs_notice` WHERE `nid` = 120 LIMIT 1   [ RunTime:0.0242s ]
SQL: SHOW COLUMNS FROM `vs_user` [ RunTime:0.0197s ]
SQL: SELECT `name` FROM `vs_user` WHERE `uid` = 2 LIMIT 1   [ RunTime:0.0180s ]

[ 2016-08-16T17:41:41+08:00 ] 127.0.0.1 /FZU-VentureService/API/index.php/Home/notice/list.html?type=0
INFO: [ app_init ] --START--
INFO: Run Behavior\BuildLiteBehavior [ RunTime:0.000018s ]
INFO: [ app_init ] --END-- [ RunTime:0.000371s ]
INFO: [ app_begin ] --START--
INFO: Run Behavior\ReadHtmlCacheBehavior [ RunTime:0.000506s ]
INFO: [ app_begin ] --END-- [ RunTime:0.000582s ]
SQL: SHOW COLUMNS FROM `vs_notice` [ RunTime:0.0212s ]
SQL: SELECT `nid`,`type`,`theme`,`date` FROM `vs_notice` WHERE `type` = 0 AND `status` = 1 ORDER BY overhead desc,rank desc,date desc LIMIT 0,15   [ RunTime:0.0213s ]
NOTIC: [8] Undefined index: pic /Applications/MAMP/htdocs/FZU-VentureService/API/apps/Home/Controller/NoticeController.class.php  20 .
NOTIC: [8] Undefined index: pic /Applications/MAMP/htdocs/FZU-VentureService/API/apps/Home/Controller/NoticeController.class.php  20 .
NOTIC: [8] Undefined index: pic /Applications/MAMP/htdocs/FZU-VentureService/API/apps/Home/Controller/NoticeController.class.php  20 .
NOTIC: [8] Undefined index: pic /Applications/MAMP/htdocs/FZU-VentureService/API/apps/Home/Controller/NoticeController.class.php  20 .
NOTIC: [8] Undefined index: pic /Applications/MAMP/htdocs/FZU-VentureService/API/apps/Home/Controller/NoticeController.class.php  20 .
SQL: SELECT * FROM `vs_notice` WHERE `type` = 0 AND `status` = 1  [ RunTime:0.0232s ]

[ 2016-08-16T17:42:36+08:00 ] 127.0.0.1 /FZU-VentureService/API/index.php/Home/notice/hotList.html
INFO: [ app_init ] --START--
INFO: Run Behavior\BuildLiteBehavior [ RunTime:0.000020s ]
INFO: [ app_init ] --END-- [ RunTime:0.000411s ]
INFO: [ app_begin ] --START--
INFO: Run Behavior\ReadHtmlCacheBehavior [ RunTime:0.000558s ]
INFO: [ app_begin ] --END-- [ RunTime:0.000632s ]
SQL: SHOW COLUMNS FROM `vs_notice` [ RunTime:0.0196s ]
SQL: SELECT `nid`,`type`,`theme`,`date`,`overhead`,`pic`,`content` FROM `vs_notice` WHERE `overhead` = 1 ORDER BY date desc  [ RunTime:0.0227s ]

[ 2016-08-16T17:52:56+08:00 ] 127.0.0.1 /FZU-VentureService/API/index.php/Home/user/getOtherInfo.html?uid=16
INFO: [ app_init ] --START--
INFO: Run Behavior\BuildLiteBehavior [ RunTime:0.000019s ]
INFO: [ app_init ] --END-- [ RunTime:0.000404s ]
INFO: [ app_begin ] --START--
INFO: Run Behavior\ReadHtmlCacheBehavior [ RunTime:0.000512s ]
INFO: [ app_begin ] --END-- [ RunTime:0.000579s ]
SQL: SHOW COLUMNS FROM `vs_user` [ RunTime:0.0251s ]
SQL: SELECT `username`,`name`,`tel`,`email`,`avatar` FROM `vs_user` WHERE `uid` = 16 LIMIT 1   [ RunTime:0.0234s ]
SQL: SHOW COLUMNS FROM `vs_projects` [ RunTime:0.0253s ]
SQL: SELECT `pid`,`name` FROM `vs_projects` WHERE `uid` = 16  [ RunTime:0.0296s ]

