[ 2016-07-19T08:52:48+08:00 ] 127.0.0.1 /demo/jyzd/
INFO: [ app_init ] --START--
INFO: Run Behavior\BuildLiteBehavior [ RunTime:0.000040s ]
INFO: [ app_init ] --END-- [ RunTime:0.027039s ]
INFO: [ app_begin ] --START--
INFO: Run Behavior\ReadHtmlCacheBehavior [ RunTime:0.001334s ]
INFO: [ app_begin ] --END-- [ RunTime:0.001459s ]
ERR: 无法加载控制器:

[ 2016-07-19T08:53:06+08:00 ] 127.0.0.1 /demo/jyzd/index.php/Home/User/login.html
INFO: [ app_init ] --START--
INFO: Run Behavior\BuildLiteBehavior [ RunTime:0.000023s ]
INFO: [ app_init ] --END-- [ RunTime:0.000357s ]
INFO: [ app_begin ] --START--
INFO: Run Behavior\ReadHtmlCacheBehavior [ RunTime:0.000390s ]
INFO: [ app_begin ] --END-- [ RunTime:0.000499s ]

[ 2016-07-19T08:53:29+08:00 ] 127.0.0.1 /demo/jyzd/index.php/Home/User/login.html
INFO: [ app_init ] --START--
INFO: Run Behavior\BuildLiteBehavior [ RunTime:0.000045s ]
INFO: [ app_init ] --END-- [ RunTime:0.000736s ]
INFO: [ app_begin ] --START--
INFO: Run Behavior\ReadHtmlCacheBehavior [ RunTime:0.000691s ]
INFO: [ app_begin ] --END-- [ RunTime:0.000891s ]
SQL: SHOW COLUMNS FROM `eg_user` [ RunTime:0.0370s ]
SQL: SHOW COLUMNS FROM `eg_user` [ RunTime:0.0032s ]
SQL: SELECT * FROM `eg_user` WHERE `username` = 'loobin' LIMIT 1   [ RunTime:0.0107s ]
SQL: SHOW COLUMNS FROM `eg_user_token` [ RunTime:0.0364s ]
SQL: SHOW COLUMNS FROM `eg_user_token` [ RunTime:0.0032s ]
SQL: INSERT INTO `eg_user_token` (`uid`,`token`,`token_expire`,`addtime`) VALUES ('13','799e628c2b1de849b7b3f313faa70c19','1476665609','1468889609') [ RunTime:0.0005s ]
SQL: DELETE FROM `eg_user_token` WHERE ( token_expire < 1468889609 ) [ RunTime:0.0003s ]
NOTIC: [8] Undefined variable: userinfo D:\wamp\www\demo\jyzd\apps\Home\Controller\UserController.class.php 第 72 行.
NOTIC: [8] Undefined variable: userinfo D:\wamp\www\demo\jyzd\apps\Home\Controller\UserController.class.php 第 73 行.
NOTIC: [8] Undefined variable: userinfo D:\wamp\www\demo\jyzd\apps\Home\Controller\UserController.class.php 第 74 行.
INFO: [ app_end ] --START--
INFO: Run Behavior\ShowPageTraceBehavior [ RunTime:0.005540s ]
INFO: [ app_end ] --END-- [ RunTime:0.005658s ]

[ 2016-07-19T08:54:02+08:00 ] 127.0.0.1 /demo/jyzd/index.php/Home/User/login.html
INFO: [ app_init ] --START--
INFO: Run Behavior\BuildLiteBehavior [ RunTime:0.000037s ]
INFO: [ app_init ] --END-- [ RunTime:0.000565s ]
INFO: [ app_begin ] --START--
INFO: Run Behavior\ReadHtmlCacheBehavior [ RunTime:0.000899s ]
INFO: [ app_begin ] --END-- [ RunTime:0.001196s ]
SQL: SHOW COLUMNS FROM `eg_user` [ RunTime:0.0032s ]
SQL: SHOW COLUMNS FROM `eg_user` [ RunTime:0.0050s ]
SQL: SELECT * FROM `eg_user` WHERE `username` = 'loobin' LIMIT 1   [ RunTime:0.0004s ]
SQL: SHOW COLUMNS FROM `eg_user_token` [ RunTime:0.0031s ]
SQL: SHOW COLUMNS FROM `eg_user_token` [ RunTime:0.0030s ]
SQL: INSERT INTO `eg_user_token` (`uid`,`token`,`token_expire`,`addtime`) VALUES ('13','4da7a296a26098d30c5a25efc4ef3ce1','1476665642','1468889642') [ RunTime:0.0003s ]
SQL: DELETE FROM `eg_user_token` WHERE ( token_expire < 1468889642 ) [ RunTime:0.0002s ]
NOTIC: [8] Undefined variable: userinfo D:\wamp\www\demo\jyzd\apps\Home\Controller\UserController.class.php 第 72 行.
NOTIC: [8] Undefined variable: userinfo D:\wamp\www\demo\jyzd\apps\Home\Controller\UserController.class.php 第 73 行.
NOTIC: [8] Undefined variable: userinfo D:\wamp\www\demo\jyzd\apps\Home\Controller\UserController.class.php 第 74 行.
INFO: [ app_end ] --START--
INFO: Run Behavior\ShowPageTraceBehavior [ RunTime:0.000721s ]
INFO: [ app_end ] --END-- [ RunTime:0.000878s ]

[ 2016-07-19T09:06:25+08:00 ] 127.0.0.1 /demo/jyzd/index.php/Home/User/login.html
INFO: [ app_init ] --START--
INFO: Run Behavior\BuildLiteBehavior [ RunTime:0.000037s ]
INFO: [ app_init ] --END-- [ RunTime:0.000663s ]
INFO: [ app_begin ] --START--
INFO: Run Behavior\ReadHtmlCacheBehavior [ RunTime:0.000546s ]
INFO: [ app_begin ] --END-- [ RunTime:0.000667s ]
SQL: SHOW COLUMNS FROM `eg_user` [ RunTime:0.0036s ]
SQL: SHOW COLUMNS FROM `eg_user` [ RunTime:0.0031s ]
SQL: SELECT * FROM `eg_user` WHERE `username` = 'loobin' LIMIT 1   [ RunTime:0.0003s ]
SQL: SHOW COLUMNS FROM `eg_user_token` [ RunTime:0.0031s ]
SQL: SELECT `groupid` FROM `eg_user` WHERE ( uid ) LIMIT 1   [ RunTime:0.0003s ]
NOTIC: [8] Array to string conversion D:\wamp\www\demo\jyzd\apps\Home\Model\UserTokenModel.class.php 第 11 行.

[ 2016-07-19T09:06:46+08:00 ] 127.0.0.1 /demo/jyzd/index.php/Home/User/login.html
INFO: [ app_init ] --START--
INFO: Run Behavior\BuildLiteBehavior [ RunTime:0.000027s ]
INFO: [ app_init ] --END-- [ RunTime:0.000415s ]
INFO: [ app_begin ] --START--
INFO: Run Behavior\ReadHtmlCacheBehavior [ RunTime:0.000638s ]
INFO: [ app_begin ] --END-- [ RunTime:0.000782s ]
SQL: SHOW COLUMNS FROM `eg_user` [ RunTime:0.0039s ]
SQL: SHOW COLUMNS FROM `eg_user` [ RunTime:0.0039s ]
SQL: SELECT * FROM `eg_user` WHERE `username` = 'loobin' LIMIT 1   [ RunTime:0.0004s ]
SQL: SHOW COLUMNS FROM `eg_user_token` [ RunTime:0.0031s ]
SQL: SELECT `groupid` FROM `eg_user` WHERE ( uid ) LIMIT 1   [ RunTime:0.0003s ]

[ 2016-07-19T09:27:28+08:00 ] 127.0.0.1 /demo/jyzd/index.php/Home/User/login.html
INFO: [ app_init ] --START--
INFO: Run Behavior\BuildLiteBehavior [ RunTime:0.000028s ]
INFO: [ app_init ] --END-- [ RunTime:0.000544s ]
INFO: [ app_begin ] --START--
INFO: Run Behavior\ReadHtmlCacheBehavior [ RunTime:0.000523s ]
INFO: [ app_begin ] --END-- [ RunTime:0.000634s ]
SQL: SHOW COLUMNS FROM `eg_user` [ RunTime:0.0034s ]
SQL: SHOW COLUMNS FROM `eg_user` [ RunTime:0.0031s ]
SQL: SELECT * FROM `eg_user` WHERE `username` = 'loobin' LIMIT 1   [ RunTime:0.0004s ]
SQL: SHOW COLUMNS FROM `eg_user_token` [ RunTime:0.0029s ]
SQL: SHOW COLUMNS FROM `eg_user_token` [ RunTime:0.0040s ]
SQL: INSERT INTO `eg_user_token` (`uid`,`token`,`token_expire`,`addtime`) VALUES ('13','ed09c3f7ffcaf4b90f5742d7935c4623','1476667648','1468891648') [ RunTime:0.0004s ]
SQL: DELETE FROM `eg_user_token` WHERE ( token_expire < 1468891648 ) [ RunTime:0.0002s ]
NOTIC: [8] Undefined variable: userinfo D:\wamp\www\demo\jyzd\apps\Home\Controller\UserController.class.php 第 72 行.
NOTIC: [8] Undefined variable: userinfo D:\wamp\www\demo\jyzd\apps\Home\Controller\UserController.class.php 第 73 行.
NOTIC: [8] Undefined variable: userinfo D:\wamp\www\demo\jyzd\apps\Home\Controller\UserController.class.php 第 74 行.
INFO: [ app_end ] --START--
INFO: Run Behavior\ShowPageTraceBehavior [ RunTime:0.000716s ]
INFO: [ app_end ] --END-- [ RunTime:0.000819s ]

[ 2016-07-19T09:28:31+08:00 ] 127.0.0.1 /demo/jyzd/index.php/Home/User/login.html
INFO: [ app_init ] --START--
INFO: Run Behavior\BuildLiteBehavior [ RunTime:0.000025s ]
INFO: [ app_init ] --END-- [ RunTime:0.000680s ]
INFO: [ app_begin ] --START--
INFO: Run Behavior\ReadHtmlCacheBehavior [ RunTime:0.001613s ]
INFO: [ app_begin ] --END-- [ RunTime:0.001727s ]
SQL: SHOW COLUMNS FROM `eg_user` [ RunTime:0.0051s ]
SQL: SHOW COLUMNS FROM `eg_user` [ RunTime:0.0031s ]
SQL: SELECT * FROM `eg_user` WHERE `username` = 'loobin' LIMIT 1   [ RunTime:0.0003s ]
SQL: SHOW COLUMNS FROM `eg_user_token` [ RunTime:0.0032s ]
SQL: SHOW COLUMNS FROM `eg_user_token` [ RunTime:0.0044s ]
SQL: INSERT INTO `eg_user_token` (`uid`,`token`,`token_expire`,`addtime`) VALUES ('13','73aa66554a5b3c83d4f30ca168085282','1476667711','1468891711') [ RunTime:0.0003s ]
SQL: DELETE FROM `eg_user_token` WHERE ( token_expire < 1468891711 ) [ RunTime:0.0002s ]
INFO: [ app_end ] --START--
INFO: Run Behavior\ShowPageTraceBehavior [ RunTime:0.001720s ]
INFO: [ app_end ] --END-- [ RunTime:0.001827s ]

[ 2016-07-19T10:43:38+08:00 ] 127.0.0.1 /demo/jyzd/index.php/Home/User/login.html
INFO: [ app_init ] --START--
INFO: Run Behavior\BuildLiteBehavior [ RunTime:0.000026s ]
INFO: [ app_init ] --END-- [ RunTime:0.000489s ]
INFO: [ app_begin ] --START--
INFO: Run Behavior\ReadHtmlCacheBehavior [ RunTime:0.000586s ]
INFO: [ app_begin ] --END-- [ RunTime:0.000710s ]

[ 2016-07-19T10:44:06+08:00 ] 127.0.0.1 /demo/jyzd/index.php/Home/User/login.html
INFO: [ app_init ] --START--
INFO: Run Behavior\BuildLiteBehavior [ RunTime:0.000039s ]
INFO: [ app_init ] --END-- [ RunTime:0.000696s ]
INFO: [ app_begin ] --START--
INFO: Run Behavior\ReadHtmlCacheBehavior [ RunTime:0.001170s ]
INFO: [ app_begin ] --END-- [ RunTime:0.001378s ]

[ 2016-07-19T10:44:25+08:00 ] 127.0.0.1 /demo/jyzd/index.php/Home/User/login.html
INFO: [ app_init ] --START--
INFO: Run Behavior\BuildLiteBehavior [ RunTime:0.000024s ]
INFO: [ app_init ] --END-- [ RunTime:0.000406s ]
INFO: [ app_begin ] --START--
INFO: Run Behavior\ReadHtmlCacheBehavior [ RunTime:0.000370s ]
INFO: [ app_begin ] --END-- [ RunTime:0.000480s ]
SQL: SHOW COLUMNS FROM `eg_user` [ RunTime:0.0035s ]
SQL: SHOW COLUMNS FROM `eg_user` [ RunTime:0.0032s ]
SQL: SELECT * FROM `eg_user` WHERE `username` = 'loobin' LIMIT 1   [ RunTime:0.0005s ]
NOTIC: [8] Array to string conversion D:\wamp\www\demo\jyzd\apps\Home\Controller\UserController.class.php 第 67 行.

[ 2016-07-19T10:44:52+08:00 ] 127.0.0.1 /demo/jyzd/index.php/Home/User/login.html
INFO: [ app_init ] --START--
INFO: Run Behavior\BuildLiteBehavior [ RunTime:0.000028s ]
INFO: [ app_init ] --END-- [ RunTime:0.000515s ]
INFO: [ app_begin ] --START--
INFO: Run Behavior\ReadHtmlCacheBehavior [ RunTime:0.000464s ]
INFO: [ app_begin ] --END-- [ RunTime:0.000634s ]
SQL: SHOW COLUMNS FROM `eg_user` [ RunTime:0.0056s ]
SQL: SHOW COLUMNS FROM `eg_user` [ RunTime:0.0032s ]
SQL: SELECT * FROM `eg_user` WHERE `username` = 'loobin' LIMIT 1   [ RunTime:0.0003s ]

[ 2016-07-19T10:57:42+08:00 ] 127.0.0.1 /demo/jyzd/index.php/Home/User/register.html
INFO: [ app_init ] --START--
INFO: Run Behavior\BuildLiteBehavior [ RunTime:0.000026s ]
INFO: [ app_init ] --END-- [ RunTime:0.000429s ]
INFO: [ app_begin ] --START--
INFO: Run Behavior\ReadHtmlCacheBehavior [ RunTime:0.000589s ]
INFO: [ app_begin ] --END-- [ RunTime:0.000721s ]
SQL: SHOW COLUMNS FROM `eg_user` [ RunTime:0.0037s ]
SQL: SHOW COLUMNS FROM `eg_user` [ RunTime:0.0045s ]
SQL: SELECT * FROM `eg_user` WHERE `username` = '031402219' LIMIT 1   [ RunTime:0.0005s ]
SQL: INSERT INTO `eg_user` (`username`,`password`,`sex`,`tel`,`email`,`graduation_year`,`nickname`,`userKey`,`status`,`regTime`) VALUES ('031402219','8a0c2126714ce4a02b9d69ea859e7ef7','男','15659751525','1010@qq.com','','学院教务员','ticocyuw','0','1468897062') [ RunTime:0.0004s ]
NOTIC: [8] Undefined index: regTime D:\wamp\www\demo\jyzd\apps\Home\Controller\UserController.class.php 第 22 行.
NOTIC: [8] Undefined index: groupid D:\wamp\www\demo\jyzd\apps\Home\Controller\UserController.class.php 第 23 行.
INFO: [ app_end ] --START--
INFO: Run Behavior\ShowPageTraceBehavior [ RunTime:0.000802s ]
INFO: [ app_end ] --END-- [ RunTime:0.000926s ]

[ 2016-07-19T11:01:38+08:00 ] 127.0.0.1 /demo/jyzd/index.php/Home/User/login.html
INFO: [ app_init ] --START--
INFO: Run Behavior\BuildLiteBehavior [ RunTime:0.000082s ]
INFO: [ app_init ] --END-- [ RunTime:0.000855s ]
INFO: [ app_begin ] --START--
INFO: Run Behavior\ReadHtmlCacheBehavior [ RunTime:0.000753s ]
INFO: [ app_begin ] --END-- [ RunTime:0.000879s ]
SQL: SHOW COLUMNS FROM `eg_user` [ RunTime:0.0032s ]
SQL: SHOW COLUMNS FROM `eg_user` [ RunTime:0.0031s ]
SQL: SELECT `uid`,`username`,`nickname`,`password` FROM `eg_user` WHERE `username` = '031402219' LIMIT 1   [ RunTime:0.0003s ]
NOTIC: [8] Undefined index: userKey D:\wamp\www\demo\jyzd\apps\Home\Model\UserModel.class.php 第 30 行.
INFO: [ app_end ] --START--
INFO: Run Behavior\ShowPageTraceBehavior [ RunTime:0.001189s ]
INFO: [ app_end ] --END-- [ RunTime:0.001645s ]

[ 2016-07-19T11:01:53+08:00 ] 127.0.0.1 /demo/jyzd/index.php/Home/User/login.html
INFO: [ app_init ] --START--
INFO: Run Behavior\BuildLiteBehavior [ RunTime:0.000029s ]
INFO: [ app_init ] --END-- [ RunTime:0.000483s ]
INFO: [ app_begin ] --START--
INFO: Run Behavior\ReadHtmlCacheBehavior [ RunTime:0.001569s ]
INFO: [ app_begin ] --END-- [ RunTime:0.002113s ]
SQL: SHOW COLUMNS FROM `eg_user` [ RunTime:0.0058s ]
SQL: SHOW COLUMNS FROM `eg_user` [ RunTime:0.0030s ]
SQL: SELECT `uid`,`username`,`nickname`,`password` FROM `eg_user` WHERE `username` = '031402219' LIMIT 1   [ RunTime:0.0003s ]
NOTIC: [8] Undefined index: userKey D:\wamp\www\demo\jyzd\apps\Home\Model\UserModel.class.php 第 30 行.
INFO: [ app_end ] --START--
INFO: Run Behavior\ShowPageTraceBehavior [ RunTime:0.000788s ]
INFO: [ app_end ] --END-- [ RunTime:0.000912s ]

[ 2016-07-19T11:01:56+08:00 ] 127.0.0.1 /demo/jyzd/index.php/Home/User/login.html
INFO: [ app_init ] --START--
INFO: Run Behavior\BuildLiteBehavior [ RunTime:0.000026s ]
INFO: [ app_init ] --END-- [ RunTime:0.000422s ]
INFO: [ app_begin ] --START--
INFO: Run Behavior\ReadHtmlCacheBehavior [ RunTime:0.000610s ]
INFO: [ app_begin ] --END-- [ RunTime:0.000727s ]
SQL: SHOW COLUMNS FROM `eg_user` [ RunTime:0.0031s ]
SQL: SHOW COLUMNS FROM `eg_user` [ RunTime:0.0042s ]
SQL: SELECT `uid`,`username`,`nickname`,`password` FROM `eg_user` WHERE `username` = '031402219' LIMIT 1   [ RunTime:0.0003s ]
NOTIC: [8] Undefined index: userKey D:\wamp\www\demo\jyzd\apps\Home\Model\UserModel.class.php 第 30 行.
INFO: [ app_end ] --START--
INFO: Run Behavior\ShowPageTraceBehavior [ RunTime:0.000753s ]
INFO: [ app_end ] --END-- [ RunTime:0.000873s ]

[ 2016-07-19T11:02:21+08:00 ] 127.0.0.1 /demo/jyzd/index.php/Home/User/login.html
INFO: [ app_init ] --START--
INFO: Run Behavior\BuildLiteBehavior [ RunTime:0.000029s ]
INFO: [ app_init ] --END-- [ RunTime:0.000680s ]
INFO: [ app_begin ] --START--
INFO: Run Behavior\ReadHtmlCacheBehavior [ RunTime:0.000670s ]
INFO: [ app_begin ] --END-- [ RunTime:0.000800s ]
SQL: SHOW COLUMNS FROM `eg_user` [ RunTime:0.0033s ]
SQL: SHOW COLUMNS FROM `eg_user` [ RunTime:0.0034s ]
SQL: SELECT `uid`,`username`,`nickname`,`password` FROM `eg_user` WHERE `username` = '031402219'  [ RunTime:0.0006s ]
NOTIC: [8] Undefined index: userKey D:\wamp\www\demo\jyzd\apps\Home\Model\UserModel.class.php 第 30 行.
NOTIC: [8] Undefined index: password D:\wamp\www\demo\jyzd\apps\Home\Model\UserModel.class.php 第 31 行.
INFO: [ app_end ] --START--
INFO: Run Behavior\ShowPageTraceBehavior [ RunTime:0.000978s ]
INFO: [ app_end ] --END-- [ RunTime:0.001191s ]

[ 2016-07-19T11:03:34+08:00 ] 127.0.0.1 /demo/jyzd/index.php/Home/User/login.html
INFO: [ app_init ] --START--
INFO: Run Behavior\BuildLiteBehavior [ RunTime:0.000028s ]
INFO: [ app_init ] --END-- [ RunTime:0.000472s ]
INFO: [ app_begin ] --START--
INFO: Run Behavior\ReadHtmlCacheBehavior [ RunTime:0.001113s ]
INFO: [ app_begin ] --END-- [ RunTime:0.001283s ]
SQL: SHOW COLUMNS FROM `eg_user` [ RunTime:0.0051s ]
SQL: SHOW COLUMNS FROM `eg_user` [ RunTime:0.0041s ]
SQL: SELECT `uid`,`username`,`nickname`,`password`,`userKey` FROM `eg_user` WHERE `username` = '031402219'  [ RunTime:0.0004s ]
NOTIC: [8] Undefined index: userKey D:\wamp\www\demo\jyzd\apps\Home\Model\UserModel.class.php 第 30 行.
NOTIC: [8] Undefined index: password D:\wamp\www\demo\jyzd\apps\Home\Model\UserModel.class.php 第 32 行.
INFO: [ app_end ] --START--
INFO: Run Behavior\ShowPageTraceBehavior [ RunTime:0.000778s ]
INFO: [ app_end ] --END-- [ RunTime:0.000891s ]

[ 2016-07-19T11:03:55+08:00 ] 127.0.0.1 /demo/jyzd/index.php/Home/User/login.html
INFO: [ app_init ] --START--
INFO: Run Behavior\BuildLiteBehavior [ RunTime:0.000028s ]
INFO: [ app_init ] --END-- [ RunTime:0.000608s ]
INFO: [ app_begin ] --START--
INFO: Run Behavior\ReadHtmlCacheBehavior [ RunTime:0.000656s ]
INFO: [ app_begin ] --END-- [ RunTime:0.000780s ]
SQL: SHOW COLUMNS FROM `eg_user` [ RunTime:0.0033s ]
SQL: SHOW COLUMNS FROM `eg_user` [ RunTime:0.0031s ]
SQL: SELECT `uid`,`username`,`nickname`,`password`,`userKey` FROM `eg_user` WHERE `username` = '031402219'  [ RunTime:0.0004s ]
NOTIC: [8] Undefined index: userKey D:\wamp\www\demo\jyzd\apps\Home\Model\UserModel.class.php 第 30 行.
NOTIC: [8] Undefined index: password D:\wamp\www\demo\jyzd\apps\Home\Model\UserModel.class.php 第 32 行.
INFO: [ app_end ] --START--
INFO: Run Behavior\ShowPageTraceBehavior [ RunTime:0.001696s ]
INFO: [ app_end ] --END-- [ RunTime:0.001879s ]

[ 2016-07-19T11:05:09+08:00 ] 127.0.0.1 /demo/jyzd/index.php/Home/User/login.html
INFO: [ app_init ] --START--
INFO: Run Behavior\BuildLiteBehavior [ RunTime:0.000039s ]
INFO: [ app_init ] --END-- [ RunTime:0.000696s ]
INFO: [ app_begin ] --START--
INFO: Run Behavior\ReadHtmlCacheBehavior [ RunTime:0.000642s ]
INFO: [ app_begin ] --END-- [ RunTime:0.000762s ]
SQL: SHOW COLUMNS FROM `eg_user` [ RunTime:0.0034s ]
SQL: SHOW COLUMNS FROM `eg_user` [ RunTime:0.0032s ]
SQL: SELECT `uid`,`username`,`nickname`,`password`,`userKey` FROM `eg_user` WHERE `username` = '031402219'  [ RunTime:0.0012s ]

[ 2016-07-19T11:05:32+08:00 ] 127.0.0.1 /demo/jyzd/index.php/Home/User/login.html
INFO: [ app_init ] --START--
INFO: Run Behavior\BuildLiteBehavior [ RunTime:0.000033s ]
INFO: [ app_init ] --END-- [ RunTime:0.000793s ]
INFO: [ app_begin ] --START--
INFO: Run Behavior\ReadHtmlCacheBehavior [ RunTime:0.000643s ]
INFO: [ app_begin ] --END-- [ RunTime:0.000765s ]
SQL: SHOW COLUMNS FROM `eg_user` [ RunTime:0.0036s ]
SQL: SHOW COLUMNS FROM `eg_user` [ RunTime:0.0032s ]
SQL: SELECT `uid`,`username`,`nickname`,`password`,`userKey` FROM `eg_user` WHERE `username` = '031402219' LIMIT 1   [ RunTime:0.0004s ]

[ 2016-07-19T11:05:48+08:00 ] 127.0.0.1 /demo/jyzd/index.php/Home/User/login.html
INFO: [ app_init ] --START--
INFO: Run Behavior\BuildLiteBehavior [ RunTime:0.000066s ]
INFO: [ app_init ] --END-- [ RunTime:0.000918s ]
INFO: [ app_begin ] --START--
INFO: Run Behavior\ReadHtmlCacheBehavior [ RunTime:0.000808s ]
INFO: [ app_begin ] --END-- [ RunTime:0.000965s ]
SQL: SHOW COLUMNS FROM `eg_user` [ RunTime:0.0048s ]
SQL: SHOW COLUMNS FROM `eg_user` [ RunTime:0.0031s ]
SQL: SELECT `uid`,`username`,`nickname`,`password`,`userKey` FROM `eg_user` WHERE `username` = '031402219' LIMIT 1   [ RunTime:0.0003s ]

[ 2016-07-19T11:11:54+08:00 ] 127.0.0.1 /demo/jyzd/index.php/Home/User/login.html
INFO: [ app_init ] --START--
INFO: Run Behavior\BuildLiteBehavior [ RunTime:0.000025s ]
INFO: [ app_init ] --END-- [ RunTime:0.000428s ]
INFO: [ app_begin ] --START--
INFO: Run Behavior\ReadHtmlCacheBehavior [ RunTime:0.000622s ]
INFO: [ app_begin ] --END-- [ RunTime:0.000728s ]
ERR: 非法操作:login

[ 2016-07-19T15:06:19+08:00 ] 127.0.0.1 /demo/jyzd/index.php/Home/User/login.html
INFO: [ app_init ] --START--
INFO: Run Behavior\BuildLiteBehavior [ RunTime:0.000033s ]
INFO: [ app_init ] --END-- [ RunTime:0.030723s ]
INFO: [ app_begin ] --START--
INFO: Run Behavior\ReadHtmlCacheBehavior [ RunTime:0.007674s ]
INFO: [ app_begin ] --END-- [ RunTime:0.007840s ]
NOTIC: [8] Undefined variable: json D:\wamp\www\demo\jyzd\apps\Home\Controller\UserController.class.php 第 75 行.
INFO: [ app_end ] --START--
INFO: Run Behavior\ShowPageTraceBehavior [ RunTime:0.015780s ]
INFO: [ app_end ] --END-- [ RunTime:0.015925s ]

[ 2016-07-19T15:07:49+08:00 ] 127.0.0.1 /demo/jyzd/index.php/Home/User/login.html
INFO: [ app_init ] --START--
INFO: Run Behavior\BuildLiteBehavior [ RunTime:0.000075s ]
INFO: [ app_init ] --END-- [ RunTime:0.001352s ]
INFO: [ app_begin ] --START--
INFO: Run Behavior\ReadHtmlCacheBehavior [ RunTime:0.000781s ]
INFO: [ app_begin ] --END-- [ RunTime:0.000950s ]
NOTIC: [8] Undefined variable: json D:\wamp\www\demo\jyzd\apps\Home\Controller\UserController.class.php 第 75 行.
INFO: [ app_end ] --START--
INFO: Run Behavior\ShowPageTraceBehavior [ RunTime:0.000614s ]
INFO: [ app_end ] --END-- [ RunTime:0.000776s ]

[ 2016-07-19T15:08:26+08:00 ] 127.0.0.1 /demo/jyzd/index.php/Home/User/login.html
INFO: [ app_init ] --START--
INFO: Run Behavior\BuildLiteBehavior [ RunTime:0.000090s ]
INFO: [ app_init ] --END-- [ RunTime:0.001526s ]
INFO: [ app_begin ] --START--
INFO: Run Behavior\ReadHtmlCacheBehavior [ RunTime:0.000782s ]
INFO: [ app_begin ] --END-- [ RunTime:0.000945s ]
INFO: [ app_end ] --START--
INFO: Run Behavior\ShowPageTraceBehavior [ RunTime:0.000823s ]
INFO: [ app_end ] --END-- [ RunTime:0.001004s ]

[ 2016-07-19T15:09:51+08:00 ] 127.0.0.1 /demo/jyzd/index.php/Home/User/register.html
INFO: [ app_init ] --START--
INFO: Run Behavior\BuildLiteBehavior [ RunTime:0.000027s ]
INFO: [ app_init ] --END-- [ RunTime:0.000452s ]
INFO: [ app_begin ] --START--
INFO: Run Behavior\ReadHtmlCacheBehavior [ RunTime:0.001254s ]
INFO: [ app_begin ] --END-- [ RunTime:0.001476s ]
SQL: SHOW COLUMNS FROM `eg_user` [ RunTime:0.3173s ]
SQL: SHOW COLUMNS FROM `eg_user` [ RunTime:0.0246s ]
SQL: SELECT * FROM `eg_user` WHERE `username` = '031402201' LIMIT 1   [ RunTime:0.0576s ]
SQL: INSERT INTO `eg_user` (`username`,`password`,`sex`,`tel`,`email`,`graduation_year`,`nickname`,`userKey`,`status`,`regTime`) VALUES ('031402201','54572d3e1508bd598a897867fa08d9f9','男','15659751525','1010@qq.com','2014','学院教务员','xhylnqdv','0','1468912191') [ RunTime:0.0847s ]
NOTIC: [8] Undefined index: regTime D:\wamp\www\demo\jyzd\apps\Home\Controller\UserController.class.php 第 22 行.
NOTIC: [8] Undefined index: groupid D:\wamp\www\demo\jyzd\apps\Home\Controller\UserController.class.php 第 23 行.
INFO: [ app_end ] --START--
INFO: Run Behavior\ShowPageTraceBehavior [ RunTime:0.000562s ]
INFO: [ app_end ] --END-- [ RunTime:0.000689s ]

[ 2016-07-19T15:44:48+08:00 ] 127.0.0.1 /demo/jyzd/index.php/Home/User/login.html
INFO: [ app_init ] --START--
INFO: Run Behavior\BuildLiteBehavior [ RunTime:0.000030s ]
INFO: [ app_init ] --END-- [ RunTime:0.000519s ]
INFO: [ app_begin ] --START--
INFO: Run Behavior\ReadHtmlCacheBehavior [ RunTime:0.000936s ]
INFO: [ app_begin ] --END-- [ RunTime:0.001086s ]
SQL: SHOW COLUMNS FROM `eg_user_token` [ RunTime:0.0055s ]
SQL: SELECT * FROM `eg_user_token` WHERE ( token ) LIMIT 1   [ RunTime:0.0004s ]
SQL: SHOW COLUMNS FROM `eg_user` [ RunTime:0.0035s ]
INFO: [ app_end ] --START--
INFO: Run Behavior\ShowPageTraceBehavior [ RunTime:0.001039s ]
INFO: [ app_end ] --END-- [ RunTime:0.001180s ]

[ 2016-07-19T15:45:59+08:00 ] 127.0.0.1 /demo/jyzd/index.php/Home/User/logout.html
INFO: [ app_init ] --START--
INFO: Run Behavior\BuildLiteBehavior [ RunTime:0.000029s ]
INFO: [ app_init ] --END-- [ RunTime:0.000506s ]
INFO: [ app_begin ] --START--
INFO: Run Behavior\ReadHtmlCacheBehavior [ RunTime:0.000904s ]
INFO: [ app_begin ] --END-- [ RunTime:0.001036s ]
INFO: [ app_end ] --START--
INFO: Run Behavior\ShowPageTraceBehavior [ RunTime:0.001283s ]
INFO: [ app_end ] --END-- [ RunTime:0.001491s ]

[ 2016-07-19T15:46:08+08:00 ] 127.0.0.1 /demo/jyzd/index.php/Home/User/login.html
INFO: [ app_init ] --START--
INFO: Run Behavior\BuildLiteBehavior [ RunTime:0.000032s ]
INFO: [ app_init ] --END-- [ RunTime:0.000639s ]
INFO: [ app_begin ] --START--
INFO: Run Behavior\ReadHtmlCacheBehavior [ RunTime:0.000919s ]
INFO: [ app_begin ] --END-- [ RunTime:0.001065s ]
SQL: SHOW COLUMNS FROM `eg_user` [ RunTime:0.0037s ]
SQL: SELECT `uid`,`username`,`nickname`,`password`,`userKey` FROM `eg_user` WHERE `username` = '031402219' LIMIT 1   [ RunTime:0.0005s ]

