[ 2016-07-20T15:46:22+08:00 ] 127.0.0.1 /demo/jyzd/
INFO: [ app_init ] --START--
INFO: Run Behavior\BuildLiteBehavior [ RunTime:0.000032s ]
INFO: [ app_init ] --END-- [ RunTime:0.001018s ]
INFO: [ app_begin ] --START--
INFO: Run Behavior\ReadHtmlCacheBehavior [ RunTime:0.001882s ]
INFO: [ app_begin ] --END-- [ RunTime:0.002043s ]
ERR: 无法加载控制器:

[ 2016-07-20T15:46:50+08:00 ] 127.0.0.1 /demo/jyzd/index.php/Home/User/register.html
INFO: [ app_init ] --START--
INFO: Run Behavior\BuildLiteBehavior [ RunTime:0.000047s ]
INFO: [ app_init ] --END-- [ RunTime:0.000833s ]
INFO: [ app_begin ] --START--
INFO: Run Behavior\ReadHtmlCacheBehavior [ RunTime:0.000870s ]
INFO: [ app_begin ] --END-- [ RunTime:0.001021s ]

[ 2016-07-20T15:47:15+08:00 ] 127.0.0.1 /demo/jyzd/index.php/Home/User/register.html
INFO: [ app_init ] --START--
INFO: Run Behavior\BuildLiteBehavior [ RunTime:0.000028s ]
INFO: [ app_init ] --END-- [ RunTime:0.000510s ]
INFO: [ app_begin ] --START--
INFO: Run Behavior\ReadHtmlCacheBehavior [ RunTime:0.001613s ]
INFO: [ app_begin ] --END-- [ RunTime:0.002517s ]

[ 2016-07-20T15:47:43+08:00 ] 127.0.0.1 /demo/jyzd/index.php/Home/User/register.html
INFO: [ app_init ] --START--
INFO: Run Behavior\BuildLiteBehavior [ RunTime:0.000033s ]
INFO: [ app_init ] --END-- [ RunTime:0.000643s ]
INFO: [ app_begin ] --START--
INFO: Run Behavior\ReadHtmlCacheBehavior [ RunTime:0.000900s ]
INFO: [ app_begin ] --END-- [ RunTime:0.001063s ]
SQL: SHOW COLUMNS FROM `vs_user` [ RunTime:0.0035s ]
SQL: SHOW COLUMNS FROM `vs_user` [ RunTime:0.0035s ]
SQL: SELECT * FROM `vs_user` WHERE ( username ) LIMIT 1   [ RunTime:0.0006s ]
NOTIC: [8] Undefined index: groupid D:\wamp\www\demo\jyzd\apps\Home\Model\UserModel.class.php 第 21 行.
SQL: INSERT INTO `vs_user` (`username`,`password`,`tel`,`email`,`nickname`,`userKey`,`status`,`reg_time`) VALUES ('admin','8addd401821096e9fe2b6d609cebbdc9','15659751525','1010548824@qq.com','学院教务员','xqpdnhiz','1','1469000863') [ RunTime:0.0151s ]
NOTIC: [8] Undefined index: groupid D:\wamp\www\demo\jyzd\apps\Home\Controller\UserController.class.php 第 20 行.
INFO: [ app_end ] --START--
INFO: Run Behavior\ShowPageTraceBehavior [ RunTime:0.015621s ]
INFO: [ app_end ] --END-- [ RunTime:0.015798s ]

[ 2016-07-20T15:47:50+08:00 ] 127.0.0.1 /demo/jyzd/index.php/Home/User/login.html
INFO: [ app_init ] --START--
INFO: Run Behavior\BuildLiteBehavior [ RunTime:0.000052s ]
INFO: [ app_init ] --END-- [ RunTime:0.003320s ]
INFO: [ app_begin ] --START--
INFO: Run Behavior\ReadHtmlCacheBehavior [ RunTime:0.000877s ]
INFO: [ app_begin ] --END-- [ RunTime:0.001026s ]
SQL: SHOW COLUMNS FROM `vs_user` [ RunTime:0.0034s ]
SQL: SELECT `uid`,`username`,`nickname`,`name`,`password`,`userKey` FROM `vs_user` WHERE `username` = 'admin' LIMIT 1   [ RunTime:0.0003s ]
INFO: [ app_end ] --START--
INFO: Run Behavior\ShowPageTraceBehavior [ RunTime:0.001024s ]
INFO: [ app_end ] --END-- [ RunTime:0.001158s ]

[ 2016-07-20T15:48:27+08:00 ] 127.0.0.1 /demo/jyzd/index.php/Home/User/login.html
INFO: [ app_init ] --START--
INFO: Run Behavior\BuildLiteBehavior [ RunTime:0.000030s ]
INFO: [ app_init ] --END-- [ RunTime:0.000548s ]
INFO: [ app_begin ] --START--
INFO: Run Behavior\ReadHtmlCacheBehavior [ RunTime:0.002100s ]
INFO: [ app_begin ] --END-- [ RunTime:0.002458s ]
SQL: SHOW COLUMNS FROM `vs_user` [ RunTime:0.0566s ]
SQL: SELECT `uid`,`username`,`nickname`,`name`,`password`,`userKey` FROM `vs_user` WHERE `username` = 'admin' LIMIT 1   [ RunTime:0.0003s ]
SQL: UPDATE `vs_user` SET `log_time`='1469000907' WHERE ( username ) [ RunTime:0.0493s ]
ERR: 1146:La table 'jyzd.vs_user_token' n'existe pas
 [ SQL语句 ] : SHOW COLUMNS FROM `vs_user_token`
ERR: 1146:La table 'jyzd.vs_user_token' n'existe pas
 [ SQL语句 ] : SHOW COLUMNS FROM `vs_user_token`

[ 2016-07-20T15:49:18+08:00 ] 127.0.0.1 /demo/jyzd/index.php/Home/User/login.html
INFO: [ app_init ] --START--
INFO: Run Behavior\BuildLiteBehavior [ RunTime:0.000029s ]
INFO: [ app_init ] --END-- [ RunTime:0.000558s ]
INFO: [ app_begin ] --START--
INFO: Run Behavior\ReadHtmlCacheBehavior [ RunTime:0.000898s ]
INFO: [ app_begin ] --END-- [ RunTime:0.001041s ]
SQL: SHOW COLUMNS FROM `vs_user` [ RunTime:0.0034s ]
SQL: SELECT `uid`,`username`,`nickname`,`name`,`password`,`userKey` FROM `vs_user` WHERE `username` = 'admin' LIMIT 1   [ RunTime:0.0003s ]
SQL: UPDATE `vs_user` SET `log_time`='1469000958' WHERE ( username ) [ RunTime:0.0002s ]
SQL: SHOW COLUMNS FROM `vs_user_token` [ RunTime:0.0034s ]
NOTIC: [8] Undefined index: groupid D:\wamp\www\demo\jyzd\apps\Home\Controller\UserController.class.php 第 48 行.
ERR: 1048:Le champ 'groupid' ne peut être vide (null)
 [ SQL语句 ] : INSERT INTO `vs_user_token` (`uid`,`groupid`,`token`,`token_expire`,`addtime`) VALUES ('1',NULL,'a13f8c6b2e24346973e5cdd082385153','1476776958','1469000958')
ERR: 1048:Le champ 'groupid' ne peut être vide (null)
 [ SQL语句 ] : INSERT INTO `vs_user_token` (`uid`,`groupid`,`token`,`token_expire`,`addtime`) VALUES ('1',NULL,'a13f8c6b2e24346973e5cdd082385153','1476776958','1469000958')

[ 2016-07-20T15:50:23+08:00 ] 127.0.0.1 /demo/jyzd/index.php/Home/User/login.html
INFO: [ app_init ] --START--
INFO: Run Behavior\BuildLiteBehavior [ RunTime:0.000032s ]
INFO: [ app_init ] --END-- [ RunTime:0.000588s ]
INFO: [ app_begin ] --START--
INFO: Run Behavior\ReadHtmlCacheBehavior [ RunTime:0.000853s ]
INFO: [ app_begin ] --END-- [ RunTime:0.001019s ]
SQL: SHOW COLUMNS FROM `vs_user` [ RunTime:0.0041s ]
SQL: SELECT `uid`,`username`,`nickname`,`name`,`password`,`userKey`,`groupid` FROM `vs_user` WHERE `username` = 'admin' LIMIT 1   [ RunTime:0.0006s ]
SQL: UPDATE `vs_user` SET `log_time`='1469001023' WHERE ( username ) [ RunTime:0.0024s ]
SQL: SHOW COLUMNS FROM `vs_user_token` [ RunTime:0.0034s ]
SQL: INSERT INTO `vs_user_token` (`uid`,`groupid`,`token`,`token_expire`,`addtime`) VALUES ('1','0','efdf9207ec3adaaf19a91b882f83ad6f','1476777023','1469001023') [ RunTime:0.0175s ]
SQL: DELETE FROM `vs_user_token` WHERE ( token_expire < 1469001023 ) [ RunTime:0.0003s ]
INFO: [ app_end ] --START--
INFO: Run Behavior\ShowPageTraceBehavior [ RunTime:0.001194s ]
INFO: [ app_end ] --END-- [ RunTime:0.001403s ]

[ 2016-07-20T15:55:26+08:00 ] 127.0.0.1 /demo/jyzd/index.php/Home/User/isOnly.html?username=admin
INFO: [ app_init ] --START--
INFO: Run Behavior\BuildLiteBehavior [ RunTime:0.000034s ]
INFO: [ app_init ] --END-- [ RunTime:0.000604s ]
INFO: [ app_begin ] --START--
INFO: Run Behavior\ReadHtmlCacheBehavior [ RunTime:0.000878s ]
INFO: [ app_begin ] --END-- [ RunTime:0.001023s ]
SQL: SHOW COLUMNS FROM `vs_user` [ RunTime:0.0034s ]
SQL: SHOW COLUMNS FROM `vs_user` [ RunTime:0.0032s ]
SQL: SELECT * FROM `vs_user` WHERE ( username ) LIMIT 1   [ RunTime:0.0003s ]
INFO: [ app_end ] --START--
INFO: Run Behavior\ShowPageTraceBehavior [ RunTime:0.002188s ]
INFO: [ app_end ] --END-- [ RunTime:0.002433s ]

[ 2016-07-20T15:55:39+08:00 ] 127.0.0.1 /demo/jyzd/index.php/Home/User/isOnly.html?username=admin
INFO: [ app_init ] --START--
INFO: Run Behavior\BuildLiteBehavior [ RunTime:0.000030s ]
INFO: [ app_init ] --END-- [ RunTime:0.000513s ]
INFO: [ app_begin ] --START--
INFO: Run Behavior\ReadHtmlCacheBehavior [ RunTime:0.000799s ]
INFO: [ app_begin ] --END-- [ RunTime:0.000934s ]
SQL: SHOW COLUMNS FROM `vs_user` [ RunTime:0.0052s ]
SQL: SHOW COLUMNS FROM `vs_user` [ RunTime:0.0039s ]
SQL: SELECT * FROM `vs_user` WHERE ( username ) LIMIT 1   [ RunTime:0.0003s ]
INFO: [ app_end ] --START--
INFO: Run Behavior\ShowPageTraceBehavior [ RunTime:0.000967s ]
INFO: [ app_end ] --END-- [ RunTime:0.001107s ]

[ 2016-07-20T15:55:41+08:00 ] 127.0.0.1 /demo/jyzd/index.php/Home/User/isOnly.html?username=admin
INFO: [ app_init ] --START--
INFO: Run Behavior\BuildLiteBehavior [ RunTime:0.000032s ]
INFO: [ app_init ] --END-- [ RunTime:0.000521s ]
INFO: [ app_begin ] --START--
INFO: Run Behavior\ReadHtmlCacheBehavior [ RunTime:0.000807s ]
INFO: [ app_begin ] --END-- [ RunTime:0.000941s ]
SQL: SHOW COLUMNS FROM `vs_user` [ RunTime:0.0037s ]
SQL: SHOW COLUMNS FROM `vs_user` [ RunTime:0.0051s ]
SQL: SELECT * FROM `vs_user` WHERE ( username ) LIMIT 1   [ RunTime:0.0005s ]
INFO: [ app_end ] --START--
INFO: Run Behavior\ShowPageTraceBehavior [ RunTime:0.001048s ]
INFO: [ app_end ] --END-- [ RunTime:0.001205s ]

[ 2016-07-20T15:55:42+08:00 ] 127.0.0.1 /demo/jyzd/index.php/Home/User/isOnly.html?username=admin
INFO: [ app_init ] --START--
INFO: Run Behavior\BuildLiteBehavior [ RunTime:0.000032s ]
INFO: [ app_init ] --END-- [ RunTime:0.000563s ]
INFO: [ app_begin ] --START--
INFO: Run Behavior\ReadHtmlCacheBehavior [ RunTime:0.000807s ]
INFO: [ app_begin ] --END-- [ RunTime:0.000942s ]
SQL: SHOW COLUMNS FROM `vs_user` [ RunTime:0.0034s ]
SQL: SHOW COLUMNS FROM `vs_user` [ RunTime:0.0051s ]
SQL: SELECT * FROM `vs_user` WHERE ( username ) LIMIT 1   [ RunTime:0.0004s ]
INFO: [ app_end ] --START--
INFO: Run Behavior\ShowPageTraceBehavior [ RunTime:0.000995s ]
INFO: [ app_end ] --END-- [ RunTime:0.001134s ]

[ 2016-07-20T15:55:42+08:00 ] 127.0.0.1 /demo/jyzd/index.php/Home/User/isOnly.html?username=admin
INFO: [ app_init ] --START--
INFO: Run Behavior\BuildLiteBehavior [ RunTime:0.000035s ]
INFO: [ app_init ] --END-- [ RunTime:0.000590s ]
INFO: [ app_begin ] --START--
INFO: Run Behavior\ReadHtmlCacheBehavior [ RunTime:0.000958s ]
INFO: [ app_begin ] --END-- [ RunTime:0.001128s ]
SQL: SHOW COLUMNS FROM `vs_user` [ RunTime:0.0044s ]
SQL: SHOW COLUMNS FROM `vs_user` [ RunTime:0.0047s ]
SQL: SELECT * FROM `vs_user` WHERE ( username ) LIMIT 1   [ RunTime:0.0005s ]
INFO: [ app_end ] --START--
INFO: Run Behavior\ShowPageTraceBehavior [ RunTime:0.001156s ]
INFO: [ app_end ] --END-- [ RunTime:0.001390s ]

[ 2016-07-20T15:55:43+08:00 ] 127.0.0.1 /demo/jyzd/index.php/Home/User/isOnly.html?username=admin
INFO: [ app_init ] --START--
INFO: Run Behavior\BuildLiteBehavior [ RunTime:0.000037s ]
INFO: [ app_init ] --END-- [ RunTime:0.000601s ]
INFO: [ app_begin ] --START--
INFO: Run Behavior\ReadHtmlCacheBehavior [ RunTime:0.000815s ]
INFO: [ app_begin ] --END-- [ RunTime:0.000950s ]
SQL: SHOW COLUMNS FROM `vs_user` [ RunTime:0.0302s ]
SQL: SHOW COLUMNS FROM `vs_user` [ RunTime:0.0032s ]
SQL: SELECT * FROM `vs_user` WHERE ( username ) LIMIT 1   [ RunTime:0.0003s ]
INFO: [ app_end ] --START--
INFO: Run Behavior\ShowPageTraceBehavior [ RunTime:0.001200s ]
INFO: [ app_end ] --END-- [ RunTime:0.001391s ]

[ 2016-07-20T15:55:44+08:00 ] 127.0.0.1 /demo/jyzd/index.php/Home/User/isOnly.html?username=admin
INFO: [ app_init ] --START--
INFO: Run Behavior\BuildLiteBehavior [ RunTime:0.000054s ]
INFO: [ app_init ] --END-- [ RunTime:0.000923s ]
INFO: [ app_begin ] --START--
INFO: Run Behavior\ReadHtmlCacheBehavior [ RunTime:0.000896s ]
INFO: [ app_begin ] --END-- [ RunTime:0.001043s ]
SQL: SHOW COLUMNS FROM `vs_user` [ RunTime:0.0034s ]
SQL: SHOW COLUMNS FROM `vs_user` [ RunTime:0.0032s ]
SQL: SELECT * FROM `vs_user` WHERE ( username ) LIMIT 1   [ RunTime:0.0004s ]
INFO: [ app_end ] --START--
INFO: Run Behavior\ShowPageTraceBehavior [ RunTime:0.002104s ]
INFO: [ app_end ] --END-- [ RunTime:0.002335s ]

[ 2016-07-20T15:55:45+08:00 ] 127.0.0.1 /demo/jyzd/index.php/Home/User/isOnly.html?username=admin
INFO: [ app_init ] --START--
INFO: Run Behavior\BuildLiteBehavior [ RunTime:0.000031s ]
INFO: [ app_init ] --END-- [ RunTime:0.000517s ]
INFO: [ app_begin ] --START--
INFO: Run Behavior\ReadHtmlCacheBehavior [ RunTime:0.001366s ]
INFO: [ app_begin ] --END-- [ RunTime:0.001572s ]
SQL: SHOW COLUMNS FROM `vs_user` [ RunTime:0.0054s ]
SQL: SHOW COLUMNS FROM `vs_user` [ RunTime:0.0038s ]
SQL: SELECT * FROM `vs_user` WHERE ( username ) LIMIT 1   [ RunTime:0.0003s ]
INFO: [ app_end ] --START--
INFO: Run Behavior\ShowPageTraceBehavior [ RunTime:0.000979s ]
INFO: [ app_end ] --END-- [ RunTime:0.001123s ]

[ 2016-07-20T15:55:46+08:00 ] 127.0.0.1 /demo/jyzd/index.php/Home/User/isOnly.html?username=admin
INFO: [ app_init ] --START--
INFO: Run Behavior\BuildLiteBehavior [ RunTime:0.000030s ]
INFO: [ app_init ] --END-- [ RunTime:0.000532s ]
INFO: [ app_begin ] --START--
INFO: Run Behavior\ReadHtmlCacheBehavior [ RunTime:0.000809s ]
INFO: [ app_begin ] --END-- [ RunTime:0.000944s ]
SQL: SHOW COLUMNS FROM `vs_user` [ RunTime:0.0037s ]
SQL: SHOW COLUMNS FROM `vs_user` [ RunTime:0.0052s ]
SQL: SELECT * FROM `vs_user` WHERE ( username ) LIMIT 1   [ RunTime:0.0004s ]
INFO: [ app_end ] --START--
INFO: Run Behavior\ShowPageTraceBehavior [ RunTime:0.000994s ]
INFO: [ app_end ] --END-- [ RunTime:0.001134s ]

[ 2016-07-20T15:55:47+08:00 ] 127.0.0.1 /demo/jyzd/index.php/Home/User/isOnly.html?username=admin
INFO: [ app_init ] --START--
INFO: Run Behavior\BuildLiteBehavior [ RunTime:0.000031s ]
INFO: [ app_init ] --END-- [ RunTime:0.000531s ]
INFO: [ app_begin ] --START--
INFO: Run Behavior\ReadHtmlCacheBehavior [ RunTime:0.000808s ]
INFO: [ app_begin ] --END-- [ RunTime:0.000941s ]
SQL: SHOW COLUMNS FROM `vs_user` [ RunTime:0.0036s ]
SQL: SHOW COLUMNS FROM `vs_user` [ RunTime:0.0054s ]
SQL: SELECT * FROM `vs_user` WHERE ( username ) LIMIT 1   [ RunTime:0.0003s ]
INFO: [ app_end ] --START--
INFO: Run Behavior\ShowPageTraceBehavior [ RunTime:0.000995s ]
INFO: [ app_end ] --END-- [ RunTime:0.001138s ]

[ 2016-07-20T15:55:48+08:00 ] 127.0.0.1 /demo/jyzd/index.php/Home/User/isOnly.html?username=admin
INFO: [ app_init ] --START--
INFO: Run Behavior\BuildLiteBehavior [ RunTime:0.000030s ]
INFO: [ app_init ] --END-- [ RunTime:0.000514s ]
INFO: [ app_begin ] --START--
INFO: Run Behavior\ReadHtmlCacheBehavior [ RunTime:0.002799s ]
INFO: [ app_begin ] --END-- [ RunTime:0.003023s ]
SQL: SHOW COLUMNS FROM `vs_user` [ RunTime:0.0049s ]
SQL: SHOW COLUMNS FROM `vs_user` [ RunTime:0.0033s ]
SQL: SELECT * FROM `vs_user` WHERE ( username ) LIMIT 1   [ RunTime:0.0005s ]
INFO: [ app_end ] --START--
INFO: Run Behavior\ShowPageTraceBehavior [ RunTime:0.001057s ]
INFO: [ app_end ] --END-- [ RunTime:0.001237s ]

[ 2016-07-20T15:55:49+08:00 ] 127.0.0.1 /demo/jyzd/index.php/Home/User/isOnly.html?username=admin
INFO: [ app_init ] --START--
INFO: Run Behavior\BuildLiteBehavior [ RunTime:0.000032s ]
INFO: [ app_init ] --END-- [ RunTime:0.000513s ]
INFO: [ app_begin ] --START--
INFO: Run Behavior\ReadHtmlCacheBehavior [ RunTime:0.001449s ]
INFO: [ app_begin ] --END-- [ RunTime:0.001691s ]
SQL: SHOW COLUMNS FROM `vs_user` [ RunTime:0.0039s ]
SQL: SHOW COLUMNS FROM `vs_user` [ RunTime:0.0032s ]
SQL: SELECT * FROM `vs_user` WHERE ( username ) LIMIT 1   [ RunTime:0.0003s ]
INFO: [ app_end ] --START--
INFO: Run Behavior\ShowPageTraceBehavior [ RunTime:0.000962s ]
INFO: [ app_end ] --END-- [ RunTime:0.001104s ]

[ 2016-07-20T15:55:51+08:00 ] 127.0.0.1 /demo/jyzd/index.php/Home/User/isOnly.html?username=admin
INFO: [ app_init ] --START--
INFO: Run Behavior\BuildLiteBehavior [ RunTime:0.000031s ]
INFO: [ app_init ] --END-- [ RunTime:0.000524s ]
INFO: [ app_begin ] --START--
INFO: Run Behavior\ReadHtmlCacheBehavior [ RunTime:0.000802s ]
INFO: [ app_begin ] --END-- [ RunTime:0.000937s ]
SQL: SHOW COLUMNS FROM `vs_user` [ RunTime:0.0049s ]
SQL: SHOW COLUMNS FROM `vs_user` [ RunTime:0.0041s ]
SQL: SELECT * FROM `vs_user` WHERE ( username ) LIMIT 1   [ RunTime:0.0003s ]
INFO: [ app_end ] --START--
INFO: Run Behavior\ShowPageTraceBehavior [ RunTime:0.000966s ]
INFO: [ app_end ] --END-- [ RunTime:0.001106s ]

[ 2016-07-20T15:55:52+08:00 ] 127.0.0.1 /demo/jyzd/index.php/Home/User/isOnly.html?username=admin
INFO: [ app_init ] --START--
INFO: Run Behavior\BuildLiteBehavior [ RunTime:0.000030s ]
INFO: [ app_init ] --END-- [ RunTime:0.000522s ]
INFO: [ app_begin ] --START--
INFO: Run Behavior\ReadHtmlCacheBehavior [ RunTime:0.000849s ]
INFO: [ app_begin ] --END-- [ RunTime:0.000993s ]
SQL: SHOW COLUMNS FROM `vs_user` [ RunTime:0.0034s ]
SQL: SHOW COLUMNS FROM `vs_user` [ RunTime:0.0050s ]
SQL: SELECT * FROM `vs_user` WHERE ( username ) LIMIT 1   [ RunTime:0.0003s ]
INFO: [ app_end ] --START--
INFO: Run Behavior\ShowPageTraceBehavior [ RunTime:0.000983s ]
INFO: [ app_end ] --END-- [ RunTime:0.001122s ]

[ 2016-07-20T15:55:53+08:00 ] 127.0.0.1 /demo/jyzd/index.php/Home/User/isOnly.html?username=admin
INFO: [ app_init ] --START--
INFO: Run Behavior\BuildLiteBehavior [ RunTime:0.000032s ]
INFO: [ app_init ] --END-- [ RunTime:0.000606s ]
INFO: [ app_begin ] --START--
INFO: Run Behavior\ReadHtmlCacheBehavior [ RunTime:0.001072s ]
INFO: [ app_begin ] --END-- [ RunTime:0.001214s ]
SQL: SHOW COLUMNS FROM `vs_user` [ RunTime:0.0037s ]
SQL: SHOW COLUMNS FROM `vs_user` [ RunTime:0.0048s ]
SQL: SELECT * FROM `vs_user` WHERE ( username ) LIMIT 1   [ RunTime:0.0004s ]
INFO: [ app_end ] --START--
INFO: Run Behavior\ShowPageTraceBehavior [ RunTime:0.001478s ]
INFO: [ app_end ] --END-- [ RunTime:0.001689s ]

[ 2016-07-20T15:55:54+08:00 ] 127.0.0.1 /demo/jyzd/index.php/Home/User/isOnly.html?username=admin
INFO: [ app_init ] --START--
INFO: Run Behavior\BuildLiteBehavior [ RunTime:0.000030s ]
INFO: [ app_init ] --END-- [ RunTime:0.000535s ]
INFO: [ app_begin ] --START--
INFO: Run Behavior\ReadHtmlCacheBehavior [ RunTime:0.001066s ]
INFO: [ app_begin ] --END-- [ RunTime:0.001206s ]
SQL: SHOW COLUMNS FROM `vs_user` [ RunTime:0.0038s ]
SQL: SHOW COLUMNS FROM `vs_user` [ RunTime:0.0047s ]
SQL: SELECT * FROM `vs_user` WHERE ( username ) LIMIT 1   [ RunTime:0.0003s ]
INFO: [ app_end ] --START--
INFO: Run Behavior\ShowPageTraceBehavior [ RunTime:0.000987s ]
INFO: [ app_end ] --END-- [ RunTime:0.001129s ]

[ 2016-07-20T17:24:36+08:00 ] 127.0.0.1 /demo/jyzd/index.php/Home/cpt/add.html
INFO: [ app_init ] --START--
INFO: Run Behavior\BuildLiteBehavior [ RunTime:0.000034s ]
INFO: [ app_init ] --END-- [ RunTime:0.001058s ]
INFO: [ app_begin ] --START--
INFO: Run Behavior\ReadHtmlCacheBehavior [ RunTime:0.001437s ]
INFO: [ app_begin ] --END-- [ RunTime:0.001609s ]
ERR: 无法加载控制器:Cpt

[ 2016-07-20T17:25:17+08:00 ] 127.0.0.1 /demo/jyzd/index.php/Home/cpt/add.html
INFO: [ app_init ] --START--
INFO: Run Behavior\BuildLiteBehavior [ RunTime:0.000029s ]
INFO: [ app_init ] --END-- [ RunTime:0.000549s ]
INFO: [ app_begin ] --START--
INFO: Run Behavior\ReadHtmlCacheBehavior [ RunTime:0.000800s ]
INFO: [ app_begin ] --END-- [ RunTime:0.000957s ]
ERR: 无法加载控制器:Cpt

[ 2016-07-20T17:25:19+08:00 ] 127.0.0.1 /demo/jyzd/index.php/Home/cpt/add.html
INFO: [ app_init ] --START--
INFO: Run Behavior\BuildLiteBehavior [ RunTime:0.000030s ]
INFO: [ app_init ] --END-- [ RunTime:0.000551s ]
INFO: [ app_begin ] --START--
INFO: Run Behavior\ReadHtmlCacheBehavior [ RunTime:0.000718s ]
INFO: [ app_begin ] --END-- [ RunTime:0.000849s ]
ERR: 无法加载控制器:Cpt

[ 2016-07-20T17:25:23+08:00 ] 127.0.0.1 /demo/jyzd/index.php/Home/cpt/add.html
INFO: [ app_init ] --START--
INFO: Run Behavior\BuildLiteBehavior [ RunTime:0.000029s ]
INFO: [ app_init ] --END-- [ RunTime:0.000548s ]
INFO: [ app_begin ] --START--
INFO: Run Behavior\ReadHtmlCacheBehavior [ RunTime:0.001446s ]
INFO: [ app_begin ] --END-- [ RunTime:0.001620s ]
ERR: 无法加载控制器:Cpt

[ 2016-07-20T17:25:55+08:00 ] 127.0.0.1 /demo/jyzd/index.php/Home/cpt/add.html
INFO: [ app_init ] --START--
INFO: Run Behavior\BuildLiteBehavior [ RunTime:0.000029s ]
INFO: [ app_init ] --END-- [ RunTime:0.000545s ]
INFO: [ app_begin ] --START--
INFO: Run Behavior\ReadHtmlCacheBehavior [ RunTime:0.000814s ]
INFO: [ app_begin ] --END-- [ RunTime:0.000968s ]
SQL: SHOW COLUMNS FROM `vs_competitions` [ RunTime:0.0034s ]
SQL: INSERT INTO `vs_competitions` (`number`,`name`,`times`,`description`,`issue_time`,`deadline`) VALUES ('1001','互联网+','4','互联网+互联网+互联网+互联网+互联网+互联网+','1469006755','1469870755') [ RunTime:0.0116s ]
INFO: [ app_end ] --START--
INFO: Run Behavior\ShowPageTraceBehavior [ RunTime:0.014415s ]
INFO: [ app_end ] --END-- [ RunTime:0.014592s ]

[ 2016-07-20T17:28:06+08:00 ] 127.0.0.1 /demo/jyzd/index.php/Home/cpt/list.html
INFO: [ app_init ] --START--
INFO: Run Behavior\BuildLiteBehavior [ RunTime:0.000029s ]
INFO: [ app_init ] --END-- [ RunTime:0.000503s ]
INFO: [ app_begin ] --START--
INFO: Run Behavior\ReadHtmlCacheBehavior [ RunTime:0.000853s ]
INFO: [ app_begin ] --END-- [ RunTime:0.001002s ]
SQL: SHOW COLUMNS FROM `vs_competitions` [ RunTime:0.0046s ]
SQL: SELECT * FROM `vs_competitions` WHERE ( deadline > 1469006886 ) ORDER BY deadline desc LIMIT 0,10   [ RunTime:0.0005s ]
INFO: [ app_end ] --START--
INFO: Run Behavior\ShowPageTraceBehavior [ RunTime:0.001630s ]
INFO: [ app_end ] --END-- [ RunTime:0.001835s ]

[ 2016-07-20T17:35:51+08:00 ] 127.0.0.1 /demo/jyzd/index.php/Home/cpt/add.html
INFO: [ app_init ] --START--
INFO: Run Behavior\BuildLiteBehavior [ RunTime:0.000031s ]
INFO: [ app_init ] --END-- [ RunTime:0.000681s ]
INFO: [ app_begin ] --START--
INFO: Run Behavior\ReadHtmlCacheBehavior [ RunTime:0.000856s ]
INFO: [ app_begin ] --END-- [ RunTime:0.000996s ]
SQL: SHOW COLUMNS FROM `vs_competitions` [ RunTime:0.0033s ]
SQL: INSERT INTO `vs_competitions` (`number`,`name`,`times`,`description`,`issue_time`,`deadline`) VALUES ('20160720','互联网+','4','互联网+互联网+互联网+互联网+互联网+互联网+','1469007351','1469871351') [ RunTime:0.0003s ]
INFO: [ app_end ] --START--
INFO: Run Behavior\ShowPageTraceBehavior [ RunTime:0.000977s ]
INFO: [ app_end ] --END-- [ RunTime:0.001114s ]

[ 2016-07-20T17:36:09+08:00 ] 127.0.0.1 /demo/jyzd/index.php/Home/cpt/add.html
INFO: [ app_init ] --START--
INFO: Run Behavior\BuildLiteBehavior [ RunTime:0.000049s ]
INFO: [ app_init ] --END-- [ RunTime:0.000726s ]
INFO: [ app_begin ] --START--
INFO: Run Behavior\ReadHtmlCacheBehavior [ RunTime:0.000817s ]
INFO: [ app_begin ] --END-- [ RunTime:0.000965s ]
SQL: SHOW COLUMNS FROM `vs_competitions` [ RunTime:0.0037s ]
SQL: INSERT INTO `vs_competitions` (`number`,`name`,`times`,`description`,`issue_time`,`deadline`) VALUES ('20160720','互联网+','4','互联网+互联网+互联网+互联网+互联网+互联网+','1469007369','1469871369') [ RunTime:0.0004s ]
INFO: [ app_end ] --START--
INFO: Run Behavior\ShowPageTraceBehavior [ RunTime:0.000935s ]
INFO: [ app_end ] --END-- [ RunTime:0.001065s ]

[ 2016-07-20T17:38:04+08:00 ] 127.0.0.1 /demo/jyzd/index.php/Home/cpt/previous.html?cid=3
INFO: [ app_init ] --START--
INFO: Run Behavior\BuildLiteBehavior [ RunTime:0.000028s ]
INFO: [ app_init ] --END-- [ RunTime:0.000497s ]
INFO: [ app_begin ] --START--
INFO: Run Behavior\ReadHtmlCacheBehavior [ RunTime:0.001560s ]
INFO: [ app_begin ] --END-- [ RunTime:0.001724s ]
SQL: SHOW COLUMNS FROM `vs_competitions` [ RunTime:0.0046s ]
SQL: SELECT `number` FROM `vs_competitions` WHERE `cid` = 3 LIMIT 1   [ RunTime:0.0593s ]
SQL: SELECT * FROM `vs_competitions` WHERE ( number = '20160720' && deadline < '1469007484' )  [ RunTime:0.0074s ]

[ 2016-07-20T17:38:17+08:00 ] 127.0.0.1 /demo/jyzd/index.php/Home/cpt/previous.html?cid=3
INFO: [ app_init ] --START--
INFO: Run Behavior\BuildLiteBehavior [ RunTime:0.000029s ]
INFO: [ app_init ] --END-- [ RunTime:0.000501s ]
INFO: [ app_begin ] --START--
INFO: Run Behavior\ReadHtmlCacheBehavior [ RunTime:0.001448s ]
INFO: [ app_begin ] --END-- [ RunTime:0.001678s ]
SQL: SHOW COLUMNS FROM `vs_competitions` [ RunTime:0.0312s ]
SQL: SELECT `number` FROM `vs_competitions` WHERE `cid` = 3 LIMIT 1   [ RunTime:0.0003s ]
SQL: SELECT * FROM `vs_competitions` WHERE ( number = '20160720' && deadline < '1469007497' )  [ RunTime:0.0003s ]
INFO: [ app_end ] --START--
INFO: Run Behavior\ShowPageTraceBehavior [ RunTime:0.001382s ]
INFO: [ app_end ] --END-- [ RunTime:0.001675s ]

[ 2016-07-20T17:38:19+08:00 ] 127.0.0.1 /demo/jyzd/index.php/Home/cpt/previous.html?cid=3
INFO: [ app_init ] --START--
INFO: Run Behavior\BuildLiteBehavior [ RunTime:0.000030s ]
INFO: [ app_init ] --END-- [ RunTime:0.000517s ]
INFO: [ app_begin ] --START--
INFO: Run Behavior\ReadHtmlCacheBehavior [ RunTime:0.000939s ]
INFO: [ app_begin ] --END-- [ RunTime:0.001156s ]
SQL: SHOW COLUMNS FROM `vs_competitions` [ RunTime:0.0035s ]
SQL: SELECT `number` FROM `vs_competitions` WHERE `cid` = 3 LIMIT 1   [ RunTime:0.0003s ]
SQL: SELECT * FROM `vs_competitions` WHERE ( number = '20160720' && deadline < '1469007499' )  [ RunTime:0.0003s ]
INFO: [ app_end ] --START--
INFO: Run Behavior\ShowPageTraceBehavior [ RunTime:0.001029s ]
INFO: [ app_end ] --END-- [ RunTime:0.001496s ]

[ 2016-07-20T17:38:58+08:00 ] 127.0.0.1 /demo/jyzd/index.php/Home/cpt/previous.html?cid=3
INFO: [ app_init ] --START--
INFO: Run Behavior\BuildLiteBehavior [ RunTime:0.000029s ]
INFO: [ app_init ] --END-- [ RunTime:0.000504s ]
INFO: [ app_begin ] --START--
INFO: Run Behavior\ReadHtmlCacheBehavior [ RunTime:0.000722s ]
INFO: [ app_begin ] --END-- [ RunTime:0.000854s ]
SQL: SHOW COLUMNS FROM `vs_competitions` [ RunTime:0.0044s ]
SQL: SELECT `number` FROM `vs_competitions` WHERE `cid` = 3 LIMIT 1   [ RunTime:0.0003s ]
SQL: SELECT * FROM `vs_competitions` WHERE ( number = '20160720' && deadline < '1469007538' )  [ RunTime:0.0004s ]
INFO: [ app_end ] --START--
INFO: Run Behavior\ShowPageTraceBehavior [ RunTime:0.001449s ]
INFO: [ app_end ] --END-- [ RunTime:0.001645s ]

