[ 2016-08-06T09:34:46+08:00 ] ::1 /FZU-VentureService/API/index.php/home/notice/list.html?type=2
INFO: [ app_init ] --START--
INFO: Run Behavior\BuildLiteBehavior [ RunTime:0.000122s ]
INFO: [ app_init ] --END-- [ RunTime:0.016714s ]
INFO: [ app_begin ] --START--
INFO: Run Behavior\ReadHtmlCacheBehavior [ RunTime:0.013246s ]
INFO: [ app_begin ] --END-- [ RunTime:0.013449s ]
ERR: 无法加载控制器:Notice

[ 2016-08-06T09:34:46+08:00 ] ::1 /FZU-VentureService/API/index.php/home/field/list.html
INFO: [ app_init ] --START--
INFO: Run Behavior\BuildLiteBehavior [ RunTime:0.000075s ]
INFO: [ app_init ] --END-- [ RunTime:0.017652s ]
INFO: [ app_begin ] --START--
INFO: Run Behavior\ReadHtmlCacheBehavior [ RunTime:0.014201s ]
INFO: [ app_begin ] --END-- [ RunTime:0.014470s ]
ERR: 无法加载控制器:Field

[ 2016-08-06T09:34:46+08:00 ] ::1 /FZU-VentureService/API/index.php/home/project/list.html
INFO: [ app_init ] --START--
INFO: Run Behavior\BuildLiteBehavior [ RunTime:0.000075s ]
INFO: [ app_init ] --END-- [ RunTime:0.019573s ]
INFO: [ app_begin ] --START--
INFO: Run Behavior\ReadHtmlCacheBehavior [ RunTime:0.013779s ]
INFO: [ app_begin ] --END-- [ RunTime:0.014063s ]
ERR: 无法加载控制器:Project

[ 2016-08-06T09:34:46+08:00 ] ::1 /FZU-VentureService/API/index.php/home/notice/list.html?type=1
INFO: [ app_init ] --START--
INFO: Run Behavior\BuildLiteBehavior [ RunTime:0.000111s ]
INFO: [ app_init ] --END-- [ RunTime:0.016261s ]
INFO: [ app_begin ] --START--
INFO: Run Behavior\ReadHtmlCacheBehavior [ RunTime:0.014070s ]
INFO: [ app_begin ] --END-- [ RunTime:0.014255s ]
ERR: 无法加载控制器:Notice

[ 2016-08-06T09:34:46+08:00 ] ::1 /FZU-VentureService/API/index.php/home/notice/list.html?type=0
INFO: [ app_init ] --START--
INFO: Run Behavior\BuildLiteBehavior [ RunTime:0.000146s ]
INFO: [ app_init ] --END-- [ RunTime:0.017356s ]
INFO: [ app_begin ] --START--
INFO: Run Behavior\ReadHtmlCacheBehavior [ RunTime:0.014160s ]
INFO: [ app_begin ] --END-- [ RunTime:0.014340s ]
ERR: 无法加载控制器:Notice

[ 2016-08-06T21:53:16+08:00 ] ::1 /FZU-VentureService/API/index.php/home/notice/list.html?type=0
INFO: [ app_init ] --START--
INFO: Run Behavior\BuildLiteBehavior [ RunTime:0.000037s ]
INFO: [ app_init ] --END-- [ RunTime:0.019061s ]
INFO: [ app_begin ] --START--
INFO: Run Behavior\ReadHtmlCacheBehavior [ RunTime:0.065057s ]
INFO: [ app_begin ] --END-- [ RunTime:0.065272s ]
ERR: 无法加载控制器:Notic[ 2016-08-06T21:53:16+08:00 ] ::1 /FZU-VentureService/API/index.php/home/notice/list.html?type=2
INFO: [ app_init ] --START--
INFO: Run Behavior\BuildLiteBehavior [ RunTime:0.000045s ]
INFO: [ app_init ] --END-- [ RunTime:0.019845s ]
INFO: [ app_begin ] --START--
INFO: Run Behavior\ReadHtmlCacheBehavior [ RunTime:0.072765s ]
INFO: [ app_begin ] --END-- [ RunTime:0.073010s ]
ERR: 无法加载控制器:Notice

[ 2016-08-06T21:53:16+08:00 ] ::1 /FZU-VentureService/API/index.php/home/notice/list.html?type=1
INFO: [ app_init ] --START--
INFO: Run Behavior\BuildLiteBehavior [ RunTime:0.000042s ]
INFO: [ app_init ] --END-- [ RunTime:0.019294s ]
INFO: [ app_begin ] --START--
INFO: Run Behavior\ReadHtmlCacheBehavior [ RunTime:0.064433s ]
INFO: [ app_begin ] --END-- [ RunTime:0.066007s ]
ERR: 无法加载控制器:Notice

[ 2016-08-06T21:53:16+08:00 ] ::1 /FZU-VentureService/API/index.php/home/field/list.html
INFO: [ app_init ] --START--
INFO: Run Behavior\BuildLiteBehavior [ RunTime:0.000047s ]
INFO: [ app_init ] --END-- [ RunTime:0.019064s ]
INFO: [ app_begin ] --START--
INFO: Run Behavior\ReadHtmlCacheBehavior [ RunTime:0.058540s ]
INFO: [ app_begin ] --END-- [ RunTime:0.059721s ]
ERR: 无法加载控制器:Field

[ 2016-08-06T21:54:29+08:00 ] ::1 /FZU-VentureService/API/index.php/home/notice/list.html?type=0
INFO: [ app_init ] --START--
INFO: Run Behavior\BuildLiteBehavior [ RunTime:0.000043s ]
INFO: [ app_init ] --END-- [ RunTime:0.000579s ]
INFO: [ app_begin ] --START--
INFO: Run Behavior\ReadHtmlCacheBehavior [ RunTime:0.000582s ]
INFO: [ app_begin ] --END-- [ RunTime:0.000786s ]
ERR: 无法加载控制器:Notice

[ 2016-08-06T21:54:29+08:00 ] ::1 /FZU-VentureService/API/index.php/home/notice/list.html?type=2
INFO: [ app_init ] --START--
INFO: Run Behavior\BuildLiteBehavior [ RunTime:0.000048s ]
INFO: [ app_init ] --END-- [ RunTime:0.000650s ]
INFO: [ app_begin ] --START--
INFO: Run Behavior\ReadHtmlCacheBehavior [ RunTime:0.000625s ]
INFO: [ app_begin ] --END-- [ RunTime:0.000794s ]
ERR: 无法加载控制器:Notice

[ 2016-08-06T21:54:29+08:00 ] ::1 /FZU-VentureService/API/index.php/home/notice/list.html?type=1
INFO: [ app_init ] --START--
INFO: Run Behavior\BuildLiteBehavior [ RunTime:0.000048s ]
INFO: [ app_init ] --END-- [ RunTime:0.000729s ]
INFO: [ app_begin ] --START--
INFO: Run Behavior\ReadHtmlCacheBehavior [ RunTime:0.001031s ]
INFO: [ app_begin ] --END-- [ RunTime:0.001227s ]
ERR: 无法加载控制器:Notice

[ 2016-08-06T21:54:29+08:00 ] ::1 /FZU-VentureService/API/index.php/home/field/list.html
INFO: [ app_init ] --START--
INFO: Run Behavior\BuildLiteBehavior [ RunTime:0.000043s ]
INFO: [ app_init ] --END-- [ RunTime:0.000615s ]
INFO: [ app_begin ] --START--
INFO: Run Behavior\ReadHtmlCacheBehavior [ RunTime:0.000685s ]
INFO: [ app_begin ] --END-- [ RunTime:0.000864s ]
ERR: 无法加载控制器:Field

[ 2016-08-06T21:54:29+08:00 ] ::1 /FZU-VentureService/API/index.php/home/project/list.html
INFO: [ app_init ] --START--
INFO: Run Behavior\BuildLiteBehavior [ RunTime:0.000045s ]
INFO: [ app_init ] --END-- [ RunTime:0.000717s ]
INFO: [ app_begin ] --START--
INFO: Run Behavior\ReadHtmlCacheBehavior [ RunTime:0.000647s ]
INFO: [ app_begin ] --END-- [ RunTime:0.000856s ]
ERR: 无法加载控制器:Project

[ 2016-08-06T21:54:31+08:00 ] ::1 /FZU-VentureService/API/index.php/home/notice/list.html?type=0
INFO: [ app_init ] --START--
INFO: Run Behavior\BuildLiteBehavior [ RunTime:0.000040s ]
INFO: [ app_init ] --END-- [ RunTime:0.000603s ]
INFO: [ app_begin ] --START--
INFO: Run Behavior\ReadHtmlCacheBehavior [ RunTime:0.000625s ]
INFO: [ app_begin ] --END-- [ RunTime:0.000850s ]
ERR: 无法加载控制器:Notice

[ 2016-08-06T21:54:31+08:00 ] ::1 /FZU-VentureService/API/index.php/home/notice/list.html?type=1
INFO: [ app_init ] --START--
INFO: Run Behavior\BuildLiteBehavior [ RunTime:0.000041s ]
INFO: [ app_init ] --END-- [ RunTime:0.000627s ]
INFO: [ app_begin ] --START--
INFO: Run Behavior\ReadHtmlCacheBehavior [ RunTime:0.001171s ]
INFO: [ app_begin ] --END-- [ RunTime:0.001367s ]
ERR: 无法加载控制器:Notice

[ 2016-08-06T21:54:31+08:00 ] ::1 /FZU-VentureService/API/index.php/home/notice/list.html?type=2
INFO: [ app_init ] --START--
INFO: Run Behavior\BuildLiteBehavior [ RunTime:0.000053s ]
INFO: [ app_init ] --END-- [ RunTime:0.000673s ]
INFO: [ app_begin ] --START--
INFO: Run Behavior\ReadHtmlCacheBehavior [ RunTime:0.001084s ]
INFO: [ app_begin ] --END-- [ RunTime:0.001301s ]
ERR: 无法加载控制器:Notice

[ 2016-08-06T21:54:31+08:00 ] ::1 /FZU-VentureService/API/index.php/home/field/list.html
INFO: [ app_init ] --START--
INFO: Run Behavior\BuildLiteBehavior [ RunTime:0.000045s ]
INFO: [ app_init ] --END-- [ RunTime:0.000729s ]
INFO: [ app_begin ] --START--
INFO: Run Behavior\ReadHtmlCacheBehavior [ RunTime:0.000877s ]
INFO: [ app_begin ] --END-- [ RunTime:0.001071s ]
ERR: 无法加载控制器:Field

[ 2016-08-06T21:54:31+08:00 ] ::1 /FZU-VentureService/API/index.php/home/project/list.html
INFO: [ app_init ] --START--
INFO: Run Behavior\BuildLiteBehavior [ RunTime:0.000050s ]
INFO: [ app_init ] --END-- [ RunTime:0.000948s ]
INFO: [ app_begin ] --START--
INFO: Run Behavior\ReadHtmlCacheBehavior [ RunTime:0.000713s ]
INFO: [ app_begin ] --END-- [ RunTime:0.000896s ]
ERR: 无法加载控制器:Project

[ 2016-08-06T21:54:33+08:00 ] ::1 /FZU-VentureService/API/index.php/home/notice/list.html?type=1
INFO: [ app_init ] --START--
INFO: Run Behavior\BuildLiteBehavior [ RunTime:0.000042s ]
INFO: [ app_init ] --END-- [ RunTime:0.000591s ]
INFO: [ app_begin ] --START--
INFO: Run Behavior\ReadHtmlCacheBehavior [ RunTime:0.000584s ]
INFO: [ app_begin ] --END-- [ RunTime:0.000749s ]
ERR: 无法加载控制器:Notice

[ 2016-08-06T21:54:33+08:00 ] ::1 /FZU-VentureService/API/index.php/home/notice/list.html?type=2
INFO: [ app_init ] --START--
INFO: Run Behavior\BuildLiteBehavior [ RunTime:0.000040s ]
INFO: [ app_init ] --END-- [ RunTime:0.000639s ]
INFO: [ app_begin ] --START--
INFO: Run Behavior\ReadHtmlCacheBehavior [ RunTime:0.001109s ]
INFO: [ app_begin ] --END-- [ RunTime:0.001300s ]
ERR: 无法加载控制器:Notice

[ 2016-08-06T21:54:33+08:00 ] ::1 /FZU-VentureService/API/index.php/home/notice/list.html?type=0
INFO: [ app_init ] --START--
INFO: Run Behavior\BuildLiteBehavior [ RunTime:0.000092s ]
INFO: [ app_init ] --END-- [ RunTime:0.000661s ]
INFO: [ app_begin ] --START--
INFO: Run Behavior\ReadHtmlCacheBehavior [ RunTime:0.000858s ]
INFO: [ app_begin ] --END-- [ RunTime:0.001028s ]
ERR: 无法加载控制器:Notice

[ 2016-08-06T21:54:33+08:00 ] ::1 /FZU-VentureService/API/index.php/home/field/list.html
INFO: [ app_init ] --START--
INFO: Run Behavior\BuildLiteBehavior [ RunTime:0.000044s ]
INFO: [ app_init ] --END-- [ RunTime:0.000612s ]
INFO: [ app_begin ] --START--
INFO: Run Behavior\ReadHtmlCacheBehavior [ RunTime:0.000613s ]
INFO: [ app_begin ] --END-- [ RunTime:0.000795s ]
ERR: 无法加载控制器:Field

[ 2016-08-06T21:54:33+08:00 ] ::1 /FZU-VentureService/API/index.php/home/project/list.html
INFO: [ app_init ] --START--
INFO: Run Behavior\BuildLiteBehavior [ RunTime:0.000044s ]
INFO: [ app_init ] --END-- [ RunTime:0.000647s ]
INFO: [ app_begin ] --START--
INFO: Run Behavior\ReadHtmlCacheBehavior [ RunTime:0.000857s ]
INFO: [ app_begin ] --END-- [ RunTime:0.001046s ]
ERR: 无法加载控制器:Project

[ 2016-08-06T21:54:41+08:00 ] ::1 /FZU-VentureService/API/index.php/home/notice/list.html?type=0
INFO: [ app_init ] --START--
INFO: Run Behavior\BuildLiteBehavior [ RunTime:0.000040s ]
INFO: [ app_init ] --END-- [ RunTime:0.000566s ]
INFO: [ app_begin ] --START--
INFO: Run Behavior\ReadHtmlCacheBehavior [ RunTime:0.000585s ]
INFO: [ app_begin ] --END-- [ RunTime:0.000759s ]
ERR: 无法加载控制器:Notice

[ 2016-08-06T21:54:41+08:00 ] ::1 /FZU-VentureService/API/index.php/home/notice/list.html?type=1
INFO: [ app_init ] --START--
INFO: Run Behavior\BuildLiteBehavior [ RunTime:0.000092s ]
INFO: [ app_init ] --END-- [ RunTime:0.000811s ]
INFO: [ app_begin ] --START--
INFO: Run Behavior\ReadHtmlCacheBehavior [ RunTime:0.000534s ]
INFO: [ app_begin ] --END-- [ RunTime:0.000684s ]
ERR: 无法加载控制器:Notice

[ 2016-08-06T21:54:41+08:00 ] ::1 /FZU-VentureService/API/index.php/home/notice/list.html?type=2
INFO: [ app_init ] --START--
INFO: Run Behavior\BuildLiteBehavior [ RunTime:0.000042s ]
INFO: [ app_init ] --END-- [ RunTime:0.000656s ]
INFO: [ app_begin ] --START--
INFO: Run Behavior\ReadHtmlCacheBehavior [ RunTime:0.000782s ]
INFO: [ app_begin ] --END-- [ RunTime:0.000943s ]
ERR: 无法加载控制器:Notice

[ 2016-08-06T21:54:41+08:00 ] ::1 /FZU-VentureService/API/index.php/home/field/list.html
INFO: [ app_init ] --START--
INFO: Run Behavior\BuildLiteBehavior [ RunTime:0.000043s ]
INFO: [ app_init ] --END-- [ RunTime:0.000583s ]
INFO: [ app_begin ] --START--
INFO: Run Behavior\ReadHtmlCacheBehavior [ RunTime:0.001138s ]
INFO: [ app_begin ] --END-- [ RunTime:0.001329s ]
ERR: 无法加载控制器:Field

[ 2016-08-06T21:54:41+08:00 ] ::1 /FZU-VentureService/API/index.php/home/project/list.html
INFO: [ app_init ] --START--
INFO: Run Behavior\BuildLiteBehavior [ RunTime:0.000042s ]
INFO: [ app_init ] --END-- [ RunTime:0.000648s ]
INFO: [ app_begin ] --START--
INFO: Run Behavior\ReadHtmlCacheBehavior [ RunTime:0.000694s ]
INFO: [ app_begin ] --END-- [ RunTime:0.000902s ]
ERR: 无法加载控制器:Project

[ 2016-08-06T21:55:18+08:00 ] ::1 /FZU-VentureService/API/index.php/home/notice/list.html?type=0
INFO: [ app_init ] --START--
INFO: Run Behavior\BuildLiteBehavior [ RunTime:0.000041s ]
INFO: [ app_init ] --END-- [ RunTime:0.000703s ]
INFO: [ app_begin ] --START--
INFO: Run Behavior\ReadHtmlCacheBehavior [ RunTime:0.000546s ]
INFO: [ app_begin ] --END-- [ RunTime:0.000698s ]
ERR: 无法加载控制器:Notice

[ 2016-08-06T21:55:44+08:00 ] ::1 /FZU-VentureService/API/index.php/home/notice/list.html?type=1&size=1&page=1
INFO: [ app_init ] --START--
INFO: Run Behavior\BuildLiteBehavior [ RunTime:0.000047s ]
INFO: [ app_init ] --END-- [ RunTime:0.000685s ]
INFO: [ app_begin ] --START--
INFO: Run Behavior\ReadHtmlCacheBehavior [ RunTime:0.000754s ]
INFO: [ app_begin ] --END-- [ RunTime:0.000933s ]
ERR: 无法加载控制器:Notice

[ 2016-08-06T21:55:44+08:00 ] ::1 /FZU-VentureService/API/index.php/home/notice/list.html?type=2&size=1&page=1
INFO: [ app_init ] --START--
INFO: Run Behavior\BuildLiteBehavior [ RunTime:0.000187s ]
INFO: [ app_init ] --END-- [ RunTime:0.001960s ]
INFO: [ app_begin ] --START--
INFO: Run Behavior\ReadHtmlCacheBehavior [ RunTime:0.011314s ]
INFO: [ app_begin ] --END-- [ RunTime:0.011507s ]
ERR: 无法加载控制器:Notice

[ 2016-08-06T21:55:44+08:00 ] ::1 /FZU-VentureService/API/index.php/home/notice/list.html?type=0&size=1&page=1
INFO: [ app_init ] --START--
INFO: Run Behavior\BuildLiteBehavior [ RunTime:0.000042s ]
INFO: [ app_init ] --END-- [ RunTime:0.000569s ]
INFO: [ app_begin ] --START--
INFO: Run Behavior\ReadHtmlCacheBehavior [ RunTime:0.000824s ]
INFO: [ app_begin ] --END-- [ RunTime:0.001290s ]
ERR: 无法加载控制器:Notice

[ 2016-08-06T21:55:46+08:00 ] ::1 /FZU-VentureService/API/index.php/home/field/list.html
INFO: [ app_init ] --START--
INFO: Run Behavior\BuildLiteBehavior [ RunTime:0.000044s ]
INFO: [ app_init ] --END-- [ RunTime:0.000639s ]
INFO: [ app_begin ] --START--
INFO: Run Behavior\ReadHtmlCacheBehavior [ RunTime:0.000771s ]
INFO: [ app_begin ] --END-- [ RunTime:0.001461s ]
ERR: 无法加载控制器:Field

[ 2016-08-06T21:55:46+08:00 ] ::1 /FZU-VentureService/API/index.php/home/field/detail.html
INFO: [ app_init ] --START--
INFO: Run Behavior\BuildLiteBehavior [ RunTime:0.000062s ]
INFO: [ app_init ] --END-- [ RunTime:0.000830s ]
INFO: [ app_begin ] --START--
INFO: Run Behavior\ReadHtmlCacheBehavior [ RunTime:0.000680s ]
INFO: [ app_begin ] --END-- [ RunTime:0.000852s ]
ERR: 无法加载控制器:Field

[ 2016-08-06T21:55:48+08:00 ] ::1 /FZU-VentureService/API/index.php/home/notice/list.html?type=0
INFO: [ app_init ] --START--
INFO: Run Behavior\BuildLiteBehavior [ RunTime:0.000042s ]
INFO: [ app_init ] --END-- [ RunTime:0.000596s ]
INFO: [ app_begin ] --START--
INFO: Run Behavior\ReadHtmlCacheBehavior [ RunTime:0.000591s ]
INFO: [ app_begin ] --END-- [ RunTime:0.000756s ]
ERR: 无法加载控制器:Notice

[ 2016-08-06T21:55:48+08:00 ] ::1 /FZU-VentureService/API/index.php/home/notice/list.html?type=1
INFO: [ app_init ] --START--
INFO: Run Behavior\BuildLiteBehavior [ RunTime:0.000044s ]
INFO: [ app_init ] --END-- [ RunTime:0.000616s ]
INFO: [ app_begin ] --START--
INFO: Run Behavior\ReadHtmlCacheBehavior [ RunTime:0.000643s ]
INFO: [ app_begin ] --END-- [ RunTime:0.000818s ]
ERR: 无法加载控制器:Notice

[ 2016-08-06T21:55:48+08:00 ] ::1 /FZU-VentureService/API/index.php/home/notice/list.html?type=2
INFO: [ app_init ] --START--
INFO: Run Behavior\BuildLiteBehavior [ RunTime:0.000043s ]
INFO: [ app_init ] --END-- [ RunTime:0.000627s ]
INFO: [ app_begin ] --START--
INFO: Run Behavior\ReadHtmlCacheBehavior [ RunTime:0.001079s ]
INFO: [ app_begin ] --END-- [ RunTime:0.001355s ]
ERR: 无法加载控制器:Notice

[ 2016-08-06T21:55:48+08:00 ] ::1 /FZU-VentureService/API/index.php/home/field/list.html
INFO: [ app_init ] --START--
INFO: Run Behavior\BuildLiteBehavior [ RunTime:0.000049s ]
INFO: [ app_init ] --END-- [ RunTime:0.000719s ]
INFO: [ app_begin ] --START--
INFO: Run Behavior\ReadHtmlCacheBehavior [ RunTime:0.000930s ]
INFO: [ app_begin ] --END-- [ RunTime:0.001112s ]
ERR: 无法加载控制器:Field

[ 2016-08-06T21:55:48+08:00 ] ::1 /FZU-VentureService/API/index.php/home/project/list.html
INFO: [ app_init ] --START--
INFO: Run Behavior\BuildLiteBehavior [ RunTime:0.000049s ]
INFO: [ app_init ] --END-- [ RunTime:0.000757s ]
INFO: [ app_begin ] --START--
INFO: Run Behavior\ReadHtmlCacheBehavior [ RunTime:0.001091s ]
INFO: [ app_begin ] --END-- [ RunTime:0.001259s ]
ERR: 无法加载控制器:Project

[ 2016-08-06T21:57:23+08:00 ] ::1 /FZU-VentureService/API/index.php/home/notice/list.html?type=1
INFO: [ app_init ] --START--
INFO: Run Behavior\BuildLiteBehavior [ RunTime:0.000042s ]
INFO: [ app_init ] --END-- [ RunTime:0.000586s ]
INFO: [ app_begin ] --START--
INFO: Run Behavior\ReadHtmlCacheBehavior [ RunTime:0.000584s ]
INFO: [ app_begin ] --END-- [ RunTime:0.000750s ]
SQL: SHOW COLUMNS FROM `vs_notice` [ RunTime:0.0289s ]
SQL: SELECT `nid`,`type`,`theme`,`date` FROM `vs_notice` WHERE `type` = 1 AND `status` = 1 ORDER BY overhead desc,rank desc,date desc LIMIT 0,15   [ RunTime:0.0242s ]
SQL: SELECT * FROM `vs_notice` WHERE `type` = 1 AND `status` = 1  [ RunTime:0.0267s ]

[ 2016-08-06T21:57:23+08:00 ] ::1 /FZU-VentureService/API/index.php/home/notice/list.html?type=0
INFO: [ app_init ] --START--
INFO: Run Behavior\BuildLiteBehavior [ RunTime:0.000041s ]
INFO: [ app_init ] --END-- [ RunTime:0.000639s ]
INFO: [ app_begin ] --START--
INFO: Run Behavior\ReadHtmlCacheBehavior [ RunTime:0.000984s ]
INFO: [ app_begin ] --END-- [ RunTime:0.001152s ]
SQL: SHOW COLUMNS FROM `vs_notice` [ RunTime:0.0246s ]
SQL: SELECT `nid`,`type`,`theme`,`date` FROM `vs_notice` WHERE `type` = 0 AND `status` = 1 ORDER BY overhead desc,rank desc,date desc LIMIT 0,15   [ RunTime:0.0236s ]
SQL: SELECT * FROM `vs_notice` WHERE `type` = 0 AND `status` = 1  [ RunTime:0.0258s ]

[ 2016-08-06T21:57:23+08:00 ] ::1 /FZU-VentureService/API/index.php/home/notice/list.html?type=2
INFO: [ app_init ] --START--
INFO: Run Behavior\BuildLiteBehavior [ RunTime:0.000048s ]
INFO: [ app_init ] --END-- [ RunTime:0.002432s ]
INFO: [ app_begin ] --START--
INFO: Run Behavior\ReadHtmlCacheBehavior [ RunTime:0.000809s ]
INFO: [ app_begin ] --END-- [ RunTime:0.000992s ]
SQL: SHOW COLUMNS FROM `vs_notice` [ RunTime:0.0251s ]
SQL: SELECT `nid`,`type`,`theme`,`date` FROM `vs_notice` WHERE `type` = 2 AND `status` = 1 ORDER BY overhead desc,rank desc,date desc LIMIT 0,15   [ RunTime:0.0243s ]
SQL: SELECT * FROM `vs_notice` WHERE `type` = 2 AND `status` = 1  [ RunTime:0.0261s ]

[ 2016-08-06T21:57:23+08:00 ] ::1 /FZU-VentureService/API/index.php/home/field/list.html
INFO: [ app_init ] --START--
INFO: Run Behavior\BuildLiteBehavior [ RunTime:0.000043s ]
INFO: [ app_init ] --END-- [ RunTime:0.000710s ]
INFO: [ app_begin ] --START--
INFO: Run Behavior\ReadHtmlCacheBehavior [ RunTime:0.000807s ]
INFO: [ app_begin ] --END-- [ RunTime:0.000966s ]
SQL: SHOW COLUMNS FROM `vs_fields` [ RunTime:0.0261s ]
SQL: SELECT `fid`,`name`,`pic`,`synopsis`,`run_time` FROM `vs_fields` WHERE `status` = 1 ORDER BY run_time desc  [ RunTime:0.0240s ]

[ 2016-08-06T21:57:23+08:00 ] ::1 /FZU-VentureService/API/index.php/home/project/list.html
INFO: [ app_init ] --START--
INFO: Run Behavior\BuildLiteBehavior [ RunTime:0.000044s ]
INFO: [ app_init ] --END-- [ RunTime:0.000642s ]
INFO: [ app_begin ] --START--
INFO: Run Behavior\ReadHtmlCacheBehavior [ RunTime:0.000427s ]
INFO: [ app_begin ] --END-- [ RunTime:0.000537s ]
SQL: SHOW COLUMNS FROM `vs_projects` [ RunTime:0.0258s ]
SQL: SELECT `pid`,`uid`,`name`,`pic`,`synopsis`,`product_type`,`time`,`stage`,`issue_time` FROM `vs_projects` WHERE `status` = 1 LIMIT 0,10   [ RunTime:0.0250s ]
SQL: SELECT * FROM `vs_projects` WHERE `status` = 1  [ RunTime:0.0277s ]

[ 2016-08-06T21:57:41+08:00 ] ::1 /FZU-VentureService/API/index.php/home/notice/list.html?type=0&size=1&page=1
INFO: [ app_init ] --START--
INFO: Run Behavior\BuildLiteBehavior [ RunTime:0.000044s ]
INFO: [ app_init ] --END-- [ RunTime:0.000574s ]
INFO: [ app_begin ] --START--
INFO: Run Behavior\ReadHtmlCacheBehavior [ RunTime:0.000664s ]
INFO: [ app_begin ] --END-- [ RunTime:0.000840s ]
SQL: SHOW COLUMNS FROM `vs_notice` [ RunTime:0.0249s ]
SQL: SELECT `nid`,`type`,`theme`,`date` FROM `vs_notice` WHERE `type` = 0 AND `status` = 1 ORDER BY overhead desc,rank desc,date desc LIMIT 0,1   [ RunTime:0.0235s ]
SQL: SELECT * FROM `vs_notice` WHERE `type` = 0 AND `status` = 1  [ RunTime:0.0262s ]

[ 2016-08-06T21:57:41+08:00 ] ::1 /FZU-VentureService/API/index.php/home/notice/list.html?type=1&size=1&page=1
INFO: [ app_init ] --START--
INFO: Run Behavior\BuildLiteBehavior [ RunTime:0.000038s ]
INFO: [ app_init ] --END-- [ RunTime:0.000551s ]
INFO: [ app_begin ] --START--
INFO: Run Behavior\ReadHtmlCacheBehavior [ RunTime:0.000638s ]
INFO: [ app_begin ] --END-- [ RunTime:0.000843s ]
SQL: SHOW COLUMNS FROM `vs_notice` [ RunTime:0.0250s ]
SQL: SELECT `nid`,`type`,`theme`,`date` FROM `vs_notice` WHERE `type` = 1 AND `status` = 1 ORDER BY overhead desc,rank desc,date desc LIMIT 0,1   [ RunTime:0.0239s ]
SQL: SELECT * FROM `vs_notice` WHERE `type` = 1 AND `status` = 1  [ RunTime:0.0270s ]

[ 2016-08-06T21:57:41+08:00 ] ::1 /FZU-VentureService/API/index.php/home/notice/list.html?type=2&size=1&page=1
INFO: [ app_init ] --START--
INFO: Run Behavior\BuildLiteBehavior [ RunTime:0.000046s ]
INFO: [ app_init ] --END-- [ RunTime:0.000648s ]
INFO: [ app_begin ] --START--
INFO: Run Behavior\ReadHtmlCacheBehavior [ RunTime:0.000753s ]
INFO: [ app_begin ] --END-- [ RunTime:0.000941s ]
SQL: SHOW COLUMNS FROM `vs_notice` [ RunTime:0.0249s ]
SQL: SELECT `nid`,`type`,`theme`,`date` FROM `vs_notice` WHERE `type` = 2 AND `status` = 1 ORDER BY overhead desc,rank desc,date desc LIMIT 0,1   [ RunTime:0.0232s ]
SQL: SELECT * FROM `vs_notice` WHERE `type` = 2 AND `status` = 1  [ RunTime:0.0258s ]

[ 2016-08-06T21:57:43+08:00 ] ::1 /FZU-VentureService/API/index.php/home/field/list.html
INFO: [ app_init ] --START--
INFO: Run Behavior\BuildLiteBehavior [ RunTime:0.000043s ]
INFO: [ app_init ] --END-- [ RunTime:0.000906s ]
INFO: [ app_begin ] --START--
INFO: Run Behavior\ReadHtmlCacheBehavior [ RunTime:0.000935s ]
INFO: [ app_begin ] --END-- [ RunTime:0.001185s ]
SQL: SHOW COLUMNS FROM `vs_fields` [ RunTime:0.0255s ]
SQL: SELECT `fid`,`name`,`pic`,`synopsis`,`run_time` FROM `vs_fields` WHERE `status` = 1 ORDER BY run_time desc  [ RunTime:0.0236s ]

[ 2016-08-06T21:57:43+08:00 ] ::1 /FZU-VentureService/API/index.php/home/field/detail.html?fid=1
INFO: [ app_init ] --START--
INFO: Run Behavior\BuildLiteBehavior [ RunTime:0.000040s ]
INFO: [ app_init ] --END-- [ RunTime:0.000646s ]
INFO: [ app_begin ] --START--
INFO: Run Behavior\ReadHtmlCacheBehavior [ RunTime:0.000617s ]
INFO: [ app_begin ] --END-- [ RunTime:0.000853s ]
SQL: SHOW COLUMNS FROM `vs_fields` [ RunTime:0.0291s ]
SQL: SELECT * FROM `vs_fields` WHERE `fid` = 1 LIMIT 1   [ RunTime:0.0249s ]

[ 2016-08-06T21:57:45+08:00 ] ::1 /FZU-VentureService/API/index.php/home/field/detail.html?fid=2
INFO: [ app_init ] --START--
INFO: Run Behavior\BuildLiteBehavior [ RunTime:0.000023s ]
INFO: [ app_init ] --END-- [ RunTime:0.000347s ]
INFO: [ app_begin ] --START--
INFO: Run Behavior\ReadHtmlCacheBehavior [ RunTime:0.000348s ]
INFO: [ app_begin ] --END-- [ RunTime:0.000430s ]
SQL: SHOW COLUMNS FROM `vs_fields` [ RunTime:0.0251s ]
SQL: SELECT * FROM `vs_fields` WHERE `fid` = 2 LIMIT 1   [ RunTime:0.0250s ]

[ 2016-08-06T21:57:47+08:00 ] ::1 /FZU-VentureService/API/index.php/home/project/list.html?size=1&page=1
INFO: [ app_init ] --START--
INFO: Run Behavior\BuildLiteBehavior [ RunTime:0.000044s ]
INFO: [ app_init ] --END-- [ RunTime:0.000626s ]
INFO: [ app_begin ] --START--
INFO: Run Behavior\ReadHtmlCacheBehavior [ RunTime:0.002183s ]
INFO: [ app_begin ] --END-- [ RunTime:0.002480s ]
SQL: SHOW COLUMNS FROM `vs_projects` [ RunTime:0.0254s ]
SQL: SELECT `pid`,`uid`,`name`,`pic`,`synopsis`,`product_type`,`time`,`stage`,`issue_time` FROM `vs_projects` WHERE `status` = 1 LIMIT 0,1   [ RunTime:0.0253s ]
SQL: SELECT * FROM `vs_projects` WHERE `status` = 1  [ RunTime:0.0273s ]

[ 2016-08-06T21:57:50+08:00 ] ::1 /FZU-VentureService/API/index.php/home/project/list.html?size=1&page=2
INFO: [ app_init ] --START--
INFO: Run Behavior\BuildLiteBehavior [ RunTime:0.000028s ]
INFO: [ app_init ] --END-- [ RunTime:0.000424s ]
INFO: [ app_begin ] --START--
INFO: Run Behavior\ReadHtmlCacheBehavior [ RunTime:0.000425s ]
INFO: [ app_begin ] --END-- [ RunTime:0.000527s ]
SQL: SHOW COLUMNS FROM `vs_projects` [ RunTime:0.0260s ]
SQL: SELECT `pid`,`uid`,`name`,`pic`,`synopsis`,`product_type`,`time`,`stage`,`issue_time` FROM `vs_projects` WHERE `status` = 1 LIMIT 1,1   [ RunTime:0.0249s ]
SQL: SELECT * FROM `vs_projects` WHERE `status` = 1  [ RunTime:0.0276s ]

[ 2016-08-06T21:57:52+08:00 ] ::1 /FZU-VentureService/API/index.php/home/project/list.html?size=1&page=3
INFO: [ app_init ] --START--
INFO: Run Behavior\BuildLiteBehavior [ RunTime:0.000028s ]
INFO: [ app_init ] --END-- [ RunTime:0.000429s ]
INFO: [ app_begin ] --START--
INFO: Run Behavior\ReadHtmlCacheBehavior [ RunTime:0.000570s ]
INFO: [ app_begin ] --END-- [ RunTime:0.000726s ]
SQL: SHOW COLUMNS FROM `vs_projects` [ RunTime:0.0257s ]
SQL: SELECT `pid`,`uid`,`name`,`pic`,`synopsis`,`product_type`,`time`,`stage`,`issue_time` FROM `vs_projects` WHERE `status` = 1 LIMIT 2,1   [ RunTime:0.0246s ]
SQL: SELECT * FROM `vs_projects` WHERE `status` = 1  [ RunTime:0.0273s ]

[ 2016-08-06T21:57:52+08:00 ] ::1 /FZU-VentureService/API/index.php/home/project/list.html?size=1&page=4
INFO: [ app_init ] --START--
INFO: Run Behavior\BuildLiteBehavior [ RunTime:0.000024s ]
INFO: [ app_init ] --END-- [ RunTime:0.000381s ]
INFO: [ app_begin ] --START--
INFO: Run Behavior\ReadHtmlCacheBehavior [ RunTime:0.000352s ]
INFO: [ app_begin ] --END-- [ RunTime:0.000434s ]
SQL: SHOW COLUMNS FROM `vs_projects` [ RunTime:0.0251s ]
SQL: SELECT `pid`,`uid`,`name`,`pic`,`synopsis`,`product_type`,`time`,`stage`,`issue_time` FROM `vs_projects` WHERE `status` = 1 LIMIT 3,1   [ RunTime:0.0242s ]
SQL: SELECT * FROM `vs_projects` WHERE `status` = 1  [ RunTime:0.0270s ]

[ 2016-08-06T21:57:54+08:00 ] ::1 /FZU-VentureService/API/index.php/home/project/list.html?size=1&page=1
INFO: [ app_init ] --START--
INFO: Run Behavior\BuildLiteBehavior [ RunTime:0.000028s ]
INFO: [ app_init ] --END-- [ RunTime:0.000425s ]
INFO: [ app_begin ] --START--
INFO: Run Behavior\ReadHtmlCacheBehavior [ RunTime:0.000431s ]
INFO: [ app_begin ] --END-- [ RunTime:0.000534s ]
SQL: SHOW COLUMNS FROM `vs_projects` [ RunTime:0.0259s ]
SQL: SELECT `pid`,`uid`,`name`,`pic`,`synopsis`,`product_type`,`time`,`stage`,`issue_time` FROM `vs_projects` WHERE `status` = 1 LIMIT 0,1   [ RunTime:0.0247s ]
SQL: SELECT * FROM `vs_projects` WHERE `status` = 1  [ RunTime:0.0273s ]

[ 2016-08-06T21:57:56+08:00 ] ::1 /FZU-VentureService/API/index.php/home/cpt/list.html
INFO: [ app_init ] --START--
INFO: Run Behavior\BuildLiteBehavior [ RunTime:0.000036s ]
INFO: [ app_init ] --END-- [ RunTime:0.000606s ]
INFO: [ app_begin ] --START--
INFO: Run Behavior\ReadHtmlCacheBehavior [ RunTime:0.000455s ]
INFO: [ app_begin ] --END-- [ RunTime:0.000558s ]
SQL: SHOW COLUMNS FROM `vs_competitions` [ RunTime:0.0300s ]
SQL: SELECT * FROM `vs_competitions` WHERE ( deadline > 1470491876 ) ORDER BY deadline desc LIMIT 0,10   [ RunTime:0.0271s ]

[ 2016-08-06T21:57:56+08:00 ] ::1 /FZU-VentureService/API/index.php/home/cpt/detail.html?cid=31
INFO: [ app_init ] --START--
INFO: Run Behavior\BuildLiteBehavior [ RunTime:0.000029s ]
INFO: [ app_init ] --END-- [ RunTime:0.000439s ]
INFO: [ app_begin ] --START--
INFO: Run Behavior\ReadHtmlCacheBehavior [ RunTime:0.001166s ]
INFO: [ app_begin ] --END-- [ RunTime:0.001334s ]
SQL: SHOW COLUMNS FROM `vs_competitions` [ RunTime:0.0252s ]
SQL: SELECT * FROM `vs_competitions` WHERE `cid` = 31 LIMIT 1   [ RunTime:0.0247s ]

[ 2016-08-06T21:57:56+08:00 ] ::1 /FZU-VentureService/API/index.php/home/cpt//previous.html?number=40245&times=2
INFO: [ app_init ] --START--
INFO: Run Behavior\BuildLiteBehavior [ RunTime:0.000025s ]
INFO: [ app_init ] --END-- [ RunTime:0.000390s ]
INFO: [ app_begin ] --START--
INFO: Run Behavior\ReadHtmlCacheBehavior [ RunTime:0.000359s ]
INFO: [ app_begin ] --END-- [ RunTime:0.000442s ]
SQL: SHOW COLUMNS FROM `vs_competitions` [ RunTime:0.0250s ]
SQL: SELECT * FROM `vs_competitions` WHERE ( number = '40245' && times < '2'  ) ORDER BY times asc  [ RunTime:0.0245s ]

[ 2016-08-06T21:57:57+08:00 ] ::1 /FZU-VentureService/API/index.php/home/cpt/detail.html?cid=26
INFO: [ app_init ] --START--
INFO: Run Behavior\BuildLiteBehavior [ RunTime:0.000028s ]
INFO: [ app_init ] --END-- [ RunTime:0.000419s ]
INFO: [ app_begin ] --START--
INFO: Run Behavior\ReadHtmlCacheBehavior [ RunTime:0.000437s ]
INFO: [ app_begin ] --END-- [ RunTime:0.000569s ]
SQL: SHOW COLUMNS FROM `vs_competitions` [ RunTime:0.0245s ]
SQL: SELECT * FROM `vs_competitions` WHERE `cid` = 26 LIMIT 1   [ RunTime:0.0245s ]

[ 2016-08-06T21:57:58+08:00 ] ::1 /FZU-VentureService/API/index.php/home/cpt//previous.html?number=20160802&times=2
INFO: [ app_init ] --START--
INFO: Run Behavior\BuildLiteBehavior [ RunTime:0.000038s ]
INFO: [ app_init ] --END-- [ RunTime:0.000487s ]
INFO: [ app_begin ] --START--
INFO: Run Behavior\ReadHtmlCacheBehavior [ RunTime:0.000488s ]
INFO: [ app_begin ] --END-- [ RunTime:0.000606s ]
SQL: SHOW COLUMNS FROM `vs_competitions` [ RunTime:0.0247s ]
SQL: SELECT * FROM `vs_competitions` WHERE ( number = '20160802' && times < '2'  ) ORDER BY times asc  [ RunTime:0.0244s ]

[ 2016-08-06T21:57:58+08:00 ] ::1 /FZU-VentureService/API/index.php/home/cpt/detail.html?cid=25
INFO: [ app_init ] --START--
INFO: Run Behavior\BuildLiteBehavior [ RunTime:0.000028s ]
INFO: [ app_init ] --END-- [ RunTime:0.000430s ]
INFO: [ app_begin ] --START--
INFO: Run Behavior\ReadHtmlCacheBehavior [ RunTime:0.000434s ]
INFO: [ app_begin ] --END-- [ RunTime:0.000539s ]
SQL: SHOW COLUMNS FROM `vs_competitions` [ RunTime:0.0246s ]
SQL: SELECT * FROM `vs_competitions` WHERE `cid` = 25 LIMIT 1   [ RunTime:0.0244s ]

[ 2016-08-06T21:57:58+08:00 ] ::1 /FZU-VentureService/API/index.php/home/cpt//previous.html?number=20160802&times=3
INFO: [ app_init ] --START--
INFO: Run Behavior\BuildLiteBehavior [ RunTime:0.000029s ]
INFO: [ app_init ] --END-- [ RunTime:0.000425s ]
INFO: [ app_begin ] --START--
INFO: Run Behavior\ReadHtmlCacheBehavior [ RunTime:0.000478s ]
INFO: [ app_begin ] --END-- [ RunTime:0.000588s ]
SQL: SHOW COLUMNS FROM `vs_competitions` [ RunTime:0.0244s ]
SQL: SELECT * FROM `vs_competitions` WHERE ( number = '20160802' && times < '3'  ) ORDER BY times asc  [ RunTime:0.0242s ]

[ 2016-08-06T21:57:58+08:00 ] ::1 /FZU-VentureService/API/index.php/home/cpt/detail.html?cid=30
INFO: [ app_init ] --START--
INFO: Run Behavior\BuildLiteBehavior [ RunTime:0.000028s ]
INFO: [ app_init ] --END-- [ RunTime:0.000420s ]
INFO: [ app_begin ] --START--
INFO: Run Behavior\ReadHtmlCacheBehavior [ RunTime:0.000425s ]
INFO: [ app_begin ] --END-- [ RunTime:0.000529s ]
SQL: SHOW COLUMNS FROM `vs_competitions` [ RunTime:0.0246s ]
SQL: SELECT * FROM `vs_competitions` WHERE `cid` = 30 LIMIT 1   [ RunTime:0.0247s ]

[ 2016-08-06T21:57:59+08:00 ] ::1 /FZU-VentureService/API/index.php/home/cpt//previous.html?number=0597&times=2
INFO: [ app_init ] --START--
INFO: Run Behavior\BuildLiteBehavior [ RunTime:0.000030s ]
INFO: [ app_init ] --END-- [ RunTime:0.000456s ]
INFO: [ app_begin ] --START--
INFO: Run Behavior\ReadHtmlCacheBehavior [ RunTime:0.000432s ]
INFO: [ app_begin ] --END-- [ RunTime:0.000536s ]
SQL: SHOW COLUMNS FROM `vs_competitions` [ RunTime:0.0250s ]
SQL: SELECT * FROM `vs_competitions` WHERE ( number = '597' && times < '2'  ) ORDER BY times asc  [ RunTime:0.0243s ]

[ 2016-08-06T21:57:59+08:00 ] ::1 /FZU-VentureService/API/index.php/home/cpt/detail.html?cid=32
INFO: [ app_init ] --START--
INFO: Run Behavior\BuildLiteBehavior [ RunTime:0.000030s ]
INFO: [ app_init ] --END-- [ RunTime:0.000439s ]
INFO: [ app_begin ] --START--
INFO: Run Behavior\ReadHtmlCacheBehavior [ RunTime:0.000440s ]
INFO: [ app_begin ] --END-- [ RunTime:0.000543s ]
SQL: SHOW COLUMNS FROM `vs_competitions` [ RunTime:0.0249s ]
SQL: SELECT * FROM `vs_competitions` WHERE `cid` = 32 LIMIT 1   [ RunTime:0.0264s ]

[ 2016-08-06T21:57:59+08:00 ] ::1 /FZU-VentureService/API/index.php/home/cpt//previous.html?number=55280&times=3
INFO: [ app_init ] --START--
INFO: Run Behavior\BuildLiteBehavior [ RunTime:0.000033s ]
INFO: [ app_init ] --END-- [ RunTime:0.000498s ]
INFO: [ app_begin ] --START--
INFO: Run Behavior\ReadHtmlCacheBehavior [ RunTime:0.001038s ]
INFO: [ app_begin ] --END-- [ RunTime:0.001785s ]
SQL: SHOW COLUMNS FROM `vs_competitions` [ RunTime:0.0256s ]
SQL: SELECT * FROM `vs_competitions` WHERE ( number = '55280' && times < '3'  ) ORDER BY times asc  [ RunTime:0.0245s ]

[ 2016-08-06T21:58:28+08:00 ] ::1 /FZU-VentureService/API/index.php/home/class/list.html?mode=0
INFO: [ app_init ] --START--
INFO: Run Behavior\BuildLiteBehavior [ RunTime:0.000025s ]
INFO: [ app_init ] --END-- [ RunTime:0.000398s ]
INFO: [ app_begin ] --START--
INFO: Run Behavior\ReadHtmlCacheBehavior [ RunTime:0.000393s ]
INFO: [ app_begin ] --END-- [ RunTime:0.000491s ]
SQL: SHOW COLUMNS FROM `vs_classes` [ RunTime:0.0254s ]
SQL: SELECT * FROM `vs_classes` ORDER BY issue_time desc LIMIT 0,20   [ RunTime:0.0265s ]

[ 2016-08-06T21:58:29+08:00 ] ::1 /FZU-VentureService/API/index.php/home/class/downloads.html?type=0
INFO: [ app_init ] --START--
INFO: Run Behavior\BuildLiteBehavior [ RunTime:0.000044s ]
INFO: [ app_init ] --END-- [ RunTime:0.000745s ]
INFO: [ app_begin ] --START--
INFO: Run Behavior\ReadHtmlCacheBehavior [ RunTime:0.001074s ]
INFO: [ app_begin ] --END-- [ RunTime:0.001230s ]
SQL: SHOW COLUMNS FROM `vs_documents` [ RunTime:0.0249s ]
SQL: SELECT * FROM `vs_documents` WHERE `type` = 0 ORDER BY issue_time desc  [ RunTime:0.0242s ]

[ 2016-08-06T21:58:30+08:00 ] ::1 /FZU-VentureService/API/index.php/home/cpt/list.html
INFO: [ app_init ] --START--
INFO: Run Behavior\BuildLiteBehavior [ RunTime:0.000049s ]
INFO: [ app_init ] --END-- [ RunTime:0.001021s ]
INFO: [ app_begin ] --START--
INFO: Run Behavior\ReadHtmlCacheBehavior [ RunTime:0.001320s ]
INFO: [ app_begin ] --END-- [ RunTime:0.001530s ]
SQL: SHOW COLUMNS FROM `vs_competitions` [ RunTime:0.0249s ]
SQL: SELECT * FROM `vs_competitions` WHERE ( deadline > 1470491910 ) ORDER BY deadline desc LIMIT 0,10   [ RunTime:0.0271s ]

[ 2016-08-06T21:58:30+08:00 ] ::1 /FZU-VentureService/API/index.php/home/cpt/detail.html?cid=31
INFO: [ app_init ] --START--
INFO: Run Behavior\BuildLiteBehavior [ RunTime:0.000035s ]
INFO: [ app_init ] --END-- [ RunTime:0.000425s ]
INFO: [ app_begin ] --START--
INFO: Run Behavior\ReadHtmlCacheBehavior [ RunTime:0.000590s ]
INFO: [ app_begin ] --END-- [ RunTime:0.000678s ]
SQL: SHOW COLUMNS FROM `vs_competitions` [ RunTime:0.0247s ]
SQL: SELECT * FROM `vs_competitions` WHERE `cid` = 31 LIMIT 1   [ RunTime:0.0244s ]

[ 2016-08-06T21:58:30+08:00 ] ::1 /FZU-VentureService/API/index.php/home/cpt//previous.html?number=40245&times=2
INFO: [ app_init ] --START--
INFO: Run Behavior\BuildLiteBehavior [ RunTime:0.000041s ]
INFO: [ app_init ] --END-- [ RunTime:0.000642s ]
INFO: [ app_begin ] --START--
INFO: Run Behavior\ReadHtmlCacheBehavior [ RunTime:0.000757s ]
INFO: [ app_begin ] --END-- [ RunTime:0.000875s ]
SQL: SHOW COLUMNS FROM `vs_competitions` [ RunTime:0.0252s ]
SQL: SELECT * FROM `vs_competitions` WHERE ( number = '40245' && times < '2'  ) ORDER BY times asc  [ RunTime:0.0246s ]

[ 2016-08-06T21:58:31+08:00 ] ::1 /FZU-VentureService/API/index.php/home/class/list.html?mode=0
INFO: [ app_init ] --START--
INFO: Run Behavior\BuildLiteBehavior [ RunTime:0.000048s ]
INFO: [ app_init ] --END-- [ RunTime:0.001576s ]
INFO: [ app_begin ] --START--
INFO: Run Behavior\ReadHtmlCacheBehavior [ RunTime:0.001053s ]
INFO: [ app_begin ] --END-- [ RunTime:0.001234s ]
SQL: SHOW COLUMNS FROM `vs_classes` [ RunTime:0.0252s ]
SQL: SELECT * FROM `vs_classes` ORDER BY issue_time desc LIMIT 0,20   [ RunTime:0.0262s ]

[ 2016-08-06T21:58:31+08:00 ] ::1 /FZU-VentureService/API/index.php/home/class/downloads.html?type=0
INFO: [ app_init ] --START--
INFO: Run Behavior\BuildLiteBehavior [ RunTime:0.000047s ]
INFO: [ app_init ] --END-- [ RunTime:0.000641s ]
INFO: [ app_begin ] --START--
INFO: Run Behavior\ReadHtmlCacheBehavior [ RunTime:0.000846s ]
INFO: [ app_begin ] --END-- [ RunTime:0.001104s ]
SQL: SHOW COLUMNS FROM `vs_documents` [ RunTime:0.0250s ]
SQL: SELECT * FROM `vs_documents` WHERE `type` = 0 ORDER BY issue_time desc  [ RunTime:0.0243s ]

[ 2016-08-06T21:58:34+08:00 ] ::1 /FZU-VentureService/API/index.php/home/project/list.html?size=1&page=1
INFO: [ app_init ] --START--
INFO: Run Behavior\BuildLiteBehavior [ RunTime:0.000050s ]
INFO: [ app_init ] --END-- [ RunTime:0.000814s ]
INFO: [ app_begin ] --START--
INFO: Run Behavior\ReadHtmlCacheBehavior [ RunTime:0.000962s ]
INFO: [ app_begin ] --END-- [ RunTime:0.001160s ]
SQL: SHOW COLUMNS FROM `vs_projects` [ RunTime:0.0311s ]
SQL: SELECT `pid`,`uid`,`name`,`pic`,`synopsis`,`product_type`,`time`,`stage`,`issue_time` FROM `vs_projects` WHERE `status` = 1 LIMIT 0,1   [ RunTime:0.0254s ]
SQL: SELECT * FROM `vs_projects` WHERE `status` = 1  [ RunTime:0.0283s ]

[ 2016-08-06T21:58:35+08:00 ] ::1 /FZU-VentureService/API/index.php/home/field/list.html
INFO: [ app_init ] --START--
INFO: Run Behavior\BuildLiteBehavior [ RunTime:0.000045s ]
INFO: [ app_init ] --END-- [ RunTime:0.000724s ]
INFO: [ app_begin ] --START--
INFO: Run Behavior\ReadHtmlCacheBehavior [ RunTime:0.000515s ]
INFO: [ app_begin ] --END-- [ RunTime:0.000640s ]
SQL: SHOW COLUMNS FROM `vs_fields` [ RunTime:0.0252s ]
SQL: SELECT `fid`,`name`,`pic`,`synopsis`,`run_time` FROM `vs_fields` WHERE `status` = 1 ORDER BY run_time desc  [ RunTime:0.0238s ]

[ 2016-08-06T21:58:35+08:00 ] ::1 /FZU-VentureService/API/index.php/home/field/detail.html?fid=1
INFO: [ app_init ] --START--
INFO: Run Behavior\BuildLiteBehavior [ RunTime:0.000024s ]
INFO: [ app_init ] --END-- [ RunTime:0.000376s ]
INFO: [ app_begin ] --START--
INFO: Run Behavior\ReadHtmlCacheBehavior [ RunTime:0.000349s ]
INFO: [ app_begin ] --END-- [ RunTime:0.000435s ]
SQL: SHOW COLUMNS FROM `vs_fields` [ RunTime:0.0248s ]
SQL: SELECT * FROM `vs_fields` WHERE `fid` = 1 LIMIT 1   [ RunTime:0.0245s ]

[ 2016-08-06T21:58:36+08:00 ] ::1 /FZU-VentureService/API/index.php/home/notice/list.html?type=0&size=1&page=1
INFO: [ app_init ] --START--
INFO: Run Behavior\BuildLiteBehavior [ RunTime:0.000046s ]
INFO: [ app_init ] --END-- [ RunTime:0.000730s ]
INFO: [ app_begin ] --START--
INFO: Run Behavior\ReadHtmlCacheBehavior [ RunTime:0.000588s ]
INFO: [ app_begin ] --END-- [ RunTime:0.000758s ]
SQL: SHOW COLUMNS FROM `vs_notice` [ RunTime:0.0250s ]
SQL: SELECT `nid`,`type`,`theme`,`date` FROM `vs_notice` WHERE `type` = 0 AND `status` = 1 ORDER BY overhead desc,rank desc,date desc LIMIT 0,1   [ RunTime:0.0238s ]
SQL: SELECT * FROM `vs_notice` WHERE `type` = 0 AND `status` = 1  [ RunTime:0.0267s ]

[ 2016-08-06T21:58:36+08:00 ] ::1 /FZU-VentureService/API/index.php/home/notice/list.html?type=1&size=1&page=1
INFO: [ app_init ] --START--
INFO: Run Behavior\BuildLiteBehavior [ RunTime:0.000041s ]
INFO: [ app_init ] --END-- [ RunTime:0.000623s ]
INFO: [ app_begin ] --START--
INFO: Run Behavior\ReadHtmlCacheBehavior [ RunTime:0.001002s ]
INFO: [ app_begin ] --END-- [ RunTime:0.001182s ]
SQL: SHOW COLUMNS FROM `vs_notice` [ RunTime:0.0244s ]
SQL: SELECT `nid`,`type`,`theme`,`date` FROM `vs_notice` WHERE `type` = 1 AND `status` = 1 ORDER BY overhead desc,rank desc,date desc LIMIT 0,1   [ RunTime:0.0234s ]
SQL: SELECT * FROM `vs_notice` WHERE `type` = 1 AND `status` = 1  [ RunTime:0.0269s ]

[ 2016-08-06T21:58:36+08:00 ] ::1 /FZU-VentureService/API/index.php/home/notice/list.html?type=2&size=1&page=1
INFO: [ app_init ] --START--
INFO: Run Behavior\BuildLiteBehavior [ RunTime:0.000030s ]
INFO: [ app_init ] --END-- [ RunTime:0.000706s ]
INFO: [ app_begin ] --START--
INFO: Run Behavior\ReadHtmlCacheBehavior [ RunTime:0.000385s ]
INFO: [ app_begin ] --END-- [ RunTime:0.000473s ]
SQL: SHOW COLUMNS FROM `vs_notice` [ RunTime:0.0247s ]
SQL: SELECT `nid`,`type`,`theme`,`date` FROM `vs_notice` WHERE `type` = 2 AND `status` = 1 ORDER BY overhead desc,rank desc,date desc LIMIT 0,1   [ RunTime:0.0231s ]
SQL: SELECT * FROM `vs_notice` WHERE `type` = 2 AND `status` = 1  [ RunTime:0.0257s ]

[ 2016-08-06T21:58:37+08:00 ] ::1 /FZU-VentureService/API/index.php/home/notice/list.html?type=2
INFO: [ app_init ] --START--
INFO: Run Behavior\BuildLiteBehavior [ RunTime:0.000046s ]
INFO: [ app_init ] --END-- [ RunTime:0.000650s ]
INFO: [ app_begin ] --START--
INFO: Run Behavior\ReadHtmlCacheBehavior [ RunTime:0.000605s ]
INFO: [ app_begin ] --END-- [ RunTime:0.000771s ]
SQL: SHOW COLUMNS FROM `vs_notice` [ RunTime:0.0245s ]
SQL: SELECT `nid`,`type`,`theme`,`date` FROM `vs_notice` WHERE `type` = 2 AND `status` = 1 ORDER BY overhead desc,rank desc,date desc LIMIT 0,15   [ RunTime:0.0239s ]
SQL: SELECT * FROM `vs_notice` WHERE `type` = 2 AND `status` = 1  [ RunTime:0.0259s ]

[ 2016-08-06T21:58:37+08:00 ] ::1 /FZU-VentureService/API/index.php/home/notice/list.html?type=1
INFO: [ app_init ] --START--
INFO: Run Behavior\BuildLiteBehavior [ RunTime:0.000045s ]
INFO: [ app_init ] --END-- [ RunTime:0.000697s ]
INFO: [ app_begin ] --START--
INFO: Run Behavior\ReadHtmlCacheBehavior [ RunTime:0.001058s ]
INFO: [ app_begin ] --END-- [ RunTime:0.001238s ]
SQL: SHOW COLUMNS FROM `vs_notice` [ RunTime:0.0246s ]
SQL: SELECT `nid`,`type`,`theme`,`date` FROM `vs_notice` WHERE `type` = 1 AND `status` = 1 ORDER BY overhead desc,rank desc,date desc LIMIT 0,15   [ RunTime:0.0239s ]
SQL: SELECT * FROM `vs_notice` WHERE `type` = 1 AND `status` = 1  [ RunTime:0.0268s ]

[ 2016-08-06T21:58:37+08:00 ] ::1 /FZU-VentureService/API/index.php/home/notice/list.html?type=0
INFO: [ app_init ] --START--
INFO: Run Behavior\BuildLiteBehavior [ RunTime:0.000044s ]
INFO: [ app_init ] --END-- [ RunTime:0.000575s ]
INFO: [ app_begin ] --START--
INFO: Run Behavior\ReadHtmlCacheBehavior [ RunTime:0.000782s ]
INFO: [ app_begin ] --END-- [ RunTime:0.022004s ]
SQL: SHOW COLUMNS FROM `vs_notice` [ RunTime:0.0245s ]
SQL: SELECT `nid`,`type`,`theme`,`date` FROM `vs_notice` WHERE `type` = 0 AND `status` = 1 ORDER BY overhead desc,rank desc,date desc LIMIT 0,15   [ RunTime:0.0237s ]
SQL: SELECT * FROM `vs_notice` WHERE `type` = 0 AND `status` = 1  [ RunTime:0.0259s ]

[ 2016-08-06T21:58:37+08:00 ] ::1 /FZU-VentureService/API/index.php/home/field/list.html
INFO: [ app_init ] --START--
INFO: Run Behavior\BuildLiteBehavior [ RunTime:0.000070s ]
INFO: [ app_init ] --END-- [ RunTime:0.001203s ]
INFO: [ app_begin ] --START--
INFO: Run Behavior\ReadHtmlCacheBehavior [ RunTime:0.000847s ]
INFO: [ app_begin ] --END-- [ RunTime:0.001032s ]
SQL: SHOW COLUMNS FROM `vs_fields` [ RunTime:0.0249s ]
SQL: SELECT `fid`,`name`,`pic`,`synopsis`,`run_time` FROM `vs_fields` WHERE `status` = 1 ORDER BY run_time desc  [ RunTime:0.0236s ]

[ 2016-08-06T21:58:37+08:00 ] ::1 /FZU-VentureService/API/index.php/home/project/list.html
INFO: [ app_init ] --START--
INFO: Run Behavior\BuildLiteBehavior [ RunTime:0.000048s ]
INFO: [ app_init ] --END-- [ RunTime:0.000752s ]
INFO: [ app_begin ] --START--
INFO: Run Behavior\ReadHtmlCacheBehavior [ RunTime:0.000806s ]
INFO: [ app_begin ] --END-- [ RunTime:0.000970s ]
SQL: SHOW COLUMNS FROM `vs_projects` [ RunTime:0.0260s ]
SQL: SELECT `pid`,`uid`,`name`,`pic`,`synopsis`,`product_type`,`time`,`stage`,`issue_time` FROM `vs_projects` WHERE `status` = 1 LIMIT 0,10   [ RunTime:0.0250s ]
SQL: SELECT * FROM `vs_projects` WHERE `status` = 1  [ RunTime:0.0277s ]

[ 2016-08-06T21:58:37+08:00 ] ::1 /FZU-VentureService/API/index.php/home/cpt/list.html
INFO: [ app_init ] --START--
INFO: Run Behavior\BuildLiteBehavior [ RunTime:0.000027s ]
INFO: [ app_init ] --END-- [ RunTime:0.000402s ]
INFO: [ app_begin ] --START--
INFO: Run Behavior\ReadHtmlCacheBehavior [ RunTime:0.000392s ]
INFO: [ app_begin ] --END-- [ RunTime:0.000486s ]
SQL: SHOW COLUMNS FROM `vs_competitions` [ RunTime:0.0251s ]
SQL: SELECT * FROM `vs_competitions` WHERE ( deadline > 1470491917 ) ORDER BY deadline desc LIMIT 0,10   [ RunTime:0.0274s ]

[ 2016-08-06T21:58:38+08:00 ] ::1 /FZU-VentureService/API/index.php/home/cpt/detail.html?cid=31
INFO: [ app_init ] --START--
INFO: Run Behavior\BuildLiteBehavior [ RunTime:0.000044s ]
INFO: [ app_init ] --END-- [ RunTime:0.000777s ]
INFO: [ app_begin ] --START--
INFO: Run Behavior\ReadHtmlCacheBehavior [ RunTime:0.000381s ]
INFO: [ app_begin ] --END-- [ RunTime:0.000466s ]
SQL: SHOW COLUMNS FROM `vs_competitions` [ RunTime:0.0247s ]
SQL: SELECT * FROM `vs_competitions` WHERE `cid` = 31 LIMIT 1   [ RunTime:0.0250s ]

[ 2016-08-06T21:58:38+08:00 ] ::1 /FZU-VentureService/API/index.php/home/cpt//previous.html?number=40245&times=2
INFO: [ app_init ] --START--
INFO: Run Behavior\BuildLiteBehavior [ RunTime:0.000104s ]
INFO: [ app_init ] --END-- [ RunTime:0.000932s ]
INFO: [ app_begin ] --START--
INFO: Run Behavior\ReadHtmlCacheBehavior [ RunTime:0.000409s ]
INFO: [ app_begin ] --END-- [ RunTime:0.000509s ]
SQL: SHOW COLUMNS FROM `vs_competitions` [ RunTime:0.0243s ]
SQL: SELECT * FROM `vs_competitions` WHERE ( number = '40245' && times < '2'  ) ORDER BY times asc  [ RunTime:0.0237s ]

[ 2016-08-06T21:58:38+08:00 ] ::1 /FZU-VentureService/API/index.php/home/notice/list.html?type=1&size=1&page=1
INFO: [ app_init ] --START--
INFO: Run Behavior\BuildLiteBehavior [ RunTime:0.000043s ]
INFO: [ app_init ] --END-- [ RunTime:0.000637s ]
INFO: [ app_begin ] --START--
INFO: Run Behavior\ReadHtmlCacheBehavior [ RunTime:0.000619s ]
INFO: [ app_begin ] --END-- [ RunTime:0.000785s ]
SQL: SHOW COLUMNS FROM `vs_notice` [ RunTime:0.0244s ]
SQL: SELECT `nid`,`type`,`theme`,`date` FROM `vs_notice` WHERE `type` = 1 AND `status` = 1 ORDER BY overhead desc,rank desc,date desc LIMIT 0,1   [ RunTime:0.0234s ]
SQL: SELECT * FROM `vs_notice` WHERE `type` = 1 AND `status` = 1  [ RunTime:0.0266s ]

[ 2016-08-06T21:58:38+08:00 ] ::1 /FZU-VentureService/API/index.php/home/notice/list.html?type=0&size=1&page=1
INFO: [ app_init ] --START--
INFO: Run Behavior\BuildLiteBehavior [ RunTime:0.000040s ]
INFO: [ app_init ] --END-- [ RunTime:0.000663s ]
INFO: [ app_begin ] --START--
INFO: Run Behavior\ReadHtmlCacheBehavior [ RunTime:0.001442s ]
INFO: [ app_begin ] --END-- [ RunTime:0.001634s ]
SQL: SHOW COLUMNS FROM `vs_notice` [ RunTime:0.0250s ]
SQL: SELECT `nid`,`type`,`theme`,`date` FROM `vs_notice` WHERE `type` = 0 AND `status` = 1 ORDER BY overhead desc,rank desc,date desc LIMIT 0,1   [ RunTime:0.0238s ]
SQL: SELECT * FROM `vs_notice` WHERE `type` = 0 AND `status` = 1  [ RunTime:0.0263s ]

[ 2016-08-06T21:58:39+08:00 ] ::1 /FZU-VentureService/API/index.php/home/notice/list.html?type=2&size=1&page=1
INFO: [ app_init ] --START--
INFO: Run Behavior\BuildLiteBehavior [ RunTime:0.000058s ]
INFO: [ app_init ] --END-- [ RunTime:0.001026s ]
INFO: [ app_begin ] --START--
INFO: Run Behavior\ReadHtmlCacheBehavior [ RunTime:0.000673s ]
INFO: [ app_begin ] --END-- [ RunTime:0.000851s ]
SQL: SHOW COLUMNS FROM `vs_notice` [ RunTime:0.0246s ]
SQL: SELECT `nid`,`type`,`theme`,`date` FROM `vs_notice` WHERE `type` = 2 AND `status` = 1 ORDER BY overhead desc,rank desc,date desc LIMIT 0,1   [ RunTime:0.0234s ]
SQL: SELECT * FROM `vs_notice` WHERE `type` = 2 AND `status` = 1  [ RunTime:0.0260s ]

[ 2016-08-06T21:58:39+08:00 ] ::1 /FZU-VentureService/API/index.php/home/field/list.html
INFO: [ app_init ] --START--
INFO: Run Behavior\BuildLiteBehavior [ RunTime:0.000056s ]
INFO: [ app_init ] --END-- [ RunTime:0.000775s ]
INFO: [ app_begin ] --START--
INFO: Run Behavior\ReadHtmlCacheBehavior [ RunTime:0.002539s ]
INFO: [ app_begin ] --END-- [ RunTime:0.002925s ]
SQL: SHOW COLUMNS FROM `vs_fields` [ RunTime:0.0254s ]
SQL: SELECT `fid`,`name`,`pic`,`synopsis`,`run_time` FROM `vs_fields` WHERE `status` = 1 ORDER BY run_time desc  [ RunTime:0.0239s ]

[ 2016-08-06T21:58:40+08:00 ] ::1 /FZU-VentureService/API/index.php/home/field/detail.html?fid=1
INFO: [ app_init ] --START--
INFO: Run Behavior\BuildLiteBehavior [ RunTime:0.000024s ]
INFO: [ app_init ] --END-- [ RunTime:0.000488s ]
INFO: [ app_begin ] --START--
INFO: Run Behavior\ReadHtmlCacheBehavior [ RunTime:0.000358s ]
INFO: [ app_begin ] --END-- [ RunTime:0.000442s ]
SQL: SHOW COLUMNS FROM `vs_fields` [ RunTime:0.0253s ]
SQL: SELECT * FROM `vs_fields` WHERE `fid` = 1 LIMIT 1   [ RunTime:0.0247s ]

